

================================================================
== Vivado HLS Report for 'deconvolution'
================================================================
* Date:           Mon Aug 27 18:55:06 2018

* Version:        2017.1 (Build 1846317 on Thu Jun 22 18:17:09 MDT 2017)
* Project:        deconvo-algo
* Solution:       solution1
* Product family: zynq
* Target device:  xc7z020clg484-1


================================================================
== Performance Estimates
================================================================
+ Timing (ns): 
    * Summary: 
    +--------+-------+----------+------------+
    |  Clock | Target| Estimated| Uncertainty|
    +--------+-------+----------+------------+
    |ap_clk  |  10.00|      8.51|        1.25|
    +--------+-------+----------+------------+

+ Latency (clock cycles): 
    * Summary: 
    +-----+-----+-----+-----+---------+
    |  Latency  |  Interval | Pipeline|
    | min | max | min | max |   Type  |
    +-----+-----+-----+-----+---------+
    |    ?|    ?|    ?|    ?|   none  |
    +-----+-----+-----+-----+---------+

    + Detail: 
        * Instance: 
        N/A

        * Loop: 
        +-----------------+-----+-----+----------+-----------+-----------+------+----------+
        |                 |  Latency  | Iteration|  Initiation Interval  | Trip |          |
        |    Loop Name    | min | max |  Latency |  achieved |   target  | Count| Pipelined|
        +-----------------+-----+-----+----------+-----------+-----------+------+----------+
        |- Loop 1         |    ?|    ?|        44|          -|          -|  inf |    no    |
        | + Loop 1.1      |   42|   42|        14|          -|          -|     3|    no    |
        |  ++ Loop 1.1.1  |   12|   12|         4|          -|          -|     3|    no    |
        +-----------------+-----+-----+----------+-----------+-----------+------+----------+



================================================================
== Utilization Estimates
================================================================
* Summary: 
+-----------------+---------+-------+--------+-------+
|       Name      | BRAM_18K| DSP48E|   FF   |  LUT  |
+-----------------+---------+-------+--------+-------+
|DSP              |        -|      -|       -|      -|
|Expression       |        -|      3|       0|    292|
|FIFO             |        -|      -|       -|      -|
|Instance         |        -|      -|       -|      -|
|Memory           |        -|      -|       -|      -|
|Multiplexer      |        -|      -|       -|     68|
|Register         |        -|      -|     273|      -|
+-----------------+---------+-------+--------+-------+
|Total            |        0|      3|     273|    360|
+-----------------+---------+-------+--------+-------+
|Available        |      280|    220|  106400|  53200|
+-----------------+---------+-------+--------+-------+
|Utilization (%)  |        0|      1|   ~0   |   ~0  |
+-----------------+---------+-------+--------+-------+

+ Detail: 
    * Instance: 
    N/A

    * DSP48: 
    N/A

    * Memory: 
    N/A

    * FIFO: 
    N/A

    * Expression: 
    +------------------+----------+-------+---+----+------------+------------+
    |   Variable Name  | Operation| DSP48E| FF| LUT| Bitwidth P0| Bitwidth P1|
    +------------------+----------+-------+---+----+------------+------------+
    |tmp_6_fu_297_p2   |     *    |      3|  0|  20|          32|          32|
    |kc_fu_291_p2      |     +    |      0|  0|  10|           2|           1|
    |kr_fu_251_p2      |     +    |      0|  0|  10|           1|           2|
    |oc_1_fu_158_p2    |     +    |      0|  0|  39|           1|          32|
    |tmp_11_fu_210_p2  |     +    |      0|  0|  39|          32|          32|
    |tmp_14_fu_239_p2  |     +    |      0|  0|  21|          14|          14|
    |tmp_15_fu_265_p2  |     +    |      0|  0|  19|          12|          12|
    |tmp_16_fu_275_p2  |     +    |      0|  0|  21|          14|          14|
    |tmp_8_fu_152_p2   |     +    |      0|  0|  39|          32|          32|
    |tmp_3_fu_134_p2   |     -    |      0|  0|  39|          32|          32|
    |tmp_s_fu_204_p2   |     -    |      0|  0|  19|          12|          12|
    |tmp_2_fu_245_p2   |   icmp   |      0|  0|   8|           2|           2|
    |tmp_4_fu_285_p2   |   icmp   |      0|  0|   8|           2|           2|
    +------------------+----------+-------+---+----+------------+------------+
    |Total             |          |      3|  0| 292|         188|         219|
    +------------------+----------+-------+---+----+------------+------------+

    * Multiplexer: 
    +--------------+----+-----------+-----+-----------+
    |     Name     | LUT| Input Size| Bits| Total Bits|
    +--------------+----+-----------+-----+-----------+
    |ap_NS_fsm     |  41|          8|    1|          8|
    |oc_reg_89     |   9|          2|   32|         64|
    |p_oc_reg_111  |   9|          2|    2|          4|
    |p_or_reg_100  |   9|          2|    2|          4|
    +--------------+----+-----------+-----+-----------+
    |Total         |  68|         14|   37|         80|
    +--------------+----+-----------+-----+-----------+

    * Register: 
    +---------------------+----+----+-----+-----------+
    |         Name        | FF | LUT| Bits| Const Bits|
    +---------------------+----+----+-----+-----------+
    |ap_CS_fsm            |   7|   0|    7|          0|
    |ifeat_load_reg_358   |  32|   0|   32|          0|
    |kc_reg_353           |   2|   0|    2|          0|
    |kernel_load_reg_363  |  32|   0|   32|          0|
    |kr_reg_335           |   2|   0|    2|          0|
    |oc_1_reg_317         |  32|   0|   32|          0|
    |oc_reg_89            |  32|   0|   32|          0|
    |ofeat_addr_reg_345   |  13|   0|   13|          0|
    |p_oc_reg_111         |   2|   0|    2|          0|
    |p_or_reg_100         |   2|   0|    2|          0|
    |tmp_14_reg_327       |  13|   0|   14|          1|
    |tmp_3_reg_306        |  29|   0|   32|          3|
    |tmp_6_reg_368        |  32|   0|   32|          0|
    |tmp_8_reg_312        |  31|   0|   32|          1|
    |tmp_s_reg_322        |  12|   0|   12|          0|
    +---------------------+----+----+-----+-----------+
    |Total                | 273|   0|  278|          5|
    +---------------------+----+----+-----+-----------+



================================================================
== Interface
================================================================
* Summary: 
+-----------------+-----+-----+------------+---------------+--------------+
|    RTL Ports    | Dir | Bits|  Protocol  | Source Object |    C Type    |
+-----------------+-----+-----+------------+---------------+--------------+
|ap_clk           |  in |    1| ap_ctrl_hs | deconvolution | return value |
|ap_rst           |  in |    1| ap_ctrl_hs | deconvolution | return value |
|ap_start         |  in |    1| ap_ctrl_hs | deconvolution | return value |
|ap_done          | out |    1| ap_ctrl_hs | deconvolution | return value |
|ap_idle          | out |    1| ap_ctrl_hs | deconvolution | return value |
|ap_ready         | out |    1| ap_ctrl_hs | deconvolution | return value |
|kernel_address0  | out |   11|  ap_memory |     kernel    |     array    |
|kernel_ce0       | out |    1|  ap_memory |     kernel    |     array    |
|kernel_q0        |  in |   32|  ap_memory |     kernel    |     array    |
|ifeat_address0   | out |   11|  ap_memory |     ifeat     |     array    |
|ifeat_ce0        | out |    1|  ap_memory |     ifeat     |     array    |
|ifeat_q0         |  in |   32|  ap_memory |     ifeat     |     array    |
|ofeat_address0   | out |   13|  ap_memory |     ofeat     |     array    |
|ofeat_ce0        | out |    1|  ap_memory |     ofeat     |     array    |
|ofeat_we0        | out |    1|  ap_memory |     ofeat     |     array    |
|ofeat_d0         | out |   32|  ap_memory |     ofeat     |     array    |
+-----------------+-----+-----+------------+---------------+--------------+

