

================================================================
== Vivado HLS Report for 'deconv3'
================================================================
* Date:           Thu Nov  8 15:33:37 2018

* Version:        2017.1 (Build 1846317 on Fri Apr 14 19:19:38 MDT 2017)
* Project:        fpga_syn_layer
* Solution:       solution1
* Product family: zynq
* Target device:  xc7z020clg484-1


================================================================
== Performance Estimates
================================================================
+ Timing (ns): 
    * Summary: 
    +--------+-------+----------+------------+
    |  Clock | Target| Estimated| Uncertainty|
    +--------+-------+----------+------------+
    |ap_clk  |  10.00|      8.39|        1.25|
    +--------+-------+----------+------------+

+ Latency (clock cycles): 
    * Summary: 
    +--------+--------+--------+--------+---------+
    |     Latency     |     Interval    | Pipeline|
    |   min  |   max  |   min  |   max  |   Type  |
    +--------+--------+--------+--------+---------+
    |  249623|  249623|  249623|  249623|   none  |
    +--------+--------+--------+--------+---------+

    + Detail: 
        * Instance: 
        N/A

        * Loop: 
        +----------+--------+--------+----------+-----------+-----------+------+----------+
        |          |     Latency     | Iteration|  Initiation Interval  | Trip |          |
        | Loop Name|   min  |   max  |  Latency |  achieved |   target  | Count| Pipelined|
        +----------+--------+--------+----------+-----------+-----------+------+----------+
        |- Loop 1  |     392|     392|        14|         14|          1|    28|    yes   |
        |- Loop 2  |  248833|  248833|        56|         54|          1|  4608|    yes   |
        |- Loop 3  |     392|     392|        15|         14|          1|    28|    yes   |
        +----------+--------+--------+----------+-----------+-----------+------+----------+



================================================================
== Utilization Estimates
================================================================
* Summary: 
+-----------------+---------+-------+--------+-------+
|       Name      | BRAM_18K| DSP48E|   FF   |  LUT  |
+-----------------+---------+-------+--------+-------+
|DSP              |        -|     36|       -|      -|
|Expression       |        -|      -|       0|   4431|
|FIFO             |        -|      -|       -|      -|
|Instance         |        -|      -|       -|      -|
|Memory           |        2|      -|       0|      0|
|Multiplexer      |        -|      -|       -|   1853|
|Register         |        -|      -|    3678|      -|
+-----------------+---------+-------+--------+-------+
|Total            |        2|     36|    3678|   6284|
+-----------------+---------+-------+--------+-------+
|Available        |      280|    220|  106400|  53200|
+-----------------+---------+-------+--------+-------+
|Utilization (%)  |    ~0   |     16|       3|     11|
+-----------------+---------+-------+--------+-------+

+ Detail: 
    * Instance: 
    N/A

    * DSP48: 
    +-----------------------------+----------------------+-----------+
    |           Instance          |        Module        | Expression|
    +-----------------------------+----------------------+-----------+
    |deconv_mul_mul_17dEe_x_U85   |deconv_mul_mul_17dEe  |  i0 * i1  |
    |deconv_mul_mul_17dEe_x_U86   |deconv_mul_mul_17dEe  |  i0 * i1  |
    |deconv_mul_mul_17dEe_x_U87   |deconv_mul_mul_17dEe  |  i0 * i1  |
    |deconv_mul_mul_17dEe_x_U92   |deconv_mul_mul_17dEe  |  i0 * i1  |
    |deconv_mul_mul_17dEe_x_U93   |deconv_mul_mul_17dEe  |  i0 * i1  |
    |deconv_mul_mul_17dEe_x_U94   |deconv_mul_mul_17dEe  |  i0 * i1  |
    |deconv_mul_mul_18eOg_x_U88   |deconv_mul_mul_18eOg  |  i0 * i1  |
    |deconv_mul_mul_18eOg_x_U89   |deconv_mul_mul_18eOg  |  i0 * i1  |
    |deconv_mul_mul_18eOg_x_U90   |deconv_mul_mul_18eOg  |  i0 * i1  |
    |deconv_mul_mul_18eOg_x_U91   |deconv_mul_mul_18eOg  |  i0 * i1  |
    |deconv_mul_mul_18eOg_x_U95   |deconv_mul_mul_18eOg  |  i0 * i1  |
    |deconv_mul_mul_18eOg_x_U96   |deconv_mul_mul_18eOg  |  i0 * i1  |
    |deconv_mul_mul_18eOg_x_U97   |deconv_mul_mul_18eOg  |  i0 * i1  |
    |deconv_mul_mul_18eOg_x_U98   |deconv_mul_mul_18eOg  |  i0 * i1  |
    |deconv_mul_mul_18eOg_x_U99   |deconv_mul_mul_18eOg  |  i0 * i1  |
    |deconv_mul_mul_18eOg_x_U100  |deconv_mul_mul_18eOg  |  i0 * i1  |
    |deconv_mul_mul_18eOg_x_U101  |deconv_mul_mul_18eOg  |  i0 * i1  |
    |deconv_mul_mul_18eOg_x_U102  |deconv_mul_mul_18eOg  |  i0 * i1  |
    |deconv_mul_mul_18eOg_x_U103  |deconv_mul_mul_18eOg  |  i0 * i1  |
    |deconv_mul_mul_18eOg_x_U104  |deconv_mul_mul_18eOg  |  i0 * i1  |
    |deconv_mul_mul_18eOg_x_U105  |deconv_mul_mul_18eOg  |  i0 * i1  |
    |deconv_mul_mul_18eOg_x_U106  |deconv_mul_mul_18eOg  |  i0 * i1  |
    |deconv_mul_mul_18eOg_x_U107  |deconv_mul_mul_18eOg  |  i0 * i1  |
    |deconv_mul_mul_18eOg_x_U108  |deconv_mul_mul_18eOg  |  i0 * i1  |
    |deconv_mul_mul_18eOg_x_U109  |deconv_mul_mul_18eOg  |  i0 * i1  |
    |deconv_mul_mul_18eOg_x_U110  |deconv_mul_mul_18eOg  |  i0 * i1  |
    |deconv_mul_mul_18eOg_x_U111  |deconv_mul_mul_18eOg  |  i0 * i1  |
    |deconv_mul_mul_18eOg_x_U112  |deconv_mul_mul_18eOg  |  i0 * i1  |
    |deconv_mul_mul_18eOg_x_U113  |deconv_mul_mul_18eOg  |  i0 * i1  |
    |deconv_mul_mul_18eOg_x_U114  |deconv_mul_mul_18eOg  |  i0 * i1  |
    |deconv_mul_mul_18eOg_x_U115  |deconv_mul_mul_18eOg  |  i0 * i1  |
    |deconv_mul_mul_18eOg_x_U116  |deconv_mul_mul_18eOg  |  i0 * i1  |
    |deconv_mul_mul_18eOg_x_U117  |deconv_mul_mul_18eOg  |  i0 * i1  |
    |deconv_mul_mul_18eOg_x_U118  |deconv_mul_mul_18eOg  |  i0 * i1  |
    |deconv_mul_mul_18eOg_x_U119  |deconv_mul_mul_18eOg  |  i0 * i1  |
    |deconv_mul_mul_18eOg_x_U120  |deconv_mul_mul_18eOg  |  i0 * i1  |
    +-----------------------------+----------------------+-----------+

    * Memory: 
    +----------+----------------+---------+---+----+------+-----+------+-------------+
    |  Memory  |     Module     | BRAM_18K| FF| LUT| Words| Bits| Banks| W*Bits*Banks|
    +----------+----------------+---------+---+----+------+-----+------+-------------+
    |temp_V_U  |deconv3_temp_V  |        2|  0|   0|   784|   20|     1|        15680|
    +----------+----------------+---------+---+----+------+-----+------+-------------+
    |Total     |                |        2|  0|   0|   784|   20|     1|        15680|
    +----------+----------------+---------+---+----+------+-----+------+-------------+

    * FIFO: 
    N/A

    * Expression: 
    +---------------------------------+----------+-------+---+----+------------+------------+
    |          Variable Name          | Operation| DSP48E| FF| LUT| Bitwidth P0| Bitwidth P1|
    +---------------------------------+----------+-------+---+----+------------+------------+
    |i_V_fu_1603_p2                   |     +    |      0|  0|  15|           5|           1|
    |ic_V_fu_1965_p2                  |     +    |      0|  0|  15|           6|           1|
    |ih_V_fu_2135_p2                  |     +    |      0|  0|  13|           4|           1|
    |indvar_flatten_next1_fu_1959_p2  |     +    |      0|  0|  20|          13|           1|
    |indvar_flatten_op_fu_2029_p2     |     +    |      0|  0|  15|           8|           1|
    |iw_V_fu_2316_p2                  |     +    |      0|  0|  13|           4|           1|
    |oh_V_1_2_fu_1929_p2              |     +    |      0|  0|  15|           5|           2|
    |oh_V_1_2_mid1_fu_2250_p2         |     +    |      0|  0|  15|           5|           2|
    |oh_V_1_3_fu_1935_p2              |     +    |      0|  0|  15|           5|           2|
    |oh_V_1_3_mid1_fu_2264_p2         |     +    |      0|  0|  15|           5|           2|
    |oh_V_1_4_fu_1941_p2              |     +    |      0|  0|  15|           5|           3|
    |oh_V_1_4_mid1_fu_2278_p2         |     +    |      0|  0|  15|           5|           3|
    |oh_V_1_5_fu_1947_p2              |     +    |      0|  0|  15|           5|           3|
    |oh_V_1_5_mid1_fu_2292_p2         |     +    |      0|  0|  15|           5|           3|
    |oh_V_fu_4967_p2                  |     +    |      0|  0|  15|           5|           1|
    |ow_V_1_0_2_fu_2430_p2            |     +    |      0|  0|  15|           5|           2|
    |ow_V_1_0_3_fu_2436_p2            |     +    |      0|  0|  15|           5|           2|
    |ow_V_1_0_4_fu_2514_p2            |     +    |      0|  0|  15|           5|           3|
    |ow_V_1_0_5_fu_2519_p2            |     +    |      0|  0|  15|           5|           3|
    |tmp_100_fu_2400_p2               |     +    |      0|  0|  18|          11|          11|
    |tmp_101_fu_2690_p2               |     +    |      0|  0|  18|          11|          11|
    |tmp_102_fu_3042_p2               |     +    |      0|  0|  18|          11|          11|
    |tmp_103_fu_3328_p2               |     +    |      0|  0|  18|          11|          11|
    |tmp_104_fu_3604_p2               |     +    |      0|  0|  18|          11|          11|
    |tmp_105_fu_3710_p2               |     +    |      0|  0|  18|          11|          11|
    |tmp_113_fu_5049_p2               |     +    |      0|  0|  18|           3|          11|
    |tmp_114_fu_5059_p2               |     +    |      0|  0|  18|           3|          11|
    |tmp_115_fu_5079_p2               |     +    |      0|  0|  18|           3|          11|
    |tmp_116_fu_5089_p2               |     +    |      0|  0|  18|           3|          11|
    |tmp_117_fu_5109_p2               |     +    |      0|  0|  18|           4|          11|
    |tmp_118_fu_5119_p2               |     +    |      0|  0|  18|           4|          11|
    |tmp_119_fu_5139_p2               |     +    |      0|  0|  18|           4|          11|
    |tmp_120_fu_5149_p2               |     +    |      0|  0|  18|           4|          11|
    |tmp_121_fu_5169_p2               |     +    |      0|  0|  18|           4|          11|
    |tmp_122_fu_5179_p2               |     +    |      0|  0|  18|           4|          11|
    |tmp_123_fu_5199_p2               |     +    |      0|  0|  18|           4|          11|
    |tmp_124_fu_5209_p2               |     +    |      0|  0|  18|           4|          11|
    |tmp_125_fu_5229_p2               |     +    |      0|  0|  18|           5|          11|
    |tmp_126_fu_5239_p2               |     +    |      0|  0|  18|           5|          11|
    |tmp_127_fu_5259_p2               |     +    |      0|  0|  18|           5|          11|
    |tmp_128_fu_5269_p2               |     +    |      0|  0|  18|           5|          11|
    |tmp_129_fu_5289_p2               |     +    |      0|  0|  18|           5|          11|
    |tmp_130_fu_5299_p2               |     +    |      0|  0|  18|           5|          11|
    |tmp_131_fu_5319_p2               |     +    |      0|  0|  18|           5|          11|
    |tmp_132_fu_5329_p2               |     +    |      0|  0|  18|           5|          11|
    |tmp_133_fu_5349_p2               |     +    |      0|  0|  18|           5|          11|
    |tmp_134_fu_5359_p2               |     +    |      0|  0|  18|           5|          11|
    |tmp_135_fu_5379_p2               |     +    |      0|  0|  18|           5|          11|
    |tmp_136_fu_5389_p2               |     +    |      0|  0|  18|           5|          11|
    |tmp_13_fu_1675_p2                |     +    |      0|  0|  18|          11|           3|
    |tmp_145_fu_2420_p2               |     +    |      0|  0|  18|          11|          11|
    |tmp_146_fu_2730_p2               |     +    |      0|  0|  18|          11|          11|
    |tmp_147_fu_3051_p2               |     +    |      0|  0|  18|          11|          11|
    |tmp_148_fu_3337_p2               |     +    |      0|  0|  18|          11|          11|
    |tmp_149_fu_3613_p2               |     +    |      0|  0|  18|          11|          11|
    |tmp_150_fu_3720_p2               |     +    |      0|  0|  18|          11|          11|
    |tmp_151_fu_2491_p2               |     +    |      0|  0|  18|          11|          11|
    |tmp_152_fu_2798_p2               |     +    |      0|  0|  18|          11|          11|
    |tmp_153_fu_3132_p2               |     +    |      0|  0|  18|          11|          11|
    |tmp_154_fu_3443_p2               |     +    |      0|  0|  18|          11|          11|
    |tmp_155_fu_3730_p2               |     +    |      0|  0|  18|          11|          11|
    |tmp_156_fu_3739_p2               |     +    |      0|  0|  18|          11|          11|
    |tmp_157_fu_2504_p2               |     +    |      0|  0|  18|          11|          11|
    |tmp_158_fu_2838_p2               |     +    |      0|  0|  18|          11|          11|
    |tmp_159_fu_3141_p2               |     +    |      0|  0|  18|          11|          11|
    |tmp_15_fu_1685_p2                |     +    |      0|  0|  18|          11|           3|
    |tmp_160_fu_3452_p2               |     +    |      0|  0|  18|          11|          11|
    |tmp_161_fu_3749_p2               |     +    |      0|  0|  18|          11|          11|
    |tmp_162_fu_3758_p2               |     +    |      0|  0|  18|          11|          11|
    |tmp_163_fu_2617_p2               |     +    |      0|  0|  18|          11|          11|
    |tmp_164_fu_2934_p2               |     +    |      0|  0|  18|          11|          11|
    |tmp_165_fu_3246_p2               |     +    |      0|  0|  18|          11|          11|
    |tmp_166_fu_3553_p2               |     +    |      0|  0|  18|          11|          11|
    |tmp_167_fu_3768_p2               |     +    |      0|  0|  18|          11|          11|
    |tmp_168_fu_3777_p2               |     +    |      0|  0|  18|          11|          11|
    |tmp_169_fu_2630_p2               |     +    |      0|  0|  18|          11|          11|
    |tmp_170_fu_2974_p2               |     +    |      0|  0|  18|          11|          11|
    |tmp_171_fu_3255_p2               |     +    |      0|  0|  18|          11|          11|
    |tmp_172_fu_3562_p2               |     +    |      0|  0|  18|          11|          11|
    |tmp_173_fu_3787_p2               |     +    |      0|  0|  18|          11|          11|
    |tmp_174_fu_3796_p2               |     +    |      0|  0|  18|          11|          11|
    |tmp_17_fu_2702_p2                |     +    |      0|  0|  27|          20|          20|
    |tmp_18_fu_1695_p2                |     +    |      0|  0|  18|          11|           3|
    |tmp_20_fu_1705_p2                |     +    |      0|  0|  18|          11|           3|
    |tmp_21_fu_1715_p2                |     +    |      0|  0|  18|          11|           4|
    |tmp_22_fu_1725_p2                |     +    |      0|  0|  18|          11|           4|
    |tmp_23_0_1_fu_3415_p2            |     +    |      0|  0|  27|          20|          20|
    |tmp_23_0_2_fu_2810_p2            |     +    |      0|  0|  27|          20|          20|
    |tmp_23_0_3_fu_3525_p2            |     +    |      0|  0|  27|          20|          20|
    |tmp_23_0_4_fu_2946_p2            |     +    |      0|  0|  27|          20|          20|
    |tmp_23_0_5_fu_3625_p2            |     +    |      0|  0|  27|          20|          20|
    |tmp_23_1_1_fu_3809_p2            |     +    |      0|  0|  27|          20|          20|
    |tmp_23_1_2_fu_3153_p2            |     +    |      0|  0|  27|          20|          20|
    |tmp_23_1_3_fu_3875_p2            |     +    |      0|  0|  27|          20|          20|
    |tmp_23_1_4_fu_3267_p2            |     +    |      0|  0|  27|          20|          20|
    |tmp_23_1_5_fu_3939_p2            |     +    |      0|  0|  27|          20|          20|
    |tmp_23_1_fu_3063_p2              |     +    |      0|  0|  27|          20|          20|
    |tmp_23_2_1_fu_3983_p2            |     +    |      0|  0|  27|          20|          20|
    |tmp_23_2_2_fu_4026_p2            |     +    |      0|  0|  27|          20|          20|
    |tmp_23_2_3_fu_4070_p2            |     +    |      0|  0|  27|          20|          20|
    |tmp_23_2_4_fu_4114_p2            |     +    |      0|  0|  27|          20|          20|
    |tmp_23_2_5_fu_4157_p2            |     +    |      0|  0|  27|          20|          20|
    |tmp_23_2_fu_3358_p2              |     +    |      0|  0|  27|          20|          20|
    |tmp_23_3_1_fu_4243_p2            |     +    |      0|  0|  27|          20|          20|
    |tmp_23_3_2_fu_4286_p2            |     +    |      0|  0|  27|          20|          20|
    |tmp_23_3_3_fu_4329_p2            |     +    |      0|  0|  27|          20|          20|
    |tmp_23_3_4_fu_4371_p2            |     +    |      0|  0|  27|          20|          20|
    |tmp_23_3_5_fu_4415_p2            |     +    |      0|  0|  27|          20|          20|
    |tmp_23_3_fu_4199_p2              |     +    |      0|  0|  27|          20|          20|
    |tmp_23_4_1_fu_4501_p2            |     +    |      0|  0|  27|          20|          20|
    |tmp_23_4_2_fu_4543_p2            |     +    |      0|  0|  27|          20|          20|
    |tmp_23_4_3_fu_4587_p2            |     +    |      0|  0|  27|          20|          20|
    |tmp_23_4_4_fu_4630_p2            |     +    |      0|  0|  27|          20|          20|
    |tmp_23_4_5_fu_4673_p2            |     +    |      0|  0|  27|          20|          20|
    |tmp_23_4_fu_4458_p2              |     +    |      0|  0|  27|          20|          20|
    |tmp_23_5_1_fu_4761_p2            |     +    |      0|  0|  27|          20|          20|
    |tmp_23_5_2_fu_4805_p2            |     +    |      0|  0|  27|          20|          20|
    |tmp_23_5_3_fu_4849_p2            |     +    |      0|  0|  27|          20|          20|
    |tmp_23_5_4_fu_4892_p2            |     +    |      0|  0|  27|          20|          20|
    |tmp_23_5_5_fu_4933_p2            |     +    |      0|  0|  27|          20|          20|
    |tmp_23_5_fu_4716_p2              |     +    |      0|  0|  27|          20|          20|
    |tmp_23_fu_1735_p2                |     +    |      0|  0|  18|          11|           4|
    |tmp_24_fu_1745_p2                |     +    |      0|  0|  18|          11|           4|
    |tmp_25_fu_1755_p2                |     +    |      0|  0|  18|          11|           4|
    |tmp_26_fu_1765_p2                |     +    |      0|  0|  18|          11|           4|
    |tmp_27_fu_1775_p2                |     +    |      0|  0|  18|          11|           4|
    |tmp_28_fu_1785_p2                |     +    |      0|  0|  18|          11|           4|
    |tmp_29_fu_1795_p2                |     +    |      0|  0|  18|          11|           5|
    |tmp_30_fu_1805_p2                |     +    |      0|  0|  18|          11|           5|
    |tmp_31_fu_1815_p2                |     +    |      0|  0|  18|          11|           5|
    |tmp_32_fu_1825_p2                |     +    |      0|  0|  18|          11|           5|
    |tmp_33_fu_1835_p2                |     +    |      0|  0|  18|          11|           5|
    |tmp_34_fu_1845_p2                |     +    |      0|  0|  18|          11|           5|
    |tmp_35_fu_1855_p2                |     +    |      0|  0|  18|          11|           5|
    |tmp_36_fu_1865_p2                |     +    |      0|  0|  18|          11|           5|
    |tmp_37_fu_1875_p2                |     +    |      0|  0|  18|          11|           5|
    |tmp_38_fu_1885_p2                |     +    |      0|  0|  18|          11|           5|
    |tmp_39_fu_1895_p2                |     +    |      0|  0|  18|          11|           5|
    |tmp_40_fu_1905_p2                |     +    |      0|  0|  18|          11|           5|
    |tmp_98_fu_2310_p2                |     +    |      0|  0|   9|           9|           9|
    |tmp_99_fu_2385_p2                |     +    |      0|  0|  21|          14|          14|
    |tmp_i11_cast_mid2_v_fu_3318_p2   |     +    |      0|  0|  16|           9|           9|
    |tmp_i15_cast_mid2_v_fu_3401_p2   |     +    |      0|  0|  17|          10|           9|
    |tmp_i17_cast_mid2_v_fu_3474_p2   |     +    |      0|  0|  17|          10|          10|
    |tmp_i19_cast_mid2_v_fu_3484_p2   |     +    |      0|  0|  17|          10|          10|
    |tmp_i1_cast_mid2_v_fu_3106_p2    |     +    |      0|  0|  15|           7|           6|
    |tmp_i21_cast_mid2_v_fu_3584_p2   |     +    |      0|  0|  17|          10|          10|
    |tmp_i23_cast_mid2_v_fu_3594_p2   |     +    |      0|  0|  17|          10|          10|
    |tmp_i31_cast_mid2_v_fu_3861_p2   |     +    |      0|  0|  18|          11|          10|
    |tmp_i33_cast_mid2_v_fu_3916_p2   |     +    |      0|  0|  18|          11|          11|
    |tmp_i35_cast_mid2_v_fu_3926_p2   |     +    |      0|  0|  18|          11|          11|
    |tmp_i3_cast_mid2_v_fu_3117_p2    |     +    |      0|  0|  15|           8|           7|
    |tmp_i5_cast_mid2_v_fu_3193_p2    |     +    |      0|  0|  15|           8|           8|
    |tmp_i7_cast_mid2_v_fu_3203_p2    |     +    |      0|  0|  16|           9|           8|
    |tmp_i9_cast_mid2_v_fu_3308_p2    |     +    |      0|  0|  16|           9|           9|
    |tmp_109_fu_4997_p2               |     -    |      0|  0|  18|          11|          11|
    |tmp_79_fu_2192_p2                |     -    |      0|  0|   9|           9|           9|
    |tmp_82_fu_2230_p2                |     -    |      0|  0|  18|          11|          11|
    |tmp_85_fu_2596_p2                |     -    |      0|  0|  18|          11|          11|
    |tmp_88_fu_2928_p2                |     -    |      0|  0|  18|          11|          11|
    |tmp_91_fu_3240_p2                |     -    |      0|  0|  18|          11|          11|
    |tmp_94_fu_3516_p2                |     -    |      0|  0|  18|          11|          11|
    |tmp_97_fu_3704_p2                |     -    |      0|  0|  18|          11|          11|
    |tmp_s_fu_1633_p2                 |     -    |      0|  0|  18|          11|          11|
    |tmp_10_mid_fu_2130_p2            |    and   |      0|  0|   2|           1|           1|
    |exitcond_flatten1_fu_1953_p2     |   icmp   |      0|  0|   7|          13|          13|
    |exitcond_flatten_fu_1971_p2      |   icmp   |      0|  0|   4|           8|           8|
    |icmp10_fu_3283_p2                |   icmp   |      0|  0|   1|           3|           1|
    |icmp11_fu_3955_p2                |   icmp   |      0|  0|   1|           3|           1|
    |icmp12_fu_3374_p2                |   icmp   |      0|  0|   1|           3|           1|
    |icmp13_fu_3999_p2                |   icmp   |      0|  0|   1|           3|           1|
    |icmp14_fu_4042_p2                |   icmp   |      0|  0|   1|           3|           1|
    |icmp15_fu_4086_p2                |   icmp   |      0|  0|   1|           3|           1|
    |icmp16_fu_4130_p2                |   icmp   |      0|  0|   1|           3|           1|
    |icmp17_fu_4172_p2                |   icmp   |      0|  0|   1|           3|           1|
    |icmp18_fu_4215_p2                |   icmp   |      0|  0|   1|           3|           1|
    |icmp19_fu_4258_p2                |   icmp   |      0|  0|   1|           3|           1|
    |icmp1_fu_2718_p2                 |   icmp   |      0|  0|   1|           3|           1|
    |icmp20_fu_4302_p2                |   icmp   |      0|  0|   1|           3|           1|
    |icmp21_fu_4344_p2                |   icmp   |      0|  0|   1|           3|           1|
    |icmp22_fu_4387_p2                |   icmp   |      0|  0|   1|           3|           1|
    |icmp23_fu_4430_p2                |   icmp   |      0|  0|   1|           3|           1|
    |icmp24_fu_4474_p2                |   icmp   |      0|  0|   1|           3|           1|
    |icmp25_fu_4516_p2                |   icmp   |      0|  0|   1|           3|           1|
    |icmp26_fu_4559_p2                |   icmp   |      0|  0|   1|           3|           1|
    |icmp27_fu_4602_p2                |   icmp   |      0|  0|   1|           3|           1|
    |icmp28_fu_4646_p2                |   icmp   |      0|  0|   1|           3|           1|
    |icmp29_fu_4689_p2                |   icmp   |      0|  0|   1|           3|           1|
    |icmp2_fu_2962_p2                 |   icmp   |      0|  0|   1|           3|           1|
    |icmp30_fu_4733_p2                |   icmp   |      0|  0|   1|           3|           1|
    |icmp31_fu_4777_p2                |   icmp   |      0|  0|   1|           3|           1|
    |icmp32_fu_4822_p2                |   icmp   |      0|  0|   1|           3|           1|
    |icmp33_fu_4865_p2                |   icmp   |      0|  0|   1|           3|           1|
    |icmp34_fu_4909_p2                |   icmp   |      0|  0|   1|           3|           1|
    |icmp35_fu_4949_p2                |   icmp   |      0|  0|   1|           3|           1|
    |icmp3_fu_3641_p2                 |   icmp   |      0|  0|   1|           3|           1|
    |icmp4_fu_2826_p2                 |   icmp   |      0|  0|   1|           3|           1|
    |icmp5_fu_3079_p2                 |   icmp   |      0|  0|   1|           3|           1|
    |icmp6_fu_3825_p2                 |   icmp   |      0|  0|   1|           3|           1|
    |icmp7_fu_3541_p2                 |   icmp   |      0|  0|   1|           3|           1|
    |icmp8_fu_3169_p2                 |   icmp   |      0|  0|   1|           3|           1|
    |icmp9_fu_3891_p2                 |   icmp   |      0|  0|   1|           3|           1|
    |icmp_fu_3431_p2                  |   icmp   |      0|  0|   1|           3|           1|
    |tmp_19_fu_2724_p2                |   icmp   |      0|  0|  13|          20|          19|
    |tmp_1_fu_1597_p2                 |   icmp   |      0|  0|   2|           5|           4|
    |tmp_25_0_1_fu_3437_p2            |   icmp   |      0|  0|  13|          20|          19|
    |tmp_25_0_2_fu_2832_p2            |   icmp   |      0|  0|  13|          20|          19|
    |tmp_25_0_3_fu_3547_p2            |   icmp   |      0|  0|  13|          20|          19|
    |tmp_25_0_4_fu_2968_p2            |   icmp   |      0|  0|  13|          20|          19|
    |tmp_25_0_5_fu_3647_p2            |   icmp   |      0|  0|  13|          20|          19|
    |tmp_25_1_1_fu_3831_p2            |   icmp   |      0|  0|  13|          20|          19|
    |tmp_25_1_2_fu_3175_p2            |   icmp   |      0|  0|  13|          20|          19|
    |tmp_25_1_3_fu_3897_p2            |   icmp   |      0|  0|  13|          20|          19|
    |tmp_25_1_4_fu_3289_p2            |   icmp   |      0|  0|  13|          20|          19|
    |tmp_25_1_5_fu_3961_p2            |   icmp   |      0|  0|  13|          20|          19|
    |tmp_25_1_fu_3085_p2              |   icmp   |      0|  0|  13|          20|          19|
    |tmp_25_2_1_fu_4005_p2            |   icmp   |      0|  0|  13|          20|          19|
    |tmp_25_2_2_fu_4048_p2            |   icmp   |      0|  0|  13|          20|          19|
    |tmp_25_2_3_fu_4092_p2            |   icmp   |      0|  0|  13|          20|          19|
    |tmp_25_2_4_fu_4136_p2            |   icmp   |      0|  0|  13|          20|          19|
    |tmp_25_2_5_fu_4178_p2            |   icmp   |      0|  0|  13|          20|          19|
    |tmp_25_2_fu_3380_p2              |   icmp   |      0|  0|  13|          20|          19|
    |tmp_25_3_1_fu_4264_p2            |   icmp   |      0|  0|  13|          20|          19|
    |tmp_25_3_2_fu_4308_p2            |   icmp   |      0|  0|  13|          20|          19|
    |tmp_25_3_3_fu_4350_p2            |   icmp   |      0|  0|  13|          20|          19|
    |tmp_25_3_4_fu_4393_p2            |   icmp   |      0|  0|  13|          20|          19|
    |tmp_25_3_5_fu_4436_p2            |   icmp   |      0|  0|  13|          20|          19|
    |tmp_25_3_fu_4221_p2              |   icmp   |      0|  0|  13|          20|          19|
    |tmp_25_4_1_fu_4522_p2            |   icmp   |      0|  0|  13|          20|          19|
    |tmp_25_4_2_fu_4565_p2            |   icmp   |      0|  0|  13|          20|          19|
    |tmp_25_4_3_fu_4608_p2            |   icmp   |      0|  0|  13|          20|          19|
    |tmp_25_4_4_fu_4652_p2            |   icmp   |      0|  0|  13|          20|          19|
    |tmp_25_4_5_fu_4695_p2            |   icmp   |      0|  0|  13|          20|          19|
    |tmp_25_4_fu_4480_p2              |   icmp   |      0|  0|  13|          20|          19|
    |tmp_25_5_1_fu_4783_p2            |   icmp   |      0|  0|  13|          20|          19|
    |tmp_25_5_2_fu_4828_p2            |   icmp   |      0|  0|  13|          20|          19|
    |tmp_25_5_3_fu_4871_p2            |   icmp   |      0|  0|  13|          20|          19|
    |tmp_25_5_4_fu_4915_p2            |   icmp   |      0|  0|  13|          20|          19|
    |tmp_25_5_5_fu_4955_p2            |   icmp   |      0|  0|  13|          20|          19|
    |tmp_25_5_fu_4739_p2              |   icmp   |      0|  0|  13|          20|          19|
    |tmp_75_fu_2023_p2                |   icmp   |      0|  0|   2|           4|           4|
    |tmp_8_fu_4961_p2                 |   icmp   |      0|  0|   2|           5|           4|
    |oh_V_1_mid1_fu_2236_p2           |    or    |      0|  0|   5|           5|           1|
    |oh_V_1_s_fu_1923_p2              |    or    |      0|  0|   5|           5|           1|
    |ow_V_1_0_s_fu_2410_p2            |    or    |      0|  0|   5|           5|           1|
    |tmp_10_fu_1665_p2                |    or    |      0|  0|  11|          11|           2|
    |tmp_110_fu_5008_p2               |    or    |      0|  0|  11|          11|           1|
    |tmp_111_fu_5019_p2               |    or    |      0|  0|  11|          11|           2|
    |tmp_112_fu_5029_p2               |    or    |      0|  0|  11|          11|           2|
    |tmp_4_fu_1644_p2                 |    or    |      0|  0|  11|          11|           1|
    |tmp_76_fu_2140_p2                |    or    |      0|  0|   2|           1|           1|
    |tmp_7_fu_1655_p2                 |    or    |      0|  0|  11|          11|           2|
    |indvar_flatten_next_fu_2035_p3   |  select  |      0|  0|   8|           1|           1|
    |p_4_mid_fu_1977_p3               |  select  |      0|  0|   4|           1|           1|
    |p_6_mid2_fu_2145_p3              |  select  |      0|  0|   4|           1|           1|
    |tmp_15_mid2_fu_2198_p3           |  select  |      0|  0|   5|           1|           5|
    |tmp_15_mid_fu_2089_p3            |  select  |      0|  0|   5|           1|           1|
    |tmp_17_1_mid2_fu_2242_p3         |  select  |      0|  0|   5|           1|           5|
    |tmp_17_1_mid_fu_2095_p3          |  select  |      0|  0|   5|           1|           1|
    |tmp_17_2_mid2_fu_2256_p3         |  select  |      0|  0|   5|           1|           5|
    |tmp_17_2_mid_fu_2101_p3          |  select  |      0|  0|   5|           1|           2|
    |tmp_17_3_mid2_fu_2270_p3         |  select  |      0|  0|   5|           1|           5|
    |tmp_17_3_mid_fu_2107_p3          |  select  |      0|  0|   5|           1|           2|
    |tmp_17_4_mid2_fu_2284_p3         |  select  |      0|  0|   5|           1|           5|
    |tmp_17_4_mid_fu_2113_p3          |  select  |      0|  0|   5|           1|           3|
    |tmp_17_5_mid2_fu_2298_p3         |  select  |      0|  0|   5|           1|           5|
    |tmp_17_5_mid_fu_2119_p3          |  select  |      0|  0|   5|           1|           3|
    |tmp_4_mid2_v_fu_1993_p3          |  select  |      0|  0|   6|           1|           6|
    |tmp_7_mid2_fu_2161_p3            |  select  |      0|  0|   4|           1|           4|
    |tmp_i10_cast_mid2_v_fu_2363_p3   |  select  |      0|  0|  32|           1|          32|
    |tmp_i12_cast_mid2_v_fu_2464_p3   |  select  |      0|  0|  32|           1|          32|
    |tmp_i14_cast_mid2_v_fu_2480_p3   |  select  |      0|  0|  32|           1|          32|
    |tmp_i16_cast_mid2_v_fu_2550_p3   |  select  |      0|  0|  32|           1|          32|
    |tmp_i18_cast_mid2_v_fu_2566_p3   |  select  |      0|  0|  32|           1|          32|
    |tmp_i20_cast_mid2_v_fu_2666_p3   |  select  |      0|  0|  32|           1|          32|
    |tmp_i22_cast_mid2_v_fu_2682_p3   |  select  |      0|  0|  32|           1|          32|
    |tmp_i24_cast_mid2_v_fu_2774_p3   |  select  |      0|  0|  32|           1|          32|
    |tmp_i26_cast_mid2_v_fu_2790_p3   |  select  |      0|  0|  32|           1|          32|
    |tmp_i28_cast_mid2_v_fu_2882_p3   |  select  |      0|  0|  32|           1|          32|
    |tmp_i2_cast_mid2_v_fu_2014_p3    |  select  |      0|  0|  32|           1|          32|
    |tmp_i30_cast_mid2_v_fu_2898_p3   |  select  |      0|  0|  32|           1|          32|
    |tmp_i32_cast_mid2_v_fu_3018_p3   |  select  |      0|  0|  32|           1|          32|
    |tmp_i34_cast_mid2_v_fu_3034_p3   |  select  |      0|  0|  32|           1|          32|
    |tmp_i4_cast_mid2_v_fu_2065_p3    |  select  |      0|  0|  32|           1|          32|
    |tmp_i6_cast_mid2_v_fu_2081_p3    |  select  |      0|  0|  32|           1|          32|
    |tmp_i8_cast_mid2_v_fu_2347_p3    |  select  |      0|  0|  32|           1|          32|
    |ap_enable_pp1                    |    xor   |      0|  0|   2|           1|           2|
    |ap_enable_pp2                    |    xor   |      0|  0|   2|           1|           2|
    |ap_enable_reg_pp1_iter1          |    xor   |      0|  0|   2|           1|           2|
    |ap_enable_reg_pp2_iter1          |    xor   |      0|  0|   2|           1|           2|
    |not_exitcond_flatten_fu_2125_p2  |    xor   |      0|  0|   2|           1|           2|
    +---------------------------------+----------+-------+---+----+------------+------------+
    |Total                            |          |      0|  0|4431|        2827|        3146|
    +---------------------------------+----------+-------+---+----+------------+------------+

    * Multiplexer: 
    +--------------------------------+-----+-----------+-----+-----------+
    |              Name              | LUT | Input Size| Bits| Total Bits|
    +--------------------------------+-----+-----------+-----+-----------+
    |ap_NS_fsm                       |  381|         87|    1|         87|
    |ap_enable_reg_pp1_iter1         |   15|          3|    1|          3|
    |ap_enable_reg_pp2_iter1         |   15|          3|    1|          3|
    |indvar_flatten1_phi_fu_1434_p4  |    9|          2|   13|         26|
    |indvar_flatten1_reg_1430        |    9|          2|   13|         26|
    |indvar_flatten_phi_fu_1457_p4   |    9|          2|    8|         16|
    |indvar_flatten_reg_1453         |    9|          2|    8|         16|
    |kernel_V_address0               |   93|         19|   11|        209|
    |kernel_V_address1               |   93|         19|   11|        209|
    |out_V_address0                  |   62|         15|   10|        150|
    |out_V_address1                  |   62|         15|   10|        150|
    |out_V_d0                        |   62|         15|   18|        270|
    |out_V_d1                        |   62|         15|   18|        270|
    |p_1_phi_fu_1445_p4              |    9|          2|    6|         12|
    |p_1_reg_1441                    |    9|          2|    6|         12|
    |p_3_phi_fu_1491_p4              |    9|          2|    5|         10|
    |p_3_reg_1487                    |    9|          2|    5|         10|
    |p_4_phi_fu_1468_p4              |    9|          2|    4|          8|
    |p_4_reg_1464                    |    9|          2|    4|          8|
    |p_6_phi_fu_1479_p4              |    9|          2|    4|          8|
    |p_6_reg_1475                    |    9|          2|    4|          8|
    |p_s_reg_1419                    |    9|          2|    5|         10|
    |reg_1502                        |    9|          2|   18|         36|
    |reg_1511                        |    9|          2|   18|         36|
    |reg_1520                        |    9|          2|   18|         36|
    |reg_1529                        |    9|          2|   20|         40|
    |reg_1534                        |    9|          2|   18|         36|
    |reg_1543                        |    9|          2|   20|         40|
    |reg_1548                        |    9|          2|   20|         40|
    |reg_1553                        |    9|          2|   20|         40|
    |reg_1558                        |    9|          2|   20|         40|
    |reg_1563                        |    9|          2|   20|         40|
    |reg_1568                        |    9|          2|   20|         40|
    |reg_1573                        |    9|          2|   18|         36|
    |reg_1578                        |    9|          2|   20|         40|
    |reg_1583                        |    9|          2|   18|         36|
    |reg_1588                        |    9|          2|   18|         36|
    |temp_V_address0                 |  273|         64|   10|        640|
    |temp_V_address1                 |  273|         64|   10|        640|
    |temp_V_d0                       |  105|         22|   20|        440|
    |temp_V_d1                       |  105|         22|   20|        440|
    +--------------------------------+-----+-----------+-----+-----------+
    |Total                           | 1853|        419|  512|       4253|
    +--------------------------------+-----+-----------+-----+-----------+

    * Register: 
    +-------------------------------+----+----+-----+-----------+
    |              Name             | FF | LUT| Bits| Const Bits|
    +-------------------------------+----+----+-----+-----------+
    |agg_result_V_i10_reg_6303      |  18|   0|   18|          0|
    |agg_result_V_i11_reg_6706      |  18|   0|   18|          0|
    |agg_result_V_i12_reg_6363      |  18|   0|   18|          0|
    |agg_result_V_i13_reg_6744      |  18|   0|   18|          0|
    |agg_result_V_i14_reg_6772      |  18|   0|   18|          0|
    |agg_result_V_i15_reg_6795      |  18|   0|   18|          0|
    |agg_result_V_i16_reg_6818      |  18|   0|   18|          0|
    |agg_result_V_i17_reg_6841      |  18|   0|   18|          0|
    |agg_result_V_i18_reg_6859      |  18|   0|   18|          0|
    |agg_result_V_i19_reg_6877      |  18|   0|   18|          0|
    |agg_result_V_i1_reg_6398       |  18|   0|   18|          0|
    |agg_result_V_i20_reg_6895      |  18|   0|   18|          0|
    |agg_result_V_i21_reg_6913      |  18|   0|   18|          0|
    |agg_result_V_i22_reg_6931      |  18|   0|   18|          0|
    |agg_result_V_i23_reg_6949      |  18|   0|   18|          0|
    |agg_result_V_i24_reg_6967      |  18|   0|   18|          0|
    |agg_result_V_i25_reg_6985      |  18|   0|   18|          0|
    |agg_result_V_i26_reg_7003      |  18|   0|   18|          0|
    |agg_result_V_i27_reg_7021      |  18|   0|   18|          0|
    |agg_result_V_i28_reg_7039      |  18|   0|   18|          0|
    |agg_result_V_i29_reg_7057      |  18|   0|   18|          0|
    |agg_result_V_i2_reg_6116       |  18|   0|   18|          0|
    |agg_result_V_i30_reg_7070      |  18|   0|   18|          0|
    |agg_result_V_i31_reg_7083      |  18|   0|   18|          0|
    |agg_result_V_i32_reg_7096      |  18|   0|   18|          0|
    |agg_result_V_i33_reg_7109      |  18|   0|   18|          0|
    |agg_result_V_i34_reg_7122      |  18|   0|   18|          0|
    |agg_result_V_i35_reg_7135      |  18|   0|   18|          0|
    |agg_result_V_i3_reg_6462       |  18|   0|   18|          0|
    |agg_result_V_i4_reg_6159       |  18|   0|   18|          0|
    |agg_result_V_i5_reg_6520       |  18|   0|   18|          0|
    |agg_result_V_i6_reg_6212       |  18|   0|   18|          0|
    |agg_result_V_i7_reg_6568       |  18|   0|   18|          0|
    |agg_result_V_i8_reg_6255       |  18|   0|   18|          0|
    |agg_result_V_i9_reg_6662       |  18|   0|   18|          0|
    |agg_result_V_i_reg_6045        |  18|   0|   18|          0|
    |ap_CS_fsm                      |  86|   0|   86|          0|
    |ap_enable_reg_pp1_iter0        |   1|   0|    1|          0|
    |ap_enable_reg_pp1_iter1        |   1|   0|    1|          0|
    |ap_enable_reg_pp2_iter0        |   1|   0|    1|          0|
    |ap_enable_reg_pp2_iter1        |   1|   0|    1|          0|
    |exitcond_flatten1_reg_5710     |   1|   0|    1|          0|
    |exitcond_flatten_reg_5739      |   1|   0|    1|          0|
    |i_V_reg_5645                   |   5|   0|    5|          0|
    |ic_V_reg_5719                  |   6|   0|    6|          0|
    |icmp10_reg_6355                |   1|   0|    1|          0|
    |icmp11_reg_6736                |   1|   0|    1|          0|
    |icmp12_reg_6408                |   1|   0|    1|          0|
    |icmp13_reg_6764                |   1|   0|    1|          0|
    |icmp14_reg_6787                |   1|   0|    1|          0|
    |icmp15_reg_6810                |   1|   0|    1|          0|
    |icmp16_reg_6833                |   1|   0|    1|          0|
    |icmp17_reg_6851                |   1|   0|    1|          0|
    |icmp18_reg_6869                |   1|   0|    1|          0|
    |icmp19_reg_6887                |   1|   0|    1|          0|
    |icmp1_reg_6103                 |   1|   0|    1|          0|
    |icmp20_reg_6905                |   1|   0|    1|          0|
    |icmp21_reg_6923                |   1|   0|    1|          0|
    |icmp22_reg_6941                |   1|   0|    1|          0|
    |icmp23_reg_6959                |   1|   0|    1|          0|
    |icmp24_reg_6977                |   1|   0|    1|          0|
    |icmp25_reg_6995                |   1|   0|    1|          0|
    |icmp26_reg_7013                |   1|   0|    1|          0|
    |icmp27_reg_7031                |   1|   0|    1|          0|
    |icmp28_reg_7049                |   1|   0|    1|          0|
    |icmp29_reg_7062                |   1|   0|    1|          0|
    |icmp2_reg_6199                 |   1|   0|    1|          0|
    |icmp30_reg_7075                |   1|   0|    1|          0|
    |icmp31_reg_7088                |   1|   0|    1|          0|
    |icmp32_reg_7101                |   1|   0|    1|          0|
    |icmp33_reg_7114                |   1|   0|    1|          0|
    |icmp34_reg_7127                |   1|   0|    1|          0|
    |icmp35_reg_7140                |   1|   0|    1|          0|
    |icmp3_reg_6560                 |   1|   0|    1|          0|
    |icmp4_reg_6146                 |   1|   0|    1|          0|
    |icmp5_reg_6247                 |   1|   0|    1|          0|
    |icmp6_reg_6654                 |   1|   0|    1|          0|
    |icmp7_reg_6502                 |   1|   0|    1|          0|
    |icmp8_reg_6295                 |   1|   0|    1|          0|
    |icmp9_reg_6698                 |   1|   0|    1|          0|
    |icmp_reg_6444                  |   1|   0|    1|          0|
    |in_V_load_reg_5943             |  17|   0|   17|          0|
    |indvar_flatten1_reg_1430       |  13|   0|   13|          0|
    |indvar_flatten_next1_reg_5714  |  13|   0|   13|          0|
    |indvar_flatten_next_reg_5799   |   8|   0|    8|          0|
    |indvar_flatten_reg_1453        |   8|   0|    8|          0|
    |iw_V_reg_5869                  |   4|   0|    4|          0|
    |kernel_V_load_15_reg_6472      |  18|   0|   18|          0|
    |kernel_V_load_18_reg_6078      |  18|   0|   18|          0|
    |kernel_V_load_19_reg_6530      |  18|   0|   18|          0|
    |kernel_V_load_22_reg_6121      |  18|   0|   18|          0|
    |kernel_V_load_23_reg_6578      |  18|   0|   18|          0|
    |kernel_V_load_26_reg_6164      |  18|   0|   18|          0|
    |kernel_V_load_27_reg_6678      |  18|   0|   18|          0|
    |kernel_V_load_30_reg_6217      |  18|   0|   18|          0|
    |kernel_V_load_31_reg_6716      |  18|   0|   18|          0|
    |kernel_V_load_34_reg_6275      |  18|   0|   18|          0|
    |kernel_V_load_35_reg_6754      |  18|   0|   18|          0|
    |oh_V_1_2_reg_5690              |   4|   0|    5|          1|
    |oh_V_1_3_reg_5695              |   4|   0|    5|          1|
    |oh_V_1_4_reg_5700              |   4|   0|    5|          1|
    |oh_V_1_5_reg_5705              |   4|   0|    5|          1|
    |oh_V_1_s_reg_5685              |   4|   0|    5|          1|
    |oh_V_reg_7152                  |   5|   0|    5|          0|
    |ow_V_1_0_2_reg_5923            |   4|   0|    5|          1|
    |ow_V_1_0_3_reg_5928            |   4|   0|    5|          1|
    |ow_V_1_0_4_reg_5976            |   4|   0|    5|          1|
    |ow_V_1_0_5_reg_5981            |   4|   0|    5|          1|
    |p_1_reg_1441                   |   6|   0|    6|          0|
    |p_3_reg_1487                   |   5|   0|    5|          0|
    |p_4_mid_reg_5767               |   4|   0|    4|          0|
    |p_4_reg_1464                   |   4|   0|    4|          0|
    |p_6_mid2_reg_5814              |   4|   0|    4|          0|
    |p_6_reg_1475                   |   4|   0|    4|          0|
    |p_s_reg_1419                   |   5|   0|    5|          0|
    |reg_1498                       |  18|   0|   18|          0|
    |reg_1502                       |  18|   0|   18|          0|
    |reg_1507                       |  18|   0|   18|          0|
    |reg_1511                       |  18|   0|   18|          0|
    |reg_1516                       |  18|   0|   18|          0|
    |reg_1520                       |  18|   0|   18|          0|
    |reg_1525                       |  20|   0|   20|          0|
    |reg_1529                       |  20|   0|   20|          0|
    |reg_1534                       |  18|   0|   18|          0|
    |reg_1539                       |  20|   0|   20|          0|
    |reg_1543                       |  20|   0|   20|          0|
    |reg_1548                       |  20|   0|   20|          0|
    |reg_1553                       |  20|   0|   20|          0|
    |reg_1558                       |  20|   0|   20|          0|
    |reg_1563                       |  20|   0|   20|          0|
    |reg_1568                       |  20|   0|   20|          0|
    |reg_1573                       |  18|   0|   18|          0|
    |reg_1578                       |  20|   0|   20|          0|
    |reg_1583                       |  18|   0|   18|          0|
    |reg_1588                       |  18|   0|   18|          0|
    |temp_V_addr_56_reg_5904        |   9|   0|   10|          1|
    |temp_V_addr_57_reg_5918        |   9|   0|   10|          1|
    |temp_V_addr_58_reg_5957        |   9|   0|   10|          1|
    |temp_V_addr_59_reg_5971        |   9|   0|   10|          1|
    |temp_V_addr_60_reg_6059        |   9|   0|   10|          1|
    |temp_V_addr_61_reg_6073        |   9|   0|   10|          1|
    |temp_V_addr_62_reg_6093        |   9|   0|   10|          1|
    |temp_V_addr_63_reg_6111        |   9|   0|   10|          1|
    |temp_V_addr_64_reg_6136        |   9|   0|   10|          1|
    |temp_V_addr_65_reg_6154        |   9|   0|   10|          1|
    |temp_V_addr_66_reg_6189        |   9|   0|   10|          1|
    |temp_V_addr_67_reg_6207        |   9|   0|   10|          1|
    |temp_V_addr_68_reg_6232        |   9|   0|   10|          1|
    |temp_V_addr_69_reg_6237        |   9|   0|   10|          1|
    |temp_V_addr_70_reg_6280        |   9|   0|   10|          1|
    |temp_V_addr_71_reg_6285        |   9|   0|   10|          1|
    |temp_V_addr_72_reg_6340        |   9|   0|   10|          1|
    |temp_V_addr_73_reg_6345        |   9|   0|   10|          1|
    |temp_V_addr_74_reg_6388        |   9|   0|   10|          1|
    |temp_V_addr_75_reg_6393        |   9|   0|   10|          1|
    |temp_V_addr_76_reg_6452        |   9|   0|   10|          1|
    |temp_V_addr_77_reg_6457        |   9|   0|   10|          1|
    |temp_V_addr_78_reg_6510        |   9|   0|   10|          1|
    |temp_V_addr_79_reg_6515        |   9|   0|   10|          1|
    |temp_V_addr_80_reg_6545        |   9|   0|   10|          1|
    |temp_V_addr_81_reg_6550        |   9|   0|   10|          1|
    |temp_V_addr_82_reg_6605        |   9|   0|   10|          1|
    |temp_V_addr_83_reg_6616        |   9|   0|   10|          1|
    |temp_V_addr_84_reg_6627        |   9|   0|   10|          1|
    |temp_V_addr_85_reg_6638        |   9|   0|   10|          1|
    |temp_V_addr_86_reg_6593        |   9|   0|   10|          1|
    |temp_V_addr_87_reg_6599        |   9|   0|   10|          1|
    |temp_V_addr_88_reg_6610        |   9|   0|   10|          1|
    |temp_V_addr_89_reg_6621        |   9|   0|   10|          1|
    |temp_V_addr_90_reg_6632        |   9|   0|   10|          1|
    |temp_V_addr_91_reg_6643        |   9|   0|   10|          1|
    |temp_V_load_45_reg_6416        |  20|   0|   20|          0|
    |temp_V_load_47_reg_6467        |  20|   0|   20|          0|
    |temp_V_load_49_reg_6525        |  20|   0|   20|          0|
    |temp_V_load_51_reg_6573        |  20|   0|   20|          0|
    |temp_V_load_53_reg_6667        |  20|   0|   20|          0|
    |temp_V_load_55_reg_6711        |  20|   0|   20|          0|
    |temp_V_load_57_reg_6749        |  20|   0|   20|          0|
    |temp_V_load_59_reg_6777        |  20|   0|   20|          0|
    |temp_V_load_61_reg_6800        |  20|   0|   20|          0|
    |temp_V_load_63_reg_6823        |  20|   0|   20|          0|
    |tmp_109_reg_7157               |   9|   0|   11|          2|
    |tmp_117_cast_reg_7187          |  30|   0|   32|          2|
    |tmp_118_cast_reg_7192          |   9|   0|   32|         23|
    |tmp_119_cast_reg_7207          |  30|   0|   32|          2|
    |tmp_120_cast_reg_7212          |  30|   0|   32|          2|
    |tmp_121_cast_reg_7227          |  30|   0|   32|          2|
    |tmp_122_cast_reg_7232          |  30|   0|   32|          2|
    |tmp_123_cast_reg_7247          |  30|   0|   32|          2|
    |tmp_124_cast_reg_7252          |  30|   0|   32|          2|
    |tmp_125_cast_reg_7267          |  30|   0|   32|          2|
    |tmp_126_cast_reg_7272          |  30|   0|   32|          2|
    |tmp_127_cast_reg_7287          |  30|   0|   32|          2|
    |tmp_128_cast_reg_7292          |  30|   0|   32|          2|
    |tmp_129_cast_reg_7307          |  30|   0|   32|          2|
    |tmp_12_reg_5884                |   4|   0|    5|          1|
    |tmp_130_cast_reg_7312          |  30|   0|   32|          2|
    |tmp_131_cast_reg_7327          |  30|   0|   32|          2|
    |tmp_132_cast_reg_7332          |  30|   0|   32|          2|
    |tmp_133_cast_reg_7347          |  30|   0|   32|          2|
    |tmp_134_cast_reg_7352          |  30|   0|   32|          2|
    |tmp_135_cast_reg_7367          |  30|   0|   32|          2|
    |tmp_136_cast_reg_7372          |  30|   0|   32|          2|
    |tmp_137_cast_reg_7387          |  30|   0|   32|          2|
    |tmp_138_cast_reg_7392          |  30|   0|   32|          2|
    |tmp_139_cast_reg_7407          |  30|   0|   32|          2|
    |tmp_140_cast_reg_7412          |  30|   0|   32|          2|
    |tmp_141_cast_reg_7427          |  30|   0|   32|          2|
    |tmp_142_cast_reg_7432          |  30|   0|   32|          2|
    |tmp_143_cast_reg_7447          |  30|   0|   32|          2|
    |tmp_144_cast_reg_7452          |  30|   0|   32|          2|
    |tmp_15_cast_reg_5895           |   4|   0|   11|          7|
    |tmp_17_1_mid2_reg_5834         |   4|   0|    5|          1|
    |tmp_17_2_mid2_reg_5840         |   4|   0|    5|          1|
    |tmp_17_3_mid2_reg_5846         |   4|   0|    5|          1|
    |tmp_17_4_mid2_reg_5852         |   4|   0|    5|          1|
    |tmp_17_5_mid2_reg_5858         |   4|   0|    5|          1|
    |tmp_17_reg_6098                |  20|   0|   20|          0|
    |tmp_19_reg_6107                |   1|   0|    1|          0|
    |tmp_20_0_1_cast_reg_5909       |   4|   0|   11|          7|
    |tmp_20_0_2_cast_reg_5948       |   4|   0|   11|          7|
    |tmp_20_0_3_cast_reg_5962       |   4|   0|   11|          7|
    |tmp_20_0_4_cast_reg_6050       |   4|   0|   11|          7|
    |tmp_20_0_5_cast_reg_6064       |   4|   0|   11|          7|
    |tmp_23_0_1_reg_6439            |  20|   0|   20|          0|
    |tmp_23_0_2_reg_6141            |  20|   0|   20|          0|
    |tmp_23_0_3_reg_6497            |  20|   0|   20|          0|
    |tmp_23_0_4_reg_6194            |  20|   0|   20|          0|
    |tmp_23_0_5_reg_6555            |  20|   0|   20|          0|
    |tmp_23_1_1_reg_6649            |  20|   0|   20|          0|
    |tmp_23_1_2_reg_6290            |  20|   0|   20|          0|
    |tmp_23_1_3_reg_6693            |  20|   0|   20|          0|
    |tmp_23_1_4_reg_6350            |  20|   0|   20|          0|
    |tmp_23_1_5_reg_6731            |  20|   0|   20|          0|
    |tmp_23_1_reg_6242              |  20|   0|   20|          0|
    |tmp_23_2_1_reg_6759            |  20|   0|   20|          0|
    |tmp_23_2_2_reg_6782            |  20|   0|   20|          0|
    |tmp_23_2_3_reg_6805            |  20|   0|   20|          0|
    |tmp_23_2_4_reg_6828            |  20|   0|   20|          0|
    |tmp_23_2_5_reg_6846            |  20|   0|   20|          0|
    |tmp_23_2_reg_6403              |  20|   0|   20|          0|
    |tmp_23_3_1_reg_6882            |  20|   0|   20|          0|
    |tmp_23_3_2_reg_6900            |  20|   0|   20|          0|
    |tmp_23_3_3_reg_6918            |  20|   0|   20|          0|
    |tmp_23_3_4_reg_6936            |  20|   0|   20|          0|
    |tmp_23_3_5_reg_6954            |  20|   0|   20|          0|
    |tmp_23_3_reg_6864              |  20|   0|   20|          0|
    |tmp_23_4_1_reg_6990            |  20|   0|   20|          0|
    |tmp_23_4_2_reg_7008            |  20|   0|   20|          0|
    |tmp_23_4_3_reg_7026            |  20|   0|   20|          0|
    |tmp_23_4_4_reg_7044            |  20|   0|   20|          0|
    |tmp_23_4_reg_6972              |  20|   0|   20|          0|
    |tmp_25_0_1_reg_6448            |   1|   0|    1|          0|
    |tmp_25_0_2_reg_6150            |   1|   0|    1|          0|
    |tmp_25_0_3_reg_6506            |   1|   0|    1|          0|
    |tmp_25_0_4_reg_6203            |   1|   0|    1|          0|
    |tmp_25_0_5_reg_6564            |   1|   0|    1|          0|
    |tmp_25_1_1_reg_6658            |   1|   0|    1|          0|
    |tmp_25_1_2_reg_6299            |   1|   0|    1|          0|
    |tmp_25_1_3_reg_6702            |   1|   0|    1|          0|
    |tmp_25_1_4_reg_6359            |   1|   0|    1|          0|
    |tmp_25_1_5_reg_6740            |   1|   0|    1|          0|
    |tmp_25_1_reg_6251              |   1|   0|    1|          0|
    |tmp_25_2_1_reg_6768            |   1|   0|    1|          0|
    |tmp_25_2_2_reg_6791            |   1|   0|    1|          0|
    |tmp_25_2_3_reg_6814            |   1|   0|    1|          0|
    |tmp_25_2_4_reg_6837            |   1|   0|    1|          0|
    |tmp_25_2_5_reg_6855            |   1|   0|    1|          0|
    |tmp_25_2_reg_6412              |   1|   0|    1|          0|
    |tmp_25_3_1_reg_6891            |   1|   0|    1|          0|
    |tmp_25_3_2_reg_6909            |   1|   0|    1|          0|
    |tmp_25_3_3_reg_6927            |   1|   0|    1|          0|
    |tmp_25_3_4_reg_6945            |   1|   0|    1|          0|
    |tmp_25_3_5_reg_6963            |   1|   0|    1|          0|
    |tmp_25_3_reg_6873              |   1|   0|    1|          0|
    |tmp_25_4_1_reg_6999            |   1|   0|    1|          0|
    |tmp_25_4_2_reg_7017            |   1|   0|    1|          0|
    |tmp_25_4_3_reg_7035            |   1|   0|    1|          0|
    |tmp_25_4_4_reg_7053            |   1|   0|    1|          0|
    |tmp_25_4_5_reg_7066            |   1|   0|    1|          0|
    |tmp_25_4_reg_6981              |   1|   0|    1|          0|
    |tmp_25_5_1_reg_7092            |   1|   0|    1|          0|
    |tmp_25_5_2_reg_7105            |   1|   0|    1|          0|
    |tmp_25_5_3_reg_7118            |   1|   0|    1|          0|
    |tmp_25_5_4_reg_7131            |   1|   0|    1|          0|
    |tmp_25_5_5_reg_7144            |   1|   0|    1|          0|
    |tmp_25_5_reg_7079              |   1|   0|    1|          0|
    |tmp_4_mid2_cast2_reg_6260      |   6|   0|    8|          2|
    |tmp_4_mid2_cast3_reg_6308      |   6|   0|    9|          3|
    |tmp_4_mid2_cast4_reg_6421      |   6|   0|   10|          4|
    |tmp_4_mid2_cast5_reg_6672      |   6|   0|   11|          5|
    |tmp_4_mid2_v_reg_5773          |   6|   0|    6|          0|
    |tmp_5_reg_5680                 |   4|   0|    5|          1|
    |tmp_75_reg_5794                |   1|   0|    1|          0|
    |tmp_7_mid2_reg_5819            |   4|   0|    4|          0|
    |tmp_82_reg_5824                |   8|   0|   11|          3|
    |tmp_85_reg_5996                |   8|   0|   11|          3|
    |tmp_88_reg_6179                |   8|   0|   11|          3|
    |tmp_8_reg_7148                 |   1|   0|    1|          0|
    |tmp_91_reg_6330                |   8|   0|   11|          3|
    |tmp_94_reg_6487                |   8|   0|   11|          3|
    |tmp_98_reg_5864                |   9|   0|    9|          0|
    |tmp_i11_cast_mid2_v_reg_6378   |   9|   0|    9|          0|
    |tmp_i5_cast_mid2_v_reg_6314    |   8|   0|    8|          0|
    |tmp_i9_cast_mid2_v_reg_6368    |   9|   0|    9|          0|
    |tmp_i_cast_reg_6006            |  17|   0|   30|         13|
    |tmp_reg_5636                   |  20|   0|   20|          0|
    |tmp_s_reg_5650                 |   9|   0|   11|          2|
    +-------------------------------+----+----+-----+-----------+
    |Total                          |3678|   0| 3895|        217|
    +-------------------------------+----+----+-----+-----------+



================================================================
== Interface
================================================================
* Summary: 
+-------------------+-----+-----+------------+--------------+--------------+
|     RTL Ports     | Dir | Bits|  Protocol  | Source Object|    C Type    |
+-------------------+-----+-----+------------+--------------+--------------+
|ap_clk             |  in |    1| ap_ctrl_hs |    deconv3   | return value |
|ap_rst             |  in |    1| ap_ctrl_hs |    deconv3   | return value |
|ap_start           |  in |    1| ap_ctrl_hs |    deconv3   | return value |
|ap_done            | out |    1| ap_ctrl_hs |    deconv3   | return value |
|ap_idle            | out |    1| ap_ctrl_hs |    deconv3   | return value |
|ap_ready           | out |    1| ap_ctrl_hs |    deconv3   | return value |
|in_V_address0      | out |   13|  ap_memory |     in_V     |     array    |
|in_V_ce0           | out |    1|  ap_memory |     in_V     |     array    |
|in_V_q0            |  in |   17|  ap_memory |     in_V     |     array    |
|out_V_address0     | out |   10|  ap_memory |     out_V    |     array    |
|out_V_ce0          | out |    1|  ap_memory |     out_V    |     array    |
|out_V_we0          | out |    1|  ap_memory |     out_V    |     array    |
|out_V_d0           | out |   18|  ap_memory |     out_V    |     array    |
|out_V_address1     | out |   10|  ap_memory |     out_V    |     array    |
|out_V_ce1          | out |    1|  ap_memory |     out_V    |     array    |
|out_V_we1          | out |    1|  ap_memory |     out_V    |     array    |
|out_V_d1           | out |   18|  ap_memory |     out_V    |     array    |
|kernel_V_address0  | out |   11|  ap_memory |   kernel_V   |     array    |
|kernel_V_ce0       | out |    1|  ap_memory |   kernel_V   |     array    |
|kernel_V_q0        |  in |   18|  ap_memory |   kernel_V   |     array    |
|kernel_V_address1  | out |   11|  ap_memory |   kernel_V   |     array    |
|kernel_V_ce1       | out |    1|  ap_memory |   kernel_V   |     array    |
|kernel_V_q1        |  in |   18|  ap_memory |   kernel_V   |     array    |
|bias_V             |  in |   18|   ap_none  |    bias_V    |    scalar    |
+-------------------+-----+-----+------------+--------------+--------------+

