

================================================================
== Vivado HLS Report for 'deconv1'
================================================================
* Date:           Thu Nov  8 15:33:18 2018

* Version:        2017.1 (Build 1846317 on Fri Apr 14 19:19:38 MDT 2017)
* Project:        fpga_syn_layer
* Solution:       solution1
* Product family: zynq
* Target device:  xc7z020clg484-1


================================================================
== Performance Estimates
================================================================
+ Timing (ns): 
    * Summary: 
    +--------+-------+----------+------------+
    |  Clock | Target| Estimated| Uncertainty|
    +--------+-------+----------+------------+
    |ap_clk  |  10.00|      8.70|        1.25|
    +--------+-------+----------+------------+

+ Latency (clock cycles): 
    * Summary: 
    +------+------+------+------+---------+
    |   Latency   |   Interval  | Pipeline|
    |  min |  max |  min |  max |   Type  |
    +------+------+------+------+---------+
    |  4673|  4673|  4673|  4673|   none  |
    +------+------+------+------+---------+

    + Detail: 
        * Instance: 
        N/A

        * Loop: 
        +-------------+------+------+----------+-----------+-----------+------+----------+
        |             |   Latency   | Iteration|  Initiation Interval  | Trip |          |
        |  Loop Name  |  min |  max |  Latency |  achieved |   target  | Count| Pipelined|
        +-------------+------+------+----------+-----------+-----------+------+----------+
        |- Loop 1     |  4672|  4672|       146|          -|          -|    32|    no    |
        | + Loop 1.1  |     4|     4|         1|          1|          1|     4|    yes   |
        | + Loop 1.2  |    83|    83|        11|          8|          1|    10|    yes   |
        | + Loop 1.3  |    51|    51|        40|          4|          1|     4|    yes   |
        +-------------+------+------+----------+-----------+-----------+------+----------+



================================================================
== Utilization Estimates
================================================================
* Summary: 
+-----------------+---------+-------+--------+-------+
|       Name      | BRAM_18K| DSP48E|   FF   |  LUT  |
+-----------------+---------+-------+--------+-------+
|DSP              |        -|     16|       -|      -|
|Expression       |        -|      -|       0|   2813|
|FIFO             |        -|      -|       -|      -|
|Instance         |        -|      -|    8648|   6412|
|Memory           |        -|      -|       -|      -|
|Multiplexer      |        -|      -|       -|    614|
|Register         |        -|      -|    2292|     64|
+-----------------+---------+-------+--------+-------+
|Total            |        0|     16|   10940|   9903|
+-----------------+---------+-------+--------+-------+
|Available        |      280|    220|  106400|  53200|
+-----------------+---------+-------+--------+-------+
|Utilization (%)  |        0|      7|      10|     18|
+-----------------+---------+-------+--------+-------+

+ Detail: 
    * Instance: 
    +-------------------------+----------------------+---------+-------+------+------+
    |         Instance        |        Module        | BRAM_18K| DSP48E|  FF  |  LUT |
    +-------------------------+----------------------+---------+-------+------+------+
    |deconv_mux_42_20_1_U0    |deconv_mux_42_20_1    |        0|      0|    85|    21|
    |deconv_mux_42_20_1_U1    |deconv_mux_42_20_1    |        0|      0|    85|    21|
    |deconv_mux_42_20_1_U2    |deconv_mux_42_20_1    |        0|      0|    85|    21|
    |deconv_mux_42_20_1_U3    |deconv_mux_42_20_1    |        0|      0|    85|    21|
    |deconv_sdiv_30ns_bkb_U4  |deconv_sdiv_30ns_bkb  |        0|      0|  2077|  1582|
    |deconv_sdiv_30ns_bkb_U5  |deconv_sdiv_30ns_bkb  |        0|      0|  2077|  1582|
    |deconv_sdiv_30ns_bkb_U6  |deconv_sdiv_30ns_bkb  |        0|      0|  2077|  1582|
    |deconv_sdiv_30ns_bkb_U7  |deconv_sdiv_30ns_bkb  |        0|      0|  2077|  1582|
    +-------------------------+----------------------+---------+-------+------+------+
    |Total                    |                      |        0|      0|  8648|  6412|
    +-------------------------+----------------------+---------+-------+------+------+

    * DSP48: 
    +--------------------------+----------------------+-----------+
    |         Instance         |        Module        | Expression|
    +--------------------------+----------------------+-----------+
    |deconv_mul_mul_18cud_U8   |deconv_mul_mul_18cud  |  i0 * i1  |
    |deconv_mul_mul_18cud_U9   |deconv_mul_mul_18cud  |  i0 * i1  |
    |deconv_mul_mul_18cud_U10  |deconv_mul_mul_18cud  |  i0 * i1  |
    |deconv_mul_mul_18cud_U11  |deconv_mul_mul_18cud  |  i0 * i1  |
    |deconv_mul_mul_18cud_U12  |deconv_mul_mul_18cud  |  i0 * i1  |
    |deconv_mul_mul_18cud_U13  |deconv_mul_mul_18cud  |  i0 * i1  |
    |deconv_mul_mul_18cud_U14  |deconv_mul_mul_18cud  |  i0 * i1  |
    |deconv_mul_mul_18cud_U15  |deconv_mul_mul_18cud  |  i0 * i1  |
    |deconv_mul_mul_18cud_U16  |deconv_mul_mul_18cud  |  i0 * i1  |
    |deconv_mul_mul_18cud_U17  |deconv_mul_mul_18cud  |  i0 * i1  |
    |deconv_mul_mul_18cud_U18  |deconv_mul_mul_18cud  |  i0 * i1  |
    |deconv_mul_mul_18cud_U19  |deconv_mul_mul_18cud  |  i0 * i1  |
    |deconv_mul_mul_18cud_U20  |deconv_mul_mul_18cud  |  i0 * i1  |
    |deconv_mul_mul_18cud_U21  |deconv_mul_mul_18cud  |  i0 * i1  |
    |deconv_mul_mul_18cud_U22  |deconv_mul_mul_18cud  |  i0 * i1  |
    |deconv_mul_mul_18cud_U23  |deconv_mul_mul_18cud  |  i0 * i1  |
    +--------------------------+----------------------+-----------+

    * Memory: 
    N/A

    * FIFO: 
    N/A

    * Expression: 
    +--------------------------------+----------+-------+---+----+------------+------------+
    |          Variable Name         | Operation| DSP48E| FF| LUT| Bitwidth P0| Bitwidth P1|
    +--------------------------------+----------+-------+---+----+------------+------------+
    |i_V_fu_1297_p2                  |     +    |      0|  0|  12|           3|           1|
    |ic_V_fu_1655_p2                 |     +    |      0|  0|  13|           4|           1|
    |oc_V_fu_1000_p2                 |     +    |      0|  0|  15|           6|           1|
    |oh_V_fu_2789_p2                 |     +    |      0|  0|  12|           3|           1|
    |temp_0_0_V_1_fu_1686_p2         |     +    |      0|  0|  27|          20|          20|
    |temp_0_1_V_2_fu_1986_p2         |     +    |      0|  0|  27|          20|          20|
    |temp_0_2_V_2_fu_2284_p2         |     +    |      0|  0|  27|          20|          20|
    |temp_0_3_V_2_fu_2548_p2         |     +    |      0|  0|  27|          20|          20|
    |temp_1_0_V_2_fu_1739_p2         |     +    |      0|  0|  27|          20|          20|
    |temp_1_1_V_2_fu_2039_p2         |     +    |      0|  0|  27|          20|          20|
    |temp_1_2_V_2_fu_2337_p2         |     +    |      0|  0|  27|          20|          20|
    |temp_1_3_V_2_fu_2601_p2         |     +    |      0|  0|  27|          20|          20|
    |temp_2_0_V_2_fu_1831_p2         |     +    |      0|  0|  27|          20|          20|
    |temp_2_1_V_2_fu_2144_p2         |     +    |      0|  0|  27|          20|          20|
    |temp_2_2_V_2_fu_2416_p2         |     +    |      0|  0|  27|          20|          20|
    |temp_2_3_V_2_fu_2680_p2         |     +    |      0|  0|  27|          20|          20|
    |temp_3_0_V_2_fu_1884_p2         |     +    |      0|  0|  27|          20|          20|
    |temp_3_1_V_2_fu_2197_p2         |     +    |      0|  0|  27|          20|          20|
    |temp_3_2_V_2_fu_2469_p2         |     +    |      0|  0|  27|          20|          20|
    |temp_3_3_V_2_fu_2733_p2         |     +    |      0|  0|  27|          20|          20|
    |tmp_364_fu_1039_p2              |     +    |      0|  0|  17|          10|          10|
    |tmp_365_fu_1057_p2              |     +    |      0|  0|  17|          10|           9|
    |tmp_366_fu_1083_p2              |     +    |      0|  0|  21|          14|          14|
    |tmp_367_fu_1089_p2              |     +    |      0|  0|  18|          11|          10|
    |tmp_368_fu_1115_p2              |     +    |      0|  0|  21|          14|          14|
    |tmp_369_fu_1121_p2              |     +    |      0|  0|  19|          12|          11|
    |tmp_370_fu_1147_p2              |     +    |      0|  0|  21|          14|          14|
    |tmp_371_fu_1153_p2              |     +    |      0|  0|  19|          12|          12|
    |tmp_372_fu_1179_p2              |     +    |      0|  0|  21|          14|          14|
    |tmp_373_fu_1185_p2              |     +    |      0|  0|  19|          12|          12|
    |tmp_374_fu_1211_p2              |     +    |      0|  0|  21|          14|          14|
    |tmp_375_fu_1217_p2              |     +    |      0|  0|  20|          13|          12|
    |tmp_376_fu_1243_p2              |     +    |      0|  0|  21|          14|          14|
    |tmp_377_fu_1249_p2              |     +    |      0|  0|  20|          13|          13|
    |tmp_378_fu_1275_p2              |     +    |      0|  0|  21|          14|          14|
    |tmp_379_fu_1281_p2              |     +    |      0|  0|  20|          13|          13|
    |tmp_380_fu_1549_p2              |     +    |      0|  0|  17|          10|          10|
    |tmp_381_fu_1559_p2              |     +    |      0|  0|  17|          10|          10|
    |tmp_382_fu_1582_p2              |     +    |      0|  0|  21|          14|          14|
    |tmp_383_fu_1592_p2              |     +    |      0|  0|  18|          11|          11|
    |tmp_384_fu_1606_p2              |     +    |      0|  0|  21|          14|          14|
    |tmp_385_fu_1615_p2              |     +    |      0|  0|  19|          12|          12|
    |tmp_386_fu_1661_p2              |     +    |      0|  0|  21|          14|          14|
    |tmp_387_fu_1670_p2              |     +    |      0|  0|  19|          12|          12|
    |tmp_388_fu_1815_p2              |     +    |      0|  0|  21|          14|          14|
    |tmp_389_fu_1679_p2              |     +    |      0|  0|  19|          12|          12|
    |tmp_390_fu_1964_p2              |     +    |      0|  0|  21|          14|          14|
    |tmp_391_fu_1973_p2              |     +    |      0|  0|  20|          13|          13|
    |tmp_392_fu_2115_p2              |     +    |      0|  0|  21|          14|          14|
    |tmp_393_fu_2124_p2              |     +    |      0|  0|  20|          13|          13|
    |tmp_394_fu_2133_p2              |     +    |      0|  0|  21|          14|          14|
    |tmp_395_fu_2137_p2              |     +    |      0|  0|  20|          13|          13|
    |tmp_400_fu_3021_p2              |     +    |      0|  0|  18|          11|          11|
    |tmp_404_fu_3098_p2              |     +    |      0|  0|  18|          11|          11|
    |op_V_read_assign_11_fu_2840_p2  |     -    |      0|  0|  25|          18|          18|
    |op_V_read_assign_12_fu_2862_p2  |     -    |      0|  0|  25|          18|          18|
    |op_V_read_assign_13_fu_2885_p2  |     -    |      0|  0|  25|          18|          18|
    |op_V_read_assign_s_fu_2835_p2   |     -    |      0|  0|  25|          18|          18|
    |exitcond_fu_994_p2              |   icmp   |      0|  0|   4|           6|           7|
    |icmp12_fu_2002_p2               |   icmp   |      0|  0|   1|           3|           1|
    |icmp15_fu_2055_p2               |   icmp   |      0|  0|   1|           3|           1|
    |icmp18_fu_2160_p2               |   icmp   |      0|  0|   1|           3|           1|
    |icmp21_fu_2213_p2               |   icmp   |      0|  0|   1|           3|           1|
    |icmp24_fu_2300_p2               |   icmp   |      0|  0|   1|           3|           1|
    |icmp27_fu_2353_p2               |   icmp   |      0|  0|   1|           3|           1|
    |icmp30_fu_2432_p2               |   icmp   |      0|  0|   1|           3|           1|
    |icmp33_fu_2485_p2               |   icmp   |      0|  0|   1|           3|           1|
    |icmp36_fu_2564_p2               |   icmp   |      0|  0|   1|           3|           1|
    |icmp39_fu_2617_p2               |   icmp   |      0|  0|   1|           3|           1|
    |icmp3_fu_1755_p2                |   icmp   |      0|  0|   1|           3|           1|
    |icmp42_fu_2696_p2               |   icmp   |      0|  0|   1|           3|           1|
    |icmp45_fu_2749_p2               |   icmp   |      0|  0|   1|           3|           1|
    |icmp6_fu_1847_p2                |   icmp   |      0|  0|   1|           3|           1|
    |icmp9_fu_1900_p2                |   icmp   |      0|  0|   1|           3|           1|
    |icmp_fu_1702_p2                 |   icmp   |      0|  0|   1|           3|           1|
    |sel_tmp1_fu_1313_p2             |   icmp   |      0|  0|   1|           2|           1|
    |sel_tmp2_fu_1319_p2             |   icmp   |      0|  0|   1|           2|           1|
    |sel_tmp_fu_1307_p2              |   icmp   |      0|  0|   1|           2|           3|
    |tmp_26_fu_1539_p2               |   icmp   |      0|  0|   2|           4|           4|
    |tmp_29_fu_2783_p2               |   icmp   |      0|  0|   2|           3|           4|
    |tmp_34_fu_1708_p2               |   icmp   |      0|  0|  13|          20|          19|
    |tmp_72_0_1_fu_1761_p2           |   icmp   |      0|  0|  13|          20|          19|
    |tmp_72_0_2_fu_1853_p2           |   icmp   |      0|  0|  13|          20|          19|
    |tmp_72_0_3_fu_1906_p2           |   icmp   |      0|  0|  13|          20|          19|
    |tmp_72_1_1_fu_2061_p2           |   icmp   |      0|  0|  13|          20|          19|
    |tmp_72_1_2_fu_2166_p2           |   icmp   |      0|  0|  13|          20|          19|
    |tmp_72_1_3_fu_2219_p2           |   icmp   |      0|  0|  13|          20|          19|
    |tmp_72_1_fu_2008_p2             |   icmp   |      0|  0|  13|          20|          19|
    |tmp_72_2_1_fu_2359_p2           |   icmp   |      0|  0|  13|          20|          19|
    |tmp_72_2_2_fu_2438_p2           |   icmp   |      0|  0|  13|          20|          19|
    |tmp_72_2_3_fu_2491_p2           |   icmp   |      0|  0|  13|          20|          19|
    |tmp_72_2_fu_2306_p2             |   icmp   |      0|  0|  13|          20|          19|
    |tmp_72_3_1_fu_2623_p2           |   icmp   |      0|  0|  13|          20|          19|
    |tmp_72_3_2_fu_2702_p2           |   icmp   |      0|  0|  13|          20|          19|
    |tmp_72_3_3_fu_2755_p2           |   icmp   |      0|  0|  13|          20|          19|
    |tmp_72_3_fu_2570_p2             |   icmp   |      0|  0|  13|          20|          19|
    |tmp_s_fu_1291_p2                |   icmp   |      0|  0|   2|           3|           4|
    |or_cond_fu_1325_p2              |    or    |      0|  0|   2|           1|           1|
    |tmp_10_fu_2373_p2               |    or    |      0|  0|   2|           1|           1|
    |tmp_11_fu_2452_p2               |    or    |      0|  0|   2|           1|           1|
    |tmp_12_fu_2505_p2               |    or    |      0|  0|   2|           1|           1|
    |tmp_13_fu_2584_p2               |    or    |      0|  0|   2|           1|           1|
    |tmp_14_fu_2637_p2               |    or    |      0|  0|   2|           1|           1|
    |tmp_18_fu_2716_p2               |    or    |      0|  0|   2|           1|           1|
    |tmp_19_fu_2769_p2               |    or    |      0|  0|   2|           1|           1|
    |tmp_1_fu_1722_p2                |    or    |      0|  0|   2|           1|           1|
    |tmp_2_fu_1775_p2                |    or    |      0|  0|   2|           1|           1|
    |tmp_399_fu_3007_p2              |    or    |      0|  0|  10|          10|           6|
    |tmp_3_fu_1867_p2                |    or    |      0|  0|   2|           1|           1|
    |tmp_401_fu_3051_p2              |    or    |      0|  0|  10|          10|           7|
    |tmp_403_fu_3085_p2              |    or    |      0|  0|  10|          10|           7|
    |tmp_4_fu_1920_p2                |    or    |      0|  0|   2|           1|           1|
    |tmp_5_fu_2022_p2                |    or    |      0|  0|   2|           1|           1|
    |tmp_6_fu_2075_p2                |    or    |      0|  0|   2|           1|           1|
    |tmp_7_fu_2180_p2                |    or    |      0|  0|   2|           1|           1|
    |tmp_8_fu_2233_p2                |    or    |      0|  0|   2|           1|           1|
    |tmp_9_fu_2320_p2                |    or    |      0|  0|   2|           1|           1|
    |agg_result_V_i100_fu_3043_p3    |  select  |      0|  0|  17|           1|           1|
    |agg_result_V_i101_fu_3077_p3    |  select  |      0|  0|  17|           1|           1|
    |agg_result_V_i96_fu_2956_p3     |  select  |      0|  0|  17|           1|           1|
    |agg_result_V_i98_fu_2991_p3     |  select  |      0|  0|  17|           1|           1|
    |newSel1_fu_1450_p3              |  select  |      0|  0|  20|           1|          20|
    |newSel2_fu_1346_p3              |  select  |      0|  0|  20|           1|          20|
    |newSel3_fu_1487_p3              |  select  |      0|  0|  20|           1|          20|
    |newSel4_fu_1383_p3              |  select  |      0|  0|  20|           1|          20|
    |newSel5_fu_1502_p3              |  select  |      0|  0|  20|           1|          20|
    |newSel6_fu_1398_p3              |  select  |      0|  0|  20|           1|          20|
    |newSel8_fu_1435_p3              |  select  |      0|  0|  20|           1|          20|
    |newSel_fu_1331_p3               |  select  |      0|  0|  20|           1|          20|
    |temp_0_0_V_4_cast_fu_1714_p3    |  select  |      0|  0|  19|           1|          17|
    |temp_0_0_V_5_fu_1728_p3         |  select  |      0|  0|  20|           1|          20|
    |temp_0_1_V_4_cast_fu_2014_p3    |  select  |      0|  0|  19|           1|          17|
    |temp_0_1_V_5_fu_2028_p3         |  select  |      0|  0|  20|           1|          20|
    |temp_0_2_V_4_cast_fu_2312_p3    |  select  |      0|  0|  19|           1|          17|
    |temp_0_2_V_5_fu_2326_p3         |  select  |      0|  0|  20|           1|          20|
    |temp_0_3_V_4_cast_fu_2576_p3    |  select  |      0|  0|  19|           1|          17|
    |temp_0_3_V_5_fu_2590_p3         |  select  |      0|  0|  20|           1|          20|
    |temp_0_3_V_6_fu_1338_p3         |  select  |      0|  0|  20|           1|          20|
    |temp_1_0_V_4_cast_fu_1767_p3    |  select  |      0|  0|  19|           1|          17|
    |temp_1_0_V_5_fu_1781_p3         |  select  |      0|  0|  20|           1|          20|
    |temp_1_1_V_4_cast_fu_2067_p3    |  select  |      0|  0|  19|           1|          17|
    |temp_1_1_V_5_fu_2081_p3         |  select  |      0|  0|  20|           1|          20|
    |temp_1_2_V_4_cast_fu_2365_p3    |  select  |      0|  0|  19|           1|          17|
    |temp_1_2_V_5_fu_2379_p3         |  select  |      0|  0|  20|           1|          20|
    |temp_1_3_V_4_cast_fu_2629_p3    |  select  |      0|  0|  19|           1|          17|
    |temp_1_3_V_5_fu_2643_p3         |  select  |      0|  0|  20|           1|          20|
    |temp_1_3_V_6_fu_1390_p3         |  select  |      0|  0|  20|           1|          20|
    |temp_2_0_V_4_cast_fu_1859_p3    |  select  |      0|  0|  19|           1|          17|
    |temp_2_0_V_5_fu_1873_p3         |  select  |      0|  0|  20|           1|          20|
    |temp_2_1_V_4_cast_fu_2172_p3    |  select  |      0|  0|  19|           1|          17|
    |temp_2_1_V_5_fu_2186_p3         |  select  |      0|  0|  20|           1|          20|
    |temp_2_2_V_4_cast_fu_2444_p3    |  select  |      0|  0|  19|           1|          17|
    |temp_2_2_V_5_fu_2458_p3         |  select  |      0|  0|  20|           1|          20|
    |temp_2_3_V_4_cast_fu_2708_p3    |  select  |      0|  0|  19|           1|          17|
    |temp_2_3_V_5_fu_2722_p3         |  select  |      0|  0|  20|           1|          20|
    |temp_2_3_V_6_fu_1442_p3         |  select  |      0|  0|  20|           1|          20|
    |temp_3_0_V_4_cast_fu_1912_p3    |  select  |      0|  0|  19|           1|          17|
    |temp_3_0_V_5_fu_1926_p3         |  select  |      0|  0|  20|           1|          20|
    |temp_3_1_V_4_cast_fu_2225_p3    |  select  |      0|  0|  19|           1|          17|
    |temp_3_1_V_5_fu_2239_p3         |  select  |      0|  0|  20|           1|          20|
    |temp_3_2_V_4_cast_fu_2497_p3    |  select  |      0|  0|  19|           1|          17|
    |temp_3_2_V_5_fu_2511_p3         |  select  |      0|  0|  20|           1|          20|
    |temp_3_3_V_11_fu_1376_p3        |  select  |      0|  0|  20|           1|          20|
    |temp_3_3_V_12_fu_1405_p3        |  select  |      0|  0|  20|           1|          20|
    |temp_3_3_V_14_fu_1413_p3        |  select  |      0|  0|  20|           1|          20|
    |temp_3_3_V_15_fu_1420_p3        |  select  |      0|  0|  20|           1|          20|
    |temp_3_3_V_17_fu_1428_p3        |  select  |      0|  0|  20|           1|          20|
    |temp_3_3_V_18_fu_1457_p3        |  select  |      0|  0|  20|           1|          20|
    |temp_3_3_V_20_fu_1465_p3        |  select  |      0|  0|  20|           1|          20|
    |temp_3_3_V_21_fu_1472_p3        |  select  |      0|  0|  20|           1|          20|
    |temp_3_3_V_23_fu_1480_p3        |  select  |      0|  0|  20|           1|          20|
    |temp_3_3_V_24_fu_1494_p3        |  select  |      0|  0|  20|           1|          20|
    |temp_3_3_V_25_fu_1509_p3        |  select  |      0|  0|  20|           1|          20|
    |temp_3_3_V_27_fu_1517_p3        |  select  |      0|  0|  20|           1|          20|
    |temp_3_3_V_28_fu_1524_p3        |  select  |      0|  0|  20|           1|          20|
    |temp_3_3_V_29_fu_1532_p3        |  select  |      0|  0|  20|           1|          20|
    |temp_3_3_V_4_cast_fu_2761_p3    |  select  |      0|  0|  19|           1|          17|
    |temp_3_3_V_5_fu_2775_p3         |  select  |      0|  0|  20|           1|          20|
    |temp_3_3_V_6_fu_1353_p3         |  select  |      0|  0|  20|           1|          20|
    |temp_3_3_V_8_fu_1361_p3         |  select  |      0|  0|  20|           1|          20|
    |temp_3_3_V_9_fu_1368_p3         |  select  |      0|  0|  20|           1|          20|
    |ap_enable_pp1                   |    xor   |      0|  0|   2|           1|           2|
    |ap_enable_pp2                   |    xor   |      0|  0|   2|           1|           2|
    |ap_enable_reg_pp1_iter1         |    xor   |      0|  0|   2|           1|           2|
    |ap_enable_reg_pp2_iter1         |    xor   |      0|  0|   2|           1|           2|
    +--------------------------------+----------+-------+---+----+------------+------------+
    |Total                           |          |      0|  0|2813|        1343|        2367|
    +--------------------------------+----------+-------+---+----+------------+------------+

    * Multiplexer: 
    +-------------------------+----+-----------+-----+-----------+
    |           Name          | LUT| Input Size| Bits| Total Bits|
    +-------------------------+----+-----------+-----+-----------+
    |ap_NS_fsm                |  97|         20|    1|         20|
    |ap_enable_reg_pp1_iter1  |  15|          3|    1|          3|
    |ap_enable_reg_pp2_iter1  |   9|          2|    1|          2|
    |ap_enable_reg_pp2_iter9  |   9|          2|    1|          2|
    |kernel_V_address0        |  44|          9|   13|        117|
    |kernel_V_address1        |  44|          9|   13|        117|
    |out_V_address0           |  27|          5|    9|         45|
    |out_V_d0                 |  27|          5|   17|         85|
    |p_5_reg_759              |   9|          2|    3|          6|
    |p_6_phi_fu_894_p4        |   9|          2|    4|          8|
    |p_6_reg_890              |   9|          2|    4|          8|
    |p_7_phi_fu_978_p4        |   9|          2|    3|          6|
    |p_7_reg_974              |   9|          2|    3|          6|
    |p_s_reg_571              |   9|          2|    6|         12|
    |temp_0_0_V_s_reg_878     |   9|          2|   20|         40|
    |temp_0_1_V_3_reg_866     |   9|          2|   20|         40|
    |temp_0_2_V_1_reg_726     |   9|          2|   20|         40|
    |temp_0_2_V_3_reg_854     |   9|          2|   20|         40|
    |temp_0_3_V_1_reg_715     |   9|          2|   20|         40|
    |temp_0_3_V_3_reg_938     |   9|          2|   20|         40|
    |temp_1_0_V_3_reg_842     |   9|          2|   20|         40|
    |temp_1_1_V_3_reg_830     |   9|          2|   20|         40|
    |temp_1_2_V_1_reg_682     |   9|          2|   20|         40|
    |temp_1_2_V_3_reg_818     |   9|          2|   20|         40|
    |temp_1_3_V_1_reg_671     |   9|          2|   20|         40|
    |temp_1_3_V_3_reg_926     |   9|          2|   20|         40|
    |temp_2_0_V_3_reg_806     |   9|          2|   20|         40|
    |temp_2_1_V_3_reg_794     |   9|          2|   20|         40|
    |temp_2_2_V_1_reg_638     |   9|          2|   20|         40|
    |temp_2_2_V_3_reg_914     |   9|          2|   20|         40|
    |temp_2_3_V_1_reg_627     |   9|          2|   20|         40|
    |temp_2_3_V_3_reg_962     |   9|          2|   20|         40|
    |temp_3_0_V_3_reg_782     |   9|          2|   20|         40|
    |temp_3_1_V_3_reg_770     |   9|          2|   20|         40|
    |temp_3_2_V_1_reg_594     |   9|          2|   20|         40|
    |temp_3_2_V_3_reg_902     |   9|          2|   20|         40|
    |temp_3_3_V_10_reg_748    |   9|          2|   20|         40|
    |temp_3_3_V_13_reg_693    |   9|          2|   20|         40|
    |temp_3_3_V_16_reg_704    |   9|          2|   20|         40|
    |temp_3_3_V_19_reg_649    |   9|          2|   20|         40|
    |temp_3_3_V_1_reg_583     |   9|          2|   20|         40|
    |temp_3_3_V_22_reg_660    |   9|          2|   20|         40|
    |temp_3_3_V_26_reg_605    |   9|          2|   20|         40|
    |temp_3_3_V_3_reg_950     |   9|          2|   20|         40|
    |temp_3_3_V_4_reg_616     |   9|          2|   20|         40|
    |temp_3_3_V_7_reg_737     |   9|          2|   20|         40|
    +-------------------------+----+-----------+-----+-----------+
    |Total                    | 614|        131|  719|       1717|
    +-------------------------+----+-----------+-----+-----------+

    * Register: 
    +----------------------------------+----+----+-----+-----------+
    |               Name               | FF | LUT| Bits| Const Bits|
    +----------------------------------+----+----+-----+-----------+
    |agg_result_V_i100_reg_3831        |  17|   0|   17|          0|
    |agg_result_V_i101_reg_3836        |  17|   0|   17|          0|
    |agg_result_V_i83_reg_3497         |  18|   0|   18|          0|
    |agg_result_V_i84_reg_3532         |  18|   0|   18|          0|
    |agg_result_V_i85_reg_3537         |  18|   0|   18|          0|
    |agg_result_V_i86_reg_3562         |  18|   0|   18|          0|
    |agg_result_V_i87_reg_3567         |  18|   0|   18|          0|
    |agg_result_V_i88_reg_3598         |  18|   0|   18|          0|
    |agg_result_V_i89_reg_3603         |  18|   0|   18|          0|
    |agg_result_V_i90_reg_3638         |  18|   0|   18|          0|
    |agg_result_V_i91_reg_3643         |  18|   0|   18|          0|
    |agg_result_V_i92_reg_3668         |  18|   0|   18|          0|
    |agg_result_V_i93_reg_3673         |  18|   0|   18|          0|
    |agg_result_V_i94_reg_3688         |  18|   0|   18|          0|
    |agg_result_V_i95_reg_3693         |  18|   0|   18|          0|
    |agg_result_V_i96_reg_3811         |  17|   0|   17|          0|
    |agg_result_V_i97_reg_3708         |  18|   0|   18|          0|
    |agg_result_V_i98_reg_3821         |  17|   0|   17|          0|
    |agg_result_V_i99_reg_3713         |  18|   0|   18|          0|
    |agg_result_V_i_reg_3492           |  18|   0|   18|          0|
    |ap_CS_fsm                         |  19|   0|   19|          0|
    |ap_enable_reg_pp1_iter0           |   1|   0|    1|          0|
    |ap_enable_reg_pp1_iter1           |   1|   0|    1|          0|
    |ap_enable_reg_pp2_iter0           |   1|   0|    1|          0|
    |ap_enable_reg_pp2_iter1           |   1|   0|    1|          0|
    |ap_enable_reg_pp2_iter2           |   1|   0|    1|          0|
    |ap_enable_reg_pp2_iter3           |   1|   0|    1|          0|
    |ap_enable_reg_pp2_iter4           |   1|   0|    1|          0|
    |ap_enable_reg_pp2_iter5           |   1|   0|    1|          0|
    |ap_enable_reg_pp2_iter6           |   1|   0|    1|          0|
    |ap_enable_reg_pp2_iter7           |   1|   0|    1|          0|
    |ap_enable_reg_pp2_iter8           |   1|   0|    1|          0|
    |ap_enable_reg_pp2_iter9           |   1|   0|    1|          0|
    |ap_reg_pp1_iter1_tmp_26_reg_3419  |   1|   0|    1|          0|
    |ic_V_reg_3502                     |   4|   0|    4|          0|
    |mean_V_addr_reg_3728              |   5|   0|    5|          0|
    |oc_V_reg_3209                     |   6|   0|    6|          0|
    |oh_V_reg_3742                     |   3|   0|    3|          0|
    |op_V_read_assign_11_reg_3768      |  18|   0|   18|          0|
    |op_V_read_assign_12_reg_3773      |  18|   0|   18|          0|
    |op_V_read_assign_13_reg_3778      |  18|   0|   18|          0|
    |op_V_read_assign_s_reg_3763       |  18|   0|   18|          0|
    |p_5_reg_759                       |   3|   0|    3|          0|
    |p_6_reg_890                       |   4|   0|    4|          0|
    |p_7_reg_974                       |   3|   0|    3|          0|
    |p_s_reg_571                       |   6|   0|    6|          0|
    |reg_986                           |  18|   0|   18|          0|
    |reg_990                           |  18|   0|   18|          0|
    |std_V_addr_reg_3733               |   5|   0|    5|          0|
    |temp_0_0_V_5_reg_3522             |  20|   0|   20|          0|
    |temp_0_0_V_reg_559                |  20|   0|   20|          0|
    |temp_0_0_V_s_reg_878              |  20|   0|   20|          0|
    |temp_0_1_V_3_reg_866              |  20|   0|   20|          0|
    |temp_0_1_V_5_reg_3588             |  20|   0|   20|          0|
    |temp_0_1_V_reg_547                |  20|   0|   20|          0|
    |temp_0_2_V_1_reg_726              |  20|   0|   20|          0|
    |temp_0_2_V_3_reg_854              |  20|   0|   20|          0|
    |temp_0_2_V_5_reg_3658             |  20|   0|   20|          0|
    |temp_0_2_V_reg_535                |  20|   0|   20|          0|
    |temp_0_3_V_1_reg_715              |  20|   0|   20|          0|
    |temp_0_3_V_3_reg_938              |  20|   0|   20|          0|
    |temp_0_3_V_5_reg_3698             |  20|   0|   20|          0|
    |temp_0_3_V_7_reg_3311             |  20|   0|   20|          0|
    |temp_0_3_V_reg_523                |  20|   0|   20|          0|
    |temp_1_0_V_3_reg_842              |  20|   0|   20|          0|
    |temp_1_0_V_5_reg_3527             |  20|   0|   20|          0|
    |temp_1_0_V_reg_511                |  20|   0|   20|          0|
    |temp_1_1_V_3_reg_830              |  20|   0|   20|          0|
    |temp_1_1_V_5_reg_3593             |  20|   0|   20|          0|
    |temp_1_1_V_reg_499                |  20|   0|   20|          0|
    |temp_1_2_V_1_reg_682              |  20|   0|   20|          0|
    |temp_1_2_V_3_reg_818              |  20|   0|   20|          0|
    |temp_1_2_V_5_reg_3663             |  20|   0|   20|          0|
    |temp_1_2_V_reg_487                |  20|   0|   20|          0|
    |temp_1_3_V_1_reg_671              |  20|   0|   20|          0|
    |temp_1_3_V_3_reg_926              |  20|   0|   20|          0|
    |temp_1_3_V_5_reg_3703             |  20|   0|   20|          0|
    |temp_1_3_V_reg_475                |  20|   0|   20|          0|
    |temp_2_0_V_3_reg_806              |  20|   0|   20|          0|
    |temp_2_0_V_5_reg_3552             |  20|   0|   20|          0|
    |temp_2_0_V_reg_463                |  20|   0|   20|          0|
    |temp_2_1_V_3_reg_794              |  20|   0|   20|          0|
    |temp_2_1_V_5_reg_3628             |  20|   0|   20|          0|
    |temp_2_1_V_reg_451                |  20|   0|   20|          0|
    |temp_2_2_V_1_reg_638              |  20|   0|   20|          0|
    |temp_2_2_V_3_reg_914              |  20|   0|   20|          0|
    |temp_2_2_V_5_reg_3678             |  20|   0|   20|          0|
    |temp_2_2_V_reg_439                |  20|   0|   20|          0|
    |temp_2_3_V_1_reg_627              |  20|   0|   20|          0|
    |temp_2_3_V_3_reg_962              |  20|   0|   20|          0|
    |temp_2_3_V_reg_427                |  20|   0|   20|          0|
    |temp_3_0_V_3_reg_782              |  20|   0|   20|          0|
    |temp_3_0_V_5_reg_3557             |  20|   0|   20|          0|
    |temp_3_0_V_reg_415                |  20|   0|   20|          0|
    |temp_3_1_V_3_reg_770              |  20|   0|   20|          0|
    |temp_3_1_V_5_reg_3633             |  20|   0|   20|          0|
    |temp_3_1_V_reg_403                |  20|   0|   20|          0|
    |temp_3_2_V_1_reg_594              |  20|   0|   20|          0|
    |temp_3_2_V_3_reg_902              |  20|   0|   20|          0|
    |temp_3_2_V_5_reg_3683             |  20|   0|   20|          0|
    |temp_3_2_V_reg_391                |  20|   0|   20|          0|
    |temp_3_3_V_10_reg_748             |  20|   0|   20|          0|
    |temp_3_3_V_13_reg_693             |  20|   0|   20|          0|
    |temp_3_3_V_16_reg_704             |  20|   0|   20|          0|
    |temp_3_3_V_19_reg_649             |  20|   0|   20|          0|
    |temp_3_3_V_1_reg_583              |  20|   0|   20|          0|
    |temp_3_3_V_22_reg_660             |  20|   0|   20|          0|
    |temp_3_3_V_26_reg_605             |  20|   0|   20|          0|
    |temp_3_3_V_3_reg_950              |  20|   0|   20|          0|
    |temp_3_3_V_4_reg_616              |  20|   0|   20|          0|
    |temp_3_3_V_7_reg_737              |  20|   0|   20|          0|
    |temp_3_3_V_reg_379                |  20|   0|   20|          0|
    |tmp_26_reg_3419                   |   1|   0|    1|          0|
    |tmp_28_cast1_reg_3572             |   4|   0|   13|          9|
    |tmp_28_cast2_reg_3458             |   4|   0|   12|          8|
    |tmp_28_cast4_reg_3433             |   4|   0|   14|         10|
    |tmp_29_reg_3738                   |   1|   0|    1|          0|
    |tmp_364_reg_3231                  |   9|   0|   10|          1|
    |tmp_365_reg_3236                  |   9|   0|   10|          1|
    |tmp_366_reg_3241                  |  13|   0|   14|          1|
    |tmp_367_reg_3246                  |  10|   0|   11|          1|
    |tmp_368_reg_3251                  |  13|   0|   14|          1|
    |tmp_369_reg_3256                  |  11|   0|   12|          1|
    |tmp_370_reg_3261                  |  13|   0|   14|          1|
    |tmp_371_reg_3266                  |  11|   0|   12|          1|
    |tmp_372_reg_3271                  |  13|   0|   14|          1|
    |tmp_373_reg_3276                  |  11|   0|   12|          1|
    |tmp_374_reg_3281                  |  13|   0|   14|          1|
    |tmp_375_reg_3286                  |  12|   0|   13|          1|
    |tmp_376_reg_3291                  |  13|   0|   14|          1|
    |tmp_377_reg_3296                  |  12|   0|   13|          1|
    |tmp_378_reg_3301                  |  13|   0|   14|          1|
    |tmp_379_reg_3306                  |  12|   0|   13|          1|
    |tmp_389_reg_3517                  |  12|   0|   12|          0|
    |tmp_394_reg_3618                  |  14|   0|   14|          0|
    |tmp_395_reg_3623                  |  13|   0|   13|          0|
    |tmp_396_reg_3826                  |   3|   0|   10|          7|
    |tmp_397_reg_3816                  |   9|   0|   10|          1|
    |tmp_424_reg_3747                  |   2|   0|    2|          0|
    |tmp_425_reg_3753                  |  18|   0|   18|          0|
    |tmp_428_reg_3758                  |  18|   0|   18|          0|
    |tmp_cast_reg_3225                 |   6|   0|   11|          5|
    |tmp_i_reg_3474                    |  36|   0|   36|          0|
    |tmp_reg_3214                      |   6|   0|   32|         26|
    |tmp_tr_i_cast_reg_3788            |  30|   0|   30|          0|
    |p_7_reg_974                       |  64|  32|    3|          0|
    |tmp_29_reg_3738                   |  64|  32|    1|          0|
    +----------------------------------+----+----+-----+-----------+
    |Total                             |2292|  64| 2250|         82|
    +----------------------------------+----+----+-----+-----------+



================================================================
== Interface
================================================================
* Summary: 
+-------------------+-----+-----+------------+--------------+--------------+
|     RTL Ports     | Dir | Bits|  Protocol  | Source Object|    C Type    |
+-------------------+-----+-----+------------+--------------+--------------+
|ap_clk             |  in |    1| ap_ctrl_hs |    deconv1   | return value |
|ap_rst             |  in |    1| ap_ctrl_hs |    deconv1   | return value |
|ap_start           |  in |    1| ap_ctrl_hs |    deconv1   | return value |
|ap_done            | out |    1| ap_ctrl_hs |    deconv1   | return value |
|ap_idle            | out |    1| ap_ctrl_hs |    deconv1   | return value |
|ap_ready           | out |    1| ap_ctrl_hs |    deconv1   | return value |
|in_V_address0      | out |    4|  ap_memory |     in_V     |     array    |
|in_V_ce0           | out |    1|  ap_memory |     in_V     |     array    |
|in_V_q0            |  in |   18|  ap_memory |     in_V     |     array    |
|out_V_address0     | out |    9|  ap_memory |     out_V    |     array    |
|out_V_ce0          | out |    1|  ap_memory |     out_V    |     array    |
|out_V_we0          | out |    1|  ap_memory |     out_V    |     array    |
|out_V_d0           | out |   17|  ap_memory |     out_V    |     array    |
|kernel_V_address0  | out |   13|  ap_memory |   kernel_V   |     array    |
|kernel_V_ce0       | out |    1|  ap_memory |   kernel_V   |     array    |
|kernel_V_q0        |  in |   18|  ap_memory |   kernel_V   |     array    |
|kernel_V_address1  | out |   13|  ap_memory |   kernel_V   |     array    |
|kernel_V_ce1       | out |    1|  ap_memory |   kernel_V   |     array    |
|kernel_V_q1        |  in |   18|  ap_memory |   kernel_V   |     array    |
|bias_V_address0    | out |    5|  ap_memory |    bias_V    |     array    |
|bias_V_ce0         | out |    1|  ap_memory |    bias_V    |     array    |
|bias_V_q0          |  in |   18|  ap_memory |    bias_V    |     array    |
|mean_V_address0    | out |    5|  ap_memory |    mean_V    |     array    |
|mean_V_ce0         | out |    1|  ap_memory |    mean_V    |     array    |
|mean_V_q0          |  in |   18|  ap_memory |    mean_V    |     array    |
|std_V_address0     | out |    5|  ap_memory |     std_V    |     array    |
|std_V_ce0          | out |    1|  ap_memory |     std_V    |     array    |
|std_V_q0           |  in |   18|  ap_memory |     std_V    |     array    |
+-------------------+-----+-----+------------+--------------+--------------+

