INFO: [HLS 200-0] Workspace C:/Users/Jack/workspace/deconvo-algo/solution1 opened at Mon Aug 27 22:16:21 -0700 2018
INFO: [HLS 200-100] Execute     config_clock -quiet -name default -period 10 -default=false 
INFO: [SYN 201-201] Setting up clock 'default' with a period of 10ns.
INFO: [HLS 200-100] Command     config_clock returned 0; 0 sec.
INFO: [HLS 200-100] Execute     open_platform DefaultPlatform 
INFO: [HLS 200-100] Command     open_platform returned 0; 0 sec.
INFO: [HLS 200-100] Execute     import_lib C:/Xilinx/SDx/2017.1/Vivado_HLS/common/technology/xilinx/zynq/zynq 
INFO: [HLS 200-100] Execute       source C:/Xilinx/SDx/2017.1/Vivado_HLS/common/technology/xilinx/common/xilinx.lib 
INFO: [HLS 200-100] Execute         source C:/Xilinx/SDx/2017.1/Vivado_HLS/common/technology/xilinx/interface/xilinx_interface.lib 
INFO: [HLS 200-100] Execute           source C:/Xilinx/SDx/2017.1/Vivado_HLS/common/technology/xilinx/interface/plb46.lib 
INFO: [HLS 200-100] Command           ap_source returned 0; 0 sec.
INFO: [HLS 200-100] Execute           source C:/Xilinx/SDx/2017.1/Vivado_HLS/common/technology/xilinx/interface/fsl.lib 
INFO: [HLS 200-100] Command           ap_source returned 0; 0.001 sec.
INFO: [HLS 200-100] Execute           source C:/Xilinx/SDx/2017.1/Vivado_HLS/common/technology/xilinx/interface/axi4.lib 
INFO: [HLS 200-100] Command           ap_source returned 0; 0 sec.
INFO: [HLS 200-100] Execute           source C:/Xilinx/SDx/2017.1/Vivado_HLS/common/technology/xilinx/interface/maxi.lib 
INFO: [HLS 200-100] Command           ap_source returned 0; 0.001 sec.
INFO: [HLS 200-100] Execute           source C:/Xilinx/SDx/2017.1/Vivado_HLS/common/technology/xilinx/interface/saxilite.lib 
INFO: [HLS 200-100] Command           ap_source returned 0; 0 sec.
INFO: [HLS 200-100] Command         ap_source returned 0; 0.003 sec.
INFO: [HLS 200-100] Execute         source C:/Xilinx/SDx/2017.1/Vivado_HLS/common/technology/xilinx/common/dsp48.lib 
INFO: [HLS 200-100] Command         ap_source returned 0; 0 sec.
INFO: [HLS 200-100] Execute         source C:/Xilinx/SDx/2017.1/Vivado_HLS/common/technology/xilinx/ip/dds_compiler.lib 
INFO: [HLS 200-100] Command         ap_source returned 0; 0 sec.
INFO: [HLS 200-100] Execute         source C:/Xilinx/SDx/2017.1/Vivado_HLS/common/technology/xilinx/ip/xfft.lib 
INFO: [HLS 200-100] Command         ap_source returned 0; 0.001 sec.
INFO: [HLS 200-100] Execute         source C:/Xilinx/SDx/2017.1/Vivado_HLS/common/technology/xilinx/ip/xfir.lib 
INFO: [HLS 200-100] Command         ap_source returned 0; 0 sec.
INFO: [HLS 200-100] Command       ap_source returned 0; 0.008 sec.
INFO: [HLS 200-100] Execute       source C:/Xilinx/SDx/2017.1/Vivado_HLS/common/technology/xilinx/common/xilinx_old.lib 
INFO: [HLS 200-100] Command       ap_source returned 0; 0.002 sec.
INFO: [HLS 200-100] Execute       source C:/Xilinx/SDx/2017.1/Vivado_HLS/common/technology/xilinx/common/xilinx_vivado.lib 
INFO: [HLS 200-100] Command       ap_source returned 0; 0.002 sec.
INFO: [HLS 200-100] Execute       source C:/Xilinx/SDx/2017.1/Vivado_HLS/common/technology/xilinx/common/xilinx.hlp 
INFO: [HLS 200-100] Execute         source C:/Xilinx/SDx/2017.1/Vivado_HLS/common/technology/xilinx/common/target_info.tcl 
INFO: [HLS 200-100] Command         ap_source returned 0; 0.001 sec.
INFO: [HLS 200-100] Execute         source C:/Xilinx/SDx/2017.1/Vivado_HLS/common/technology/xilinx/interface/xilinx_interface.hlp 
INFO: [HLS 200-100] Execute           source C:/Xilinx/SDx/2017.1/Vivado_HLS/common/technology/xilinx/interface/maxi.hlp 
INFO: [HLS 200-100] Command           ap_source returned 0; 0 sec.
INFO: [HLS 200-100] Execute           source C:/Xilinx/SDx/2017.1/Vivado_HLS/common/technology/xilinx/interface/saxilite.hlp 
INFO: [HLS 200-100] Command           ap_source returned 0; 0 sec.
INFO: [HLS 200-100] Command         ap_source returned 0; 0.001 sec.
INFO: [HLS 200-100] Execute         source C:/Xilinx/SDx/2017.1/Vivado_HLS/common/technology/xilinx/common/dsp48.hlp 
INFO: [HLS 200-100] Command         ap_source returned 0; 0.001 sec.
INFO: [HLS 200-100] Command       ap_source returned 0; 0.006 sec.
INFO: [HLS 200-100] Execute       source C:/Xilinx/SDx/2017.1/Vivado_HLS/common/technology/xilinx/zynq/dsp48e1.hlp 
INFO: [HLS 200-100] Command       ap_source returned 0; 0 sec.
INFO: [HLS 200-100] Execute       get_default_platform 
INFO: [HLS 200-100] Command       get_default_platform returned 0; 0 sec.
INFO: [HLS 200-100] Execute       config_chip_info -quiet -resource  {SLICE 13300}  {LUT 53200}     {FF 106400} {DSP48E 220}   {BRAM 280}  
INFO: [HLS 200-100] Command       config_chip_info returned 0; 0 sec.
INFO: [HLS 200-100] Execute       config_chip_info -quiet -speed medium 
INFO: [HLS 200-100] Command       config_chip_info returned 0; 0 sec.
INFO: [HLS 200-100] Execute       source C:/Xilinx/SDx/2017.1/Vivado_HLS/common/technology/xilinx/common/xilinx.hlp 
INFO: [HLS 200-100] Execute         source C:/Xilinx/SDx/2017.1/Vivado_HLS/common/technology/xilinx/common/target_info.tcl 
INFO: [HLS 200-100] Command         ap_source returned 0; 0.002 sec.
INFO: [HLS 200-100] Execute         source C:/Xilinx/SDx/2017.1/Vivado_HLS/common/technology/xilinx/interface/xilinx_interface.hlp 
INFO: [HLS 200-100] Execute           source C:/Xilinx/SDx/2017.1/Vivado_HLS/common/technology/xilinx/interface/maxi.hlp 
INFO: [HLS 200-100] Command           ap_source returned 0; 0 sec.
INFO: [HLS 200-100] Execute           source C:/Xilinx/SDx/2017.1/Vivado_HLS/common/technology/xilinx/interface/saxilite.hlp 
INFO: [HLS 200-100] Command           ap_source returned 0; 0 sec.
INFO: [HLS 200-100] Command         ap_source returned 0; 0 sec.
INFO: [HLS 200-100] Execute         source C:/Xilinx/SDx/2017.1/Vivado_HLS/common/technology/xilinx/common/dsp48.hlp 
INFO: [HLS 200-100] Command         ap_source returned 0; 0.001 sec.
INFO: [HLS 200-100] Command       ap_source returned 0; 0.007 sec.
INFO: [HLS 200-100] Command     import_lib returned 0; 0.033 sec.
INFO: [HLS 200-100] Execute     source C:/Xilinx/SDx/2017.1/Vivado_HLS/common/technology/xilinx/zynq/zynq.gen 
INFO: [HLS 200-100] Execute       source C:/Xilinx/SDx/2017.1/Vivado_HLS/common/technology/xilinx/common/virtex.gen 
INFO: [HLS 200-100] Execute         source C:/Xilinx/SDx/2017.1/Vivado_HLS/common/technology/xilinx/common/xilinx.gen 
INFO: [HLS 200-100] Execute           source C:/Xilinx/SDx/2017.1/Vivado_HLS/common/technology/xilinx/interface/plb46.gen 
INFO: [HLS 200-100] Command           ap_source returned 0; 0.002 sec.
INFO: [HLS 200-100] Execute           source C:/Xilinx/SDx/2017.1/Vivado_HLS/common/technology/xilinx/interface/fsl.gen 
INFO: [HLS 200-100] Command           ap_source returned 0; 0.001 sec.
INFO: [HLS 200-100] Execute           source C:/Xilinx/SDx/2017.1/Vivado_HLS/common/technology/xilinx/interface/axi4.gen 
INFO: [HLS 200-100] Command           ap_source returned 0; 0.004 sec.
INFO: [HLS 200-100] Execute           source C:/Xilinx/SDx/2017.1/Vivado_HLS/common/technology/xilinx/interface/nativeAXI4.gen 
INFO: [HLS 200-100] Execute             source C:/Xilinx/SDx/2017.1/Vivado_HLS/common/technology/xilinx/interface/saxilite.gen 
INFO: [HLS 200-100] Command             ap_source returned 0; 0.005 sec.
INFO: [HLS 200-100] Execute             source C:/Xilinx/SDx/2017.1/Vivado_HLS/common/technology/xilinx/interface/maxi.gen 
INFO: [HLS 200-100] Command             ap_source returned 0; 0.011 sec.
INFO: [HLS 200-100] Command           ap_source returned 0; 0.017 sec.
INFO: [HLS 200-100] Execute           source C:/Xilinx/SDx/2017.1/Vivado_HLS/common/technology/xilinx/scripts/xilinxcoregen.gen 
INFO: [HLS 200-100] Command           ap_source returned 0; 0.014 sec.
INFO: [HLS 200-100] Execute           source C:/Xilinx/SDx/2017.1/Vivado_HLS/common/technology/xilinx/interface/XilEDKCoreGen.gen 
INFO: [HLS 200-100] Command           ap_source returned 0; 0.01 sec.
INFO: [HLS 200-100] Execute           source C:/Xilinx/SDx/2017.1/Vivado_HLS/common/technology/xilinx/ip/dds_compiler.gen 
INFO: [HLS 200-100] Command           ap_source returned 0; 0.004 sec.
INFO: [HLS 200-100] Execute           source C:/Xilinx/SDx/2017.1/Vivado_HLS/common/technology/xilinx/ip/util.gen 
INFO: [HLS 200-100] Command           ap_source returned 0; 0.001 sec.
INFO: [HLS 200-100] Execute           source C:/Xilinx/SDx/2017.1/Vivado_HLS/common/technology/xilinx/ip/xfft.gen 
INFO: [HLS 200-100] Command           ap_source returned 0; 0.122 sec.
INFO: [HLS 200-100] Execute           source C:/Xilinx/SDx/2017.1/Vivado_HLS/common/technology/xilinx/ip/xfir.gen 
INFO: [HLS 200-100] Command           ap_source returned 0; 0.002 sec.
INFO: [HLS 200-100] Command         ap_source returned 0; 0.179 sec.
INFO: [HLS 200-100] Execute         source C:/Xilinx/SDx/2017.1/Vivado_HLS/common/technology/xilinx/common/dsp48.gen 
INFO: [HLS 200-100] Command         ap_source returned 0; 0.001 sec.
INFO: [HLS 200-100] Command       ap_source returned 0; 0.183 sec.
INFO: [HLS 200-100] Command     ap_source returned 0; 0.183 sec.
INFO: [HLS 200-100] Execute     open_platform DefaultPlatform 
INFO: [HLS 200-100] Command     open_platform returned 0; 0 sec.
INFO: [HLS 200-100] Execute     import_lib C:/Xilinx/SDx/2017.1/Vivado_HLS/common/technology/xilinx/zynq/zynq_fpv6 
INFO: [HLS 200-100] Execute       source C:/Xilinx/SDx/2017.1/Vivado_HLS/common/technology/xilinx/common/xilinx_fpv7.lib 
INFO: [HLS 200-100] Execute         source C:/Xilinx/SDx/2017.1/Vivado_HLS/common/technology/xilinx/common/xilinx_hp.lib 
INFO: [HLS 200-100] Command         ap_source returned 0; 0.001 sec.
INFO: [HLS 200-100] Command       ap_source returned 0; 0.006 sec.
INFO: [HLS 200-100] Execute       source C:/Xilinx/SDx/2017.1/Vivado_HLS/common/technology/xilinx/common/xilinx_fpv.hlp 
INFO: [HLS 200-100] Execute         source C:/Xilinx/SDx/2017.1/Vivado_HLS/common/technology/xilinx/common/xilinx.hlp 
INFO: [HLS 200-100] Execute           source C:/Xilinx/SDx/2017.1/Vivado_HLS/common/technology/xilinx/common/target_info.tcl 
INFO: [HLS 200-100] Command           ap_source returned 0; 0.006 sec.
INFO: [HLS 200-100] Execute           source C:/Xilinx/SDx/2017.1/Vivado_HLS/common/technology/xilinx/interface/xilinx_interface.hlp 
INFO: [HLS 200-100] Execute             source C:/Xilinx/SDx/2017.1/Vivado_HLS/common/technology/xilinx/interface/maxi.hlp 
INFO: [HLS 200-100] Command             ap_source returned 0; 0 sec.
INFO: [HLS 200-100] Execute             source C:/Xilinx/SDx/2017.1/Vivado_HLS/common/technology/xilinx/interface/saxilite.hlp 
INFO: [HLS 200-100] Command             ap_source returned 0; 0 sec.
INFO: [HLS 200-100] Command           ap_source returned 0; 0.001 sec.
INFO: [HLS 200-100] Execute           source C:/Xilinx/SDx/2017.1/Vivado_HLS/common/technology/xilinx/common/dsp48.hlp 
INFO: [HLS 200-100] Command           ap_source returned 0; 0.001 sec.
INFO: [HLS 200-100] Command         ap_source returned 0; 0.011 sec.
INFO: [HLS 200-100] Command       ap_source returned 0; 0.012 sec.
INFO: [HLS 200-100] Execute       source C:/Xilinx/SDx/2017.1/Vivado_HLS/common/technology/xilinx/zynq/zynq_hp.hlp 
INFO: [HLS 200-100] Command       ap_source returned 0; 0.003 sec.
INFO: [HLS 200-100] Command     import_lib returned 0; 0.034 sec.
INFO: [HLS 200-100] Execute     source C:/Xilinx/SDx/2017.1/Vivado_HLS/common/technology/xilinx/zynq/zynq_fpv6.gen 
INFO: [HLS 200-100] Execute       source C:/Xilinx/SDx/2017.1/Vivado_HLS/common/technology/xilinx/common/xilinx_fpv6.gen 
INFO: [HLS 200-100] Command       ap_source returned 0; 0.002 sec.
INFO: [HLS 200-100] Command     ap_source returned 0; 0.003 sec.
INFO: [HLS 200-100] Execute     set_part xc7z020clg484-1 
INFO: [HLS 200-100] Execute       add_library xilinx/zynq/zynq:xc7z020:clg484:-1 
INFO: [HLS 200-100] Execute         get_default_platform 
INFO: [HLS 200-100] Command         get_default_platform returned 0; 0 sec.
INFO: [HLS 200-100] Execute         license_isbetapart xc7z020 
INFO: [HLS 200-100] Command         license_isbetapart returned 1; 0.019 sec.
INFO: [HLS 200-100] Execute         get_default_platform 
INFO: [HLS 200-100] Command         get_default_platform returned 0; 0 sec.
INFO: [HLS 200-100] Execute         config_chip_info -quiet -resource  {SLICE 13300}  {LUT 53200}     {FF 106400} {DSP48E 220}   {BRAM 280}  
INFO: [HLS 200-100] Command         config_chip_info returned 0; 0 sec.
INFO: [HLS 200-100] Execute         config_chip_info -quiet -speed slow 
INFO: [HLS 200-100] Command         config_chip_info returned 0; 0 sec.
INFO: [HLS 200-100] Command       add_library returned 0; 0.028 sec.
INFO: [HLS 200-100] Execute       add_library xilinx/zynq/zynq_fpv6 
INFO: [HLS 200-100] Execute         get_default_platform 
INFO: [HLS 200-100] Command         get_default_platform returned 0; 0 sec.
INFO: [HLS 200-100] Command       add_library returned 0; 0.005 sec.
INFO: [HLS 200-10] Setting target device to 'xc7z020clg484-1'
INFO: [HLS 200-100] Execute       get_default_platform 
INFO: [HLS 200-100] Command       get_default_platform returned 0; 0 sec.
INFO: [HLS 200-100] Command     set_part returned 0; 0.099 sec.
INFO: [HLS 200-100] Execute     get_default_platform 
INFO: [HLS 200-100] Command     get_default_platform returned 0; 0 sec.
INFO: [HLS 200-100] Execute     config_chip_info -quiet -resource  {SLICE 13300}  {LUT 53200}     {FF 106400} {DSP48E 220}   {BRAM 280}  
INFO: [HLS 200-100] Command     config_chip_info returned 0; 0 sec.
INFO: [HLS 200-100] Execute     config_chip_info -quiet -speed slow 
INFO: [HLS 200-100] Command     config_chip_info returned 0; 0 sec.
INFO: [HLS 200-100] Command   open_solution returned 0; 0.384 sec.
INFO: [HLS 200-100] Execute   set_part xc7z020clg484-1 -tool vivado 
INFO: [HLS 200-100] Execute     add_library xilinx/zynq/zynq:xc7z020:clg484:-1 
INFO: [HLS 200-100] Execute       get_default_platform 
INFO: [HLS 200-100] Command       get_default_platform returned 0; 0 sec.
INFO: [HLS 200-100] Execute       license_isbetapart xc7z020 
INFO: [HLS 200-100] Command       license_isbetapart returned 1; 0 sec.
INFO: [HLS 200-100] Execute       get_default_platform 
INFO: [HLS 200-100] Command       get_default_platform returned 0; 0 sec.
INFO: [HLS 200-100] Execute       config_chip_info -quiet -resource  {SLICE 13300}  {LUT 53200}     {FF 106400} {DSP48E 220}   {BRAM 280}  
INFO: [HLS 200-100] Command       config_chip_info returned 0; 0 sec.
INFO: [HLS 200-100] Execute       config_chip_info -quiet -speed slow 
INFO: [HLS 200-100] Command       config_chip_info returned 0; 0 sec.
INFO: [HLS 200-100] Command     add_library returned 0; 0.012 sec.
INFO: [HLS 200-100] Execute     add_library xilinx/zynq/zynq_fpv6 
INFO: [HLS 200-100] Execute       get_default_platform 
INFO: [HLS 200-100] Command       get_default_platform returned 0; 0 sec.
INFO: [HLS 200-100] Command     add_library returned 0; 0.003 sec.
INFO: [HLS 200-100] Execute     get_default_platform 
INFO: [HLS 200-100] Command     get_default_platform returned 0; 0 sec.
INFO: [HLS 200-100] Command   set_part returned 0; 0.075 sec.
INFO: [HLS 200-100] Execute   create_clock -period 10 -name default 
INFO: [HLS 200-100] Command   create_clock returned 0; 0.008 sec.
INFO: [HLS 200-100] Execute   csynth_design 
INFO: [HLS 200-100] Execute     elaborate -effort=medium -skip_syncheck=0 -keep_printf=0 -lm=0 -skip_cdt=0 -skip_transform=0 -ng=0 -g=0 -opt_fp=0 -enable_clang39=0 
INFO: [HLS 200-10] Analyzing design file 'deconvo-algo/deconv-algo.cpp' ... 
INFO: [HLS 200-0] Compiling one TU...
INFO: [HLS 200-100] Execute       is_m_axi_addr64 
INFO: [HLS 200-100] Command       is_m_axi_addr64 returned 0; 0 sec.
INFO: [HLS 200-0] Handling deconvo-algo/deconv-algo.cpp as C++
INFO: [HLS 200-0] Syntax Checking before pre-processing...
INFO: [HLS 200-100] Execute       clang  -fno-limit-debug-info -gcc-toolchain "C:/Xilinx/SDx/2017.1/Vivado_HLS/msys" -hls    -fno-math-errno -c -emit-llvm -O0  -mllvm -disable-llvm-optzns -fno-threadsafe-statics  -fno-use-cxa-atexit  -fno-threadsafe-statics -fno-use-cxa-atexit -D__CLANG_3_1__ -D__cdecl=   -I "C:/Xilinx/SDx/2017.1/Vivado_HLS/win64/tools/systemc/include" -I "C:/Xilinx/SDx/2017.1/Vivado_HLS/include" -I "C:/Xilinx/SDx/2017.1/Vivado_HLS/include/ap_sysc" -fexceptions -I "C:/Xilinx/SDx/2017.1/Vivado_HLS/common/technology/autopilot" -include etc/autopilot_ssdm_op.h "deconvo-algo/deconv-algo.cpp"  -o "C:/Users/Jack/workspace/deconvo-algo/solution1/.autopilot/db/deconv-algo.pp.00.o" 
INFO: [HLS 200-0] exec clang -fno-limit-debug-info -gcc-toolchain C:/Xilinx/SDx/2017.1/Vivado_HLS/msys -hls -fno-math-errno -c -emit-llvm -O0 -mllvm -disable-llvm-optzns -fno-threadsafe-statics -fno-use-cxa-atexit -fno-threadsafe-statics -fno-use-cxa-atexit -D__CLANG_3_1__ -D__cdecl= -I C:/Xilinx/SDx/2017.1/Vivado_HLS/win64/tools/systemc/include -I C:/Xilinx/SDx/2017.1/Vivado_HLS/include -I C:/Xilinx/SDx/2017.1/Vivado_HLS/include/ap_sysc -fexceptions -I C:/Xilinx/SDx/2017.1/Vivado_HLS/common/technology/autopilot -include etc/autopilot_ssdm_op.h deconvo-algo/deconv-algo.cpp -o C:/Users/Jack/workspace/deconvo-algo/solution1/.autopilot/db/deconv-algo.pp.00.o
INFO: [HLS 200-100] Command       clang returned 0; 1.743 sec.
INFO: [HLS 200-100] Execute       is_encrypted C:/Users/Jack/workspace/deconvo-algo/solution1/.autopilot/db/deconv-algo.pp.00.o 
INFO: [HLS 200-100] Command       is_encrypted returned 0; 0 sec.
INFO: [HLS 200-0] Source preprocessing
INFO: [HLS 200-100] Execute       clang  -fno-limit-debug-info -gcc-toolchain "C:/Xilinx/SDx/2017.1/Vivado_HLS/msys" -hls -fno-exceptions  -D__llvm__  -CC -E "deconvo-algo/deconv-algo.cpp"     -fno-math-errno -c -emit-llvm -O0  -mllvm -disable-llvm-optzns -fno-threadsafe-statics  -fno-use-cxa-atexit  -fno-threadsafe-statics -fno-use-cxa-atexit -D__CLANG_3_1__ -D__cdecl= -DAESL_SYN -D__SYNTHESIS__ -D__HLS_SYN__ -I "C:/Xilinx/SDx/2017.1/Vivado_HLS/common/technology/autopilot" -I "C:/Xilinx/SDx/2017.1/Vivado_HLS/common/technology/autopilot/ap_sysc" -include etc/autopilot_ssdm_op.h  -o "C:/Users/Jack/workspace/deconvo-algo/solution1/.autopilot/db/deconv-algo.pp.0.cpp" 
INFO: [HLS 200-0] exec clang -fno-limit-debug-info -gcc-toolchain C:/Xilinx/SDx/2017.1/Vivado_HLS/msys -hls -fno-exceptions -D__llvm__ -CC -E deconvo-algo/deconv-algo.cpp -fno-math-errno -c -emit-llvm -O0 -mllvm -disable-llvm-optzns -fno-threadsafe-statics -fno-use-cxa-atexit -fno-threadsafe-statics -fno-use-cxa-atexit -D__CLANG_3_1__ -D__cdecl= -DAESL_SYN -D__SYNTHESIS__ -D__HLS_SYN__ -I C:/Xilinx/SDx/2017.1/Vivado_HLS/common/technology/autopilot -I C:/Xilinx/SDx/2017.1/Vivado_HLS/common/technology/autopilot/ap_sysc -include etc/autopilot_ssdm_op.h -o C:/Users/Jack/workspace/deconvo-algo/solution1/.autopilot/db/deconv-algo.pp.0.cpp
INFO: [HLS 200-100] Command       clang returned 0; 0.395 sec.
INFO: [HLS 200-0] GCC PP time: 0 seconds per iteration
INFO: [HLS 200-100] Execute       list_core -type functional_unit 
INFO: [HLS 200-100] Command       list_core returned 0; 0 sec.
INFO: [HLS 200-0] CDT Preprocessing...
INFO: [HLS 200-0] Marker-Pragma convertor: C:/Users/Jack/workspace/deconvo-algo/solution1/.autopilot/db/deconv-algo.pp.0.cpp C:/Users/Jack/workspace/deconvo-algo/solution1/.autopilot/db/deconv-algo.pp.0.cpp.ap-line.cpp C:/Users/Jack/workspace/deconvo-algo/solution1/.autopilot/db/deconv-algo.pp.0.cpp.ap-line.cpp.CXX 1
INFO: [HLS 200-0] Converting Markers to Pragmas...
INFO: [HLS 200-100] Execute       cdt  "C:/Users/Jack/workspace/deconvo-algo/solution1/.autopilot/db/deconv-algo.pp.0.cpp.ap-line.cpp"  -m "deconvolution" -o "C:/Users/Jack/workspace/deconvo-algo/solution1/.autopilot/db/deconv-algo.pp.0.cpp.ap-cdt.cpp" --pp --directive C:/Users/Jack/workspace/deconvo-algo/solution1/solution1.directive --source C:/Users/Jack/workspace/deconvo-algo/deconv-algo.cpp --error C:/Users/Jack/workspace/deconvo-algo/solution1/.autopilot/db --funcunit "AddSub AddSub_DSP AddSubnS DAddSub_fulldsp DAddSub_nodsp DDiv DExp_fulldsp DExp_meddsp DExp_nodsp DLog_fulldsp DLog_meddsp DLog_nodsp DMul_fulldsp DMul_maxdsp DMul_meddsp DMul_nodsp DRSqrt DRecip DSqrt DivnS FAddSub_fulldsp FAddSub_nodsp FDiv FExp_fulldsp FExp_meddsp FExp_nodsp FLog_fulldsp FLog_meddsp FLog_nodsp FMul_fulldsp FMul_maxdsp FMul_meddsp FMul_nodsp FRSqrt_fulldsp FRSqrt_nodsp FRecip_fulldsp FRecip_nodsp FSqrt HAddSub_fulldsp HAddSub_meddsp HAddSub_nodsp HDiv HMul_fulldsp HMul_maxdsp HMul_nodsp HSqrt Mul Mul2S Mul3S Mul4S Mul5S Mul6S Mul_LUT MulnS MuxnS" --ve --vetcl C:/Users/Jack/workspace/deconvo-algo/solution1/.autopilot/db --ca --es --gf --pd --p2d C:/Users/Jack/workspace/deconvo-algo/solution1/.autopilot/db --sd --scff C:/Users/Jack/workspace/deconvo-algo/solution1/.autopilot/db/.systemc_flag --ad 
INFO: [HLS 200-100] Command       cdt returned 0; 7.671 sec.
INFO: [HLS 200-0] Marker-Pragma convertor: C:/Users/Jack/workspace/deconvo-algo/solution1/.autopilot/db/deconv-algo.pp.0.cpp.ap-cdt.cpp C:/Users/Jack/workspace/deconvo-algo/solution1/.autopilot/db/deconv-algo.pragma.0.cpp C:/Users/Jack/workspace/deconvo-algo/solution1/.autopilot/db/deconv-algo.pragma.0.cpp.ap-line.CXX 0
INFO: [HLS 200-0] Converting Pragmas to Markers...
INFO: [HLS 200-100] Execute       source C:/Users/Jack/workspace/deconvo-algo/solution1/.autopilot/db/pragma.status.tcl 
INFO: [HLS 200-100] Command       ap_source returned 0; 0.001 sec.
INFO: [HLS 200-0] Pragma Handling...
INFO: [HLS 200-0] Source preprocessing
INFO: [HLS 200-100] Execute       clang  -fno-limit-debug-info -gcc-toolchain "C:/Xilinx/SDx/2017.1/Vivado_HLS/msys" -hls -fno-exceptions  -D__llvm__  -CC -E "C:/Users/Jack/workspace/deconvo-algo/solution1/.autopilot/db/deconv-algo.pragma.1.cpp"     -fno-math-errno -c -emit-llvm -O0  -mllvm -disable-llvm-optzns -fno-threadsafe-statics  -fno-use-cxa-atexit  -fno-threadsafe-statics -fno-use-cxa-atexit -D__CLANG_3_1__ -D__cdecl= -DAESL_SYN -D__SYNTHESIS__ -D__HLS_SYN__ -I "C:/Xilinx/SDx/2017.1/Vivado_HLS/common/technology/autopilot" -I "C:/Xilinx/SDx/2017.1/Vivado_HLS/common/technology/autopilot/ap_sysc" -include etc/autopilot_ssdm_op.h  -o "C:/Users/Jack/workspace/deconvo-algo/solution1/.autopilot/db/deconv-algo.pragma.2.cpp" 
INFO: [HLS 200-0] exec clang -fno-limit-debug-info -gcc-toolchain C:/Xilinx/SDx/2017.1/Vivado_HLS/msys -hls -fno-exceptions -D__llvm__ -CC -E C:/Users/Jack/workspace/deconvo-algo/solution1/.autopilot/db/deconv-algo.pragma.1.cpp -fno-math-errno -c -emit-llvm -O0 -mllvm -disable-llvm-optzns -fno-threadsafe-statics -fno-use-cxa-atexit -fno-threadsafe-statics -fno-use-cxa-atexit -D__CLANG_3_1__ -D__cdecl= -DAESL_SYN -D__SYNTHESIS__ -D__HLS_SYN__ -I C:/Xilinx/SDx/2017.1/Vivado_HLS/common/technology/autopilot -I C:/Xilinx/SDx/2017.1/Vivado_HLS/common/technology/autopilot/ap_sysc -include etc/autopilot_ssdm_op.h -o C:/Users/Jack/workspace/deconvo-algo/solution1/.autopilot/db/deconv-algo.pragma.2.cpp
INFO: [HLS 200-100] Command       clang returned 0; 0.303 sec.
INFO: [HLS 200-0] Processing labels
INFO: [HLS 200-100] Execute       clang  -fno-limit-debug-info -gcc-toolchain C:/Xilinx/SDx/2017.1/Vivado_HLS/msys -hls -hls-analyze-label -hls-analyze-pragma -fno-exceptions  -D__llvm__  -w  "C:/Users/Jack/workspace/deconvo-algo/solution1/.autopilot/db/deconv-algo.pragma.2.cpp"    -fno-math-errno -c -emit-llvm -O0  -mllvm -disable-llvm-optzns -fno-threadsafe-statics  -fno-use-cxa-atexit -DAESL_SYN -D__SYNTHESIS__ -D__HLS_SYN__ -I "C:/Xilinx/SDx/2017.1/Vivado_HLS/common/technology/autopilot" -I "C:/Xilinx/SDx/2017.1/Vivado_HLS/common/technology/autopilot/ap_sysc" -include etc/autopilot_ssdm_op.h -g -o "C:/Users/Jack/workspace/deconvo-algo/solution1/.autopilot/db/deconv-algo.g.bc" 
INFO: [HLS 200-0] exec clang -fno-limit-debug-info -gcc-toolchain C:/Xilinx/SDx/2017.1/Vivado_HLS/msys -hls -hls-analyze-label -hls-analyze-pragma -fno-exceptions -D__llvm__ -w C:/Users/Jack/workspace/deconvo-algo/solution1/.autopilot/db/deconv-algo.pragma.2.cpp -fno-math-errno -c -emit-llvm -O0 -mllvm -disable-llvm-optzns -fno-threadsafe-statics -fno-use-cxa-atexit -DAESL_SYN -D__SYNTHESIS__ -D__HLS_SYN__ -I C:/Xilinx/SDx/2017.1/Vivado_HLS/common/technology/autopilot -I C:/Xilinx/SDx/2017.1/Vivado_HLS/common/technology/autopilot/ap_sysc -include etc/autopilot_ssdm_op.h -g -o C:/Users/Jack/workspace/deconvo-algo/solution1/.autopilot/db/deconv-algo.g.bc
INFO: [HLS 200-100] Command       clang returned 0; 0.781 sec.
INFO: [HLS 200-100] Execute       source C:/Users/Jack/workspace/deconvo-algo/solution1/.autopilot/db/ve_warning.tcl 
INFO: [HLS 200-100] Command       ap_source returned 0; 0 sec.
INFO: [HLS 200-10] Validating synthesis directives ...
INFO: [HLS 200-100] Execute       source C:/Users/Jack/workspace/deconvo-algo/solution1/.autopilot/db/pragma.status.tcl 
INFO: [HLS 200-100] Command       ap_source returned 0; 0.001 sec.
INFO: [HLS 200-111] Finished Checking Pragmas Time (s): cpu = 00:00:02 ; elapsed = 00:00:14 . Memory (MB): peak = 96.008 ; gain = 46.391
INFO: [HLS 200-0] Linking Release ...
INFO: [HLS 200-100] Execute       llvm-ld C:/Users/Jack/workspace/deconvo-algo/solution1/.autopilot/db/deconv-algo.bc -disable-opt -LC:/Xilinx/SDx/2017.1/Vivado_HLS/win64/lib -lm_basic -o C:/Users/Jack/workspace/deconvo-algo/solution1/.autopilot/db/a.o 
INFO: [HLS 200-100] Command       llvm-ld returned 0; 0.534 sec.
INFO: [HLS 200-100] Execute       disassemble C:/Users/Jack/workspace/deconvo-algo/solution1/.autopilot/db/a.o C:/Users/Jack/workspace/deconvo-algo/solution1/.autopilot/db/a.o 
INFO: [HLS 200-100] Execute         is_encrypted C:/Users/Jack/workspace/deconvo-algo/solution1/.autopilot/db/a.o.bc 
INFO: [HLS 200-100] Command         is_encrypted returned 0; 0 sec.
INFO: [HLS 200-100] Command       disassemble returned 0; 0.127 sec.
INFO: [HLS 200-0] Disassemble time: 0 seconds per iteration
INFO: [HLS 200-0] Linking Debug ...
INFO: [HLS 200-100] Execute       llvm-ld C:/Users/Jack/workspace/deconvo-algo/solution1/.autopilot/db/deconv-algo.g.bc -disable-opt -LC:/Xilinx/SDx/2017.1/Vivado_HLS/win64/lib -lm_basic -o C:/Users/Jack/workspace/deconvo-algo/solution1/.autopilot/db/a.g 
INFO: [HLS 200-100] Command       llvm-ld returned 0; 0.26 sec.
INFO: [HLS 200-100] Execute       disassemble C:/Users/Jack/workspace/deconvo-algo/solution1/.autopilot/db/a.g C:/Users/Jack/workspace/deconvo-algo/solution1/.autopilot/db/a.g 
INFO: [HLS 200-100] Execute         is_encrypted C:/Users/Jack/workspace/deconvo-algo/solution1/.autopilot/db/a.g.bc 
INFO: [HLS 200-100] Command         is_encrypted returned 0; 0 sec.
INFO: [HLS 200-100] Command       disassemble returned 0; 0.061 sec.
INFO: [HLS 200-0] Disassemble time: 0 seconds per iteration
INFO: [HLS 200-111] Finished Linking Time (s): cpu = 00:00:02 ; elapsed = 00:00:15 . Memory (MB): peak = 96.027 ; gain = 46.410
INFO: [HLS 200-100] Execute       opt_and_import_c a -opt_level=2 -skip_syncheck=0 -ng=0 -keep_printf=0 -enable_clang39=0 
INFO: [HLS 200-100] Execute         cleanup_all_models 
INFO: [HLS 200-100] Command         cleanup_all_models returned 0; 0 sec.
INFO: [HLS 200-10] Starting code transformations ...
INFO: [HLS 200-100] Execute         transform -promote-dbg-pointer C:/Users/Jack/workspace/deconvo-algo/solution1/.autopilot/db/a.pp.bc -o C:/Users/Jack/workspace/deconvo-algo/solution1/.autopilot/db/a.pp.0.bc -f 
INFO: [HLS 200-100] Command         transform returned 0; 0.035 sec.
INFO: [HLS 200-100] Execute         llvm-ld C:/Users/Jack/workspace/deconvo-algo/solution1/.autopilot/db/a.pp.0.bc -disable-opt -LC:/Xilinx/SDx/2017.1/Vivado_HLS/win64/lib -lfloatconversion -o C:/Users/Jack/workspace/deconvo-algo/solution1/.autopilot/db/a.g.0 
INFO: [HLS 200-100] Command         llvm-ld returned 0; 0.208 sec.
INFO: [HLS 200-0] Running Standard Transforms...
INFO: [HLS 200-100] Execute         transform -hls -share-std-xform -demangle-name -inline-byval-memcpy -always-inline -promote-dbg-pointer -interface-preproc -scalarrepl -mem2reg -keep-read-access -instcombine -dce -promote-dbg-pointer -bitop-raise -loop-simplify -indvarspre -indvars -loop-simplify -xunroll -constprop -instcombine -simplifycfg -indvars -simplifycfg -dce -globaldce -basicaa -simplifycfg -mem2reg -globalopt -global-constprop -deadargelim -instcombine -simplifycfg -prune-eh -simplifycfg -scalarrepl -instcombine -reassociate -licm -simplifycfg -loop-simplify -indvars -instcombine -simplifycfg -mem2reg -loop-simplify -indvars -instcombine -gvn -gvn -instcombine -adce -break-crit-edges -simplifycfg -loop-delete -global-array-opt -dce -dse -adce -find-syn-modules -top deconvolution -deadargelim -mem2reg -instcombine -dce -presyn-prepare -auto-rom-infer -interface-preproc -syn-check -check-rec-only -find-region -simplifycfg -func-extr -function-inline -globaldce -mem2reg -instcombine -dce -gvn -globaldce -adce -adse -constprop -instcombine -bit-constprop -instcombine -dce -simplifycfg -bitop-raise -simplifycfg -dce -loop-delete -reassociate -globalopt -global-privatize -mem2reg -dce -global-constprop -pointer-simplify -constprop -dce -func-inst -deadargelim -auto-shift-reg-idiom -promote-dbg-pointer -norm-name C:/Users/Jack/workspace/deconvo-algo/solution1/.autopilot/db/a.g.0.bc -o C:/Users/Jack/workspace/deconvo-algo/solution1/.autopilot/db/a.g.1.bc -f -phase std-opt 
INFO: [HLS 200-100] Command         transform returned 0; 0.033 sec.
INFO: [HLS 200-100] Execute         disassemble C:/Users/Jack/workspace/deconvo-algo/solution1/.autopilot/db/a.g.1 C:/Users/Jack/workspace/deconvo-algo/solution1/.autopilot/db/a.g.1 
INFO: [HLS 200-100] Execute           is_encrypted C:/Users/Jack/workspace/deconvo-algo/solution1/.autopilot/db/a.g.1.bc 
INFO: [HLS 200-100] Command           is_encrypted returned 0; 0 sec.
INFO: [HLS 200-100] Command         disassemble returned 0; 0.059 sec.
INFO: [HLS 200-111] Finished Standard Transforms Time (s): cpu = 00:00:03 ; elapsed = 00:00:15 . Memory (MB): peak = 102.520 ; gain = 52.902
INFO: [HLS 200-10] Checking synthesizability ...
INFO: [HLS 200-0] Checking Synthesizability 1/2..
INFO: [HLS 200-100] Execute         transform -hls -syn-check -check-rec-only -disaggr -scalarrepl -norm-name -dce -mem2reg -instcombine -function-uniquify -directive-preproc -mem2reg -dse -dce -auto-rom-infer -dce -array-normalize -instcombine -dce -warn-fifo-pointer -array-seg-normalize -instcombine -dce -array-flatten -instcombine -dce -array-burst -dce -deadargelim -promote-global-argument -simplifycfg -mem2reg -globaldce -resolve-double-ptr -dce -deadargelim -dce -instcombine -function-inline -globaldce -dce -doublePtrSimplify -doublePtrElim -dce -doublePtrSimplify -promote-dbg-pointer -dce -scalarrepl -dse -adse -instcombine -ptrLegalization -simplifycfg -dce -instcombine -pointer-simplify -ptrArgReplace -dce -instcombine -disaggr -scalarrepl -norm-name -dce -mem2reg -instcombine -ptrLegalization -simplifycfg -deadargelim -instcombine -dce -inst-simplify -function-uniquify -directive-preproc -mem2reg -dse -dce -globaldce C:/Users/Jack/workspace/deconvo-algo/solution1/.autopilot/db/a.g.1.bc -o C:/Users/Jack/workspace/deconvo-algo/solution1/.autopilot/db/a.g.2.prechk.bc -f 
INFO: [HLS 200-100] Command         transform returned 0; 0.033 sec.
INFO: [HLS 200-0] Checking Synthesizability 2/2..
INFO: [HLS 200-100] Execute         transform -syn-check C:/Users/Jack/workspace/deconvo-algo/solution1/.autopilot/db/a.g.2.prechk.bc -o C:/Users/Jack/workspace/deconvo-algo/solution1/.autopilot/db/a.g.2.bc -f -phase syn-check 
INFO: [HLS 200-100] Command         transform returned 0; 0.025 sec.
INFO: [HLS 200-111] Finished Checking Synthesizability Time (s): cpu = 00:00:03 ; elapsed = 00:00:15 . Memory (MB): peak = 106.039 ; gain = 56.422
INFO: [HLS 200-0] Compiler optimizing ...
INFO: [HLS 200-0] Share syncheck's 1.bc for syn flow: copy C:/Users/Jack/workspace/deconvo-algo/solution1/.autopilot/db/a.g.1.bc to C:/Users/Jack/workspace/deconvo-algo/solution1/.autopilot/db/a.o.1.bc
INFO: [HLS 200-0] Presyn 1...
INFO: [HLS 200-100] Execute         transform -hls -tmp C:/Users/Jack/workspace/deconvo-algo/solution1/.autopilot/db -interface-port-rename -type-info -function-uniquify -directive-preproc -mem2reg -dse -dce -disaggr -scalarrepl -norm-name -deadargelim -mem2reg -instcombine -dce -auto-rom-infer -dce -function-uniquify -resource-proc -simplifycfg -mem2reg -globaldce -resolve-double-ptr -dce -deadargelim -dce -instcombine -clib-intrinsic-prepare -dce -func-buffer -dce -array-normalize -func-legal -instcombine -gvn -constprop -dce -ptrArgReplace -mem2reg -instcombine -dce -array-seg-normalize -deadargelim -instcombine -dce -pointer-simplify -dce -port-alignment -dce -interface-preproc -data-pack -instcombine -dce -basicaa -aggr-aa -aggrmodref-aa -aggr-aa -gvn -gvn -basicaa -aggr-aa -aggrmodref-aa -aggr-aa -dse -adse -adce -loop-simplify -indvars -instcombine -gvn -loop-simplify -mem2reg -dce -simplifycfg -find-region -instcombine -auto-loop-pipeline -inst-simplify -interface-preproc -cfgopt -instcombine -indvars -auto-loop-unroll -loop-simplify -loop-bound -xunroll -constprop -instcombine -simplifycfg -indvars -simplifycfg -dce -globaldce -clean-region -attach-range -gvn -inst-simplify -constprop -simplifycfg -dce -pointer-simplify -dce -globalopt -constprop -dce -array-promote -constprop -instcombine -dce -ptrArgReplace -mem2reg -instcombine -simplifycfg -dce -auto-par -instcombine -dce -array-transform-check -array-reshape -instcombine -simplifycfg -dce -ptrArgReplace -deadargelim -mem2reg -instcombine -simplifycfg -dce -indvars -loop-simplify -loop-bound -xunroll -constprop -instcombine -simplifycfg -indvars -simplifycfg -dce -globaldce -duplicate-dataflow-processes -globaldce -instcombine -array-partition -instcombine -simplifycfg -dce -ptrArgReplace -global-constprop -deadargelim -mem2reg -func-legal -instcombine -dce -global-constprop -deadargelim -mem2reg -instcombine -simplifycfg -dce -globalopt -constprop -dce -array-promote -constprop -instcombine -dce -ptrArgReplace -mem2reg -instcombine -simplifycfg -dce -mem-intrinsic-preproc -dce -global-privatize -mem2reg -globaldce -promote-global-argument -ptrArgReplace -mem2reg -instcombine -dce -globalopt -mergereturn -simplify-global-access -mem2reg -dce -pointer-simplify -dce -functionattrs -basicaa -aggr-aa -aggrmodref-aa -aggr-aa -gvn -gvn -basicaa -aggr-aa -aggrmodref-aa -aggr-aa -dse -adse -adce -inst-simplify -dce -norm-name -function-inline -globaldce -func-inst -constprop -instcombine -simplifycfg -dce -func-legal -dce -loop-bound -arraycheck -bitwidthmin -on-by-dataflow -loop-delete -instcombine -simplifycfg -globaldce -dce -gvn -deadargelim -dce -loop-simplify -clean-region -simplifycfg -propagate-stable-arguments -loop-stream -instcombine -simplifycfg -dce -globaldce -stream-intrinsic-preproc -dce -check-ap-stream -loop-simplify -eliminate-keepreads -extract-dataflow-in-loop -loop-simplify -dce -gvn -deadargelim -dse -check-dataflow-syntax -legalize-stream-variable -legalize-global -extract-subproc -dce -dead-channel-elimination -canonicalize-gep -globaldce -dce -gvn -deadargelim -annotate-dataflow-channels -scalar-propagation -deadargelim -globaldce -mem2reg -check-dataflow-channels -function-stream -dce -globaldce -prop-fifo-spec -internal-stream-gen -canonicalize-gep -globaldce -dce -gvn -deadargelim -mergereturn -indvars -loop-simplify -instcombine -array-stream -array-seg-normalize -array-partition -func-legal -instcombine -simplifycfg -dce -bundle-memfifo-ops -deadargelim -function-uniquify -directive-preproc -mem2reg -dse -dce -group-axi-access -licm -simplifycfg -dce -loop-delete -norm-name C:/Users/Jack/workspace/deconvo-algo/solution1/.autopilot/db/a.o.1.bc -o C:/Users/Jack/workspace/deconvo-algo/solution1/.autopilot/db/a.o.1.tmp.bc -f 
INFO: [HLS 200-100] Command         transform returned 0; 0.113 sec.
INFO: [HLS 200-0] Presyn 2...
INFO: [HLS 200-100] Execute         transform -hls -keep-callgraph -scalarrepl -mem2reg -port-alignment -attach-range -dce -pipe-mux-gen -indvars -loop-bound -inst-simplify -instcombine -dce -merge-array-access -mem2reg -dce -clean-region -mergereturn -if-conv -instcombine -dce -constprop -basicaa -aggr-aa -aggrmodref-aa -aggr-aa -gvn -gvn -basicaa -aggr-aa -aggrmodref-aa -aggr-aa -dse -adse -adce -scalarrepl -mem2reg -global-constprop -deadargelim -deadargelim -instcombine -dce -simplifycfg -ptrArgReplace -mem2reg -function-inline -globaldce -mem2reg -instcombine -dce -expr-balance -instcombine -dce -bitwidthmin -interface-preproc -directive-preproc -inst-rectify -instcombine -dce -functionattrs -constprop -instcombine -bit-constprop -simplify-global-access -globalopt -globaldce -inst-simplify -instcombine -elimdeaddata -dce -loop-delete -simplifycfg -loop-simplify -auto-burst -norm-name C:/Users/Jack/workspace/deconvo-algo/solution1/.autopilot/db/a.o.1.tmp.bc -o C:/Users/Jack/workspace/deconvo-algo/solution1/.autopilot/db/a.o.2.bc -f -phase presyn 
INFO: [HLS 200-100] Command         transform returned 0; 0.064 sec.
INFO: [HLS 200-100] Execute         disassemble C:/Users/Jack/workspace/deconvo-algo/solution1/.autopilot/db/a.o.2 C:/Users/Jack/workspace/deconvo-algo/solution1/.autopilot/db/a.o.2 
INFO: [HLS 200-100] Execute           is_encrypted C:/Users/Jack/workspace/deconvo-algo/solution1/.autopilot/db/a.o.2.bc 
INFO: [HLS 200-100] Command           is_encrypted returned 0; 0 sec.
INFO: [HLS 200-100] Command         disassemble returned 0; 0.063 sec.
INFO: [HLS 200-111] Finished Pre-synthesis Time (s): cpu = 00:00:03 ; elapsed = 00:00:15 . Memory (MB): peak = 131.641 ; gain = 82.023
INFO: [HLS 200-0] Building ssdm...
INFO: [HLS 200-100] Execute         transform -hls -function-uniquify -auto-function-inline -globaldce -ptrArgReplace -mem2reg -instcombine -dce -reset-lda -loop-simplify -indvars -licm -loop-dep -loop-bound -licm -loop-simplify -flattenloopnest -array-flatten -gvn -instcombine -dce -array-map -dce -func-legal -gvn -adce -instcombine -cfgopt -simplifycfg -loop-simplify -array-burst -promote-global-argument -dce -axi4-lower -array-seg-normalize -basicaa -aggrmodref-aa -globalsmodref-aa -aggr-aa -gvn -gvn -basicaa -aggrmodref-aa -globalsmodref-aa -aggr-aa -dse -adse -adce -licm -inst-simplify -dce -globaldce -instcombine -array-stream -eliminate-keepreads -instcombine -dce -deadargelim -doublePtrSimplify -doublePtrElim -dce -doublePtrSimplify -promote-dbg-pointer -dce -scalarrepl -mem2reg -disaggr -norm-name -mem2reg -instcombine -dse -adse -adce -ptrLegalization -dce -auto-rom-infer -array-flatten -dce -instcombine -check-doubleptr -loop-rot -constprop -cfgopt -simplifycfg -loop-simplify -indvars -pointer-simplify -dce -loop-bound -loop-simplify -loop-preproc -constprop -global-constprop -gvn -mem2reg -instcombine -dce -loop-bound -loop-merge -dce -bitwidthmin -deadargelim -dce -canonicalize-dataflow -dce -scalar-propagation -deadargelim -globaldce -mem2reg -interface-preproc -interface-gen -deadargelim -directive-preproc -inst-simplify -dce -gvn -mem2reg -instcombine -dce -adse -loop-bound -instcombine -cfgopt -simplifycfg -loop-simplify -clean-region -io-protocol -find-region -mem2reg -bitop-raise -inst-simplify -inst-rectify -instcombine -adce -deadargelim -loop-simplify -phi-opt -bitop-raise -cfgopt -simplifycfg -strip-dead-prototypes -interface-lower -bitop-lower -intrinsic-lower -auto-function-inline -basicaa -aggrmodref-aa -globalsmodref-aa -aggr-aa -inst-simplify -simplifycfg -loop-simplify -mergereturn -inst-simplify -inst-rectify -dce -bitop-lower -loop-rewind -pointer-simplify -dce -cfgopt -read-loop-dep -dce -bitwidth -loop-dep -check-stream -norm-name -legalize -validate-dataflow -cdfg-build C:/Users/Jack/workspace/deconvo-algo/solution1/.autopilot/db/a.o.2.bc -o C:/Users/Jack/workspace/deconvo-algo/solution1/.autopilot/db/a.o.3.bc -f -phase build-ssdm 
INFO: [HLS 200-100] Command         transform returned 0; 0.109 sec.
INFO: [HLS 200-100] Execute         disassemble C:/Users/Jack/workspace/deconvo-algo/solution1/.autopilot/db/a.o.3 C:/Users/Jack/workspace/deconvo-algo/solution1/.autopilot/db/a.o.3 
INFO: [HLS 200-100] Execute           is_encrypted C:/Users/Jack/workspace/deconvo-algo/solution1/.autopilot/db/a.o.3.bc 
INFO: [HLS 200-100] Command           is_encrypted returned 0; 0 sec.
INFO: [HLS 200-100] Command         disassemble returned 0; 0.037 sec.
INFO: [HLS 200-111] Finished Architecture Synthesis Time (s): cpu = 00:00:03 ; elapsed = 00:00:15 . Memory (MB): peak = 133.660 ; gain = 84.043
INFO: [HLS 200-0] Finish building internal data model.
INFO: [HLS 200-100] Command       opt_and_import_c returned 0; 0.858 sec.
INFO: [HLS 200-100] Command     elaborate returned 0; 14.174 sec.
INFO: [HLS 200-100] Execute     autosyn 
INFO: [HLS 200-10] Starting hardware synthesis ...
INFO: [HLS 200-0] Synthesizing C/C++ design ...
INFO: [HLS 200-10] Synthesizing 'deconvolution' ...
INFO: [HLS 200-100] Execute       ap_set_top_model deconvolution 
INFO: [HLS 200-100] Command       ap_set_top_model returned 0; 0 sec.
INFO: [HLS 200-100] Execute       get_model_list deconvolution -filter all-wo-channel -topdown 
INFO: [HLS 200-100] Command       get_model_list returned 0; 0 sec.
INFO: [HLS 200-100] Execute       preproc_iomode -model deconvolution 
INFO: [HLS 200-100] Command       preproc_iomode returned 0; 0 sec.
INFO: [HLS 200-100] Execute       get_model_list deconvolution -filter all-wo-channel 
INFO: [HLS 200-100] Command       get_model_list returned 0; 0 sec.
INFO: [HLS 200-0] Model list for configure: deconvolution
INFO: [HLS 200-0] Configuring Module : deconvolution ...
INFO: [HLS 200-100] Execute       set_default_model deconvolution 
INFO: [HLS 200-100] Command       set_default_model returned 0; 0 sec.
INFO: [HLS 200-100] Execute       apply_spec_resource_limit deconvolution 
INFO: [HLS 200-100] Command       apply_spec_resource_limit returned 0; 0 sec.
INFO: [HLS 200-0] Model list for preprocess: deconvolution
INFO: [HLS 200-0] Preprocessing Module: deconvolution ...
INFO: [HLS 200-100] Execute       set_default_model deconvolution 
INFO: [HLS 200-100] Command       set_default_model returned 0; 0 sec.
INFO: [HLS 200-100] Execute       cdfg_preprocess -model deconvolution 
INFO: [HLS 200-100] Command       cdfg_preprocess returned 0; 0.001 sec.
INFO: [HLS 200-100] Execute       rtl_gen_preprocess deconvolution 
INFO: [HLS 200-100] Command       rtl_gen_preprocess returned 0; 0.001 sec.
INFO: [HLS 200-0] Model list for synthesis: deconvolution
INFO: [HLS 200-10] ----------------------------------------------------------------
INFO: [HLS 200-42] -- Implementing module 'deconvolution' 
INFO: [HLS 200-10] ----------------------------------------------------------------
INFO: [HLS 200-100] Execute       set_default_model deconvolution 
INFO: [HLS 200-100] Command       set_default_model returned 0; 0 sec.
INFO: [HLS 200-100] Execute       schedule -model deconvolution 
INFO: [SCHED 204-11] Starting scheduling ...
INFO: [SCHED 204-11] Finished scheduling.
INFO: [HLS 200-100] Command       schedule returned 0; 0.056 sec.
INFO: [HLS 200-111]  Elapsed time: 15.446 seconds; current allocated memory: 86.643 MB.
INFO: [HLS 200-100] Execute       report -o C:/Users/Jack/workspace/deconvo-algo/solution1/.autopilot/db/deconvolution.verbose.sched.rpt -verbose -f 
INFO: [HLS 200-100] Command       report returned 0; 0.022 sec.
INFO: [HLS 200-100] Execute       db_write -o C:/Users/Jack/workspace/deconvo-algo/solution1/.autopilot/db/deconvolution.sched.adb -f 
INFO: [HLS 200-100] Command       db_write returned 0; 0.036 sec.
INFO: [HLS 200-0] Finish scheduling deconvolution.
INFO: [HLS 200-100] Execute       set_default_model deconvolution 
INFO: [HLS 200-100] Command       set_default_model returned 0; 0 sec.
INFO: [HLS 200-100] Execute       bind -model deconvolution 
INFO: [BIND 205-110] clear=
INFO: [BIND 205-110] debug=
INFO: [BIND 205-110] drf=
INFO: [BIND 205-110] effort=
INFO: [BIND 205-110] fast_refine=
INFO: [BIND 205-110] fu_weight=[ 0.0 -- 1.0 ]
INFO: [BIND 205-110] global_opt=
INFO: [BIND 205-110] gsearch=
INFO: [BIND 205-110] help=
INFO: [BIND 205-110] help-hidden=
INFO: [BIND 205-110] min_mem_port=
INFO: [BIND 205-110] min_op=
INFO: [BIND 205-110] minreg=
INFO: [BIND 205-110] ml=
INFO: [BIND 205-110] model=deconvolution
INFO: [BIND 205-110] no_false_path=
INFO: [BIND 205-110] no_min_op=
INFO: [BIND 205-110] normalize=
INFO: [BIND 205-110] quiet=
INFO: [BIND 205-110] refine=
INFO: [BIND 205-110] reg_weight=[ 0.0 -- 1.0 ]
INFO: [BIND 205-110] search=
INFO: [BIND 205-110] tight_delay=
INFO: [BIND 205-110] verbose=
INFO: [BIND 205-110] wFF=
INFO: [BIND 205-110] wFU=
INFO: [BIND 205-110] wMUX=
INFO: [BIND 205-110] wNET=
INFO: [BIND 205-100] Starting micro-architecture generation ...
INFO: [BIND 205-101] Performing variable lifetime analysis.
INFO: [BIND 205-101] Exploring resource sharing.
INFO: [BIND 205-101] Binding ...
INFO: [BIND 205-100] Finished micro-architecture generation.
INFO: [HLS 200-100] Command       bind returned 0; 0.021 sec.
INFO: [HLS 200-111]  Elapsed time: 0.106 seconds; current allocated memory: 86.985 MB.
INFO: [HLS 200-100] Execute       report -o C:/Users/Jack/workspace/deconvo-algo/solution1/.autopilot/db/deconvolution.verbose.bind.rpt -verbose -f 
INFO: [HLS 200-100] Command       report returned 0; 0.068 sec.
INFO: [HLS 200-100] Execute       db_write -o C:/Users/Jack/workspace/deconvo-algo/solution1/.autopilot/db/deconvolution.bind.adb -f 
INFO: [HLS 200-100] Command       db_write returned 0; 0.043 sec.
INFO: [HLS 200-0] Finish binding deconvolution.
INFO: [HLS 200-100] Execute       get_model_list deconvolution -filter all-wo-channel 
INFO: [HLS 200-100] Command       get_model_list returned 0; 0 sec.
INFO: [HLS 200-0] Preprocessing for RTLGen ...
INFO: [HLS 200-100] Execute       rtl_gen_preprocess deconvolution 
INFO: [HLS 200-100] Command       rtl_gen_preprocess returned 0; 0 sec.
INFO: [HLS 200-0] Model list for RTL generation: deconvolution
INFO: [HLS 200-10] ----------------------------------------------------------------
INFO: [HLS 200-10] -- Generating RTL for module 'deconvolution' 
INFO: [HLS 200-10] ----------------------------------------------------------------
INFO: [HLS 200-100] Execute       create_rtl_model deconvolution -vendor xilinx -mg_file C:/Users/Jack/workspace/deconvo-algo/solution1/.autopilot/db/deconvolution.compgen.tcl 
INFO: [RTGEN 206-500] Setting interface mode on port 'deconvolution/kernel_V' to 'ap_memory'.
INFO: [RTGEN 206-500] Setting interface mode on port 'deconvolution/ifeat_V' to 'ap_memory'.
INFO: [RTGEN 206-500] Setting interface mode on port 'deconvolution/ofeat_V' to 'ap_memory'.
INFO: [RTGEN 206-500] Setting interface mode on function 'deconvolution' to 'ap_ctrl_hs'.
INFO: [RTGEN 206-100] Finished creating RTL model for 'deconvolution'.
INFO: [HLS 200-100] Command       create_rtl_model returned 0; 0.019 sec.
INFO: [HLS 200-111]  Elapsed time: 0.148 seconds; current allocated memory: 87.489 MB.
INFO: [HLS 200-100] Execute       source C:/Users/Jack/workspace/deconvo-algo/solution1/.autopilot/db/deconvolution.rtl_wrap.cfg.tcl 
INFO: [HLS 200-100] Command       ap_source returned 0; 0 sec.
INFO: [HLS 200-100] Execute       gen_rtl deconvolution -istop -style xilinx -tracefl mytrace -tracefmt vcd -traceopt all -f -lang sc -o C:/Users/Jack/workspace/deconvo-algo/solution1/syn/systemc/deconvolution -synmodules deconvolution 
INFO: [HLS 200-100] Command       gen_rtl returned 0; 0.011 sec.
INFO: [HLS 200-100] Execute       gen_rtl deconvolution -istop -style xilinx -f -lang vhdl -o C:/Users/Jack/workspace/deconvo-algo/solution1/syn/vhdl/deconvolution 
INFO: [HLS 200-100] Command       gen_rtl returned 0; 0.034 sec.
INFO: [HLS 200-100] Execute       gen_rtl deconvolution -istop -style xilinx -f -lang vlog -o C:/Users/Jack/workspace/deconvo-algo/solution1/syn/verilog/deconvolution 
INFO: [HLS 200-100] Command       gen_rtl returned 0; 0.021 sec.
INFO: [HLS 200-100] Execute       export_constraint_db -o C:/Users/Jack/workspace/deconvo-algo/solution1/.autopilot/db/deconvolution.constraint.tcl -f -tool general 
INFO: [HLS 200-100] Command       export_constraint_db returned 0; 0.005 sec.
INFO: [HLS 200-100] Execute       report -model deconvolution -o C:/Users/Jack/workspace/deconvo-algo/solution1/.autopilot/db/deconvolution.design.xml -verbose -f -dv 
INFO: [HLS 200-100] Command       report returned 0; 0.031 sec.
INFO: [HLS 200-100] Execute       report -model deconvolution -o C:/Users/Jack/workspace/deconvo-algo/solution1/.autopilot/db/deconvolution.sdaccel.xml -verbose -f -sdaccel 
INFO: [HLS 200-100] Command       report returned 0; 0.047 sec.
INFO: [HLS 200-100] Execute       gen_tb_info deconvolution -o C:/Users/Jack/workspace/deconvo-algo/solution1/.autopilot/db/deconvolution -p C:/Users/Jack/workspace/deconvo-algo/solution1/.autopilot/db 
INFO: [HLS 200-100] Command       gen_tb_info returned 0; 0.031 sec.
INFO: [HLS 200-100] Execute       report -model deconvolution -o C:/Users/Jack/workspace/deconvo-algo/solution1/syn/report/deconvolution_csynth.rpt -f 
INFO: [HLS 200-100] Command       report returned 0; 0.021 sec.
INFO: [HLS 200-100] Execute       report -model deconvolution -o C:/Users/Jack/workspace/deconvo-algo/solution1/syn/report/deconvolution_csynth.xml -f -x 
INFO: [HLS 200-100] Command       report returned 0; 0.018 sec.
INFO: [HLS 200-100] Execute       report -model deconvolution -o C:/Users/Jack/workspace/deconvo-algo/solution1/.autopilot/db/deconvolution.verbose.rpt -verbose -f 
INFO: [HLS 200-100] Command       report returned 0; 0.063 sec.
INFO: [HLS 200-100] Execute       db_write -model deconvolution -o C:/Users/Jack/workspace/deconvo-algo/solution1/.autopilot/db/deconvolution.adb -f 
INFO: [HLS 200-100] Command       db_write returned 0; 0.079 sec.
INFO: [HLS 200-100] Execute       sc_get_clocks deconvolution 
INFO: [HLS 200-100] Command       sc_get_clocks returned 0; 0 sec.
INFO: [HLS 200-100] Execute       sc_get_portdomain deconvolution 
INFO: [HLS 200-100] Command       sc_get_portdomain returned 0; 0 sec.
INFO: [HLS 200-0] Model list for RTL component generation: deconvolution
INFO: [HLS 200-0] Handling components in module [deconvolution] ... 
INFO: [HLS 200-100] Execute       source C:/Users/Jack/workspace/deconvo-algo/solution1/.autopilot/db/deconvolution.compgen.tcl 
INFO: [HLS 200-100] Command       ap_source returned 0; 0.002 sec.
INFO: [HLS 200-0] Append model deconvolution
INFO: [HLS 200-0] Generating RTL model list ...
INFO: [HLS 200-0] All models in this session: deconvolution
INFO: [HLS 200-0] To file: write model deconvolution
INFO: [HLS 200-0] Finished generating RTL model list.


INFO: [HLS 200-0] RTL Generation done.
INFO: [HLS 200-0] CAS Generation done.
INFO: [HLS 200-0] CBC Generation done.
INFO: [HLS 200-100] Execute       export_ssdm C:/Users/Jack/workspace/deconvo-algo/solution1/.autopilot/db/a.export.ll 
INFO: [HLS 200-100] Command       export_ssdm returned 0; 0.005 sec.
INFO: [HLS 200-100] Execute       source C:/Users/Jack/workspace/deconvo-algo/solution1/.autopilot/db/global.setting.tcl 
INFO: [HLS 200-100] Command       ap_source returned 0; 0.001 sec.
INFO: [HLS 200-100] Execute       source C:/Xilinx/SDx/2017.1/Vivado_HLS/common/technology/generic/autopilot/common.gen 
INFO: [HLS 200-100] Execute         source C:/Xilinx/SDx/2017.1/Vivado_HLS/common/technology/generic/autopilot/APCoreGen.gen 
INFO: [HLS 200-100] Command         ap_source returned 0; 0.006 sec.
INFO: [HLS 200-100] Command       ap_source returned 0; 0.014 sec.
INFO: [HLS 200-100] Execute       source C:/Xilinx/SDx/2017.1/Vivado_HLS/common/technology/generic/autopilot/op.gen 
INFO: [HLS 200-100] Command       ap_source returned 0; 0.005 sec.
INFO: [HLS 200-100] Execute       source C:/Xilinx/SDx/2017.1/Vivado_HLS/common/technology/generic/autopilot/op_simcore.gen 
INFO: [HLS 200-100] Command       ap_source returned 0; 0.009 sec.
INFO: [HLS 200-100] Execute       source C:/Xilinx/SDx/2017.1/Vivado_HLS/common/technology/generic/autopilot/interface.gen 
INFO: [HLS 200-100] Command       ap_source returned 0; 0.005 sec.
INFO: [HLS 200-100] Execute       source C:/Users/Jack/workspace/deconvo-algo/solution1/.autopilot/db/global.setting.tcl 
INFO: [HLS 200-100] Command       ap_source returned 0; 0.001 sec.
INFO: [HLS 200-100] Execute       source C:/Xilinx/SDx/2017.1/Vivado_HLS/common/technology/xilinx/zynq/zynq.gen 
INFO: [HLS 200-100] Execute         source C:/Xilinx/SDx/2017.1/Vivado_HLS/common/technology/xilinx/common/virtex.gen 
INFO: [HLS 200-100] Execute           source C:/Xilinx/SDx/2017.1/Vivado_HLS/common/technology/xilinx/common/xilinx.gen 
INFO: [HLS 200-100] Execute             source C:/Xilinx/SDx/2017.1/Vivado_HLS/common/technology/xilinx/interface/plb46.gen 
INFO: [HLS 200-100] Command             ap_source returned 0; 0.002 sec.
INFO: [HLS 200-100] Execute             source C:/Xilinx/SDx/2017.1/Vivado_HLS/common/technology/xilinx/interface/fsl.gen 
INFO: [HLS 200-100] Command             ap_source returned 0; 0 sec.
INFO: [HLS 200-100] Execute             source C:/Xilinx/SDx/2017.1/Vivado_HLS/common/technology/xilinx/interface/axi4.gen 
INFO: [HLS 200-100] Command             ap_source returned 0; 0.003 sec.
INFO: [HLS 200-100] Execute             source C:/Xilinx/SDx/2017.1/Vivado_HLS/common/technology/xilinx/interface/nativeAXI4.gen 
INFO: [HLS 200-100] Execute               source C:/Xilinx/SDx/2017.1/Vivado_HLS/common/technology/xilinx/interface/saxilite.gen 
INFO: [HLS 200-100] Command               ap_source returned 0; 0.006 sec.
INFO: [HLS 200-100] Execute               source C:/Xilinx/SDx/2017.1/Vivado_HLS/common/technology/xilinx/interface/maxi.gen 
INFO: [HLS 200-100] Command               ap_source returned 0; 0.012 sec.
INFO: [HLS 200-100] Command             ap_source returned 0; 0.02 sec.
INFO: [HLS 200-100] Execute             source C:/Xilinx/SDx/2017.1/Vivado_HLS/common/technology/xilinx/scripts/xilinxcoregen.gen 
INFO: [HLS 200-100] Command             ap_source returned 0; 0.017 sec.
INFO: [HLS 200-100] Execute             source C:/Xilinx/SDx/2017.1/Vivado_HLS/common/technology/xilinx/interface/XilEDKCoreGen.gen 
INFO: [HLS 200-100] Command             ap_source returned 0; 0.012 sec.
INFO: [HLS 200-100] Execute             source C:/Xilinx/SDx/2017.1/Vivado_HLS/common/technology/xilinx/ip/dds_compiler.gen 
INFO: [HLS 200-100] Command             ap_source returned 0; 0.004 sec.
INFO: [HLS 200-100] Execute             source C:/Xilinx/SDx/2017.1/Vivado_HLS/common/technology/xilinx/ip/util.gen 
INFO: [HLS 200-100] Command             ap_source returned 0; 0 sec.
INFO: [HLS 200-100] Execute             source C:/Xilinx/SDx/2017.1/Vivado_HLS/common/technology/xilinx/ip/xfft.gen 
INFO: [HLS 200-100] Command             ap_source returned 0; 0.119 sec.
INFO: [HLS 200-100] Execute             source C:/Xilinx/SDx/2017.1/Vivado_HLS/common/technology/xilinx/ip/xfir.gen 
INFO: [HLS 200-100] Command             ap_source returned 0; 0.001 sec.
INFO: [HLS 200-100] Command           ap_source returned 0; 0.187 sec.
INFO: [HLS 200-100] Execute           source C:/Xilinx/SDx/2017.1/Vivado_HLS/common/technology/xilinx/common/dsp48.gen 
INFO: [HLS 200-100] Command           ap_source returned 0; 0 sec.
INFO: [HLS 200-100] Command         ap_source returned 0; 0.191 sec.
INFO: [HLS 200-100] Command       ap_source returned 0; 0.193 sec.
INFO: [HLS 200-100] Execute       source C:/Xilinx/SDx/2017.1/Vivado_HLS/common/technology/xilinx/zynq/zynq_fpv6.gen 
INFO: [HLS 200-100] Execute         source C:/Xilinx/SDx/2017.1/Vivado_HLS/common/technology/xilinx/common/xilinx_fpv6.gen 
INFO: [HLS 200-100] Command         ap_source returned 0; 0.002 sec.
INFO: [HLS 200-100] Command       ap_source returned 0; 0.002 sec.
INFO: [HLS 200-100] Execute       source C:/Users/Jack/workspace/deconvo-algo/solution1/.autopilot/db/global.setting.tcl 
INFO: [HLS 200-100] Command       ap_source returned 0; 0.001 sec.
INFO: [HLS 200-100] Execute       source C:/Users/Jack/workspace/deconvo-algo/solution1/.autopilot/db/global.setting.tcl 
INFO: [HLS 200-100] Command       ap_source returned 0; 0.001 sec.
INFO: [HLS 200-100] Execute       source C:/Users/Jack/workspace/deconvo-algo/solution1/.autopilot/db/global.setting.tcl 
INFO: [HLS 200-100] Command       ap_source returned 0; 0 sec.
INFO: [HLS 200-100] Execute       source C:/Users/Jack/workspace/deconvo-algo/solution1/.autopilot/db/global.setting.tcl 
INFO: [HLS 200-100] Command       ap_source returned 0; 0 sec.
INFO: [HLS 200-100] Execute       source C:/Users/Jack/workspace/deconvo-algo/solution1/.autopilot/db/deconvolution.compgen.tcl 
INFO: [HLS 200-100] Command       ap_source returned 0; 0.001 sec.
INFO: [HLS 200-111] Finished generating all RTL models Time (s): cpu = 00:00:04 ; elapsed = 00:00:16 . Memory (MB): peak = 133.660 ; gain = 84.043
INFO: [SYSC 207-301] Generating SystemC RTL for deconvolution.
INFO: [VHDL 208-304] Generating VHDL RTL for deconvolution.
INFO: [VLOG 209-307] Generating Verilog RTL for deconvolution.
INFO: [HLS 200-100] Command     autosyn returned 0; 1.086 sec.
INFO: [HLS 200-100] Command   csynth_design returned 0; 15.263 sec.
INFO: [HLS 200-100] Command ap_source returned 0; 15.77 sec.
INFO: [HLS 200-100] Execute cleanup_all 
INFO: [HLS 200-100] Command cleanup_all returned 0; 0.005 sec.
