

================================================================
== Vivado HLS Report for 'deconvolution'
================================================================
* Date:           Mon Aug 27 18:55:06 2018

* Version:        2017.1 (Build 1846317 on Thu Jun 22 18:17:09 MDT 2017)
* Project:        deconvo-algo
* Solution:       solution1
* Product family: zynq
* Target device:  xc7z020clg484-1


================================================================
== Performance Estimates
================================================================
+ Timing (ns): 
    * Summary: 
    +--------+-------+----------+------------+
    |  Clock | Target| Estimated| Uncertainty|
    +--------+-------+----------+------------+
    |ap_clk  |  10.00|      8.51|        1.25|
    +--------+-------+----------+------------+

+ Latency (clock cycles): 
    * Summary: 
    +-----+-----+-----+-----+---------+
    |  Latency  |  Interval | Pipeline|
    | min | max | min | max |   Type  |
    +-----+-----+-----+-----+---------+
    |    ?|    ?|    ?|    ?|   none  |
    +-----+-----+-----+-----+---------+

    + Detail: 
        * Instance: 
        N/A

        * Loop: 
        +-----------------+-----+-----+----------+-----------+-----------+------+----------+
        |                 |  Latency  | Iteration|  Initiation Interval  | Trip |          |
        |    Loop Name    | min | max |  Latency |  achieved |   target  | Count| Pipelined|
        +-----------------+-----+-----+----------+-----------+-----------+------+----------+
        |- Loop 1         |    ?|    ?|        44|          -|          -|  inf |    no    |
        | + Loop 1.1      |   42|   42|        14|          -|          -|     3|    no    |
        |  ++ Loop 1.1.1  |   12|   12|         4|          -|          -|     3|    no    |
        +-----------------+-----+-----+----------+-----------+-----------+------+----------+

============================================================
+ Verbose Summary: Synthesis Manager
============================================================
InlineROM: 1
ExposeGlobal: 0
============================================================
+ Verbose Summary: CDFG Model
============================================================
IsTopModel: 1
ResetActiveHigh: 1
IsCombinational: 0
IsDatapathOnly: 0
HasWiredReturn: 0
HasMFsm: 0
HasVarLatency: 1
IsPipeline: 0
IsRtlPipelined: 0
IsInstanceOverlapped: 0
IsDontTouch: 0
HasImplIP: 0
IsGatedGlobalClock: 0


============================================================
+ Verbose Summary: Schedule
============================================================
* Number of FSM states: 7
* Pipeline: 0
* Dataflow Pipeline: 0

* FSM state transitions: 
1 --> 
	2  / true
2 --> 
	3  / true
3 --> 
	4  / (!tmp_2)
	2  / (tmp_2)
4 --> 
	5  / (!tmp_4)
	3  / (tmp_4)
5 --> 
	6  / true
6 --> 
	7  / true
7 --> 
	4  / true
* FSM state operations: 

 <State 1>: 1.77ns
ST_1: ifeat_addr (4)  [1/1] 0.00ns  loc: deconvo-algo/deconv-algo.cpp:23
.preheader6.preheader:0  %ifeat_addr = getelementptr [2048 x i32]* %ifeat, i32 0, i32 0

ST_1: StgValue_9 (5)  [1/1] 0.00ns
.preheader6.preheader:1  call void (...)* @_ssdm_op_SpecBitsMap([1152 x i32]* %kernel) nounwind, !map !7

ST_1: StgValue_10 (6)  [1/1] 0.00ns
.preheader6.preheader:2  call void (...)* @_ssdm_op_SpecBitsMap([2048 x i32]* %ifeat) nounwind, !map !15

ST_1: StgValue_11 (7)  [1/1] 0.00ns
.preheader6.preheader:3  call void (...)* @_ssdm_op_SpecBitsMap([5184 x i32]* %ofeat) nounwind, !map !20

ST_1: StgValue_12 (8)  [1/1] 0.00ns
.preheader6.preheader:4  call void (...)* @_ssdm_op_SpecTopModule([14 x i8]* @deconvolution_str) nounwind

ST_1: StgValue_13 (9)  [1/1] 1.77ns  loc: deconvo-algo/deconv-algo.cpp:18
.preheader6.preheader:5  br label %.preheader3.preheader


 <State 2>: 2.55ns
ST_2: oc (11)  [1/1] 0.00ns
.preheader3.preheader:0  %oc = phi i32 [ 0, %.preheader6.preheader ], [ %oc_1, %.preheader3.preheader.loopexit ]

ST_2: tmp (12)  [1/1] 0.00ns  loc: deconvo-algo/deconv-algo.cpp:23 (grouped into LUT with out node tmp_3)
.preheader3.preheader:1  %tmp = shl i32 %oc, 5

ST_2: tmp_1 (13)  [1/1] 0.00ns  loc: deconvo-algo/deconv-algo.cpp:23 (grouped into LUT with out node tmp_3)
.preheader3.preheader:2  %tmp_1 = shl i32 %oc, 3

ST_2: tmp_3 (14)  [1/1] 2.55ns  loc: deconvo-algo/deconv-algo.cpp:23 (out node of the LUT)
.preheader3.preheader:3  %tmp_3 = sub i32 %tmp, %tmp_1

ST_2: tmp_5 (15)  [1/1] 0.00ns  loc: deconvo-algo/deconv-algo.cpp:23 (grouped into LUT with out node tmp_8)
.preheader3.preheader:4  %tmp_5 = shl i32 %oc, 4

ST_2: tmp_7 (16)  [1/1] 0.00ns  loc: deconvo-algo/deconv-algo.cpp:23 (grouped into LUT with out node tmp_8)
.preheader3.preheader:5  %tmp_7 = shl i32 %oc, 1

ST_2: tmp_8 (17)  [1/1] 2.55ns  loc: deconvo-algo/deconv-algo.cpp:23 (out node of the LUT)
.preheader3.preheader:6  %tmp_8 = add i32 %tmp_7, %tmp_5

ST_2: oc_1 (18)  [1/1] 2.55ns  loc: deconvo-algo/deconv-algo.cpp:18
.preheader3.preheader:7  %oc_1 = add i32 1, %oc

ST_2: StgValue_22 (19)  [1/1] 1.77ns  loc: deconvo-algo/deconv-algo.cpp:19
.preheader3.preheader:8  br label %.preheader3


 <State 3>: 4.59ns
ST_3: p_or (21)  [1/1] 0.00ns
.preheader3:0  %p_or = phi i2 [ 0, %.preheader3.preheader ], [ %kr, %.preheader3.loopexit ]

ST_3: p_or_cast2 (22)  [1/1] 0.00ns  loc: deconvo-algo/deconv-algo.cpp:19
.preheader3:1  %p_or_cast2 = zext i2 %p_or to i32

ST_3: tmp_9 (23)  [1/1] 0.00ns  loc: deconvo-algo/deconv-algo.cpp:23
.preheader3:2  %tmp_9 = call i10 @_ssdm_op_PartSelect.i10.i32.i32.i32(i32 %tmp_3, i32 2, i32 11)

ST_3: tmp_12_cast (24)  [1/1] 0.00ns  loc: deconvo-algo/deconv-algo.cpp:23
.preheader3:3  %tmp_12_cast = call i12 @_ssdm_op_BitConcatenate.i12.i10.i2(i10 %tmp_9, i2 %p_or)

ST_3: tmp_10 (25)  [1/1] 0.00ns  loc: deconvo-algo/deconv-algo.cpp:23
.preheader3:4  %tmp_10 = call i8 @_ssdm_op_PartSelect.i8.i32.i32.i32(i32 %tmp_3, i32 2, i32 9)

ST_3: p_shl6_cast (26)  [1/1] 0.00ns  loc: deconvo-algo/deconv-algo.cpp:23
.preheader3:5  %p_shl6_cast = call i12 @_ssdm_op_BitConcatenate.i12.i8.i2.i2(i8 %tmp_10, i2 %p_or, i2 0)

ST_3: tmp_s (27)  [1/1] 2.00ns  loc: deconvo-algo/deconv-algo.cpp:23
.preheader3:6  %tmp_s = sub i12 %p_shl6_cast, %tmp_12_cast

ST_3: tmp_11 (28)  [1/1] 2.55ns  loc: deconvo-algo/deconv-algo.cpp:23
.preheader3:7  %tmp_11 = add i32 %tmp_8, %p_or_cast2

ST_3: tmp_12 (29)  [1/1] 0.00ns  loc: deconvo-algo/deconv-algo.cpp:23
.preheader3:8  %tmp_12 = trunc i32 %tmp_11 to i10

ST_3: p_shl4_cast (30)  [1/1] 0.00ns  loc: deconvo-algo/deconv-algo.cpp:23
.preheader3:9  %p_shl4_cast = call i14 @_ssdm_op_BitConcatenate.i14.i10.i4(i10 %tmp_12, i4 0)

ST_3: tmp_13 (31)  [1/1] 0.00ns  loc: deconvo-algo/deconv-algo.cpp:23
.preheader3:10  %tmp_13 = trunc i32 %tmp_11 to i13

ST_3: p_shl5_cast (32)  [1/1] 0.00ns  loc: deconvo-algo/deconv-algo.cpp:23
.preheader3:11  %p_shl5_cast = call i14 @_ssdm_op_BitConcatenate.i14.i13.i1(i13 %tmp_13, i1 false)

ST_3: tmp_14 (33)  [1/1] 2.04ns  loc: deconvo-algo/deconv-algo.cpp:23
.preheader3:12  %tmp_14 = add i14 %p_shl5_cast, %p_shl4_cast

ST_3: tmp_2 (34)  [1/1] 0.96ns  loc: deconvo-algo/deconv-algo.cpp:19
.preheader3:13  %tmp_2 = icmp eq i2 %p_or, -1

ST_3: empty (35)  [1/1] 0.00ns
.preheader3:14  %empty = call i32 (...)* @_ssdm_op_SpecLoopTripCount(i64 3, i64 3, i64 3) nounwind

ST_3: kr (36)  [1/1] 1.56ns  loc: deconvo-algo/deconv-algo.cpp:19
.preheader3:15  %kr = add i2 1, %p_or

ST_3: StgValue_39 (37)  [1/1] 0.00ns  loc: deconvo-algo/deconv-algo.cpp:19
.preheader3:16  br i1 %tmp_2, label %.preheader3.preheader.loopexit, label %.preheader.preheader

ST_3: StgValue_40 (39)  [1/1] 1.77ns  loc: deconvo-algo/deconv-algo.cpp:23
.preheader.preheader:0  br label %.preheader

ST_3: StgValue_41 (63)  [1/1] 0.00ns
.preheader3.preheader.loopexit:0  br label %.preheader3.preheader


 <State 4>: 5.25ns
ST_4: p_oc (41)  [1/1] 0.00ns
.preheader:0  %p_oc = phi i2 [ %kc, %0 ], [ 0, %.preheader.preheader ]

ST_4: p_oc_cast1_cast7 (42)  [1/1] 0.00ns  loc: deconvo-algo/deconv-algo.cpp:23
.preheader:1  %p_oc_cast1_cast7 = zext i2 %p_oc to i14

ST_4: p_oc_cast1_cast (43)  [1/1] 0.00ns  loc: deconvo-algo/deconv-algo.cpp:23
.preheader:2  %p_oc_cast1_cast = zext i2 %p_oc to i12

ST_4: tmp_15 (44)  [1/1] 2.00ns  loc: deconvo-algo/deconv-algo.cpp:23
.preheader:3  %tmp_15 = add i12 %tmp_s, %p_oc_cast1_cast

ST_4: tmp_19_cast (45)  [1/1] 0.00ns  loc: deconvo-algo/deconv-algo.cpp:23
.preheader:4  %tmp_19_cast = zext i12 %tmp_15 to i32

ST_4: kernel_addr (46)  [1/1] 0.00ns  loc: deconvo-algo/deconv-algo.cpp:23
.preheader:5  %kernel_addr = getelementptr [1152 x i32]* %kernel, i32 0, i32 %tmp_19_cast

ST_4: tmp_16 (47)  [1/1] 2.04ns  loc: deconvo-algo/deconv-algo.cpp:23
.preheader:6  %tmp_16 = add i14 %tmp_14, %p_oc_cast1_cast7

ST_4: tmp_20_cast (48)  [1/1] 0.00ns  loc: deconvo-algo/deconv-algo.cpp:23
.preheader:7  %tmp_20_cast = zext i14 %tmp_16 to i32

ST_4: ofeat_addr (49)  [1/1] 0.00ns  loc: deconvo-algo/deconv-algo.cpp:23
.preheader:8  %ofeat_addr = getelementptr [5184 x i32]* %ofeat, i32 0, i32 %tmp_20_cast

ST_4: tmp_4 (50)  [1/1] 0.96ns  loc: deconvo-algo/deconv-algo.cpp:20
.preheader:9  %tmp_4 = icmp eq i2 %p_oc, -1

ST_4: empty_4 (51)  [1/1] 0.00ns
.preheader:10  %empty_4 = call i32 (...)* @_ssdm_op_SpecLoopTripCount(i64 3, i64 3, i64 3) nounwind

ST_4: kc (52)  [1/1] 1.56ns  loc: deconvo-algo/deconv-algo.cpp:20
.preheader:11  %kc = add i2 %p_oc, 1

ST_4: StgValue_54 (53)  [1/1] 0.00ns  loc: deconvo-algo/deconv-algo.cpp:20
.preheader:12  br i1 %tmp_4, label %.preheader3.loopexit, label %0

ST_4: ifeat_load (55)  [2/2] 3.25ns  loc: deconvo-algo/deconv-algo.cpp:23
:0  %ifeat_load = load i32* %ifeat_addr, align 4

ST_4: kernel_load (56)  [2/2] 3.25ns  loc: deconvo-algo/deconv-algo.cpp:23
:1  %kernel_load = load i32* %kernel_addr, align 4

ST_4: StgValue_57 (61)  [1/1] 0.00ns
.preheader3.loopexit:0  br label %.preheader3


 <State 5>: 3.25ns
ST_5: ifeat_load (55)  [1/2] 3.25ns  loc: deconvo-algo/deconv-algo.cpp:23
:0  %ifeat_load = load i32* %ifeat_addr, align 4

ST_5: kernel_load (56)  [1/2] 3.25ns  loc: deconvo-algo/deconv-algo.cpp:23
:1  %kernel_load = load i32* %kernel_addr, align 4


 <State 6>: 8.51ns
ST_6: tmp_6 (57)  [1/1] 8.51ns  loc: deconvo-algo/deconv-algo.cpp:23
:2  %tmp_6 = mul nsw i32 %kernel_load, %ifeat_load


 <State 7>: 3.25ns
ST_7: StgValue_61 (58)  [1/1] 3.25ns  loc: deconvo-algo/deconv-algo.cpp:23
:3  store i32 %tmp_6, i32* %ofeat_addr, align 4

ST_7: StgValue_62 (59)  [1/1] 0.00ns  loc: deconvo-algo/deconv-algo.cpp:20
:4  br label %.preheader



============================================================
+ Verbose Summary: Binding
============================================================
STG Binding: 
---------------- STG Properties BEGIN ----------------
- Is combinational: 0
- Is one-state seq: 0
- Is datapath-only: 0
- Is pipelined: 0
- Is top level: 1
Port [ Return ] is wired: 1; IO mode=ap_ctrl_hs:ce=0
Port [ kernel]:  wired=1; compound=1; hidden=0; nouse=0; global=0; static=0; extern=0; dir=0; type=1; pingpong=0; private_global=0; MemPort=[13]; IO mode=ap_memory:ce=0
Port [ ifeat]:  wired=1; compound=1; hidden=0; nouse=0; global=0; static=0; extern=0; dir=0; type=1; pingpong=0; private_global=0; MemPort=[13]; IO mode=ap_memory:ce=0
Port [ ofeat]:  wired=1; compound=1; hidden=0; nouse=0; global=0; static=0; extern=0; dir=1; type=1; pingpong=0; private_global=0; MemPort=[03]; IO mode=ap_memory:ce=0
---------------- STG Properties END ------------------

---------------- Datapath Model BEGIN ----------------

<LifeTime>
<method=bitvector/>
ifeat_addr       (getelementptr    ) [ 00111111]
StgValue_9       (specbitsmap      ) [ 00000000]
StgValue_10      (specbitsmap      ) [ 00000000]
StgValue_11      (specbitsmap      ) [ 00000000]
StgValue_12      (spectopmodule    ) [ 00000000]
StgValue_13      (br               ) [ 01111111]
oc               (phi              ) [ 00100000]
tmp              (shl              ) [ 00000000]
tmp_1            (shl              ) [ 00000000]
tmp_3            (sub              ) [ 00011111]
tmp_5            (shl              ) [ 00000000]
tmp_7            (shl              ) [ 00000000]
tmp_8            (add              ) [ 00011111]
oc_1             (add              ) [ 01111111]
StgValue_22      (br               ) [ 00111111]
p_or             (phi              ) [ 00010000]
p_or_cast2       (zext             ) [ 00000000]
tmp_9            (partselect       ) [ 00000000]
tmp_12_cast      (bitconcatenate   ) [ 00000000]
tmp_10           (partselect       ) [ 00000000]
p_shl6_cast      (bitconcatenate   ) [ 00000000]
tmp_s            (sub              ) [ 00001111]
tmp_11           (add              ) [ 00000000]
tmp_12           (trunc            ) [ 00000000]
p_shl4_cast      (bitconcatenate   ) [ 00000000]
tmp_13           (trunc            ) [ 00000000]
p_shl5_cast      (bitconcatenate   ) [ 00000000]
tmp_14           (add              ) [ 00001111]
tmp_2            (icmp             ) [ 00111111]
empty            (speclooptripcount) [ 00000000]
kr               (add              ) [ 00111111]
StgValue_39      (br               ) [ 00000000]
StgValue_40      (br               ) [ 00111111]
StgValue_41      (br               ) [ 01111111]
p_oc             (phi              ) [ 00001000]
p_oc_cast1_cast7 (zext             ) [ 00000000]
p_oc_cast1_cast  (zext             ) [ 00000000]
tmp_15           (add              ) [ 00000000]
tmp_19_cast      (zext             ) [ 00000000]
kernel_addr      (getelementptr    ) [ 00000100]
tmp_16           (add              ) [ 00000000]
tmp_20_cast      (zext             ) [ 00000000]
ofeat_addr       (getelementptr    ) [ 00000111]
tmp_4            (icmp             ) [ 00111111]
empty_4          (speclooptripcount) [ 00000000]
kc               (add              ) [ 00111111]
StgValue_54      (br               ) [ 00000000]
StgValue_57      (br               ) [ 00111111]
ifeat_load       (load             ) [ 00000010]
kernel_load      (load             ) [ 00000010]
tmp_6            (mul              ) [ 00000001]
StgValue_61      (store            ) [ 00000000]
StgValue_62      (br               ) [ 00111111]
</LifeTime>

<model>

<comp_list>
<comp id="0" class="1000" name="kernel">
<pin_list>
<pin id="1" dir="1" index="0" bw="1" slack="0"/>
</pin_list>
<bind>
<StgValue><ssdm name="kernel"/><MemPortTyVec>1 3 </MemPortTyVec>
</StgValue>
</bind>
</comp>

<comp id="2" class="1000" name="ifeat">
<pin_list>
<pin id="3" dir="1" index="0" bw="1" slack="0"/>
</pin_list>
<bind>
<StgValue><ssdm name="ifeat"/><MemPortTyVec>1 3 </MemPortTyVec>
</StgValue>
</bind>
</comp>

<comp id="4" class="1000" name="ofeat">
<pin_list>
<pin id="5" dir="1" index="0" bw="1" slack="0"/>
</pin_list>
<bind>
<StgValue><ssdm name="ofeat"/><MemPortTyVec>0 3 </MemPortTyVec>
</StgValue>
</bind>
</comp>

<comp id="6" class="1001" name="const_6">
<pin_list>
<pin id="7" dir="1" index="0" bw="1" slack="0"/>
</pin_list>
<bind>
<StgValue><ssdm name=""/></StgValue>
</bind>
</comp>

<comp id="8" class="1001" name="const_8">
<pin_list>
<pin id="9" dir="1" index="0" bw="1" slack="2147483647"/>
</pin_list>
<bind>
<StgValue><ssdm name="_ssdm_op_SpecBitsMap"/></StgValue>
</bind>
</comp>

<comp id="10" class="1001" name="const_10">
<pin_list>
<pin id="11" dir="1" index="0" bw="1" slack="2147483647"/>
</pin_list>
<bind>
<StgValue><ssdm name="_ssdm_op_SpecTopModule"/></StgValue>
</bind>
</comp>

<comp id="12" class="1001" name="const_12">
<pin_list>
<pin id="13" dir="1" index="0" bw="1" slack="2147483647"/>
</pin_list>
<bind>
<StgValue><ssdm name="deconvolution_str"/></StgValue>
</bind>
</comp>

<comp id="14" class="1001" name="const_14">
<pin_list>
<pin id="15" dir="1" index="0" bw="1" slack="0"/>
</pin_list>
<bind>
<StgValue><ssdm name=""/></StgValue>
</bind>
</comp>

<comp id="16" class="1001" name="const_16">
<pin_list>
<pin id="17" dir="1" index="0" bw="1" slack="0"/>
</pin_list>
<bind>
<StgValue><ssdm name=""/></StgValue>
</bind>
</comp>

<comp id="18" class="1001" name="const_18">
<pin_list>
<pin id="19" dir="1" index="0" bw="1" slack="0"/>
</pin_list>
<bind>
<StgValue><ssdm name=""/></StgValue>
</bind>
</comp>

<comp id="20" class="1001" name="const_20">
<pin_list>
<pin id="21" dir="1" index="0" bw="1" slack="0"/>
</pin_list>
<bind>
<StgValue><ssdm name=""/></StgValue>
</bind>
</comp>

<comp id="22" class="1001" name="const_22">
<pin_list>
<pin id="23" dir="1" index="0" bw="1" slack="0"/>
</pin_list>
<bind>
<StgValue><ssdm name=""/></StgValue>
</bind>
</comp>

<comp id="24" class="1001" name="const_24">
<pin_list>
<pin id="25" dir="1" index="0" bw="1" slack="0"/>
</pin_list>
<bind>
<StgValue><ssdm name="_ssdm_op_PartSelect.i10.i32.i32.i32"/></StgValue>
</bind>
</comp>

<comp id="26" class="1001" name="const_26">
<pin_list>
<pin id="27" dir="1" index="0" bw="1" slack="0"/>
</pin_list>
<bind>
<StgValue><ssdm name=""/></StgValue>
</bind>
</comp>

<comp id="28" class="1001" name="const_28">
<pin_list>
<pin id="29" dir="1" index="0" bw="1" slack="0"/>
</pin_list>
<bind>
<StgValue><ssdm name=""/></StgValue>
</bind>
</comp>

<comp id="30" class="1001" name="const_30">
<pin_list>
<pin id="31" dir="1" index="0" bw="1" slack="0"/>
</pin_list>
<bind>
<StgValue><ssdm name="_ssdm_op_BitConcatenate.i12.i10.i2"/></StgValue>
</bind>
</comp>

<comp id="32" class="1001" name="const_32">
<pin_list>
<pin id="33" dir="1" index="0" bw="1" slack="0"/>
</pin_list>
<bind>
<StgValue><ssdm name="_ssdm_op_PartSelect.i8.i32.i32.i32"/></StgValue>
</bind>
</comp>

<comp id="34" class="1001" name="const_34">
<pin_list>
<pin id="35" dir="1" index="0" bw="1" slack="0"/>
</pin_list>
<bind>
<StgValue><ssdm name=""/></StgValue>
</bind>
</comp>

<comp id="36" class="1001" name="const_36">
<pin_list>
<pin id="37" dir="1" index="0" bw="1" slack="0"/>
</pin_list>
<bind>
<StgValue><ssdm name="_ssdm_op_BitConcatenate.i12.i8.i2.i2"/></StgValue>
</bind>
</comp>

<comp id="38" class="1001" name="const_38">
<pin_list>
<pin id="39" dir="1" index="0" bw="1" slack="0"/>
</pin_list>
<bind>
<StgValue><ssdm name="_ssdm_op_BitConcatenate.i14.i10.i4"/></StgValue>
</bind>
</comp>

<comp id="40" class="1001" name="const_40">
<pin_list>
<pin id="41" dir="1" index="0" bw="1" slack="0"/>
</pin_list>
<bind>
<StgValue><ssdm name=""/></StgValue>
</bind>
</comp>

<comp id="42" class="1001" name="const_42">
<pin_list>
<pin id="43" dir="1" index="0" bw="1" slack="0"/>
</pin_list>
<bind>
<StgValue><ssdm name="_ssdm_op_BitConcatenate.i14.i13.i1"/></StgValue>
</bind>
</comp>

<comp id="44" class="1001" name="const_44">
<pin_list>
<pin id="45" dir="1" index="0" bw="1" slack="0"/>
</pin_list>
<bind>
<StgValue><ssdm name=""/></StgValue>
</bind>
</comp>

<comp id="46" class="1001" name="const_46">
<pin_list>
<pin id="47" dir="1" index="0" bw="1" slack="0"/>
</pin_list>
<bind>
<StgValue><ssdm name=""/></StgValue>
</bind>
</comp>

<comp id="48" class="1001" name="const_48">
<pin_list>
<pin id="49" dir="1" index="0" bw="1" slack="2147483647"/>
</pin_list>
<bind>
<StgValue><ssdm name="_ssdm_op_SpecLoopTripCount"/></StgValue>
</bind>
</comp>

<comp id="50" class="1001" name="const_50">
<pin_list>
<pin id="51" dir="1" index="0" bw="1" slack="2147483647"/>
</pin_list>
<bind>
<StgValue><ssdm name=""/></StgValue>
</bind>
</comp>

<comp id="52" class="1001" name="const_52">
<pin_list>
<pin id="53" dir="1" index="0" bw="1" slack="0"/>
</pin_list>
<bind>
<StgValue><ssdm name=""/></StgValue>
</bind>
</comp>

<comp id="54" class="1004" name="ifeat_addr_gep_fu_54">
<pin_list>
<pin id="55" dir="0" index="0" bw="32" slack="0"/>
<pin id="56" dir="0" index="1" bw="1" slack="0"/>
<pin id="57" dir="0" index="2" bw="1" slack="0"/>
<pin id="58" dir="1" index="3" bw="11" slack="3"/>
</pin_list>
<bind>
<opcode="getelementptr(29) " fcode="getelementptr"/>
<opset="ifeat_addr/1 "/>
</bind>
</comp>

<comp id="62" class="1004" name="kernel_addr_gep_fu_62">
<pin_list>
<pin id="63" dir="0" index="0" bw="32" slack="0"/>
<pin id="64" dir="0" index="1" bw="1" slack="0"/>
<pin id="65" dir="0" index="2" bw="12" slack="0"/>
<pin id="66" dir="1" index="3" bw="11" slack="0"/>
</pin_list>
<bind>
<opcode="getelementptr(29) " fcode="getelementptr"/>
<opset="kernel_addr/4 "/>
</bind>
</comp>

<comp id="69" class="1004" name="ofeat_addr_gep_fu_69">
<pin_list>
<pin id="70" dir="0" index="0" bw="32" slack="0"/>
<pin id="71" dir="0" index="1" bw="1" slack="0"/>
<pin id="72" dir="0" index="2" bw="14" slack="0"/>
<pin id="73" dir="1" index="3" bw="13" slack="3"/>
</pin_list>
<bind>
<opcode="getelementptr(29) " fcode="getelementptr"/>
<opset="ofeat_addr/4 "/>
</bind>
</comp>

<comp id="76" class="1004" name="grp_access_fu_76">
<pin_list>
<pin id="77" dir="0" index="0" bw="11" slack="3"/>
<pin id="78" dir="0" index="1" bw="32" slack="2147483647"/>
<pin id="79" dir="1" index="2" bw="32" slack="1"/>
</pin_list>
<bind>
<opcode="load(27) " fcode="load"/>
<opset="ifeat_load/4 "/>
</bind>
</comp>

<comp id="80" class="1004" name="grp_access_fu_80">
<pin_list>
<pin id="81" dir="0" index="0" bw="11" slack="0"/>
<pin id="82" dir="0" index="1" bw="32" slack="2147483647"/>
<pin id="83" dir="1" index="2" bw="32" slack="1"/>
</pin_list>
<bind>
<opcode="load(27) " fcode="load"/>
<opset="kernel_load/4 "/>
</bind>
</comp>

<comp id="85" class="1004" name="StgValue_61_access_fu_85">
<pin_list>
<pin id="86" dir="0" index="0" bw="13" slack="3"/>
<pin id="87" dir="0" index="1" bw="32" slack="1"/>
<pin id="88" dir="1" index="2" bw="32" slack="2147483647"/>
</pin_list>
<bind>
<opcode="store(28) " fcode="store"/>
<opset="StgValue_61/7 "/>
</bind>
</comp>

<comp id="89" class="1005" name="oc_reg_89">
<pin_list>
<pin id="90" dir="0" index="0" bw="32" slack="1"/>
<pin id="91" dir="1" index="1" bw="32" slack="1"/>
</pin_list>
<bind>
<opset="oc (phireg) "/>
</bind>
</comp>

<comp id="93" class="1004" name="oc_phi_fu_93">
<pin_list>
<pin id="94" dir="0" index="0" bw="1" slack="1"/>
<pin id="95" dir="0" index="1" bw="0" slack="2147483647"/>
<pin id="96" dir="0" index="2" bw="32" slack="0"/>
<pin id="97" dir="0" index="3" bw="0" slack="2147483647"/>
<pin id="98" dir="1" index="4" bw="32" slack="0"/>
</pin_list>
<bind>
<opcode="phi(47) " fcode="phi"/>
<opset="oc/2 "/>
</bind>
</comp>

<comp id="100" class="1005" name="p_or_reg_100">
<pin_list>
<pin id="101" dir="0" index="0" bw="2" slack="1"/>
<pin id="102" dir="1" index="1" bw="2" slack="1"/>
</pin_list>
<bind>
<opset="p_or (phireg) "/>
</bind>
</comp>

<comp id="104" class="1004" name="p_or_phi_fu_104">
<pin_list>
<pin id="105" dir="0" index="0" bw="1" slack="1"/>
<pin id="106" dir="0" index="1" bw="0" slack="2147483647"/>
<pin id="107" dir="0" index="2" bw="2" slack="0"/>
<pin id="108" dir="0" index="3" bw="0" slack="2147483647"/>
<pin id="109" dir="1" index="4" bw="2" slack="0"/>
</pin_list>
<bind>
<opcode="phi(47) " fcode="phi"/>
<opset="p_or/3 "/>
</bind>
</comp>

<comp id="111" class="1005" name="p_oc_reg_111">
<pin_list>
<pin id="112" dir="0" index="0" bw="2" slack="1"/>
<pin id="113" dir="1" index="1" bw="2" slack="1"/>
</pin_list>
<bind>
<opset="p_oc (phireg) "/>
</bind>
</comp>

<comp id="115" class="1004" name="p_oc_phi_fu_115">
<pin_list>
<pin id="116" dir="0" index="0" bw="2" slack="0"/>
<pin id="117" dir="0" index="1" bw="0" slack="2147483647"/>
<pin id="118" dir="0" index="2" bw="1" slack="1"/>
<pin id="119" dir="0" index="3" bw="0" slack="2147483647"/>
<pin id="120" dir="1" index="4" bw="2" slack="0"/>
</pin_list>
<bind>
<opcode="phi(47) " fcode="phi"/>
<opset="p_oc/4 "/>
</bind>
</comp>

<comp id="122" class="1004" name="tmp_fu_122">
<pin_list>
<pin id="123" dir="0" index="0" bw="32" slack="0"/>
<pin id="124" dir="0" index="1" bw="4" slack="0"/>
<pin id="125" dir="1" index="2" bw="32" slack="0"/>
</pin_list>
<bind>
<opcode="shl(20) " fcode="shl"/>
<opset="tmp/2 "/>
</bind>
</comp>

<comp id="128" class="1004" name="tmp_1_fu_128">
<pin_list>
<pin id="129" dir="0" index="0" bw="32" slack="0"/>
<pin id="130" dir="0" index="1" bw="3" slack="0"/>
<pin id="131" dir="1" index="2" bw="32" slack="0"/>
</pin_list>
<bind>
<opcode="shl(20) " fcode="shl"/>
<opset="tmp_1/2 "/>
</bind>
</comp>

<comp id="134" class="1004" name="tmp_3_fu_134">
<pin_list>
<pin id="135" dir="0" index="0" bw="32" slack="0"/>
<pin id="136" dir="0" index="1" bw="32" slack="0"/>
<pin id="137" dir="1" index="2" bw="32" slack="1"/>
</pin_list>
<bind>
<opcode="sub(10) " fcode="sub"/>
<opset="tmp_3/2 "/>
</bind>
</comp>

<comp id="140" class="1004" name="tmp_5_fu_140">
<pin_list>
<pin id="141" dir="0" index="0" bw="32" slack="0"/>
<pin id="142" dir="0" index="1" bw="4" slack="0"/>
<pin id="143" dir="1" index="2" bw="32" slack="0"/>
</pin_list>
<bind>
<opcode="shl(20) " fcode="shl"/>
<opset="tmp_5/2 "/>
</bind>
</comp>

<comp id="146" class="1004" name="tmp_7_fu_146">
<pin_list>
<pin id="147" dir="0" index="0" bw="32" slack="0"/>
<pin id="148" dir="0" index="1" bw="1" slack="0"/>
<pin id="149" dir="1" index="2" bw="32" slack="0"/>
</pin_list>
<bind>
<opcode="shl(20) " fcode="shl"/>
<opset="tmp_7/2 "/>
</bind>
</comp>

<comp id="152" class="1004" name="tmp_8_fu_152">
<pin_list>
<pin id="153" dir="0" index="0" bw="32" slack="0"/>
<pin id="154" dir="0" index="1" bw="32" slack="0"/>
<pin id="155" dir="1" index="2" bw="32" slack="1"/>
</pin_list>
<bind>
<opcode="add(8) " fcode="add"/>
<opset="tmp_8/2 "/>
</bind>
</comp>

<comp id="158" class="1004" name="oc_1_fu_158">
<pin_list>
<pin id="159" dir="0" index="0" bw="1" slack="0"/>
<pin id="160" dir="0" index="1" bw="32" slack="0"/>
<pin id="161" dir="1" index="2" bw="32" slack="0"/>
</pin_list>
<bind>
<opcode="add(8) " fcode="add"/>
<opset="oc_1/2 "/>
</bind>
</comp>

<comp id="164" class="1004" name="p_or_cast2_fu_164">
<pin_list>
<pin id="165" dir="0" index="0" bw="2" slack="0"/>
<pin id="166" dir="1" index="1" bw="32" slack="0"/>
</pin_list>
<bind>
<opcode="zext(34) " fcode="zext"/>
<opset="p_or_cast2/3 "/>
</bind>
</comp>

<comp id="168" class="1004" name="tmp_9_fu_168">
<pin_list>
<pin id="169" dir="0" index="0" bw="10" slack="0"/>
<pin id="170" dir="0" index="1" bw="32" slack="1"/>
<pin id="171" dir="0" index="2" bw="3" slack="0"/>
<pin id="172" dir="0" index="3" bw="5" slack="0"/>
<pin id="173" dir="1" index="4" bw="10" slack="0"/>
</pin_list>
<bind>
<opcode="partselect(1002) " fcode="partselect"/>
<opset="tmp_9/3 "/>
</bind>
</comp>

<comp id="177" class="1004" name="tmp_12_cast_fu_177">
<pin_list>
<pin id="178" dir="0" index="0" bw="12" slack="0"/>
<pin id="179" dir="0" index="1" bw="10" slack="0"/>
<pin id="180" dir="0" index="2" bw="2" slack="0"/>
<pin id="181" dir="1" index="3" bw="12" slack="0"/>
</pin_list>
<bind>
<opcode="bitconcatenate(1004) " fcode="bitconcatenate"/>
<opset="tmp_12_cast/3 "/>
</bind>
</comp>

<comp id="185" class="1004" name="tmp_10_fu_185">
<pin_list>
<pin id="186" dir="0" index="0" bw="8" slack="0"/>
<pin id="187" dir="0" index="1" bw="32" slack="1"/>
<pin id="188" dir="0" index="2" bw="3" slack="0"/>
<pin id="189" dir="0" index="3" bw="5" slack="0"/>
<pin id="190" dir="1" index="4" bw="8" slack="0"/>
</pin_list>
<bind>
<opcode="partselect(1002) " fcode="partselect"/>
<opset="tmp_10/3 "/>
</bind>
</comp>

<comp id="194" class="1004" name="p_shl6_cast_fu_194">
<pin_list>
<pin id="195" dir="0" index="0" bw="12" slack="0"/>
<pin id="196" dir="0" index="1" bw="8" slack="0"/>
<pin id="197" dir="0" index="2" bw="2" slack="0"/>
<pin id="198" dir="0" index="3" bw="1" slack="0"/>
<pin id="199" dir="1" index="4" bw="12" slack="0"/>
</pin_list>
<bind>
<opcode="bitconcatenate(1004) " fcode="bitconcatenate"/>
<opset="p_shl6_cast/3 "/>
</bind>
</comp>

<comp id="204" class="1004" name="tmp_s_fu_204">
<pin_list>
<pin id="205" dir="0" index="0" bw="12" slack="0"/>
<pin id="206" dir="0" index="1" bw="12" slack="0"/>
<pin id="207" dir="1" index="2" bw="12" slack="1"/>
</pin_list>
<bind>
<opcode="sub(10) " fcode="sub"/>
<opset="tmp_s/3 "/>
</bind>
</comp>

<comp id="210" class="1004" name="tmp_11_fu_210">
<pin_list>
<pin id="211" dir="0" index="0" bw="32" slack="1"/>
<pin id="212" dir="0" index="1" bw="2" slack="0"/>
<pin id="213" dir="1" index="2" bw="32" slack="0"/>
</pin_list>
<bind>
<opcode="add(8) " fcode="add"/>
<opset="tmp_11/3 "/>
</bind>
</comp>

<comp id="215" class="1004" name="tmp_12_fu_215">
<pin_list>
<pin id="216" dir="0" index="0" bw="32" slack="0"/>
<pin id="217" dir="1" index="1" bw="10" slack="0"/>
</pin_list>
<bind>
<opcode="trunc(33) " fcode="trunc"/>
<opset="tmp_12/3 "/>
</bind>
</comp>

<comp id="219" class="1004" name="p_shl4_cast_fu_219">
<pin_list>
<pin id="220" dir="0" index="0" bw="14" slack="0"/>
<pin id="221" dir="0" index="1" bw="10" slack="0"/>
<pin id="222" dir="0" index="2" bw="1" slack="0"/>
<pin id="223" dir="1" index="3" bw="14" slack="0"/>
</pin_list>
<bind>
<opcode="bitconcatenate(1004) " fcode="bitconcatenate"/>
<opset="p_shl4_cast/3 "/>
</bind>
</comp>

<comp id="227" class="1004" name="tmp_13_fu_227">
<pin_list>
<pin id="228" dir="0" index="0" bw="32" slack="0"/>
<pin id="229" dir="1" index="1" bw="13" slack="0"/>
</pin_list>
<bind>
<opcode="trunc(33) " fcode="trunc"/>
<opset="tmp_13/3 "/>
</bind>
</comp>

<comp id="231" class="1004" name="p_shl5_cast_fu_231">
<pin_list>
<pin id="232" dir="0" index="0" bw="14" slack="0"/>
<pin id="233" dir="0" index="1" bw="13" slack="0"/>
<pin id="234" dir="0" index="2" bw="1" slack="0"/>
<pin id="235" dir="1" index="3" bw="14" slack="0"/>
</pin_list>
<bind>
<opcode="bitconcatenate(1004) " fcode="bitconcatenate"/>
<opset="p_shl5_cast/3 "/>
</bind>
</comp>

<comp id="239" class="1004" name="tmp_14_fu_239">
<pin_list>
<pin id="240" dir="0" index="0" bw="14" slack="0"/>
<pin id="241" dir="0" index="1" bw="14" slack="0"/>
<pin id="242" dir="1" index="2" bw="14" slack="1"/>
</pin_list>
<bind>
<opcode="add(8) " fcode="add"/>
<opset="tmp_14/3 "/>
</bind>
</comp>

<comp id="245" class="1004" name="tmp_2_fu_245">
<pin_list>
<pin id="246" dir="0" index="0" bw="2" slack="0"/>
<pin id="247" dir="0" index="1" bw="1" slack="0"/>
<pin id="248" dir="1" index="2" bw="1" slack="2147483647"/>
</pin_list>
<bind>
<opcode="icmp(45) " fcode="icmp"/>
<opset="tmp_2/3 "/>
</bind>
</comp>

<comp id="251" class="1004" name="kr_fu_251">
<pin_list>
<pin id="252" dir="0" index="0" bw="1" slack="0"/>
<pin id="253" dir="0" index="1" bw="2" slack="0"/>
<pin id="254" dir="1" index="2" bw="2" slack="0"/>
</pin_list>
<bind>
<opcode="add(8) " fcode="add"/>
<opset="kr/3 "/>
</bind>
</comp>

<comp id="257" class="1004" name="p_oc_cast1_cast7_fu_257">
<pin_list>
<pin id="258" dir="0" index="0" bw="2" slack="0"/>
<pin id="259" dir="1" index="1" bw="14" slack="0"/>
</pin_list>
<bind>
<opcode="zext(34) " fcode="zext"/>
<opset="p_oc_cast1_cast7/4 "/>
</bind>
</comp>

<comp id="261" class="1004" name="p_oc_cast1_cast_fu_261">
<pin_list>
<pin id="262" dir="0" index="0" bw="2" slack="0"/>
<pin id="263" dir="1" index="1" bw="12" slack="0"/>
</pin_list>
<bind>
<opcode="zext(34) " fcode="zext"/>
<opset="p_oc_cast1_cast/4 "/>
</bind>
</comp>

<comp id="265" class="1004" name="tmp_15_fu_265">
<pin_list>
<pin id="266" dir="0" index="0" bw="12" slack="1"/>
<pin id="267" dir="0" index="1" bw="2" slack="0"/>
<pin id="268" dir="1" index="2" bw="12" slack="0"/>
</pin_list>
<bind>
<opcode="add(8) " fcode="add"/>
<opset="tmp_15/4 "/>
</bind>
</comp>

<comp id="270" class="1004" name="tmp_19_cast_fu_270">
<pin_list>
<pin id="271" dir="0" index="0" bw="12" slack="0"/>
<pin id="272" dir="1" index="1" bw="32" slack="0"/>
</pin_list>
<bind>
<opcode="zext(34) " fcode="zext"/>
<opset="tmp_19_cast/4 "/>
</bind>
</comp>

<comp id="275" class="1004" name="tmp_16_fu_275">
<pin_list>
<pin id="276" dir="0" index="0" bw="14" slack="1"/>
<pin id="277" dir="0" index="1" bw="2" slack="0"/>
<pin id="278" dir="1" index="2" bw="14" slack="0"/>
</pin_list>
<bind>
<opcode="add(8) " fcode="add"/>
<opset="tmp_16/4 "/>
</bind>
</comp>

<comp id="280" class="1004" name="tmp_20_cast_fu_280">
<pin_list>
<pin id="281" dir="0" index="0" bw="14" slack="0"/>
<pin id="282" dir="1" index="1" bw="32" slack="0"/>
</pin_list>
<bind>
<opcode="zext(34) " fcode="zext"/>
<opset="tmp_20_cast/4 "/>
</bind>
</comp>

<comp id="285" class="1004" name="tmp_4_fu_285">
<pin_list>
<pin id="286" dir="0" index="0" bw="2" slack="0"/>
<pin id="287" dir="0" index="1" bw="1" slack="0"/>
<pin id="288" dir="1" index="2" bw="1" slack="2147483647"/>
</pin_list>
<bind>
<opcode="icmp(45) " fcode="icmp"/>
<opset="tmp_4/4 "/>
</bind>
</comp>

<comp id="291" class="1004" name="kc_fu_291">
<pin_list>
<pin id="292" dir="0" index="0" bw="2" slack="0"/>
<pin id="293" dir="0" index="1" bw="1" slack="0"/>
<pin id="294" dir="1" index="2" bw="2" slack="0"/>
</pin_list>
<bind>
<opcode="add(8) " fcode="add"/>
<opset="kc/4 "/>
</bind>
</comp>

<comp id="297" class="1004" name="tmp_6_fu_297">
<pin_list>
<pin id="298" dir="0" index="0" bw="32" slack="1"/>
<pin id="299" dir="0" index="1" bw="32" slack="1"/>
<pin id="300" dir="1" index="2" bw="32" slack="1"/>
</pin_list>
<bind>
<opcode="mul(12) " fcode="mul"/>
<opset="tmp_6/6 "/>
</bind>
</comp>

<comp id="301" class="1005" name="ifeat_addr_reg_301">
<pin_list>
<pin id="302" dir="0" index="0" bw="11" slack="3"/>
<pin id="303" dir="1" index="1" bw="11" slack="3"/>
</pin_list>
<bind>
<opset="ifeat_addr "/>
</bind>
</comp>

<comp id="306" class="1005" name="tmp_3_reg_306">
<pin_list>
<pin id="307" dir="0" index="0" bw="32" slack="1"/>
<pin id="308" dir="1" index="1" bw="32" slack="1"/>
</pin_list>
<bind>
<opset="tmp_3 "/>
</bind>
</comp>

<comp id="312" class="1005" name="tmp_8_reg_312">
<pin_list>
<pin id="313" dir="0" index="0" bw="32" slack="1"/>
<pin id="314" dir="1" index="1" bw="32" slack="1"/>
</pin_list>
<bind>
<opset="tmp_8 "/>
</bind>
</comp>

<comp id="317" class="1005" name="oc_1_reg_317">
<pin_list>
<pin id="318" dir="0" index="0" bw="32" slack="0"/>
<pin id="319" dir="1" index="1" bw="32" slack="0"/>
</pin_list>
<bind>
<opset="oc_1 "/>
</bind>
</comp>

<comp id="322" class="1005" name="tmp_s_reg_322">
<pin_list>
<pin id="323" dir="0" index="0" bw="12" slack="1"/>
<pin id="324" dir="1" index="1" bw="12" slack="1"/>
</pin_list>
<bind>
<opset="tmp_s "/>
</bind>
</comp>

<comp id="327" class="1005" name="tmp_14_reg_327">
<pin_list>
<pin id="328" dir="0" index="0" bw="14" slack="1"/>
<pin id="329" dir="1" index="1" bw="14" slack="1"/>
</pin_list>
<bind>
<opset="tmp_14 "/>
</bind>
</comp>

<comp id="335" class="1005" name="kr_reg_335">
<pin_list>
<pin id="336" dir="0" index="0" bw="2" slack="0"/>
<pin id="337" dir="1" index="1" bw="2" slack="0"/>
</pin_list>
<bind>
<opset="kr "/>
</bind>
</comp>

<comp id="340" class="1005" name="kernel_addr_reg_340">
<pin_list>
<pin id="341" dir="0" index="0" bw="11" slack="1"/>
<pin id="342" dir="1" index="1" bw="11" slack="1"/>
</pin_list>
<bind>
<opset="kernel_addr "/>
</bind>
</comp>

<comp id="345" class="1005" name="ofeat_addr_reg_345">
<pin_list>
<pin id="346" dir="0" index="0" bw="13" slack="3"/>
<pin id="347" dir="1" index="1" bw="13" slack="3"/>
</pin_list>
<bind>
<opset="ofeat_addr "/>
</bind>
</comp>

<comp id="353" class="1005" name="kc_reg_353">
<pin_list>
<pin id="354" dir="0" index="0" bw="2" slack="0"/>
<pin id="355" dir="1" index="1" bw="2" slack="0"/>
</pin_list>
<bind>
<opset="kc "/>
</bind>
</comp>

<comp id="358" class="1005" name="ifeat_load_reg_358">
<pin_list>
<pin id="359" dir="0" index="0" bw="32" slack="1"/>
<pin id="360" dir="1" index="1" bw="32" slack="1"/>
</pin_list>
<bind>
<opset="ifeat_load "/>
</bind>
</comp>

<comp id="363" class="1005" name="kernel_load_reg_363">
<pin_list>
<pin id="364" dir="0" index="0" bw="32" slack="1"/>
<pin id="365" dir="1" index="1" bw="32" slack="1"/>
</pin_list>
<bind>
<opset="kernel_load "/>
</bind>
</comp>

<comp id="368" class="1005" name="tmp_6_reg_368">
<pin_list>
<pin id="369" dir="0" index="0" bw="32" slack="1"/>
<pin id="370" dir="1" index="1" bw="32" slack="1"/>
</pin_list>
<bind>
<opset="tmp_6 "/>
</bind>
</comp>

</comp_list>

<net_list>
<net id="59"><net_src comp="2" pin="0"/><net_sink comp="54" pin=0"/></net>

<net id="60"><net_src comp="6" pin="0"/><net_sink comp="54" pin=1"/></net>

<net id="61"><net_src comp="6" pin="0"/><net_sink comp="54" pin=2"/></net>

<net id="67"><net_src comp="0" pin="0"/><net_sink comp="62" pin=0"/></net>

<net id="68"><net_src comp="6" pin="0"/><net_sink comp="62" pin=1"/></net>

<net id="74"><net_src comp="4" pin="0"/><net_sink comp="69" pin=0"/></net>

<net id="75"><net_src comp="6" pin="0"/><net_sink comp="69" pin=1"/></net>

<net id="84"><net_src comp="62" pin="3"/><net_sink comp="80" pin=0"/></net>

<net id="92"><net_src comp="6" pin="0"/><net_sink comp="89" pin=0"/></net>

<net id="99"><net_src comp="89" pin="1"/><net_sink comp="93" pin=0"/></net>

<net id="103"><net_src comp="22" pin="0"/><net_sink comp="100" pin=0"/></net>

<net id="110"><net_src comp="100" pin="1"/><net_sink comp="104" pin=0"/></net>

<net id="114"><net_src comp="22" pin="0"/><net_sink comp="111" pin=0"/></net>

<net id="121"><net_src comp="111" pin="1"/><net_sink comp="115" pin=2"/></net>

<net id="126"><net_src comp="93" pin="4"/><net_sink comp="122" pin=0"/></net>

<net id="127"><net_src comp="14" pin="0"/><net_sink comp="122" pin=1"/></net>

<net id="132"><net_src comp="93" pin="4"/><net_sink comp="128" pin=0"/></net>

<net id="133"><net_src comp="16" pin="0"/><net_sink comp="128" pin=1"/></net>

<net id="138"><net_src comp="122" pin="2"/><net_sink comp="134" pin=0"/></net>

<net id="139"><net_src comp="128" pin="2"/><net_sink comp="134" pin=1"/></net>

<net id="144"><net_src comp="93" pin="4"/><net_sink comp="140" pin=0"/></net>

<net id="145"><net_src comp="18" pin="0"/><net_sink comp="140" pin=1"/></net>

<net id="150"><net_src comp="93" pin="4"/><net_sink comp="146" pin=0"/></net>

<net id="151"><net_src comp="20" pin="0"/><net_sink comp="146" pin=1"/></net>

<net id="156"><net_src comp="146" pin="2"/><net_sink comp="152" pin=0"/></net>

<net id="157"><net_src comp="140" pin="2"/><net_sink comp="152" pin=1"/></net>

<net id="162"><net_src comp="20" pin="0"/><net_sink comp="158" pin=0"/></net>

<net id="163"><net_src comp="93" pin="4"/><net_sink comp="158" pin=1"/></net>

<net id="167"><net_src comp="104" pin="4"/><net_sink comp="164" pin=0"/></net>

<net id="174"><net_src comp="24" pin="0"/><net_sink comp="168" pin=0"/></net>

<net id="175"><net_src comp="26" pin="0"/><net_sink comp="168" pin=2"/></net>

<net id="176"><net_src comp="28" pin="0"/><net_sink comp="168" pin=3"/></net>

<net id="182"><net_src comp="30" pin="0"/><net_sink comp="177" pin=0"/></net>

<net id="183"><net_src comp="168" pin="4"/><net_sink comp="177" pin=1"/></net>

<net id="184"><net_src comp="104" pin="4"/><net_sink comp="177" pin=2"/></net>

<net id="191"><net_src comp="32" pin="0"/><net_sink comp="185" pin=0"/></net>

<net id="192"><net_src comp="26" pin="0"/><net_sink comp="185" pin=2"/></net>

<net id="193"><net_src comp="34" pin="0"/><net_sink comp="185" pin=3"/></net>

<net id="200"><net_src comp="36" pin="0"/><net_sink comp="194" pin=0"/></net>

<net id="201"><net_src comp="185" pin="4"/><net_sink comp="194" pin=1"/></net>

<net id="202"><net_src comp="104" pin="4"/><net_sink comp="194" pin=2"/></net>

<net id="203"><net_src comp="22" pin="0"/><net_sink comp="194" pin=3"/></net>

<net id="208"><net_src comp="194" pin="4"/><net_sink comp="204" pin=0"/></net>

<net id="209"><net_src comp="177" pin="3"/><net_sink comp="204" pin=1"/></net>

<net id="214"><net_src comp="164" pin="1"/><net_sink comp="210" pin=1"/></net>

<net id="218"><net_src comp="210" pin="2"/><net_sink comp="215" pin=0"/></net>

<net id="224"><net_src comp="38" pin="0"/><net_sink comp="219" pin=0"/></net>

<net id="225"><net_src comp="215" pin="1"/><net_sink comp="219" pin=1"/></net>

<net id="226"><net_src comp="40" pin="0"/><net_sink comp="219" pin=2"/></net>

<net id="230"><net_src comp="210" pin="2"/><net_sink comp="227" pin=0"/></net>

<net id="236"><net_src comp="42" pin="0"/><net_sink comp="231" pin=0"/></net>

<net id="237"><net_src comp="227" pin="1"/><net_sink comp="231" pin=1"/></net>

<net id="238"><net_src comp="44" pin="0"/><net_sink comp="231" pin=2"/></net>

<net id="243"><net_src comp="231" pin="3"/><net_sink comp="239" pin=0"/></net>

<net id="244"><net_src comp="219" pin="3"/><net_sink comp="239" pin=1"/></net>

<net id="249"><net_src comp="104" pin="4"/><net_sink comp="245" pin=0"/></net>

<net id="250"><net_src comp="46" pin="0"/><net_sink comp="245" pin=1"/></net>

<net id="255"><net_src comp="52" pin="0"/><net_sink comp="251" pin=0"/></net>

<net id="256"><net_src comp="104" pin="4"/><net_sink comp="251" pin=1"/></net>

<net id="260"><net_src comp="115" pin="4"/><net_sink comp="257" pin=0"/></net>

<net id="264"><net_src comp="115" pin="4"/><net_sink comp="261" pin=0"/></net>

<net id="269"><net_src comp="261" pin="1"/><net_sink comp="265" pin=1"/></net>

<net id="273"><net_src comp="265" pin="2"/><net_sink comp="270" pin=0"/></net>

<net id="274"><net_src comp="270" pin="1"/><net_sink comp="62" pin=2"/></net>

<net id="279"><net_src comp="257" pin="1"/><net_sink comp="275" pin=1"/></net>

<net id="283"><net_src comp="275" pin="2"/><net_sink comp="280" pin=0"/></net>

<net id="284"><net_src comp="280" pin="1"/><net_sink comp="69" pin=2"/></net>

<net id="289"><net_src comp="115" pin="4"/><net_sink comp="285" pin=0"/></net>

<net id="290"><net_src comp="46" pin="0"/><net_sink comp="285" pin=1"/></net>

<net id="295"><net_src comp="115" pin="4"/><net_sink comp="291" pin=0"/></net>

<net id="296"><net_src comp="52" pin="0"/><net_sink comp="291" pin=1"/></net>

<net id="304"><net_src comp="54" pin="3"/><net_sink comp="301" pin=0"/></net>

<net id="305"><net_src comp="301" pin="1"/><net_sink comp="76" pin=0"/></net>

<net id="309"><net_src comp="134" pin="2"/><net_sink comp="306" pin=0"/></net>

<net id="310"><net_src comp="306" pin="1"/><net_sink comp="168" pin=1"/></net>

<net id="311"><net_src comp="306" pin="1"/><net_sink comp="185" pin=1"/></net>

<net id="315"><net_src comp="152" pin="2"/><net_sink comp="312" pin=0"/></net>

<net id="316"><net_src comp="312" pin="1"/><net_sink comp="210" pin=0"/></net>

<net id="320"><net_src comp="158" pin="2"/><net_sink comp="317" pin=0"/></net>

<net id="321"><net_src comp="317" pin="1"/><net_sink comp="93" pin=2"/></net>

<net id="325"><net_src comp="204" pin="2"/><net_sink comp="322" pin=0"/></net>

<net id="326"><net_src comp="322" pin="1"/><net_sink comp="265" pin=0"/></net>

<net id="330"><net_src comp="239" pin="2"/><net_sink comp="327" pin=0"/></net>

<net id="331"><net_src comp="327" pin="1"/><net_sink comp="275" pin=0"/></net>

<net id="338"><net_src comp="251" pin="2"/><net_sink comp="335" pin=0"/></net>

<net id="339"><net_src comp="335" pin="1"/><net_sink comp="104" pin=2"/></net>

<net id="343"><net_src comp="62" pin="3"/><net_sink comp="340" pin=0"/></net>

<net id="344"><net_src comp="340" pin="1"/><net_sink comp="80" pin=0"/></net>

<net id="348"><net_src comp="69" pin="3"/><net_sink comp="345" pin=0"/></net>

<net id="349"><net_src comp="345" pin="1"/><net_sink comp="85" pin=0"/></net>

<net id="356"><net_src comp="291" pin="2"/><net_sink comp="353" pin=0"/></net>

<net id="357"><net_src comp="353" pin="1"/><net_sink comp="115" pin=0"/></net>

<net id="361"><net_src comp="76" pin="2"/><net_sink comp="358" pin=0"/></net>

<net id="362"><net_src comp="358" pin="1"/><net_sink comp="297" pin=1"/></net>

<net id="366"><net_src comp="80" pin="2"/><net_sink comp="363" pin=0"/></net>

<net id="367"><net_src comp="363" pin="1"/><net_sink comp="297" pin=0"/></net>

<net id="371"><net_src comp="297" pin="2"/><net_sink comp="368" pin=0"/></net>

<net id="372"><net_src comp="368" pin="1"/><net_sink comp="85" pin=1"/></net>

</net_list>

</model> 
---------------- Datapath Model END ------------------

* FSMD analyzer results:
  - Output states:
	Port: ofeat | {7 }
 - Input state : 
	Port: deconvolution : kernel | {4 5 }
	Port: deconvolution : ifeat | {4 5 }
  - Chain level:
	State 1
	State 2
		tmp : 1
		tmp_1 : 1
		tmp_3 : 1
		tmp_5 : 1
		tmp_7 : 1
		tmp_8 : 1
		oc_1 : 1
	State 3
		p_or_cast2 : 1
		tmp_12_cast : 1
		p_shl6_cast : 1
		tmp_s : 2
		tmp_11 : 2
		tmp_12 : 3
		p_shl4_cast : 4
		tmp_13 : 3
		p_shl5_cast : 4
		tmp_14 : 5
		tmp_2 : 1
		kr : 1
		StgValue_39 : 2
	State 4
		p_oc_cast1_cast7 : 1
		p_oc_cast1_cast : 1
		tmp_15 : 2
		tmp_19_cast : 3
		kernel_addr : 4
		tmp_16 : 2
		tmp_20_cast : 3
		ofeat_addr : 4
		tmp_4 : 1
		kc : 1
		StgValue_54 : 2
		kernel_load : 5
	State 5
	State 6
	State 7


============================================================
+ Verbose Summary: Datapath Resource usage 
============================================================

* Functional unit list:
|----------|-------------------------|---------|---------|---------|
| Operation|     Functional Unit     |  DSP48E |    FF   |   LUT   |
|----------|-------------------------|---------|---------|---------|
|          |       tmp_8_fu_152      |    0    |    0    |    39   |
|          |       oc_1_fu_158       |    0    |    0    |    39   |
|          |      tmp_11_fu_210      |    0    |    0    |    39   |
|    add   |      tmp_14_fu_239      |    0    |    0    |    21   |
|          |        kr_fu_251        |    0    |    0    |    10   |
|          |      tmp_15_fu_265      |    0    |    0    |    19   |
|          |      tmp_16_fu_275      |    0    |    0    |    21   |
|          |        kc_fu_291        |    0    |    0    |    10   |
|----------|-------------------------|---------|---------|---------|
|    sub   |       tmp_3_fu_134      |    0    |    0    |    39   |
|          |       tmp_s_fu_204      |    0    |    0    |    19   |
|----------|-------------------------|---------|---------|---------|
|    mul   |       tmp_6_fu_297      |    3    |    0    |    20   |
|----------|-------------------------|---------|---------|---------|
|   icmp   |       tmp_2_fu_245      |    0    |    0    |    8    |
|          |       tmp_4_fu_285      |    0    |    0    |    8    |
|----------|-------------------------|---------|---------|---------|
|          |        tmp_fu_122       |    0    |    0    |    0    |
|    shl   |       tmp_1_fu_128      |    0    |    0    |    0    |
|          |       tmp_5_fu_140      |    0    |    0    |    0    |
|          |       tmp_7_fu_146      |    0    |    0    |    0    |
|----------|-------------------------|---------|---------|---------|
|          |    p_or_cast2_fu_164    |    0    |    0    |    0    |
|          | p_oc_cast1_cast7_fu_257 |    0    |    0    |    0    |
|   zext   |  p_oc_cast1_cast_fu_261 |    0    |    0    |    0    |
|          |    tmp_19_cast_fu_270   |    0    |    0    |    0    |
|          |    tmp_20_cast_fu_280   |    0    |    0    |    0    |
|----------|-------------------------|---------|---------|---------|
|partselect|       tmp_9_fu_168      |    0    |    0    |    0    |
|          |      tmp_10_fu_185      |    0    |    0    |    0    |
|----------|-------------------------|---------|---------|---------|
|          |    tmp_12_cast_fu_177   |    0    |    0    |    0    |
|bitconcatenate|    p_shl6_cast_fu_194   |    0    |    0    |    0    |
|          |    p_shl4_cast_fu_219   |    0    |    0    |    0    |
|          |    p_shl5_cast_fu_231   |    0    |    0    |    0    |
|----------|-------------------------|---------|---------|---------|
|   trunc  |      tmp_12_fu_215      |    0    |    0    |    0    |
|          |      tmp_13_fu_227      |    0    |    0    |    0    |
|----------|-------------------------|---------|---------|---------|
|   Total  |                         |    3    |    0    |   292   |
|----------|-------------------------|---------|---------|---------|

Memories:
N/A

* Register list:
+-------------------+--------+
|                   |   FF   |
+-------------------+--------+
| ifeat_addr_reg_301|   11   |
| ifeat_load_reg_358|   32   |
|     kc_reg_353    |    2   |
|kernel_addr_reg_340|   11   |
|kernel_load_reg_363|   32   |
|     kr_reg_335    |    2   |
|    oc_1_reg_317   |   32   |
|     oc_reg_89     |   32   |
| ofeat_addr_reg_345|   13   |
|    p_oc_reg_111   |    2   |
|    p_or_reg_100   |    2   |
|   tmp_14_reg_327  |   14   |
|   tmp_3_reg_306   |   32   |
|   tmp_6_reg_368   |   32   |
|   tmp_8_reg_312   |   32   |
|   tmp_s_reg_322   |   12   |
+-------------------+--------+
|       Total       |   293  |
+-------------------+--------+

* Multiplexer (MUX) list: 
|------------------|------|------|------|--------||---------||---------|
|       Comp       |  Pin | Size |  BW  | S x BW ||  Delay  ||   LUT   |
|------------------|------|------|------|--------||---------||---------|
| grp_access_fu_80 |  p0  |   2  |  11  |   22   ||    9    |
|------------------|------|------|------|--------||---------||---------|
|       Total      |      |      |      |   22   ||  1.769  ||    9    |
|------------------|------|------|------|--------||---------||---------|



* Summary:
+-----------+--------+--------+--------+--------+
|           | DSP48E |  Delay |   FF   |   LUT  |
+-----------+--------+--------+--------+--------+
|  Function |    3   |    -   |    0   |   292  |
|   Memory  |    -   |    -   |    -   |    -   |
|Multiplexer|    -   |    1   |    -   |    9   |
|  Register |    -   |    -   |   293  |    -   |
+-----------+--------+--------+--------+--------+
|   Total   |    3   |    1   |   293  |   301  |
+-----------+--------+--------+--------+--------+
