

================================================================
== Vivado HLS Report for 'deconv2_preprocess10'
================================================================
* Date:           Tue Oct 30 18:51:20 2018

* Version:        2017.1 (Build 1846317 on Thu Jun 22 18:17:09 MDT 2017)
* Project:        deconv_generalized
* Solution:       solution1
* Product family: zynq
* Target device:  xc7z020clg484-1


================================================================
== Performance Estimates
================================================================
+ Timing (ns): 
    * Summary: 
    +--------+-------+----------+------------+
    |  Clock | Target| Estimated| Uncertainty|
    +--------+-------+----------+------------+
    |ap_clk  |  10.00|      4.64|        1.25|
    +--------+-------+----------+------------+

+ Latency (clock cycles): 
    * Summary: 
    +-----+-----+-----+-----+---------+
    |  Latency  |  Interval | Pipeline|
    | min | max | min | max |   Type  |
    +-----+-----+-----+-----+---------+
    |    0|    0|    0|    0|   none  |
    +-----+-----+-----+-----+---------+

    + Detail: 
        * Instance: 
        N/A

        * Loop: 
        N/A



================================================================
== Utilization Estimates
================================================================
* Summary: 
+-----------------+---------+-------+--------+-------+
|       Name      | BRAM_18K| DSP48E|   FF   |  LUT  |
+-----------------+---------+-------+--------+-------+
|DSP              |        -|      -|       -|      -|
|Expression       |        -|      -|       0|      8|
|FIFO             |        -|      -|       -|      -|
|Instance         |        -|      -|       -|      -|
|Memory           |        -|      -|       -|      -|
|Multiplexer      |        -|      -|       -|     81|
|Register         |        -|      -|       2|      -|
+-----------------+---------+-------+--------+-------+
|Total            |        0|      0|       2|     89|
+-----------------+---------+-------+--------+-------+
|Available        |      280|    220|  106400|  53200|
+-----------------+---------+-------+--------+-------+
|Utilization (%)  |        0|      0|   ~0   |   ~0  |
+-----------------+---------+-------+--------+-------+

+ Detail: 
    * Instance: 
    N/A

    * DSP48: 
    N/A

    * Memory: 
    N/A

    * FIFO: 
    N/A

    * Expression: 
    +-----------------+----------+-------+---+----+------------+------------+
    |  Variable Name  | Operation| DSP48E| FF| LUT| Bitwidth P0| Bitwidth P1|
    +-----------------+----------+-------+---+----+------------+------------+
    |ap_block_state1  |    or    |      0|  0|   8|           1|           1|
    +-----------------+----------+-------+---+----+------------+------------+
    |Total            |          |      0|  0|   8|           1|           1|
    +-----------------+----------+-------+---+----+------------+------------+

    * Multiplexer: 
    +-------------------------------+----+-----------+-----+-----------+
    |              Name             | LUT| Input Size| Bits| Total Bits|
    +-------------------------------+----+-----------+-----+-----------+
    |ap_done                        |   9|          2|    1|          2|
    |p_read1_blk_n                  |   9|          2|    1|          2|
    |p_read2_blk_n                  |   9|          2|    1|          2|
    |p_read3_blk_n                  |   9|          2|    1|          2|
    |p_read_blk_n                   |   9|          2|    1|          2|
    |param1_I_c_V_reload_out_blk_n  |   9|          2|    1|          2|
    |param1_I_h_V_reload_out_blk_n  |   9|          2|    1|          2|
    |param1_I_w_V_reload_out_blk_n  |   9|          2|    1|          2|
    |param1_S_V_reload_out_blk_n    |   9|          2|    1|          2|
    +-------------------------------+----+-----------+-----+-----------+
    |Total                          |  81|         18|    9|         18|
    +-------------------------------+----+-----------+-----+-----------+

    * Register: 
    +-------------+---+----+-----+-----------+
    |     Name    | FF| LUT| Bits| Const Bits|
    +-------------+---+----+-----+-----------+
    |ap_CS_fsm    |  1|   0|    1|          0|
    |ap_done_reg  |  1|   0|    1|          0|
    +-------------+---+----+-----+-----------+
    |Total        |  2|   0|    2|          0|
    +-------------+---+----+-----+-----------+



================================================================
== Interface
================================================================
* Summary: 
+--------------------------------+-----+-----+------------+-------------------------+--------------+
|            RTL Ports           | Dir | Bits|  Protocol  |      Source Object      |    C Type    |
+--------------------------------+-----+-----+------------+-------------------------+--------------+
|ap_clk                          |  in |    1| ap_ctrl_hs |   deconv2_preprocess10  | return value |
|ap_rst                          |  in |    1| ap_ctrl_hs |   deconv2_preprocess10  | return value |
|ap_start                        |  in |    1| ap_ctrl_hs |   deconv2_preprocess10  | return value |
|ap_done                         | out |    1| ap_ctrl_hs |   deconv2_preprocess10  | return value |
|ap_continue                     |  in |    1| ap_ctrl_hs |   deconv2_preprocess10  | return value |
|ap_idle                         | out |    1| ap_ctrl_hs |   deconv2_preprocess10  | return value |
|ap_ready                        | out |    1| ap_ctrl_hs |   deconv2_preprocess10  | return value |
|p_read_dout                     |  in |    6|   ap_fifo  |          p_read         |    pointer   |
|p_read_empty_n                  |  in |    1|   ap_fifo  |          p_read         |    pointer   |
|p_read_read                     | out |    1|   ap_fifo  |          p_read         |    pointer   |
|p_read1_dout                    |  in |    6|   ap_fifo  |         p_read1         |    pointer   |
|p_read1_empty_n                 |  in |    1|   ap_fifo  |         p_read1         |    pointer   |
|p_read1_read                    | out |    1|   ap_fifo  |         p_read1         |    pointer   |
|p_read2_dout                    |  in |    6|   ap_fifo  |         p_read2         |    pointer   |
|p_read2_empty_n                 |  in |    1|   ap_fifo  |         p_read2         |    pointer   |
|p_read2_read                    | out |    1|   ap_fifo  |         p_read2         |    pointer   |
|p_read3_dout                    |  in |    6|   ap_fifo  |         p_read3         |    pointer   |
|p_read3_empty_n                 |  in |    1|   ap_fifo  |         p_read3         |    pointer   |
|p_read3_read                    | out |    1|   ap_fifo  |         p_read3         |    pointer   |
|param1_S_V_reload_out_din       | out |    6|   ap_fifo  |  param1_S_V_reload_out  |    pointer   |
|param1_S_V_reload_out_full_n    |  in |    1|   ap_fifo  |  param1_S_V_reload_out  |    pointer   |
|param1_S_V_reload_out_write     | out |    1|   ap_fifo  |  param1_S_V_reload_out  |    pointer   |
|param1_I_c_V_reload_out_din     | out |    6|   ap_fifo  | param1_I_c_V_reload_out |    pointer   |
|param1_I_c_V_reload_out_full_n  |  in |    1|   ap_fifo  | param1_I_c_V_reload_out |    pointer   |
|param1_I_c_V_reload_out_write   | out |    1|   ap_fifo  | param1_I_c_V_reload_out |    pointer   |
|param1_I_w_V_reload_out_din     | out |    6|   ap_fifo  | param1_I_w_V_reload_out |    pointer   |
|param1_I_w_V_reload_out_full_n  |  in |    1|   ap_fifo  | param1_I_w_V_reload_out |    pointer   |
|param1_I_w_V_reload_out_write   | out |    1|   ap_fifo  | param1_I_w_V_reload_out |    pointer   |
|param1_I_h_V_reload_out_din     | out |    6|   ap_fifo  | param1_I_h_V_reload_out |    pointer   |
|param1_I_h_V_reload_out_full_n  |  in |    1|   ap_fifo  | param1_I_h_V_reload_out |    pointer   |
|param1_I_h_V_reload_out_write   | out |    1|   ap_fifo  | param1_I_h_V_reload_out |    pointer   |
+--------------------------------+-----+-----+------------+-------------------------+--------------+

