

================================================================
== Vivado HLS Report for 'deconv2_preprocess10_2'
================================================================
* Date:           Tue Oct 30 18:51:20 2018

* Version:        2017.1 (Build 1846317 on Thu Jun 22 18:17:09 MDT 2017)
* Project:        deconv_generalized
* Solution:       solution1
* Product family: zynq
* Target device:  xc7z020clg484-1


================================================================
== Performance Estimates
================================================================
+ Timing (ns): 
    * Summary: 
    +--------+-------+----------+------------+
    |  Clock | Target| Estimated| Uncertainty|
    +--------+-------+----------+------------+
    |ap_clk  |  10.00|      2.32|        1.25|
    +--------+-------+----------+------------+

+ Latency (clock cycles): 
    * Summary: 
    +-----+-----+-----+-----+---------+
    |  Latency  |  Interval | Pipeline|
    | min | max | min | max |   Type  |
    +-----+-----+-----+-----+---------+
    |    0|    0|    0|    0|   none  |
    +-----+-----+-----+-----+---------+

    + Detail: 
        * Instance: 
        N/A

        * Loop: 
        N/A



================================================================
== Utilization Estimates
================================================================
* Summary: 
+-----------------+---------+-------+--------+-------+
|       Name      | BRAM_18K| DSP48E|   FF   |  LUT  |
+-----------------+---------+-------+--------+-------+
|DSP              |        -|      -|       -|      -|
|Expression       |        -|      -|       0|      8|
|FIFO             |        -|      -|       -|      -|
|Instance         |        -|      -|       -|      -|
|Memory           |        -|      -|       -|      -|
|Multiplexer      |        -|      -|       -|     54|
|Register         |        -|      -|       3|      -|
+-----------------+---------+-------+--------+-------+
|Total            |        0|      0|       3|     62|
+-----------------+---------+-------+--------+-------+
|Available        |      280|    220|  106400|  53200|
+-----------------+---------+-------+--------+-------+
|Utilization (%)  |        0|      0|   ~0   |   ~0  |
+-----------------+---------+-------+--------+-------+

+ Detail: 
    * Instance: 
    N/A

    * DSP48: 
    N/A

    * Memory: 
    N/A

    * FIFO: 
    N/A

    * Expression: 
    +-----------------+----------+-------+---+----+------------+------------+
    |  Variable Name  | Operation| DSP48E| FF| LUT| Bitwidth P0| Bitwidth P1|
    +-----------------+----------+-------+---+----+------------+------------+
    |ap_block_state1  |    or    |      0|  0|   8|           1|           1|
    +-----------------+----------+-------+---+----+------------+------------+
    |Total            |          |      0|  0|   8|           1|           1|
    +-----------------+----------+-------+---+----+------------+------------+

    * Multiplexer: 
    +-------------------+----+-----------+-----+-----------+
    |        Name       | LUT| Input Size| Bits| Total Bits|
    +-------------------+----+-----------+-----+-----------+
    |ap_done            |   9|          2|    1|          2|
    |p_read1_out_blk_n  |   9|          2|    1|          2|
    |p_read2_out_blk_n  |   9|          2|    1|          2|
    |p_read3_out_blk_n  |   9|          2|    1|          2|
    |p_read_out_blk_n   |   9|          2|    1|          2|
    |real_start         |   9|          2|    1|          2|
    +-------------------+----+-----------+-----+-----------+
    |Total              |  54|         12|    6|         12|
    +-------------------+----+-----------+-----+-----------+

    * Register: 
    +----------------+---+----+-----+-----------+
    |      Name      | FF| LUT| Bits| Const Bits|
    +----------------+---+----+-----+-----------+
    |ap_CS_fsm       |  1|   0|    1|          0|
    |ap_done_reg     |  1|   0|    1|          0|
    |start_once_reg  |  1|   0|    1|          0|
    +----------------+---+----+-----+-----------+
    |Total           |  3|   0|    3|          0|
    +----------------+---+----+-----+-----------+



================================================================
== Interface
================================================================
* Summary: 
+--------------------+-----+-----+------------+------------------------+--------------+
|      RTL Ports     | Dir | Bits|  Protocol  |      Source Object     |    C Type    |
+--------------------+-----+-----+------------+------------------------+--------------+
|ap_clk              |  in |    1| ap_ctrl_hs | deconv2_preprocess10.2 | return value |
|ap_rst              |  in |    1| ap_ctrl_hs | deconv2_preprocess10.2 | return value |
|ap_start            |  in |    1| ap_ctrl_hs | deconv2_preprocess10.2 | return value |
|start_full_n        |  in |    1| ap_ctrl_hs | deconv2_preprocess10.2 | return value |
|ap_done             | out |    1| ap_ctrl_hs | deconv2_preprocess10.2 | return value |
|ap_continue         |  in |    1| ap_ctrl_hs | deconv2_preprocess10.2 | return value |
|ap_idle             | out |    1| ap_ctrl_hs | deconv2_preprocess10.2 | return value |
|ap_ready            | out |    1| ap_ctrl_hs | deconv2_preprocess10.2 | return value |
|start_out           | out |    1| ap_ctrl_hs | deconv2_preprocess10.2 | return value |
|start_write         | out |    1| ap_ctrl_hs | deconv2_preprocess10.2 | return value |
|p_read              |  in |    6|   ap_none  |         p_read         |    scalar    |
|p_read1             |  in |    6|   ap_none  |         p_read1        |    scalar    |
|p_read2             |  in |    6|   ap_none  |         p_read2        |    scalar    |
|p_read3             |  in |    6|   ap_none  |         p_read3        |    scalar    |
|p_read_out_din      | out |    6|   ap_fifo  |       p_read_out       |    pointer   |
|p_read_out_full_n   |  in |    1|   ap_fifo  |       p_read_out       |    pointer   |
|p_read_out_write    | out |    1|   ap_fifo  |       p_read_out       |    pointer   |
|p_read1_out_din     | out |    6|   ap_fifo  |       p_read1_out      |    pointer   |
|p_read1_out_full_n  |  in |    1|   ap_fifo  |       p_read1_out      |    pointer   |
|p_read1_out_write   | out |    1|   ap_fifo  |       p_read1_out      |    pointer   |
|p_read2_out_din     | out |    6|   ap_fifo  |       p_read2_out      |    pointer   |
|p_read2_out_full_n  |  in |    1|   ap_fifo  |       p_read2_out      |    pointer   |
|p_read2_out_write   | out |    1|   ap_fifo  |       p_read2_out      |    pointer   |
|p_read3_out_din     | out |    6|   ap_fifo  |       p_read3_out      |    pointer   |
|p_read3_out_full_n  |  in |    1|   ap_fifo  |       p_read3_out      |    pointer   |
|p_read3_out_write   | out |    1|   ap_fifo  |       p_read3_out      |    pointer   |
+--------------------+-----+-----+------------+------------------------+--------------+

