

================================================================
== Vivado HLS Report for 'stream_deconv2108'
================================================================
* Date:           Tue Oct 30 18:51:22 2018

* Version:        2017.1 (Build 1846317 on Thu Jun 22 18:17:09 MDT 2017)
* Project:        deconv_generalized
* Solution:       solution1
* Product family: zynq
* Target device:  xc7z020clg484-1


================================================================
== Performance Estimates
================================================================
+ Timing (ns): 
    * Summary: 
    +--------+-------+----------+------------+
    |  Clock | Target| Estimated| Uncertainty|
    +--------+-------+----------+------------+
    |ap_clk  |  10.00|      8.74|        1.25|
    +--------+-------+----------+------------+

+ Latency (clock cycles): 
    * Summary: 
    +--------+--------+--------+--------+---------+
    |     Latency     |     Interval    | Pipeline|
    |   min  |   max  |   min  |   max  |   Type  |
    +--------+--------+--------+--------+---------+
    |  306855|  306855|  306855|  306855|   none  |
    +--------+--------+--------+--------+---------+

    + Detail: 
        * Instance: 
        N/A

        * Loop: 
        +-------------------+--------+--------+----------+-----------+-----------+------+----------+
        |                   |     Latency     | Iteration|  Initiation Interval  | Trip |          |
        |     Loop Name     |   min  |   max  |  Latency |  achieved |   target  | Count| Pipelined|
        +-------------------+--------+--------+----------+-----------+-----------+------+----------+
        |- Loop 1           |    6368|    6368|       199|          -|          -|    32|    no    |
        | + Loop 1.1        |     196|     196|         2|          1|          1|   196|    yes   |
        |- L_IH_L_IW        |  295840|  295840|     18490|          -|          -|    16|    no    |
        | + L_BUF           |      32|      32|         2|          1|          1|    32|    yes   |
        | + L_OC_L_KH_L_KW  |   18437|   18437|        22|         16|          1|  1152|    yes   |
        |- Loop 3           |    4643|    4643|        37|          1|          1|  4608|    yes   |
        +-------------------+--------+--------+----------+-----------+-----------+------+----------+



================================================================
== Utilization Estimates
================================================================
* Summary: 
+-----------------+---------+-------+--------+-------+
|       Name      | BRAM_18K| DSP48E|   FF   |  LUT  |
+-----------------+---------+-------+--------+-------+
|DSP              |        -|     32|       -|      -|
|Expression       |        -|      -|       0|   2138|
|FIFO             |        -|      -|       -|      -|
|Instance         |        -|      -|    2077|   1582|
|Memory           |        9|      -|      36|      9|
|Multiplexer      |        -|      -|       -|    935|
|Register         |        0|      -|    2837|     56|
+-----------------+---------+-------+--------+-------+
|Total            |        9|     32|    4950|   4720|
+-----------------+---------+-------+--------+-------+
|Available        |      280|    220|  106400|  53200|
+-----------------+---------+-------+--------+-------+
|Utilization (%)  |        3|     14|       4|      8|
+-----------------+---------+-------+--------+-------+

+ Detail: 
    * Instance: 
    +----------------------------+----------------------+---------+-------+------+------+
    |          Instance          |        Module        | BRAM_18K| DSP48E|  FF  |  LUT |
    +----------------------------+----------------------+---------+-------+------+------+
    |deconv_sdiv_30ns_fYi_x_U66  |deconv_sdiv_30ns_fYi  |        0|      0|  2077|  1582|
    +----------------------------+----------------------+---------+-------+------+------+
    |Total                       |                      |        0|      0|  2077|  1582|
    +----------------------------+----------------------+---------+-------+------+------+

    * DSP48: 
    +----------------------------+----------------------+-----------+
    |          Instance          |        Module        | Expression|
    +----------------------------+----------------------+-----------+
    |deconv_mul_mul_18g8j_x_U67  |deconv_mul_mul_18g8j  |  i0 * i1  |
    |deconv_mul_mul_18g8j_x_U68  |deconv_mul_mul_18g8j  |  i0 * i1  |
    |deconv_mul_mul_18g8j_x_U69  |deconv_mul_mul_18g8j  |  i0 * i1  |
    |deconv_mul_mul_18g8j_x_U70  |deconv_mul_mul_18g8j  |  i0 * i1  |
    |deconv_mul_mul_18g8j_x_U71  |deconv_mul_mul_18g8j  |  i0 * i1  |
    |deconv_mul_mul_18g8j_x_U72  |deconv_mul_mul_18g8j  |  i0 * i1  |
    |deconv_mul_mul_18g8j_x_U73  |deconv_mul_mul_18g8j  |  i0 * i1  |
    |deconv_mul_mul_18g8j_x_U74  |deconv_mul_mul_18g8j  |  i0 * i1  |
    |deconv_mul_mul_18g8j_x_U75  |deconv_mul_mul_18g8j  |  i0 * i1  |
    |deconv_mul_mul_18g8j_x_U76  |deconv_mul_mul_18g8j  |  i0 * i1  |
    |deconv_mul_mul_18g8j_x_U77  |deconv_mul_mul_18g8j  |  i0 * i1  |
    |deconv_mul_mul_18g8j_x_U78  |deconv_mul_mul_18g8j  |  i0 * i1  |
    |deconv_mul_mul_18g8j_x_U79  |deconv_mul_mul_18g8j  |  i0 * i1  |
    |deconv_mul_mul_18g8j_x_U80  |deconv_mul_mul_18g8j  |  i0 * i1  |
    |deconv_mul_mul_18g8j_x_U81  |deconv_mul_mul_18g8j  |  i0 * i1  |
    |deconv_mul_mul_18g8j_x_U82  |deconv_mul_mul_18g8j  |  i0 * i1  |
    |deconv_mul_mul_18g8j_x_U83  |deconv_mul_mul_18g8j  |  i0 * i1  |
    |deconv_mul_mul_18g8j_x_U84  |deconv_mul_mul_18g8j  |  i0 * i1  |
    |deconv_mul_mul_18g8j_x_U85  |deconv_mul_mul_18g8j  |  i0 * i1  |
    |deconv_mul_mul_18g8j_x_U86  |deconv_mul_mul_18g8j  |  i0 * i1  |
    |deconv_mul_mul_18g8j_x_U87  |deconv_mul_mul_18g8j  |  i0 * i1  |
    |deconv_mul_mul_18g8j_x_U88  |deconv_mul_mul_18g8j  |  i0 * i1  |
    |deconv_mul_mul_18g8j_x_U89  |deconv_mul_mul_18g8j  |  i0 * i1  |
    |deconv_mul_mul_18g8j_x_U90  |deconv_mul_mul_18g8j  |  i0 * i1  |
    |deconv_mul_mul_18g8j_x_U91  |deconv_mul_mul_18g8j  |  i0 * i1  |
    |deconv_mul_mul_18g8j_x_U92  |deconv_mul_mul_18g8j  |  i0 * i1  |
    |deconv_mul_mul_18g8j_x_U93  |deconv_mul_mul_18g8j  |  i0 * i1  |
    |deconv_mul_mul_18g8j_x_U94  |deconv_mul_mul_18g8j  |  i0 * i1  |
    |deconv_mul_mul_18g8j_x_U95  |deconv_mul_mul_18g8j  |  i0 * i1  |
    |deconv_mul_mul_18g8j_x_U96  |deconv_mul_mul_18g8j  |  i0 * i1  |
    |deconv_mul_mul_18g8j_x_U97  |deconv_mul_mul_18g8j  |  i0 * i1  |
    |deconv_mul_mul_18g8j_x_U98  |deconv_mul_mul_18g8j  |  i0 * i1  |
    +----------------------------+----------------------+-----------+

    * Memory: 
    +-------------------+----------------------+---------+----+----+------+-----+------+-------------+
    |       Memory      |        Module        | BRAM_18K| FF | LUT| Words| Bits| Banks| W*Bits*Banks|
    +-------------------+----------------------+---------+----+----+------+-----+------+-------------+
    |layer2_matrix_V_U  |stream_deconv2108mb6  |        9|   0|   0|  6272|   18|     1|       112896|
    |in_buf_V_U         |stream_deconv2108ncg  |        0|  36|   9|    32|   18|     1|          576|
    +-------------------+----------------------+---------+----+----+------+-----+------+-------------+
    |Total              |                      |        9|  36|   9|  6304|   36|     2|       113472|
    +-------------------+----------------------+---------+----+----+------+-----+------+-------------+

    * FIFO: 
    N/A

    * Expression: 
    +------------------------------------+----------+-------+---+----+------------+------------+
    |            Variable Name           | Operation| DSP48E| FF| LUT| Bitwidth P0| Bitwidth P1|
    +------------------------------------+----------+-------+---+----+------------+------------+
    |c_V_fu_1100_p2                      |     +    |      0|  0|  15|           6|           1|
    |h_V_fu_1122_p2                      |     +    |      0|  0|  13|           4|           1|
    |ic_V_fu_1263_p2                     |     +    |      0|  0|  15|           6|           1|
    |ih_V_fu_1225_p2                     |     +    |      0|  0|  12|           3|           1|
    |indvar_flatten41_op_fu_2663_p2      |     +    |      0|  0|  17|           1|          10|
    |indvar_flatten6_op_fu_1494_p2       |     +    |      0|  0|  15|           1|           6|
    |indvar_flatten_next5_fu_2537_p2     |     +    |      0|  0|  20|          13|           1|
    |indvar_flatten_next6_fu_1219_p2     |     +    |      0|  0|  15|           5|           1|
    |indvar_flatten_next8_fu_1390_p2     |     +    |      0|  0|  18|          11|           1|
    |indvar_flatten_next_fu_1116_p2      |     +    |      0|  0|  15|           8|           1|
    |iw_V_fu_2526_p2                     |     +    |      0|  0|  12|           3|           1|
    |kh_V_fu_1449_p2                     |     +    |      0|  0|  12|           1|           3|
    |kw_V_fu_1553_p2                     |     +    |      0|  0|  12|           1|           3|
    |oc_V_1_fu_1396_p2                   |     +    |      0|  0|  15|           1|           6|
    |oc_V_fu_2657_p2                     |     +    |      0|  0|  15|           1|           6|
    |oh_V_fu_2543_p2                     |     +    |      0|  0|  13|           1|           4|
    |ow_V_fu_2619_p2                     |     +    |      0|  0|  13|           1|           4|
    |r_V_1_fu_1379_p2                    |     +    |      0|  0|  13|           4|           4|
    |r_V_1_mid1_fu_1473_p2               |     +    |      0|  0|  13|           4|           4|
    |r_V_fu_1539_p2                      |     +    |      0|  0|  13|           4|           4|
    |tmp10_fu_2045_p2                    |     +    |      0|  0|  25|          18|          18|
    |tmp11_fu_2095_p2                    |     +    |      0|  0|  25|          18|          18|
    |tmp12_fu_2203_p2                    |     +    |      0|  0|  11|          18|          18|
    |tmp13_fu_2195_p2                    |     +    |      0|  0|  11|          18|          18|
    |tmp14_fu_2199_p2                    |     +    |      0|  0|  25|          18|          18|
    |tmp15_fu_2510_p2                    |     +    |      0|  0|  11|          18|          18|
    |tmp16_fu_2487_p2                    |     +    |      0|  0|  11|          18|          18|
    |tmp17_fu_2315_p2                    |     +    |      0|  0|  11|          18|          18|
    |tmp18_fu_2307_p2                    |     +    |      0|  0|  11|          18|          18|
    |tmp19_fu_2311_p2                    |     +    |      0|  0|  25|          18|          18|
    |tmp1_fu_1993_p2                     |     +    |      0|  0|  11|          18|          18|
    |tmp20_fu_2421_p2                    |     +    |      0|  0|  11|          18|          18|
    |tmp21_fu_2413_p2                    |     +    |      0|  0|  11|          18|          18|
    |tmp22_fu_2417_p2                    |     +    |      0|  0|  25|          18|          18|
    |tmp23_fu_2504_p2                    |     +    |      0|  0|  11|          18|          18|
    |tmp24_fu_2491_p2                    |     +    |      0|  0|  11|          18|          18|
    |tmp25_fu_2453_p2                    |     +    |      0|  0|  25|          18|          18|
    |tmp26_fu_2483_p2                    |     +    |      0|  0|  25|          18|          18|
    |tmp27_fu_2499_p2                    |     +    |      0|  0|  11|          18|          18|
    |tmp28_fu_2495_p2                    |     +    |      0|  0|  11|          18|          18|
    |tmp29_fu_1823_p2                    |     +    |      0|  0|  11|          18|          18|
    |tmp2_fu_1975_p2                     |     +    |      0|  0|  11|          18|          18|
    |tmp30_fu_1819_p2                    |     +    |      0|  0|  11|          18|          18|
    |tmp3_fu_1924_p2                     |     +    |      0|  0|  25|          18|          18|
    |tmp4_fu_1874_p2                     |     +    |      0|  0|  25|          18|          18|
    |tmp5_fu_1987_p2                     |     +    |      0|  0|  11|          18|          18|
    |tmp6_fu_1979_p2                     |     +    |      0|  0|  11|          18|          18|
    |tmp7_fu_1983_p2                     |     +    |      0|  0|  25|          18|          18|
    |tmp8_fu_2209_p2                     |     +    |      0|  0|  11|          18|          18|
    |tmp9_fu_2191_p2                     |     +    |      0|  0|  11|          18|          18|
    |tmp_20_fu_1184_p2                   |     +    |      0|  0|  11|           9|           9|
    |tmp_21_30_i_fu_2520_p2              |     +    |      0|  0|  11|          18|          18|
    |tmp_21_fu_1203_p2                   |     +    |      0|  0|  21|          14|          14|
    |tmp_26_fu_2651_p2                   |     +    |      0|  0|  11|           9|           9|
    |tmp_27_fu_2687_p2                   |     +    |      0|  0|  21|          14|          14|
    |tmp_36_fu_1595_p2                   |     +    |      0|  0|  11|           9|           9|
    |tmp_37_fu_1609_p2                   |     +    |      0|  0|  21|          14|          14|
    |tmp_38_fu_1547_p2                   |     +    |      0|  0|  11|          32|          32|
    |tmp_40_fu_1625_p2                   |     +    |      0|  0|  39|          32|          32|
    |tmp_fu_2516_p2                      |     +    |      0|  0|  11|          18|          18|
    |w_V_fu_1190_p2                      |     +    |      0|  0|  13|           4|           1|
    |op_V_read_assign_fu_2698_p2         |     -    |      0|  0|  25|          18|          18|
    |tmp_19_fu_1174_p2                   |     -    |      0|  0|  11|           9|           9|
    |tmp_24_fu_2595_p2                   |     -    |      0|  0|  11|           9|           9|
    |tmp_32_fu_1586_p2                   |     -    |      0|  0|  11|           9|           9|
    |tmp_35_fu_1530_p2                   |     -    |      0|  0|  11|          32|          32|
    |ap_block_pp1_stage0_11001           |    and   |      0|  0|   8|           1|           1|
    |ap_block_state2                     |    and   |      0|  0|   8|           1|           1|
    |ap_block_state85_pp3_stage0_iter36  |    and   |      0|  0|   8|           1|           1|
    |ap_block_state8_pp1_stage0_iter1    |    and   |      0|  0|   8|           1|           1|
    |exitcond11_i_mid_fu_1443_p2         |    and   |      0|  0|   8|           1|           1|
    |exitcond_i_mid_fu_2613_p2           |    and   |      0|  0|   8|           1|           1|
    |exitcond11_i_fu_1437_p2             |   icmp   |      0|  0|   9|           3|           3|
    |exitcond1_i_fu_1094_p2              |   icmp   |      0|  0|  11|           6|           7|
    |exitcond5_i_fu_1231_p2              |   icmp   |      0|  0|   9|           3|           4|
    |exitcond7_i_fu_1128_p2              |   icmp   |      0|  0|   9|           4|           3|
    |exitcond8_i_fu_1257_p2              |   icmp   |      0|  0|  11|           6|           7|
    |exitcond_flatten4_fu_2549_p2        |   icmp   |      0|  0|  13|          10|           9|
    |exitcond_flatten5_fu_1213_p2        |   icmp   |      0|  0|  11|           5|           6|
    |exitcond_flatten6_fu_1402_p2        |   icmp   |      0|  0|  11|           6|           6|
    |exitcond_flatten7_fu_2531_p2        |   icmp   |      0|  0|  13|          13|          13|
    |exitcond_flatten9_fu_1384_p2        |   icmp   |      0|  0|  13|          11|          11|
    |exitcond_flatten_fu_1110_p2         |   icmp   |      0|  0|  11|           8|           7|
    |exitcond_i_fu_2607_p2               |   icmp   |      0|  0|  11|           6|           7|
    |ap_block_pp3_stage0_01001           |    or    |      0|  0|   8|           1|           1|
    |ap_block_state1                     |    or    |      0|  0|   8|           1|           1|
    |ap_block_state52_pp3_stage0_iter3   |    or    |      0|  0|   8|           1|           1|
    |tmp_25_fu_2625_p2                   |    or    |      0|  0|   8|           1|           1|
    |tmp_29_fu_1455_p2                   |    or    |      0|  0|   8|           1|           1|
    |tmp_43_fu_1681_p2                   |    or    |      0|  0|  24|          17|           1|
    |tmp_44_fu_1691_p2                   |    or    |      0|  0|  24|          17|           2|
    |tmp_45_fu_1727_p2                   |    or    |      0|  0|  24|          17|           2|
    |tmp_46_fu_1737_p2                   |    or    |      0|  0|  24|          17|           3|
    |tmp_47_fu_1773_p2                   |    or    |      0|  0|  24|          17|           3|
    |tmp_48_fu_1783_p2                   |    or    |      0|  0|  24|          17|           3|
    |tmp_49_fu_1828_p2                   |    or    |      0|  0|  24|          17|           3|
    |tmp_50_fu_1838_p2                   |    or    |      0|  0|  24|          17|           4|
    |tmp_51_fu_1878_p2                   |    or    |      0|  0|  24|          17|           4|
    |tmp_52_fu_1888_p2                   |    or    |      0|  0|  24|          17|           4|
    |tmp_53_fu_1929_p2                   |    or    |      0|  0|  24|          17|           4|
    |tmp_54_fu_1939_p2                   |    or    |      0|  0|  24|          17|           4|
    |tmp_55_fu_1999_p2                   |    or    |      0|  0|  24|          17|           4|
    |tmp_56_fu_2009_p2                   |    or    |      0|  0|  24|          17|           4|
    |tmp_57_fu_2049_p2                   |    or    |      0|  0|  24|          17|           4|
    |tmp_58_fu_2059_p2                   |    or    |      0|  0|  24|          17|           5|
    |tmp_59_fu_2099_p2                   |    or    |      0|  0|  24|          17|           5|
    |tmp_60_fu_2109_p2                   |    or    |      0|  0|  24|          17|           5|
    |tmp_61_fu_2145_p2                   |    or    |      0|  0|  24|          17|           5|
    |tmp_62_fu_2155_p2                   |    or    |      0|  0|  24|          17|           5|
    |tmp_63_fu_2215_p2                   |    or    |      0|  0|  24|          17|           5|
    |tmp_64_fu_2225_p2                   |    or    |      0|  0|  24|          17|           5|
    |tmp_65_fu_2261_p2                   |    or    |      0|  0|  24|          17|           5|
    |tmp_66_fu_2271_p2                   |    or    |      0|  0|  24|          17|           5|
    |tmp_67_fu_2321_p2                   |    or    |      0|  0|  24|          17|           5|
    |tmp_68_fu_2331_p2                   |    or    |      0|  0|  24|          17|           5|
    |tmp_69_fu_2367_p2                   |    or    |      0|  0|  24|          17|           5|
    |tmp_70_fu_2377_p2                   |    or    |      0|  0|  24|          17|           5|
    |tmp_71_fu_1643_p2                   |    or    |      0|  0|  24|          17|           5|
    |tmp_72_fu_1654_p2                   |    or    |      0|  0|  24|          17|           5|
    |tmp_73_fu_1671_p2                   |    or    |      0|  0|  24|          17|           5|
    |indvar_flatten_next4_fu_2669_p3     |  select  |      0|  0|  10|           1|           1|
    |indvar_flatten_next7_fu_1500_p3     |  select  |      0|  0|   6|           1|           1|
    |lhs_V_2_cast_i_mid2_s_fu_1245_p3    |  select  |      0|  0|   3|           1|           3|
    |p_10_i_mid_fu_1408_p3               |  select  |      0|  0|   3|           1|           1|
    |p_11_i_mid2_fu_1461_p3              |  select  |      0|  0|   3|           1|           1|
    |p_3_i_mid2_fu_1237_p3               |  select  |      0|  0|   3|           1|           1|
    |p_4_i_mid_fu_2555_p3                |  select  |      0|  0|   4|           1|           1|
    |p_5_i_mid2_fu_1134_p3               |  select  |      0|  0|   4|           1|           1|
    |p_7_i_mid2_fu_2631_p3               |  select  |      0|  0|   6|           1|           1|
    |tmp_1_i_mid2_fu_2639_p3             |  select  |      0|  0|   4|           1|           4|
    |tmp_5_i_mid2_v_fu_1416_p3           |  select  |      0|  0|   6|           1|           6|
    |tmp_6_i_mid2_fu_1478_p3             |  select  |      0|  0|   4|           1|           4|
    |tmp_6_i_mid3_fu_1424_p3             |  select  |      0|  0|   4|           1|           4|
    |tmp_7_i_mid2_fu_1486_p3             |  select  |      0|  0|   3|           1|           3|
    |tmp_9_i_mid2_v_fu_2563_p3           |  select  |      0|  0|   4|           1|           4|
    |tmp_V_4_fu_2733_p3                  |  select  |      0|  0|  17|           1|           1|
    |tmp_i_mid2_v_fu_1142_p3             |  select  |      0|  0|   4|           1|           4|
    |ap_enable_pp0                       |    xor   |      0|  0|   8|           1|           2|
    |ap_enable_pp1                       |    xor   |      0|  0|   8|           1|           2|
    |ap_enable_pp2                       |    xor   |      0|  0|   8|           1|           2|
    |ap_enable_pp3                       |    xor   |      0|  0|   8|           1|           2|
    |ap_enable_reg_pp0_iter1             |    xor   |      0|  0|   8|           1|           2|
    |ap_enable_reg_pp1_iter1             |    xor   |      0|  0|   8|           1|           2|
    |ap_enable_reg_pp2_iter1             |    xor   |      0|  0|   8|           1|           2|
    |ap_enable_reg_pp3_iter1             |    xor   |      0|  0|   8|           1|           2|
    |not_exitcond_flatten_1_fu_1431_p2   |    xor   |      0|  0|   8|           1|           2|
    |not_exitcond_flatten_fu_2601_p2     |    xor   |      0|  0|   8|           1|           2|
    +------------------------------------+----------+-------+---+----+------------+------------+
    |Total                               |          |      0|  0|2138|        1515|        1134|
    +------------------------------------+----------+-------+---+----+------------+------------+

    * Multiplexer: 
    +--------------------------------+-----+-----------+-----+-----------+
    |              Name              | LUT | Input Size| Bits| Total Bits|
    +--------------------------------+-----+-----------+-----+-----------+
    |ap_NS_fsm                       |  189|         43|    1|         43|
    |ap_done                         |    9|          2|    1|          2|
    |ap_enable_reg_pp0_iter1         |   15|          3|    1|          3|
    |ap_enable_reg_pp1_iter1         |   15|          3|    1|          3|
    |ap_enable_reg_pp2_iter1         |   15|          3|    1|          3|
    |ap_enable_reg_pp3_iter1         |    9|          2|    1|          2|
    |ap_enable_reg_pp3_iter36        |    9|          2|    1|          2|
    |bias_V_V1_blk_n                 |    9|          2|    1|          2|
    |in_buf_V_address0               |   89|         18|    5|         90|
    |in_buf_V_address1               |   85|         17|    5|         85|
    |indvar_flatten4_reg_931         |    9|          2|    5|         10|
    |indvar_flatten5_reg_1031        |    9|          2|   13|         26|
    |indvar_flatten6_phi_fu_1002_p4  |    9|          2|    6|         12|
    |indvar_flatten6_reg_998         |    9|          2|    6|         12|
    |indvar_flatten7_reg_1053        |    9|          2|   10|         20|
    |indvar_flatten8_phi_fu_980_p4   |    9|          2|   11|         22|
    |indvar_flatten8_reg_976         |    9|          2|   11|         22|
    |indvar_flatten_reg_898          |    9|          2|    8|         16|
    |layer2_kernel_V_address0        |   85|         17|   16|        272|
    |layer2_kernel_V_address1        |   85|         17|   16|        272|
    |layer2_matrix_V_address0        |   27|          5|   13|         65|
    |layer2_matrix_V_d0              |   15|          3|   18|         54|
    |mean_V_V_blk_n                  |    9|          2|    1|          2|
    |p_10_i_phi_fu_1013_p4           |    9|          2|    3|          6|
    |p_10_i_reg_1009                 |    9|          2|    3|          6|
    |p_11_i_phi_fu_1024_p4           |    9|          2|    3|          6|
    |p_11_i_reg_1020                 |    9|          2|    3|          6|
    |p_1_i_phi_fu_1046_p4            |    9|          2|    4|          8|
    |p_1_i_reg_1042                  |    9|          2|    4|          8|
    |p_2_i_phi_fu_913_p4             |    9|          2|    4|          8|
    |p_2_i_reg_909                   |    9|          2|    4|          8|
    |p_3_i_reg_953                   |    9|          2|    3|          6|
    |p_4_i_phi_fu_1068_p4            |    9|          2|    4|          8|
    |p_4_i_reg_1064                  |    9|          2|    4|          8|
    |p_5_i_reg_920                   |    9|          2|    4|          8|
    |p_6_i_phi_fu_968_p4             |    9|          2|    6|         12|
    |p_6_i_reg_964                   |    9|          2|    6|         12|
    |p_7_i_reg_1075                  |    9|          2|    6|         12|
    |p_8_i_phi_fu_991_p4             |    9|          2|    6|         12|
    |p_8_i_reg_987                   |    9|          2|    6|         12|
    |p_9_i_reg_942                   |    9|          2|    3|          6|
    |p_i_reg_887                     |    9|          2|    6|         12|
    |std_V_V_blk_n                   |    9|          2|    1|          2|
    |stream_i_V_V_blk_n              |    9|          2|    1|          2|
    |stream_o_V_V3_blk_n             |    9|          2|    1|          2|
    +--------------------------------+-----+-----------+-----+-----------+
    |Total                           |  935|        199|  237|       1210|
    +--------------------------------+-----+-----------+-----+-----------+

    * Register: 
    +--------------------------------------------------+----+----+-----+-----------+
    |                       Name                       | FF | LUT| Bits| Const Bits|
    +--------------------------------------------------+----+----+-----+-----------+
    |agg_result_V_i100_i_reg_3881                      |  18|   0|   18|          0|
    |agg_result_V_i105_i_reg_3901                      |  18|   0|   18|          0|
    |agg_result_V_i10_i_reg_3666                       |  18|   0|   18|          0|
    |agg_result_V_i110_i_reg_3906                      |  18|   0|   18|          0|
    |agg_result_V_i115_i_reg_3921                      |  18|   0|   18|          0|
    |agg_result_V_i120_i_reg_3926                      |  18|   0|   18|          0|
    |agg_result_V_i125_i_reg_3936                      |  18|   0|   18|          0|
    |agg_result_V_i130_i_reg_3941                      |  18|   0|   18|          0|
    |agg_result_V_i135_i_reg_3951                      |  18|   0|   18|          0|
    |agg_result_V_i140_i_reg_3956                      |  18|   0|   18|          0|
    |agg_result_V_i145_i_reg_3621                      |  18|   0|   18|          0|
    |agg_result_V_i150_i_reg_3626                      |  18|   0|   18|          0|
    |agg_result_V_i155_i_reg_3646                      |  18|   0|   18|          0|
    |agg_result_V_i15_i_reg_3686                       |  18|   0|   18|          0|
    |agg_result_V_i20_i_reg_3691                       |  18|   0|   18|          0|
    |agg_result_V_i25_i_reg_3711                       |  18|   0|   18|          0|
    |agg_result_V_i30_i_reg_3716                       |  18|   0|   18|          0|
    |agg_result_V_i35_i_reg_3736                       |  18|   0|   18|          0|
    |agg_result_V_i40_i_reg_3741                       |  18|   0|   18|          0|
    |agg_result_V_i45_i_reg_3761                       |  18|   0|   18|          0|
    |agg_result_V_i50_i_reg_3766                       |  18|   0|   18|          0|
    |agg_result_V_i55_i_reg_3786                       |  18|   0|   18|          0|
    |agg_result_V_i5_i_reg_3661                        |  18|   0|   18|          0|
    |agg_result_V_i60_i_reg_3791                       |  18|   0|   18|          0|
    |agg_result_V_i65_i_reg_3811                       |  18|   0|   18|          0|
    |agg_result_V_i70_i_reg_3816                       |  18|   0|   18|          0|
    |agg_result_V_i75_i_reg_3831                       |  18|   0|   18|          0|
    |agg_result_V_i80_i_reg_3836                       |  18|   0|   18|          0|
    |agg_result_V_i85_i_reg_3856                       |  18|   0|   18|          0|
    |agg_result_V_i90_i_reg_3861                       |  18|   0|   18|          0|
    |agg_result_V_i95_i_reg_3876                       |  18|   0|   18|          0|
    |agg_result_V_i_i_reg_3641                         |  18|   0|   18|          0|
    |ap_CS_fsm                                         |  42|   0|   42|          0|
    |ap_done_reg                                       |   1|   0|    1|          0|
    |ap_enable_reg_pp0_iter0                           |   1|   0|    1|          0|
    |ap_enable_reg_pp0_iter1                           |   1|   0|    1|          0|
    |ap_enable_reg_pp1_iter0                           |   1|   0|    1|          0|
    |ap_enable_reg_pp1_iter1                           |   1|   0|    1|          0|
    |ap_enable_reg_pp2_iter0                           |   1|   0|    1|          0|
    |ap_enable_reg_pp2_iter1                           |   1|   0|    1|          0|
    |ap_enable_reg_pp3_iter0                           |   1|   0|    1|          0|
    |ap_enable_reg_pp3_iter1                           |   1|   0|    1|          0|
    |ap_enable_reg_pp3_iter10                          |   1|   0|    1|          0|
    |ap_enable_reg_pp3_iter11                          |   1|   0|    1|          0|
    |ap_enable_reg_pp3_iter12                          |   1|   0|    1|          0|
    |ap_enable_reg_pp3_iter13                          |   1|   0|    1|          0|
    |ap_enable_reg_pp3_iter14                          |   1|   0|    1|          0|
    |ap_enable_reg_pp3_iter15                          |   1|   0|    1|          0|
    |ap_enable_reg_pp3_iter16                          |   1|   0|    1|          0|
    |ap_enable_reg_pp3_iter17                          |   1|   0|    1|          0|
    |ap_enable_reg_pp3_iter18                          |   1|   0|    1|          0|
    |ap_enable_reg_pp3_iter19                          |   1|   0|    1|          0|
    |ap_enable_reg_pp3_iter2                           |   1|   0|    1|          0|
    |ap_enable_reg_pp3_iter20                          |   1|   0|    1|          0|
    |ap_enable_reg_pp3_iter21                          |   1|   0|    1|          0|
    |ap_enable_reg_pp3_iter22                          |   1|   0|    1|          0|
    |ap_enable_reg_pp3_iter23                          |   1|   0|    1|          0|
    |ap_enable_reg_pp3_iter24                          |   1|   0|    1|          0|
    |ap_enable_reg_pp3_iter25                          |   1|   0|    1|          0|
    |ap_enable_reg_pp3_iter26                          |   1|   0|    1|          0|
    |ap_enable_reg_pp3_iter27                          |   1|   0|    1|          0|
    |ap_enable_reg_pp3_iter28                          |   1|   0|    1|          0|
    |ap_enable_reg_pp3_iter29                          |   1|   0|    1|          0|
    |ap_enable_reg_pp3_iter3                           |   1|   0|    1|          0|
    |ap_enable_reg_pp3_iter30                          |   1|   0|    1|          0|
    |ap_enable_reg_pp3_iter31                          |   1|   0|    1|          0|
    |ap_enable_reg_pp3_iter32                          |   1|   0|    1|          0|
    |ap_enable_reg_pp3_iter33                          |   1|   0|    1|          0|
    |ap_enable_reg_pp3_iter34                          |   1|   0|    1|          0|
    |ap_enable_reg_pp3_iter35                          |   1|   0|    1|          0|
    |ap_enable_reg_pp3_iter36                          |   1|   0|    1|          0|
    |ap_enable_reg_pp3_iter4                           |   1|   0|    1|          0|
    |ap_enable_reg_pp3_iter5                           |   1|   0|    1|          0|
    |ap_enable_reg_pp3_iter6                           |   1|   0|    1|          0|
    |ap_enable_reg_pp3_iter7                           |   1|   0|    1|          0|
    |ap_enable_reg_pp3_iter8                           |   1|   0|    1|          0|
    |ap_enable_reg_pp3_iter9                           |   1|   0|    1|          0|
    |ap_reg_pp2_iter1_exitcond_flatten9_reg_3492       |   1|   0|    1|          0|
    |ap_reg_pp2_iter1_layer2_matrix_V_addr_2_reg_3548  |  13|   0|   13|          0|
    |c_V_reg_2942                                      |   6|   0|    6|          0|
    |exitcond8_i_reg_3168                              |   1|   0|    1|          0|
    |exitcond_flatten7_reg_3976                        |   1|   0|    1|          0|
    |exitcond_flatten9_reg_3492                        |   1|   0|    1|          0|
    |exitcond_flatten_reg_3117                         |   1|   0|    1|          0|
    |ic_V_reg_3172                                     |   6|   0|    6|          0|
    |in_buf_V_load_10_reg_3227                         |  18|   0|   18|          0|
    |in_buf_V_load_11_reg_3232                         |  18|   0|   18|          0|
    |in_buf_V_load_12_reg_3237                         |  18|   0|   18|          0|
    |in_buf_V_load_13_reg_3242                         |  18|   0|   18|          0|
    |in_buf_V_load_14_reg_3247                         |  18|   0|   18|          0|
    |in_buf_V_load_15_reg_3252                         |  18|   0|   18|          0|
    |in_buf_V_load_16_reg_3257                         |  18|   0|   18|          0|
    |in_buf_V_load_17_reg_3262                         |  18|   0|   18|          0|
    |in_buf_V_load_18_reg_3267                         |  18|   0|   18|          0|
    |in_buf_V_load_19_reg_3272                         |  18|   0|   18|          0|
    |in_buf_V_load_1_reg_3182                          |  18|   0|   18|          0|
    |in_buf_V_load_20_reg_3277                         |  18|   0|   18|          0|
    |in_buf_V_load_21_reg_3282                         |  18|   0|   18|          0|
    |in_buf_V_load_22_reg_3287                         |  18|   0|   18|          0|
    |in_buf_V_load_23_reg_3292                         |  18|   0|   18|          0|
    |in_buf_V_load_24_reg_3297                         |  18|   0|   18|          0|
    |in_buf_V_load_25_reg_3302                         |  18|   0|   18|          0|
    |in_buf_V_load_26_reg_3307                         |  18|   0|   18|          0|
    |in_buf_V_load_27_reg_3312                         |  18|   0|   18|          0|
    |in_buf_V_load_28_reg_3317                         |  18|   0|   18|          0|
    |in_buf_V_load_29_reg_3322                         |  18|   0|   18|          0|
    |in_buf_V_load_2_reg_3187                          |  18|   0|   18|          0|
    |in_buf_V_load_3_reg_3192                          |  18|   0|   18|          0|
    |in_buf_V_load_4_reg_3197                          |  18|   0|   18|          0|
    |in_buf_V_load_5_reg_3202                          |  18|   0|   18|          0|
    |in_buf_V_load_6_reg_3207                          |  18|   0|   18|          0|
    |in_buf_V_load_7_reg_3212                          |  18|   0|   18|          0|
    |in_buf_V_load_8_reg_3217                          |  18|   0|   18|          0|
    |in_buf_V_load_9_reg_3222                          |  18|   0|   18|          0|
    |in_buf_V_load_reg_3177                            |  18|   0|   18|          0|
    |indvar_flatten4_reg_931                           |   5|   0|    5|          0|
    |indvar_flatten5_reg_1031                          |  13|   0|   13|          0|
    |indvar_flatten6_reg_998                           |   6|   0|    6|          0|
    |indvar_flatten7_reg_1053                          |  10|   0|   10|          0|
    |indvar_flatten8_reg_976                           |  11|   0|   11|          0|
    |indvar_flatten_next6_reg_3145                     |   5|   0|    5|          0|
    |indvar_flatten_next7_reg_3528                     |   6|   0|    6|          0|
    |indvar_flatten_next8_reg_3496                     |  11|   0|   11|          0|
    |indvar_flatten_reg_898                            |   8|   0|    8|          0|
    |kw_V_reg_3543                                     |   3|   0|    3|          0|
    |layer2_matrix_V_addr_2_reg_3548                   |  13|   0|   13|          0|
    |layer2_matrix_V_load_reg_4020                     |  18|   0|   18|          0|
    |lhs_V_2_cast_i_mid2_reg_3161                      |   3|   0|    4|          1|
    |lhs_V_2_cast_i_mid2_s_reg_3156                    |   3|   0|    3|          0|
    |lhs_V_cast_i_reg_3327                             |   3|   0|    4|          1|
    |p_10_i_reg_1009                                   |   3|   0|    3|          0|
    |p_11_i_mid2_reg_3508                              |   3|   0|    3|          0|
    |p_11_i_reg_1020                                   |   3|   0|    3|          0|
    |p_1_i_reg_1042                                    |   4|   0|    4|          0|
    |p_2_i_reg_909                                     |   4|   0|    4|          0|
    |p_3_i_mid2_reg_3150                               |   3|   0|    3|          0|
    |p_3_i_reg_953                                     |   3|   0|    3|          0|
    |p_4_i_reg_1064                                    |   4|   0|    4|          0|
    |p_5_i_reg_920                                     |   4|   0|    4|          0|
    |p_6_i_reg_964                                     |   6|   0|    6|          0|
    |p_7_i_mid2_reg_3990                               |   6|   0|    6|          0|
    |p_7_i_reg_1075                                    |   6|   0|    6|          0|
    |p_8_i_reg_987                                     |   6|   0|    6|          0|
    |p_9_i_reg_942                                     |   3|   0|    3|          0|
    |p_i_reg_887                                       |   6|   0|    6|          0|
    |r_V_reg_3533                                      |   4|   0|    4|          0|
    |reg_1086                                          |  18|   0|   18|          0|
    |reg_1090                                          |  18|   0|   18|          0|
    |tmp10_reg_3771                                    |  18|   0|   18|          0|
    |tmp11_reg_3796                                    |  18|   0|   18|          0|
    |tmp15_reg_3966                                    |  18|   0|   18|          0|
    |tmp17_reg_3886                                    |  18|   0|   18|          0|
    |tmp1_reg_3746                                     |  18|   0|   18|          0|
    |tmp20_reg_3931                                    |  18|   0|   18|          0|
    |tmp25_reg_3946                                    |  18|   0|   18|          0|
    |tmp26_reg_3961                                    |  18|   0|   18|          0|
    |tmp29_reg_3671                                    |  18|   0|   18|          0|
    |tmp3_reg_3721                                     |  18|   0|   18|          0|
    |tmp4_reg_3696                                     |  18|   0|   18|          0|
    |tmp8_reg_3841                                     |  18|   0|   18|          0|
    |tmp_1_i_mid2_reg_3995                             |   4|   0|    4|          0|
    |tmp_20_reg_3131                                   |   9|   0|    9|          0|
    |tmp_26_reg_4000                                   |   9|   0|    9|          0|
    |tmp_38_reg_3538                                   |  32|   0|   32|          0|
    |tmp_40_reg_3553                                   |  32|   0|   32|          0|
    |tmp_50_cast_reg_3558                              |  12|   0|   17|          5|
    |tmp_5_i_mid2_v_reg_3501                           |   6|   0|    6|          0|
    |tmp_6_i_mid2_reg_3515                             |   4|   0|    4|          0|
    |tmp_7_i_mid2_reg_3521                             |   3|   0|    3|          0|
    |tmp_9_i_mid2_v_reg_3985                           |   4|   0|    4|          0|
    |tmp_V_reg_2947                                    |  18|   0|   18|          0|
    |tmp_i101_cast_i_reg_3437                          |  30|   0|   30|          0|
    |tmp_i106_cast_i_reg_3442                          |  30|   0|   30|          0|
    |tmp_i111_cast_i_reg_3447                          |  30|   0|   30|          0|
    |tmp_i116_cast_i_reg_3452                          |  30|   0|   30|          0|
    |tmp_i11_cast_i_reg_3347                           |  30|   0|   30|          0|
    |tmp_i121_cast_i_reg_3457                          |  30|   0|   30|          0|
    |tmp_i126_cast_i_reg_3462                          |  30|   0|   30|          0|
    |tmp_i131_cast_i_reg_3467                          |  30|   0|   30|          0|
    |tmp_i136_cast_i_reg_3472                          |  30|   0|   30|          0|
    |tmp_i141_cast_i_reg_3477                          |  30|   0|   30|          0|
    |tmp_i146_cast_i_reg_3482                          |  30|   0|   30|          0|
    |tmp_i151_cast_i_reg_3487                          |  30|   0|   30|          0|
    |tmp_i16_cast_i_reg_3352                           |  30|   0|   30|          0|
    |tmp_i1_cast_i_reg_3337                            |  30|   0|   30|          0|
    |tmp_i21_cast_i_reg_3357                           |  30|   0|   30|          0|
    |tmp_i26_cast_i_reg_3362                           |  30|   0|   30|          0|
    |tmp_i31_cast_i_reg_3367                           |  30|   0|   30|          0|
    |tmp_i36_cast_i_reg_3372                           |  30|   0|   30|          0|
    |tmp_i41_cast_i_reg_3377                           |  30|   0|   30|          0|
    |tmp_i46_cast_i_reg_3382                           |  30|   0|   30|          0|
    |tmp_i51_cast_i_reg_3387                           |  30|   0|   30|          0|
    |tmp_i56_cast_i_reg_3392                           |  30|   0|   30|          0|
    |tmp_i61_cast_i_reg_3397                           |  30|   0|   30|          0|
    |tmp_i66_cast_i_reg_3402                           |  30|   0|   30|          0|
    |tmp_i6_cast_i_reg_3342                            |  30|   0|   30|          0|
    |tmp_i71_cast_i_reg_3407                           |  30|   0|   30|          0|
    |tmp_i76_cast_i_reg_3412                           |  30|   0|   30|          0|
    |tmp_i81_cast_i_reg_3417                           |  30|   0|   30|          0|
    |tmp_i86_cast_i_reg_3422                           |  30|   0|   30|          0|
    |tmp_i91_cast_i_reg_3427                           |  30|   0|   30|          0|
    |tmp_i96_cast_i_reg_3432                           |  30|   0|   30|          0|
    |tmp_i_cast_i_reg_3332                             |  30|   0|   30|          0|
    |tmp_i_cast_reg_2952                               |   6|   0|   14|          8|
    |tmp_i_mid2_v_reg_3126                             |   4|   0|    4|          0|
    |exitcond_flatten7_reg_3976                        |  64|  56|    1|          0|
    +--------------------------------------------------+----+----+-----+-----------+
    |Total                                             |2837|  56| 2789|         15|
    +--------------------------------------------------+----+----+-----+-----------+



================================================================
== Interface
================================================================
* Summary: 
+--------------------------+-----+-----+------------+-------------------+--------------+
|         RTL Ports        | Dir | Bits|  Protocol  |   Source Object   |    C Type    |
+--------------------------+-----+-----+------------+-------------------+--------------+
|ap_clk                    |  in |    1| ap_ctrl_hs | stream_deconv2108 | return value |
|ap_rst                    |  in |    1| ap_ctrl_hs | stream_deconv2108 | return value |
|ap_start                  |  in |    1| ap_ctrl_hs | stream_deconv2108 | return value |
|ap_done                   | out |    1| ap_ctrl_hs | stream_deconv2108 | return value |
|ap_continue               |  in |    1| ap_ctrl_hs | stream_deconv2108 | return value |
|ap_idle                   | out |    1| ap_ctrl_hs | stream_deconv2108 | return value |
|ap_ready                  | out |    1| ap_ctrl_hs | stream_deconv2108 | return value |
|stream_i_V_V_dout         |  in |   18|   ap_fifo  |    stream_i_V_V   |    pointer   |
|stream_i_V_V_empty_n      |  in |    1|   ap_fifo  |    stream_i_V_V   |    pointer   |
|stream_i_V_V_read         | out |    1|   ap_fifo  |    stream_i_V_V   |    pointer   |
|bias_V_V1_dout            |  in |   18|   ap_fifo  |     bias_V_V1     |    pointer   |
|bias_V_V1_empty_n         |  in |    1|   ap_fifo  |     bias_V_V1     |    pointer   |
|bias_V_V1_read            | out |    1|   ap_fifo  |     bias_V_V1     |    pointer   |
|mean_V_V_dout             |  in |   18|   ap_fifo  |      mean_V_V     |    pointer   |
|mean_V_V_empty_n          |  in |    1|   ap_fifo  |      mean_V_V     |    pointer   |
|mean_V_V_read             | out |    1|   ap_fifo  |      mean_V_V     |    pointer   |
|std_V_V_dout              |  in |   18|   ap_fifo  |      std_V_V      |    pointer   |
|std_V_V_empty_n           |  in |    1|   ap_fifo  |      std_V_V      |    pointer   |
|std_V_V_read              | out |    1|   ap_fifo  |      std_V_V      |    pointer   |
|stream_o_V_V3_din         | out |   18|   ap_fifo  |   stream_o_V_V3   |    pointer   |
|stream_o_V_V3_full_n      |  in |    1|   ap_fifo  |   stream_o_V_V3   |    pointer   |
|stream_o_V_V3_write       | out |    1|   ap_fifo  |   stream_o_V_V3   |    pointer   |
|layer2_kernel_V_address0  | out |   16|  ap_memory |  layer2_kernel_V  |     array    |
|layer2_kernel_V_ce0       | out |    1|  ap_memory |  layer2_kernel_V  |     array    |
|layer2_kernel_V_q0        |  in |   18|  ap_memory |  layer2_kernel_V  |     array    |
|layer2_kernel_V_address1  | out |   16|  ap_memory |  layer2_kernel_V  |     array    |
|layer2_kernel_V_ce1       | out |    1|  ap_memory |  layer2_kernel_V  |     array    |
|layer2_kernel_V_q1        |  in |   18|  ap_memory |  layer2_kernel_V  |     array    |
+--------------------------+-----+-----+------------+-------------------+--------------+

