

================================================================
== Vivado HLS Report for 'deconvolution'
================================================================
* Date:           Mon Aug 27 22:32:47 2018

* Version:        2017.1 (Build 1846317 on Thu Jun 22 18:17:09 MDT 2017)
* Project:        deconvo-algo
* Solution:       solution2-opt1
* Product family: zynq
* Target device:  xc7z020clg484-1


================================================================
== Performance Estimates
================================================================
+ Timing (ns): 
    * Summary: 
    +--------+-------+----------+------------+
    |  Clock | Target| Estimated| Uncertainty|
    +--------+-------+----------+------------+
    |ap_clk  |  10.00|      7.42|        1.25|
    +--------+-------+----------+------------+

+ Latency (clock cycles): 
    * Summary: 
    +--------+--------+--------+--------+---------+
    |     Latency     |     Interval    | Pipeline|
    |   min  |   max  |   min  |   max  |   Type  |
    +--------+--------+--------+--------+---------+
    |  172289|  172289|  172290|  172290|   none  |
    +--------+--------+--------+--------+---------+

    + Detail: 
        * Instance: 
        N/A

        * Loop: 
        +-----------------------------------+--------+--------+----------+-----------+-----------+------+----------+
        |                                   |     Latency     | Iteration|  Initiation Interval  | Trip |          |
        |             Loop Name             |   min  |   max  |  Latency |  achieved |   target  | Count| Pipelined|
        +-----------------------------------+--------+--------+----------+-----------+-----------+------+----------+
        |- IFEAT_DEPTH_LOOP_IFEAT_ROW_LOOP  |  172288|  172288|      1346|          -|          -|   128|    no    |
        | + IFEAT_COL_LOOP                  |    1344|    1344|        84|          -|          -|    16|    no    |
        |  ++ OFEAT_DEPTH_LOOP              |      81|      81|         7|          5|          1|    16|    yes   |
        +-----------------------------------+--------+--------+----------+-----------+-----------+------+----------+

============================================================
+ Verbose Summary: Synthesis Manager
============================================================
InlineROM: 1
ExposeGlobal: 0
============================================================
+ Verbose Summary: CDFG Model
============================================================
IsTopModel: 1
ResetActiveHigh: 1
IsCombinational: 0
IsDatapathOnly: 0
HasWiredReturn: 1
HasMFsm: 0
HasVarLatency: 1
IsPipeline: 0
IsRtlPipelined: 0
IsInstanceOverlapped: 0
IsDontTouch: 0
HasImplIP: 0
IsGatedGlobalClock: 0

+ Individual pipeline summary: 
  * Pipeline-0: initiation interval (II) = 5, depth = 7


============================================================
+ Verbose Summary: Schedule
============================================================
* Number of FSM states: 11
* Pipeline: 1
  Pipeline-0: II = 5, D = 7, States = { 4 5 6 7 8 9 10 }
* Dataflow Pipeline: 0

* FSM state transitions: 
1 --> 
	2  / true
2 --> 
	3  / (!exitcond_flatten)
3 --> 
	4  / (!tmp_3)
	2  / (tmp_3)
4 --> 
	11  / (tmp_5)
	5  / (!tmp_5)
5 --> 
	6  / true
6 --> 
	7  / true
7 --> 
	8  / true
8 --> 
	9  / true
9 --> 
	10  / true
10 --> 
	4  / true
11 --> 
	3  / true
* FSM state operations: 

 <State 1>: 1.77ns
ST_1: StgValue_12 (4)  [1/1] 0.00ns
:0  call void (...)* @_ssdm_op_SpecBitsMap([1152 x i8]* %kernel_V), !map !37

ST_1: StgValue_13 (5)  [1/1] 0.00ns
:1  call void (...)* @_ssdm_op_SpecBitsMap([2048 x i8]* %ifeat_V), !map !45

ST_1: StgValue_14 (6)  [1/1] 0.00ns
:2  call void (...)* @_ssdm_op_SpecBitsMap([5184 x i8]* %ofeat_V), !map !50

ST_1: StgValue_15 (7)  [1/1] 0.00ns
:3  call void (...)* @_ssdm_op_SpecTopModule([14 x i8]* @deconvolution_str) nounwind

ST_1: StgValue_16 (8)  [1/1] 1.77ns  loc: deconvo-algo/deconv-algo.cpp:15
:4  br label %1


 <State 2>: 5.02ns
ST_2: indvar_flatten (10)  [1/1] 0.00ns
:0  %indvar_flatten = phi i8 [ 0, %0 ], [ %indvar_flatten_next, %6 ]

ST_2: id (11)  [1/1] 0.00ns  loc: deconvo-algo/deconv-algo.cpp:15
:1  %id = phi i4 [ 0, %0 ], [ %id_cast4_mid2_v, %6 ]

ST_2: ir (12)  [1/1] 0.00ns
:2  %ir = phi i5 [ 0, %0 ], [ %ir_1, %6 ]

ST_2: exitcond_flatten (13)  [1/1] 1.55ns
:3  %exitcond_flatten = icmp eq i8 %indvar_flatten, -128

ST_2: indvar_flatten_next (14)  [1/1] 1.92ns
:4  %indvar_flatten_next = add i8 %indvar_flatten, 1

ST_2: StgValue_22 (15)  [1/1] 0.00ns
:5  br i1 %exitcond_flatten, label %7, label %.reset

ST_2: id_1 (17)  [1/1] 1.74ns  loc: deconvo-algo/deconv-algo.cpp:15
.reset:0  %id_1 = add i4 %id, 1

ST_2: StgValue_24 (18)  [1/1] 0.00ns
.reset:1  call void (...)* @_ssdm_op_SpecLoopName([32 x i8]* @IFEAT_DEPTH_LOOP_IFE)

ST_2: empty_7 (19)  [1/1] 0.00ns
.reset:2  %empty_7 = call i32 (...)* @_ssdm_op_SpecLoopTripCount(i64 128, i64 128, i64 128)

ST_2: tmp_1_8 (20)  [1/1] 1.36ns  loc: deconvo-algo/deconv-algo.cpp:16
.reset:3  %tmp_1_8 = icmp eq i5 %ir, -16

ST_2: ir_mid2 (21)  [1/1] 1.37ns  loc: deconvo-algo/deconv-algo.cpp:16
.reset:4  %ir_mid2 = select i1 %tmp_1_8, i5 0, i5 %ir

ST_2: id_cast4_mid2_v (22)  [1/1] 1.37ns  loc: deconvo-algo/deconv-algo.cpp:15
.reset:5  %id_cast4_mid2_v = select i1 %tmp_1_8, i4 %id_1, i4 %id

ST_2: id_cast4_mid2_cast (23)  [1/1] 0.00ns  loc: deconvo-algo/deconv-algo.cpp:15
.reset:6  %id_cast4_mid2_cast = zext i4 %id_cast4_mid2_v to i9

ST_2: tmp (24)  [1/1] 0.00ns  loc: deconvo-algo/deconv-algo.cpp:15
.reset:7  %tmp = call i8 @_ssdm_op_BitConcatenate.i8.i4.i4(i4 %id_cast4_mid2_v, i4 0)

ST_2: tmp_2_cast (25)  [1/1] 0.00ns  loc: deconvo-algo/deconv-algo.cpp:16
.reset:8  %tmp_2_cast = zext i8 %tmp to i9

ST_2: ir_cast3_cast1 (26)  [1/1] 0.00ns  loc: deconvo-algo/deconv-algo.cpp:25
.reset:9  %ir_cast3_cast1 = zext i5 %ir_mid2 to i10

ST_2: ir_cast3_cast (27)  [1/1] 0.00ns  loc: deconvo-algo/deconv-algo.cpp:25
.reset:10  %ir_cast3_cast = zext i5 %ir_mid2 to i9

ST_2: tmp_8 (28)  [1/1] 1.92ns  loc: deconvo-algo/deconv-algo.cpp:25
.reset:11  %tmp_8 = add i9 %ir_cast3_cast, %tmp_2_cast

ST_2: tmp_10_cast (29)  [1/1] 0.00ns  loc: deconvo-algo/deconv-algo.cpp:16
.reset:12  %tmp_10_cast = call i13 @_ssdm_op_BitConcatenate.i13.i9.i4(i9 %tmp_8, i4 0)

ST_2: StgValue_36 (30)  [1/1] 0.00ns  loc: deconvo-algo/deconv-algo.cpp:16
.reset:13  call void (...)* @_ssdm_op_SpecLoopName([15 x i8]* @p_str1) nounwind

ST_2: tmp_4 (31)  [1/1] 0.00ns  loc: deconvo-algo/deconv-algo.cpp:16
.reset:14  %tmp_4 = call i32 (...)* @_ssdm_op_SpecRegionBegin([15 x i8]* @p_str1)

ST_2: ir_1 (32)  [1/1] 1.78ns  loc: deconvo-algo/deconv-algo.cpp:23
.reset:15  %ir_1 = add i5 %ir_mid2, 1

ST_2: p_or_1_cast_cast (33)  [1/1] 0.00ns  loc: deconvo-algo/deconv-algo.cpp:23
.reset:16  %p_or_1_cast_cast = zext i5 %ir_1 to i10

ST_2: p_or_2 (34)  [1/1] 1.78ns  loc: deconvo-algo/deconv-algo.cpp:23
.reset:17  %p_or_2 = add i5 %ir_mid2, 2

ST_2: p_or_2_cast_cast (35)  [1/1] 0.00ns  loc: deconvo-algo/deconv-algo.cpp:17
.reset:18  %p_or_2_cast_cast = zext i5 %p_or_2 to i10

ST_2: StgValue_42 (36)  [1/1] 1.77ns  loc: deconvo-algo/deconv-algo.cpp:17
.reset:19  br label %2

ST_2: StgValue_43 (181)  [1/1] 0.00ns  loc: deconvo-algo/deconv-algo.cpp:32
:0  ret void


 <State 3>: 2.02ns
ST_3: ic (38)  [1/1] 0.00ns
:0  %ic = phi i5 [ 0, %.reset ], [ %ic_1, %5 ]

ST_3: tmp_3 (39)  [1/1] 1.36ns  loc: deconvo-algo/deconv-algo.cpp:17
:1  %tmp_3 = icmp eq i5 %ic, -16

ST_3: ic_1 (40)  [1/1] 1.78ns  loc: deconvo-algo/deconv-algo.cpp:24
:2  %ic_1 = add i5 %ic, 1

ST_3: StgValue_47 (41)  [1/1] 0.00ns  loc: deconvo-algo/deconv-algo.cpp:17
:3  br i1 %tmp_3, label %6, label %3

ST_3: ic_cast2_cast1 (43)  [1/1] 0.00ns  loc: deconvo-algo/deconv-algo.cpp:25
:0  %ic_cast2_cast1 = zext i5 %ic to i14

ST_3: ic_cast2_cast (44)  [1/1] 0.00ns  loc: deconvo-algo/deconv-algo.cpp:25
:1  %ic_cast2_cast = zext i5 %ic to i13

ST_3: tmp_2 (45)  [1/1] 2.02ns  loc: deconvo-algo/deconv-algo.cpp:25
:2  %tmp_2 = add i13 %tmp_10_cast, %ic_cast2_cast

ST_3: tmp_11_cast (46)  [1/1] 0.00ns  loc: deconvo-algo/deconv-algo.cpp:25
:3  %tmp_11_cast = zext i13 %tmp_2 to i32

ST_3: ifeat_V_addr (47)  [1/1] 0.00ns  loc: deconvo-algo/deconv-algo.cpp:25
:4  %ifeat_V_addr = getelementptr [2048 x i8]* %ifeat_V, i32 0, i32 %tmp_11_cast

ST_3: empty (48)  [1/1] 0.00ns
:5  %empty = call i32 (...)* @_ssdm_op_SpecLoopTripCount(i64 16, i64 16, i64 16)

ST_3: StgValue_54 (49)  [1/1] 0.00ns  loc: deconvo-algo/deconv-algo.cpp:17
:6  call void (...)* @_ssdm_op_SpecLoopName([15 x i8]* @p_str2) nounwind

ST_3: tmp_6 (50)  [1/1] 0.00ns  loc: deconvo-algo/deconv-algo.cpp:17
:7  %tmp_6 = call i32 (...)* @_ssdm_op_SpecRegionBegin([15 x i8]* @p_str2)

ST_3: p_oc_0_1_cast_cast (51)  [1/1] 0.00ns  loc: deconvo-algo/deconv-algo.cpp:24
:8  %p_oc_0_1_cast_cast = zext i5 %ic_1 to i14

ST_3: p_oc_0_2 (52)  [1/1] 1.78ns  loc: deconvo-algo/deconv-algo.cpp:24
:9  %p_oc_0_2 = add i5 %ic, 2

ST_3: p_oc_0_2_cast_cast (53)  [1/1] 0.00ns  loc: deconvo-algo/deconv-algo.cpp:18
:10  %p_oc_0_2_cast_cast = zext i5 %p_oc_0_2 to i14

ST_3: StgValue_59 (54)  [1/1] 1.77ns  loc: deconvo-algo/deconv-algo.cpp:18
:11  br label %4

ST_3: empty_6 (178)  [1/1] 0.00ns  loc: deconvo-algo/deconv-algo.cpp:30
:0  %empty_6 = call i32 (...)* @_ssdm_op_SpecRegionEnd([15 x i8]* @p_str1, i32 %tmp_4)

ST_3: StgValue_61 (179)  [1/1] 0.00ns  loc: deconvo-algo/deconv-algo.cpp:16
:1  br label %1


 <State 4>: 7.17ns
ST_4: oc (56)  [1/1] 0.00ns
:0  %oc = phi i5 [ 0, %3 ], [ %oc_1, %ifBlock ]

ST_4: tmp_5 (57)  [1/1] 1.36ns  loc: deconvo-algo/deconv-algo.cpp:18
:1  %tmp_5 = icmp eq i5 %oc, -16

ST_4: oc_1 (58)  [1/1] 1.78ns  loc: deconvo-algo/deconv-algo.cpp:18
:2  %oc_1 = add i5 %oc, 1

ST_4: StgValue_65 (59)  [1/1] 0.00ns  loc: deconvo-algo/deconv-algo.cpp:18
:3  br i1 %tmp_5, label %5, label %ifBlock

ST_4: tmp_9 (61)  [1/1] 0.00ns  loc: deconvo-algo/deconv-algo.cpp:18
ifBlock:0  %tmp_9 = call i8 @_ssdm_op_BitConcatenate.i8.i5.i3(i5 %oc, i3 0)

ST_4: tmp_13_cast (62)  [1/1] 0.00ns  loc: deconvo-algo/deconv-algo.cpp:25
ifBlock:1  %tmp_13_cast = zext i8 %tmp_9 to i9

ST_4: tmp_10 (63)  [1/1] 1.92ns  loc: deconvo-algo/deconv-algo.cpp:25
ifBlock:2  %tmp_10 = add i9 %id_cast4_mid2_cast, %tmp_13_cast

ST_4: tmp_14_cast (64)  [1/1] 0.00ns  loc: deconvo-algo/deconv-algo.cpp:25
ifBlock:3  %tmp_14_cast = zext i9 %tmp_10 to i12

ST_4: p_shl8_cast (65)  [1/1] 0.00ns  loc: deconvo-algo/deconv-algo.cpp:25
ifBlock:4  %p_shl8_cast = call i12 @_ssdm_op_BitConcatenate.i12.i9.i3(i9 %tmp_10, i3 0)

ST_4: tmp_11 (66)  [1/1] 2.00ns  loc: deconvo-algo/deconv-algo.cpp:25
ifBlock:5  %tmp_11 = add i12 %p_shl8_cast, %tmp_14_cast

ST_4: tmp_16_cast (67)  [1/1] 0.00ns  loc: deconvo-algo/deconv-algo.cpp:25
ifBlock:6  %tmp_16_cast = zext i12 %tmp_11 to i32

ST_4: kernel_V_addr (68)  [1/1] 0.00ns  loc: deconvo-algo/deconv-algo.cpp:25
ifBlock:7  %kernel_V_addr = getelementptr [1152 x i8]* %kernel_V, i32 0, i32 %tmp_16_cast

ST_4: tmp_20 (93)  [1/1] 0.00ns  loc: deconvo-algo/deconv-algo.cpp:18
ifBlock:32  %tmp_20 = call i9 @_ssdm_op_BitConcatenate.i9.i5.i4(i5 %oc, i4 0)

ST_4: p_shl6_cast (94)  [1/1] 0.00ns  loc: deconvo-algo/deconv-algo.cpp:18
ifBlock:33  %p_shl6_cast = zext i9 %tmp_20 to i10

ST_4: tmp_21 (95)  [1/1] 0.00ns  loc: deconvo-algo/deconv-algo.cpp:18
ifBlock:34  %tmp_21 = call i6 @_ssdm_op_BitConcatenate.i6.i5.i1(i5 %oc, i1 false)

ST_4: p_shl7_cast (96)  [1/1] 0.00ns  loc: deconvo-algo/deconv-algo.cpp:25
ifBlock:35  %p_shl7_cast = zext i6 %tmp_21 to i10

ST_4: tmp_22 (97)  [1/1] 1.94ns  loc: deconvo-algo/deconv-algo.cpp:25
ifBlock:36  %tmp_22 = add i10 %p_shl6_cast, %p_shl7_cast

ST_4: ifeat_V_load (144)  [2/2] 3.25ns  loc: deconvo-algo/deconv-algo.cpp:25
ifBlock:83  %ifeat_V_load = load i8* %ifeat_V_addr, align 1

ST_4: kernel_V_load (145)  [2/2] 3.25ns  loc: deconvo-algo/deconv-algo.cpp:25
ifBlock:84  %kernel_V_load = load i8* %kernel_V_addr, align 1


 <State 5>: 7.42ns
ST_5: tmp_12 (69)  [1/1] 2.00ns  loc: deconvo-algo/deconv-algo.cpp:25
ifBlock:8  %tmp_12 = add i12 %tmp_11, 1

ST_5: tmp_17_cast (70)  [1/1] 0.00ns  loc: deconvo-algo/deconv-algo.cpp:25
ifBlock:9  %tmp_17_cast = zext i12 %tmp_12 to i32

ST_5: kernel_V_addr_1 (71)  [1/1] 0.00ns  loc: deconvo-algo/deconv-algo.cpp:25
ifBlock:10  %kernel_V_addr_1 = getelementptr [1152 x i8]* %kernel_V, i32 0, i32 %tmp_17_cast

ST_5: tmp_13 (72)  [1/1] 2.00ns  loc: deconvo-algo/deconv-algo.cpp:25
ifBlock:11  %tmp_13 = add i12 %tmp_11, 2

ST_5: tmp_18_cast (73)  [1/1] 0.00ns  loc: deconvo-algo/deconv-algo.cpp:25
ifBlock:12  %tmp_18_cast = zext i12 %tmp_13 to i32

ST_5: kernel_V_addr_2 (74)  [1/1] 0.00ns  loc: deconvo-algo/deconv-algo.cpp:25
ifBlock:13  %kernel_V_addr_2 = getelementptr [1152 x i8]* %kernel_V, i32 0, i32 %tmp_18_cast

ST_5: tmp_23 (98)  [1/1] 1.96ns  loc: deconvo-algo/deconv-algo.cpp:25
ifBlock:37  %tmp_23 = add i10 %ir_cast3_cast1, %tmp_22

ST_5: ifeat_V_load (144)  [1/2] 3.25ns  loc: deconvo-algo/deconv-algo.cpp:25
ifBlock:83  %ifeat_V_load = load i8* %ifeat_V_addr, align 1

ST_5: kernel_V_load (145)  [1/2] 3.25ns  loc: deconvo-algo/deconv-algo.cpp:25
ifBlock:84  %kernel_V_load = load i8* %kernel_V_addr, align 1

ST_5: tmp_s (146)  [1/1] 4.17ns  loc: deconvo-algo/deconv-algo.cpp:25
ifBlock:85  %tmp_s = mul i8 %kernel_V_load, %ifeat_V_load

ST_5: kernel_V_load_1 (148)  [2/2] 3.25ns  loc: deconvo-algo/deconv-algo.cpp:25
ifBlock:87  %kernel_V_load_1 = load i8* %kernel_V_addr_1, align 1

ST_5: kernel_V_load_2 (151)  [2/2] 3.25ns  loc: deconvo-algo/deconv-algo.cpp:25
ifBlock:90  %kernel_V_load_2 = load i8* %kernel_V_addr_2, align 1


 <State 6>: 7.42ns
ST_6: tmp_14 (75)  [1/1] 2.00ns  loc: deconvo-algo/deconv-algo.cpp:25
ifBlock:14  %tmp_14 = add i12 %tmp_11, 3

ST_6: tmp_19_cast (76)  [1/1] 0.00ns  loc: deconvo-algo/deconv-algo.cpp:25
ifBlock:15  %tmp_19_cast = zext i12 %tmp_14 to i32

ST_6: kernel_V_addr_3 (77)  [1/1] 0.00ns  loc: deconvo-algo/deconv-algo.cpp:25
ifBlock:16  %kernel_V_addr_3 = getelementptr [1152 x i8]* %kernel_V, i32 0, i32 %tmp_19_cast

ST_6: tmp_15 (78)  [1/1] 2.00ns  loc: deconvo-algo/deconv-algo.cpp:25
ifBlock:17  %tmp_15 = add i12 %tmp_11, 4

ST_6: tmp_20_cast (79)  [1/1] 0.00ns  loc: deconvo-algo/deconv-algo.cpp:25
ifBlock:18  %tmp_20_cast = zext i12 %tmp_15 to i32

ST_6: kernel_V_addr_4 (80)  [1/1] 0.00ns  loc: deconvo-algo/deconv-algo.cpp:25
ifBlock:19  %kernel_V_addr_4 = getelementptr [1152 x i8]* %kernel_V, i32 0, i32 %tmp_20_cast

ST_6: p_shl4_cast (99)  [1/1] 0.00ns  loc: deconvo-algo/deconv-algo.cpp:25
ifBlock:38  %p_shl4_cast = call i14 @_ssdm_op_BitConcatenate.i14.i10.i4(i10 %tmp_23, i4 0)

ST_6: tmp_24 (100)  [1/1] 0.00ns  loc: deconvo-algo/deconv-algo.cpp:25
ifBlock:39  %tmp_24 = call i11 @_ssdm_op_BitConcatenate.i11.i10.i1(i10 %tmp_23, i1 false)

ST_6: p_shl5_cast (101)  [1/1] 0.00ns  loc: deconvo-algo/deconv-algo.cpp:25
ifBlock:40  %p_shl5_cast = zext i11 %tmp_24 to i14

ST_6: tmp_25 (102)  [1/1] 2.04ns  loc: deconvo-algo/deconv-algo.cpp:25
ifBlock:41  %tmp_25 = add i14 %p_shl4_cast, %p_shl5_cast

ST_6: tmp_26 (103)  [1/1] 2.04ns  loc: deconvo-algo/deconv-algo.cpp:25
ifBlock:42  %tmp_26 = add i14 %ic_cast2_cast1, %tmp_25

ST_6: tmp_32_cast (104)  [1/1] 0.00ns  loc: deconvo-algo/deconv-algo.cpp:25
ifBlock:43  %tmp_32_cast = zext i14 %tmp_26 to i32

ST_6: ofeat_V_addr (105)  [1/1] 0.00ns  loc: deconvo-algo/deconv-algo.cpp:25
ifBlock:44  %ofeat_V_addr = getelementptr [5184 x i8]* %ofeat_V, i32 0, i32 %tmp_32_cast

ST_6: StgValue_106 (147)  [1/1] 3.25ns  loc: deconvo-algo/deconv-algo.cpp:25
ifBlock:86  store i8 %tmp_s, i8* %ofeat_V_addr, align 1

ST_6: kernel_V_load_1 (148)  [1/2] 3.25ns  loc: deconvo-algo/deconv-algo.cpp:25
ifBlock:87  %kernel_V_load_1 = load i8* %kernel_V_addr_1, align 1

ST_6: tmp_0_1 (149)  [1/1] 4.17ns  loc: deconvo-algo/deconv-algo.cpp:25
ifBlock:88  %tmp_0_1 = mul i8 %kernel_V_load_1, %ifeat_V_load

ST_6: kernel_V_load_2 (151)  [1/2] 3.25ns  loc: deconvo-algo/deconv-algo.cpp:25
ifBlock:90  %kernel_V_load_2 = load i8* %kernel_V_addr_2, align 1

ST_6: tmp_0_2 (152)  [1/1] 4.17ns  loc: deconvo-algo/deconv-algo.cpp:25
ifBlock:91  %tmp_0_2 = mul i8 %kernel_V_load_2, %ifeat_V_load

ST_6: kernel_V_load_3 (154)  [2/2] 3.25ns  loc: deconvo-algo/deconv-algo.cpp:25
ifBlock:93  %kernel_V_load_3 = load i8* %kernel_V_addr_3, align 1

ST_6: kernel_V_load_4 (157)  [2/2] 3.25ns  loc: deconvo-algo/deconv-algo.cpp:25
ifBlock:96  %kernel_V_load_4 = load i8* %kernel_V_addr_4, align 1


 <State 7>: 7.42ns
ST_7: tmp_16 (81)  [1/1] 2.00ns  loc: deconvo-algo/deconv-algo.cpp:25
ifBlock:20  %tmp_16 = add i12 %tmp_11, 5

ST_7: tmp_21_cast (82)  [1/1] 0.00ns  loc: deconvo-algo/deconv-algo.cpp:25
ifBlock:21  %tmp_21_cast = zext i12 %tmp_16 to i32

ST_7: kernel_V_addr_5 (83)  [1/1] 0.00ns  loc: deconvo-algo/deconv-algo.cpp:25
ifBlock:22  %kernel_V_addr_5 = getelementptr [1152 x i8]* %kernel_V, i32 0, i32 %tmp_21_cast

ST_7: tmp_17 (84)  [1/1] 2.00ns  loc: deconvo-algo/deconv-algo.cpp:25
ifBlock:23  %tmp_17 = add i12 %tmp_11, 6

ST_7: tmp_22_cast (85)  [1/1] 0.00ns  loc: deconvo-algo/deconv-algo.cpp:25
ifBlock:24  %tmp_22_cast = zext i12 %tmp_17 to i32

ST_7: kernel_V_addr_6 (86)  [1/1] 0.00ns  loc: deconvo-algo/deconv-algo.cpp:25
ifBlock:25  %kernel_V_addr_6 = getelementptr [1152 x i8]* %kernel_V, i32 0, i32 %tmp_22_cast

ST_7: tmp_27 (106)  [1/1] 2.04ns  loc: deconvo-algo/deconv-algo.cpp:25
ifBlock:45  %tmp_27 = add i14 %p_oc_0_1_cast_cast, %tmp_25

ST_7: tmp_33_cast (107)  [1/1] 0.00ns  loc: deconvo-algo/deconv-algo.cpp:25
ifBlock:46  %tmp_33_cast = zext i14 %tmp_27 to i32

ST_7: ofeat_V_addr_1 (108)  [1/1] 0.00ns  loc: deconvo-algo/deconv-algo.cpp:25
ifBlock:47  %ofeat_V_addr_1 = getelementptr [5184 x i8]* %ofeat_V, i32 0, i32 %tmp_33_cast

ST_7: tmp_28 (109)  [1/1] 2.04ns  loc: deconvo-algo/deconv-algo.cpp:25
ifBlock:48  %tmp_28 = add i14 %p_oc_0_2_cast_cast, %tmp_25

ST_7: tmp_34_cast (110)  [1/1] 0.00ns  loc: deconvo-algo/deconv-algo.cpp:25
ifBlock:49  %tmp_34_cast = zext i14 %tmp_28 to i32

ST_7: ofeat_V_addr_2 (111)  [1/1] 0.00ns  loc: deconvo-algo/deconv-algo.cpp:25
ifBlock:50  %ofeat_V_addr_2 = getelementptr [5184 x i8]* %ofeat_V, i32 0, i32 %tmp_34_cast

ST_7: tmp_29 (112)  [1/1] 1.96ns  loc: deconvo-algo/deconv-algo.cpp:25
ifBlock:51  %tmp_29 = add i10 %p_or_1_cast_cast, %tmp_22

ST_7: tmp_35 (126)  [1/1] 1.96ns  loc: deconvo-algo/deconv-algo.cpp:25
ifBlock:65  %tmp_35 = add i10 %p_or_2_cast_cast, %tmp_22

ST_7: StgValue_127 (150)  [1/1] 3.25ns  loc: deconvo-algo/deconv-algo.cpp:25
ifBlock:89  store i8 %tmp_0_1, i8* %ofeat_V_addr_1, align 1

ST_7: StgValue_128 (153)  [1/1] 3.25ns  loc: deconvo-algo/deconv-algo.cpp:25
ifBlock:92  store i8 %tmp_0_2, i8* %ofeat_V_addr_2, align 1

ST_7: kernel_V_load_3 (154)  [1/2] 3.25ns  loc: deconvo-algo/deconv-algo.cpp:25
ifBlock:93  %kernel_V_load_3 = load i8* %kernel_V_addr_3, align 1

ST_7: tmp_1 (155)  [1/1] 4.17ns  loc: deconvo-algo/deconv-algo.cpp:25
ifBlock:94  %tmp_1 = mul i8 %kernel_V_load_3, %ifeat_V_load

ST_7: kernel_V_load_4 (157)  [1/2] 3.25ns  loc: deconvo-algo/deconv-algo.cpp:25
ifBlock:96  %kernel_V_load_4 = load i8* %kernel_V_addr_4, align 1

ST_7: tmp_1_1 (158)  [1/1] 4.17ns  loc: deconvo-algo/deconv-algo.cpp:25
ifBlock:97  %tmp_1_1 = mul i8 %kernel_V_load_4, %ifeat_V_load

ST_7: kernel_V_load_5 (160)  [2/2] 3.25ns  loc: deconvo-algo/deconv-algo.cpp:25
ifBlock:99  %kernel_V_load_5 = load i8* %kernel_V_addr_5, align 1

ST_7: kernel_V_load_6 (163)  [2/2] 3.25ns  loc: deconvo-algo/deconv-algo.cpp:25
ifBlock:102  %kernel_V_load_6 = load i8* %kernel_V_addr_6, align 1


 <State 8>: 7.42ns
ST_8: tmp_18 (87)  [1/1] 2.00ns  loc: deconvo-algo/deconv-algo.cpp:25
ifBlock:26  %tmp_18 = add i12 %tmp_11, 7

ST_8: tmp_23_cast (88)  [1/1] 0.00ns  loc: deconvo-algo/deconv-algo.cpp:25
ifBlock:27  %tmp_23_cast = zext i12 %tmp_18 to i32

ST_8: kernel_V_addr_7 (89)  [1/1] 0.00ns  loc: deconvo-algo/deconv-algo.cpp:25
ifBlock:28  %kernel_V_addr_7 = getelementptr [1152 x i8]* %kernel_V, i32 0, i32 %tmp_23_cast

ST_8: tmp_19 (90)  [1/1] 2.00ns  loc: deconvo-algo/deconv-algo.cpp:25
ifBlock:29  %tmp_19 = add i12 %tmp_11, 8

ST_8: tmp_24_cast (91)  [1/1] 0.00ns  loc: deconvo-algo/deconv-algo.cpp:25
ifBlock:30  %tmp_24_cast = zext i12 %tmp_19 to i32

ST_8: kernel_V_addr_8 (92)  [1/1] 0.00ns  loc: deconvo-algo/deconv-algo.cpp:25
ifBlock:31  %kernel_V_addr_8 = getelementptr [1152 x i8]* %kernel_V, i32 0, i32 %tmp_24_cast

ST_8: p_shl2_cast (113)  [1/1] 0.00ns  loc: deconvo-algo/deconv-algo.cpp:25
ifBlock:52  %p_shl2_cast = call i14 @_ssdm_op_BitConcatenate.i14.i10.i4(i10 %tmp_29, i4 0)

ST_8: tmp_30 (114)  [1/1] 0.00ns  loc: deconvo-algo/deconv-algo.cpp:25
ifBlock:53  %tmp_30 = call i11 @_ssdm_op_BitConcatenate.i11.i10.i1(i10 %tmp_29, i1 false)

ST_8: p_shl3_cast (115)  [1/1] 0.00ns  loc: deconvo-algo/deconv-algo.cpp:25
ifBlock:54  %p_shl3_cast = zext i11 %tmp_30 to i14

ST_8: tmp_31 (116)  [1/1] 2.04ns  loc: deconvo-algo/deconv-algo.cpp:25
ifBlock:55  %tmp_31 = add i14 %p_shl2_cast, %p_shl3_cast

ST_8: tmp_32 (117)  [1/1] 2.04ns  loc: deconvo-algo/deconv-algo.cpp:25
ifBlock:56  %tmp_32 = add i14 %ic_cast2_cast1, %tmp_31

ST_8: tmp_39_cast (118)  [1/1] 0.00ns  loc: deconvo-algo/deconv-algo.cpp:25
ifBlock:57  %tmp_39_cast = zext i14 %tmp_32 to i32

ST_8: ofeat_V_addr_3 (119)  [1/1] 0.00ns  loc: deconvo-algo/deconv-algo.cpp:25
ifBlock:58  %ofeat_V_addr_3 = getelementptr [5184 x i8]* %ofeat_V, i32 0, i32 %tmp_39_cast

ST_8: tmp_33 (120)  [1/1] 2.04ns  loc: deconvo-algo/deconv-algo.cpp:25
ifBlock:59  %tmp_33 = add i14 %p_oc_0_1_cast_cast, %tmp_31

ST_8: tmp_40_cast (121)  [1/1] 0.00ns  loc: deconvo-algo/deconv-algo.cpp:25
ifBlock:60  %tmp_40_cast = zext i14 %tmp_33 to i32

ST_8: ofeat_V_addr_4 (122)  [1/1] 0.00ns  loc: deconvo-algo/deconv-algo.cpp:25
ifBlock:61  %ofeat_V_addr_4 = getelementptr [5184 x i8]* %ofeat_V, i32 0, i32 %tmp_40_cast

ST_8: StgValue_151 (156)  [1/1] 3.25ns  loc: deconvo-algo/deconv-algo.cpp:25
ifBlock:95  store i8 %tmp_1, i8* %ofeat_V_addr_3, align 1

ST_8: StgValue_152 (159)  [1/1] 3.25ns  loc: deconvo-algo/deconv-algo.cpp:25
ifBlock:98  store i8 %tmp_1_1, i8* %ofeat_V_addr_4, align 1

ST_8: kernel_V_load_5 (160)  [1/2] 3.25ns  loc: deconvo-algo/deconv-algo.cpp:25
ifBlock:99  %kernel_V_load_5 = load i8* %kernel_V_addr_5, align 1

ST_8: tmp_1_2 (161)  [1/1] 4.17ns  loc: deconvo-algo/deconv-algo.cpp:25
ifBlock:100  %tmp_1_2 = mul i8 %kernel_V_load_5, %ifeat_V_load

ST_8: kernel_V_load_6 (163)  [1/2] 3.25ns  loc: deconvo-algo/deconv-algo.cpp:25
ifBlock:102  %kernel_V_load_6 = load i8* %kernel_V_addr_6, align 1

ST_8: tmp_2_3 (164)  [1/1] 4.17ns  loc: deconvo-algo/deconv-algo.cpp:25
ifBlock:103  %tmp_2_3 = mul i8 %kernel_V_load_6, %ifeat_V_load

ST_8: kernel_V_load_7 (166)  [2/2] 3.25ns  loc: deconvo-algo/deconv-algo.cpp:25
ifBlock:105  %kernel_V_load_7 = load i8* %kernel_V_addr_7, align 1

ST_8: kernel_V_load_8 (169)  [2/2] 3.25ns  loc: deconvo-algo/deconv-algo.cpp:25
ifBlock:108  %kernel_V_load_8 = load i8* %kernel_V_addr_8, align 1


 <State 9>: 7.42ns
ST_9: tmp_34 (123)  [1/1] 2.04ns  loc: deconvo-algo/deconv-algo.cpp:25
ifBlock:62  %tmp_34 = add i14 %p_oc_0_2_cast_cast, %tmp_31

ST_9: tmp_41_cast (124)  [1/1] 0.00ns  loc: deconvo-algo/deconv-algo.cpp:25
ifBlock:63  %tmp_41_cast = zext i14 %tmp_34 to i32

ST_9: ofeat_V_addr_5 (125)  [1/1] 0.00ns  loc: deconvo-algo/deconv-algo.cpp:25
ifBlock:64  %ofeat_V_addr_5 = getelementptr [5184 x i8]* %ofeat_V, i32 0, i32 %tmp_41_cast

ST_9: p_shl_cast (127)  [1/1] 0.00ns  loc: deconvo-algo/deconv-algo.cpp:25
ifBlock:66  %p_shl_cast = call i14 @_ssdm_op_BitConcatenate.i14.i10.i4(i10 %tmp_35, i4 0)

ST_9: tmp_36 (128)  [1/1] 0.00ns  loc: deconvo-algo/deconv-algo.cpp:25
ifBlock:67  %tmp_36 = call i11 @_ssdm_op_BitConcatenate.i11.i10.i1(i10 %tmp_35, i1 false)

ST_9: p_shl1_cast (129)  [1/1] 0.00ns  loc: deconvo-algo/deconv-algo.cpp:25
ifBlock:68  %p_shl1_cast = zext i11 %tmp_36 to i14

ST_9: tmp_37 (130)  [1/1] 2.04ns  loc: deconvo-algo/deconv-algo.cpp:25
ifBlock:69  %tmp_37 = add i14 %p_shl_cast, %p_shl1_cast

ST_9: tmp_38 (131)  [1/1] 2.04ns  loc: deconvo-algo/deconv-algo.cpp:25
ifBlock:70  %tmp_38 = add i14 %ic_cast2_cast1, %tmp_37

ST_9: tmp_46_cast (132)  [1/1] 0.00ns  loc: deconvo-algo/deconv-algo.cpp:25
ifBlock:71  %tmp_46_cast = zext i14 %tmp_38 to i32

ST_9: ofeat_V_addr_6 (133)  [1/1] 0.00ns  loc: deconvo-algo/deconv-algo.cpp:25
ifBlock:72  %ofeat_V_addr_6 = getelementptr [5184 x i8]* %ofeat_V, i32 0, i32 %tmp_46_cast

ST_9: StgValue_169 (162)  [1/1] 3.25ns  loc: deconvo-algo/deconv-algo.cpp:25
ifBlock:101  store i8 %tmp_1_2, i8* %ofeat_V_addr_5, align 1

ST_9: StgValue_170 (165)  [1/1] 3.25ns  loc: deconvo-algo/deconv-algo.cpp:25
ifBlock:104  store i8 %tmp_2_3, i8* %ofeat_V_addr_6, align 1

ST_9: kernel_V_load_7 (166)  [1/2] 3.25ns  loc: deconvo-algo/deconv-algo.cpp:25
ifBlock:105  %kernel_V_load_7 = load i8* %kernel_V_addr_7, align 1

ST_9: tmp_2_1 (167)  [1/1] 4.17ns  loc: deconvo-algo/deconv-algo.cpp:25
ifBlock:106  %tmp_2_1 = mul i8 %kernel_V_load_7, %ifeat_V_load

ST_9: kernel_V_load_8 (169)  [1/2] 3.25ns  loc: deconvo-algo/deconv-algo.cpp:25
ifBlock:108  %kernel_V_load_8 = load i8* %kernel_V_addr_8, align 1

ST_9: tmp_2_2 (170)  [1/1] 4.17ns  loc: deconvo-algo/deconv-algo.cpp:25
ifBlock:109  %tmp_2_2 = mul i8 %kernel_V_load_8, %ifeat_V_load


 <State 10>: 5.29ns
ST_10: tmp_39 (134)  [1/1] 2.04ns  loc: deconvo-algo/deconv-algo.cpp:25
ifBlock:73  %tmp_39 = add i14 %p_oc_0_1_cast_cast, %tmp_37

ST_10: tmp_47_cast (135)  [1/1] 0.00ns  loc: deconvo-algo/deconv-algo.cpp:25
ifBlock:74  %tmp_47_cast = zext i14 %tmp_39 to i32

ST_10: ofeat_V_addr_7 (136)  [1/1] 0.00ns  loc: deconvo-algo/deconv-algo.cpp:25
ifBlock:75  %ofeat_V_addr_7 = getelementptr [5184 x i8]* %ofeat_V, i32 0, i32 %tmp_47_cast

ST_10: tmp_40 (137)  [1/1] 2.04ns  loc: deconvo-algo/deconv-algo.cpp:25
ifBlock:76  %tmp_40 = add i14 %p_oc_0_2_cast_cast, %tmp_37

ST_10: tmp_48_cast (138)  [1/1] 0.00ns  loc: deconvo-algo/deconv-algo.cpp:25
ifBlock:77  %tmp_48_cast = zext i14 %tmp_40 to i32

ST_10: ofeat_V_addr_8 (139)  [1/1] 0.00ns  loc: deconvo-algo/deconv-algo.cpp:25
ifBlock:78  %ofeat_V_addr_8 = getelementptr [5184 x i8]* %ofeat_V, i32 0, i32 %tmp_48_cast

ST_10: empty_2 (140)  [1/1] 0.00ns
ifBlock:79  %empty_2 = call i32 (...)* @_ssdm_op_SpecLoopTripCount(i64 16, i64 16, i64 16)

ST_10: StgValue_182 (141)  [1/1] 0.00ns  loc: deconvo-algo/deconv-algo.cpp:18
ifBlock:80  call void (...)* @_ssdm_op_SpecLoopName([17 x i8]* @p_str3) nounwind

ST_10: tmp_7 (142)  [1/1] 0.00ns  loc: deconvo-algo/deconv-algo.cpp:18
ifBlock:81  %tmp_7 = call i32 (...)* @_ssdm_op_SpecRegionBegin([17 x i8]* @p_str3)

ST_10: StgValue_184 (143)  [1/1] 0.00ns  loc: deconvo-algo/deconv-algo.cpp:19
ifBlock:82  call void (...)* @_ssdm_op_SpecPipeline(i32 1, i32 1, i32 1, i32 0, [1 x i8]* @p_str4) nounwind

ST_10: StgValue_185 (168)  [1/1] 3.25ns  loc: deconvo-algo/deconv-algo.cpp:25
ifBlock:107  store i8 %tmp_2_1, i8* %ofeat_V_addr_7, align 1

ST_10: StgValue_186 (171)  [1/1] 3.25ns  loc: deconvo-algo/deconv-algo.cpp:25
ifBlock:110  store i8 %tmp_2_2, i8* %ofeat_V_addr_8, align 1

ST_10: empty_4 (172)  [1/1] 0.00ns  loc: deconvo-algo/deconv-algo.cpp:28
ifBlock:111  %empty_4 = call i32 (...)* @_ssdm_op_SpecRegionEnd([17 x i8]* @p_str3, i32 %tmp_7)

ST_10: StgValue_188 (173)  [1/1] 0.00ns
ifBlock:112  br label %4


 <State 11>: 0.00ns
ST_11: empty_5 (175)  [1/1] 0.00ns  loc: deconvo-algo/deconv-algo.cpp:29
:0  %empty_5 = call i32 (...)* @_ssdm_op_SpecRegionEnd([15 x i8]* @p_str2, i32 %tmp_6)

ST_11: StgValue_190 (176)  [1/1] 0.00ns  loc: deconvo-algo/deconv-algo.cpp:17
:1  br label %2



============================================================
+ Verbose Summary: Timing violations
============================================================
Target clock period: 10ns, clock uncertainty: 1.25ns.

 <State 1>: 1.77ns
The critical path consists of the following:
	multiplexor before 'phi' operation ('indvar_flatten') with incoming values : ('indvar_flatten_next') [10]  (1.77 ns)

 <State 2>: 5.02ns
The critical path consists of the following:
	'phi' operation ('id', deconvo-algo/deconv-algo.cpp:15) with incoming values : ('id_cast4_mid2_v', deconvo-algo/deconv-algo.cpp:15) [11]  (0 ns)
	'add' operation ('id', deconvo-algo/deconv-algo.cpp:15) [17]  (1.74 ns)
	'select' operation ('id_cast4_mid2_v', deconvo-algo/deconv-algo.cpp:15) [22]  (1.37 ns)
	'add' operation ('tmp_8', deconvo-algo/deconv-algo.cpp:25) [28]  (1.92 ns)

 <State 3>: 2.02ns
The critical path consists of the following:
	'phi' operation ('ic') with incoming values : ('ic', deconvo-algo/deconv-algo.cpp:24) [38]  (0 ns)
	'add' operation ('tmp_2', deconvo-algo/deconv-algo.cpp:25) [45]  (2.02 ns)

 <State 4>: 7.17ns
The critical path consists of the following:
	'phi' operation ('oc') with incoming values : ('oc', deconvo-algo/deconv-algo.cpp:18) [56]  (0 ns)
	'add' operation ('tmp_10', deconvo-algo/deconv-algo.cpp:25) [63]  (1.92 ns)
	'add' operation ('tmp_11', deconvo-algo/deconv-algo.cpp:25) [66]  (2 ns)
	'getelementptr' operation ('kernel_V_addr', deconvo-algo/deconv-algo.cpp:25) [68]  (0 ns)
	'load' operation ('kernel_V_load', deconvo-algo/deconv-algo.cpp:25) on array 'kernel_V' [145]  (3.25 ns)

 <State 5>: 7.42ns
The critical path consists of the following:
	'load' operation ('ifeat_V_load', deconvo-algo/deconv-algo.cpp:25) on array 'ifeat_V' [144]  (3.25 ns)
	'mul' operation ('tmp_s', deconvo-algo/deconv-algo.cpp:25) [146]  (4.17 ns)

 <State 6>: 7.42ns
The critical path consists of the following:
	'load' operation ('kernel_V_load_1', deconvo-algo/deconv-algo.cpp:25) on array 'kernel_V' [148]  (3.25 ns)
	'mul' operation ('tmp_0_1', deconvo-algo/deconv-algo.cpp:25) [149]  (4.17 ns)

 <State 7>: 7.42ns
The critical path consists of the following:
	'load' operation ('kernel_V_load_3', deconvo-algo/deconv-algo.cpp:25) on array 'kernel_V' [154]  (3.25 ns)
	'mul' operation ('tmp_1', deconvo-algo/deconv-algo.cpp:25) [155]  (4.17 ns)

 <State 8>: 7.42ns
The critical path consists of the following:
	'load' operation ('kernel_V_load_5', deconvo-algo/deconv-algo.cpp:25) on array 'kernel_V' [160]  (3.25 ns)
	'mul' operation ('tmp_1_2', deconvo-algo/deconv-algo.cpp:25) [161]  (4.17 ns)

 <State 9>: 7.42ns
The critical path consists of the following:
	'load' operation ('kernel_V_load_7', deconvo-algo/deconv-algo.cpp:25) on array 'kernel_V' [166]  (3.25 ns)
	'mul' operation ('tmp_2_1', deconvo-algo/deconv-algo.cpp:25) [167]  (4.17 ns)

 <State 10>: 5.29ns
The critical path consists of the following:
	'add' operation ('tmp_39', deconvo-algo/deconv-algo.cpp:25) [134]  (2.04 ns)
	'getelementptr' operation ('ofeat_V_addr_7', deconvo-algo/deconv-algo.cpp:25) [136]  (0 ns)
	'store' operation (deconvo-algo/deconv-algo.cpp:25) of variable 'tmp_2_1', deconvo-algo/deconv-algo.cpp:25 on array 'ofeat_V' [168]  (3.25 ns)

 <State 11>: 0ns
The critical path consists of the following:


============================================================
+ Verbose Summary: Binding
============================================================
N/A
* FSMD analyzer results:
  - Output states:
 - Input state : 
  - Chain level:
	State 1
	State 2
	State 3
	State 4
	State 5
	State 6
	State 7
	State 8
	State 9
	State 10
	State 11


============================================================
+ Verbose Summary: Datapath Resource usage 
============================================================
N/A
