INFO: [HLS 200-10] Running 'C:/Xilinx/SDx/2017.1/Vivado_HLS/bin/unwrapped/win64.o/vivado_hls.exe'
INFO: [HLS 200-10] For user 'Jack' on host 'chl218' (Windows NT_amd64 version 6.2) on Thu Oct 18 23:36:00 -0700 2018
INFO: [HLS 200-10] In directory 'C:/Users/Jack/Desktop/FPGA_DeconvAcc/mnist/STDD/fpga_syn_stream_ver/deconv_fixed'
INFO: [HLS 200-10] Opening project 'C:/Users/Jack/Desktop/FPGA_DeconvAcc/mnist/STDD/fpga_syn_stream_ver/deconv_fixed/stream_deconv_fixed'.
INFO: [HLS 200-10] Adding design file 'util.h' to the project
INFO: [HLS 200-10] Adding design file 'stream_deconv_fixed.cpp' to the project
INFO: [HLS 200-10] Adding design file 'stream_deconv.h' to the project
INFO: [HLS 200-10] Adding test bench file 'stream_deconv_tb.cpp' to the project
INFO: [HLS 200-10] Opening solution 'C:/Users/Jack/Desktop/FPGA_DeconvAcc/mnist/STDD/fpga_syn_stream_ver/deconv_fixed/stream_deconv_fixed/solution1'.
INFO: [SYN 201-201] Setting up clock 'default' with a period of 10ns.
INFO: [HLS 200-10] Setting target device to 'xc7z020clg484-1'
INFO: [HLS 200-10] Analyzing design file 'stream_deconv_fixed.cpp' ... 
INFO: [HLS 200-10] Validating synthesis directives ...
INFO: [HLS 200-111] Finished Checking Pragmas Time (s): cpu = 00:00:02 ; elapsed = 00:00:14 . Memory (MB): peak = 96.281 ; gain = 46.730
INFO: [HLS 200-111] Finished Linking Time (s): cpu = 00:00:02 ; elapsed = 00:00:15 . Memory (MB): peak = 96.316 ; gain = 46.766
INFO: [HLS 200-10] Starting code transformations ...
INFO: [HLS 200-111] Finished Standard Transforms Time (s): cpu = 00:00:23 ; elapsed = 00:00:37 . Memory (MB): peak = 135.969 ; gain = 86.418
INFO: [HLS 200-10] Checking synthesizability ...
INFO: [XFORM 203-602] Inlining function '_multiply' into 'stream_deconv_1' (stream_deconv_fixed.cpp:90) automatically.
INFO: [XFORM 203-602] Inlining function '_divide' into 'stream_deconv_1' (stream_deconv_fixed.cpp:94) automatically.
INFO: [XFORM 203-602] Inlining function '_max' into 'stream_deconv_1' (stream_deconv_fixed.cpp:94) automatically.
INFO: [XFORM 203-602] Inlining function '_multiply' into 'stream_deconv_2' (stream_deconv_fixed.cpp:193) automatically.
INFO: [XFORM 203-602] Inlining function '_divide' into 'stream_deconv_2' (stream_deconv_fixed.cpp:228) automatically.
INFO: [XFORM 203-602] Inlining function '_max' into 'stream_deconv_2' (stream_deconv_fixed.cpp:230) automatically.
INFO: [XFORM 203-602] Inlining function '_multiply' into 'stream_deconv_3' (stream_deconv_fixed.cpp:293) automatically.
INFO: [HLS 200-111] Finished Checking Synthesizability Time (s): cpu = 00:00:52 ; elapsed = 00:01:06 . Memory (MB): peak = 139.965 ; gain = 90.414
INFO: [XFORM 203-502] Unrolling all sub-loops inside loop 'Loop-2' (stream_deconv_fixed.cpp:70) in function 'stream_deconv_1' for pipelining.
INFO: [XFORM 203-502] Unrolling all sub-loops inside loop 'L_OC' (stream_deconv_fixed.cpp:85) in function 'stream_deconv_1' for pipelining.
INFO: [XFORM 203-502] Unrolling all sub-loops inside loop 'Loop-3.3' (stream_deconv_fixed.cpp:104) in function 'stream_deconv_1' for pipelining.
INFO: [XFORM 203-502] Unrolling all sub-loops inside loop 'L_REP' (stream_deconv_fixed.cpp:46) in function '_extend_stream_1' for pipelining.
INFO: [XFORM 203-502] Unrolling all sub-loops inside loop 'L_REP' (stream_deconv_fixed.cpp:46) in function '_extend_stream_1.1' for pipelining.
INFO: [XFORM 203-502] Unrolling all sub-loops inside loop 'L_KW' (stream_deconv_fixed.cpp:289) in function 'stream_deconv_3' for pipelining.
INFO: [XFORM 203-502] Unrolling all sub-loops inside loop 'L_OC' (stream_deconv_fixed.cpp:188) in function 'stream_deconv_2' for pipelining.
INFO: [XFORM 203-502] Unrolling all sub-loops inside loop 'Loop-3' (stream_deconv_fixed.cpp:206) in function 'stream_deconv_2' for pipelining.
INFO: [XFORM 203-502] Unrolling all sub-loops inside loop 'Loop-4.3' (stream_deconv_fixed.cpp:239) in function 'stream_deconv_2' for pipelining.
INFO: [XFORM 203-502] Unrolling all sub-loops inside loop 'Loop-1.1' (stream_deconv_fixed.cpp:260) in function '_wt_kernel_3' for pipelining.
INFO: [XFORM 203-502] Unrolling all sub-loops inside loop 'Loop-2' (stream_deconv_fixed.cpp:147) in function '_extend_stream_2' for pipelining.
INFO: [XFORM 203-502] Unrolling all sub-loops inside loop 'Loop-1.1.1' (stream_deconv_fixed.cpp:127) in function '_wt_kernel_2' for pipelining.
INFO: [XFORM 203-501] Unrolling loop 'Loop-2.1' (stream_deconv_fixed.cpp:72) in function 'stream_deconv_1' completely.
INFO: [XFORM 203-501] Unrolling loop 'L_IC' (stream_deconv_fixed.cpp:89) in function 'stream_deconv_1' completely.
INFO: [XFORM 203-501] Unrolling loop 'Loop-3.3.1' (stream_deconv_fixed.cpp:106) in function 'stream_deconv_1' completely.
INFO: [XFORM 203-501] Unrolling loop 'L_WT' (stream_deconv_fixed.cpp:48) in function '_extend_stream_1' completely.
INFO: [XFORM 203-501] Unrolling loop 'L_WT' (stream_deconv_fixed.cpp:48) in function '_extend_stream_1.1' completely.
INFO: [XFORM 203-501] Unrolling loop 'L_IC' (stream_deconv_fixed.cpp:291) in function 'stream_deconv_3' completely.
INFO: [XFORM 203-501] Unrolling loop 'L_KH' (stream_deconv_fixed.cpp:190) in function 'stream_deconv_2' completely.
INFO: [XFORM 203-501] Unrolling loop 'L_KW' (stream_deconv_fixed.cpp:191) in function 'stream_deconv_2' completely.
INFO: [XFORM 203-501] Unrolling loop 'L_IC' (stream_deconv_fixed.cpp:192) in function 'stream_deconv_2' completely.
INFO: [XFORM 203-501] Unrolling loop 'Loop-3.1' (stream_deconv_fixed.cpp:208) in function 'stream_deconv_2' completely.
INFO: [XFORM 203-501] Unrolling loop 'Loop-4.3.1' (stream_deconv_fixed.cpp:241) in function 'stream_deconv_2' completely.
INFO: [XFORM 203-501] Unrolling loop 'Loop-1.1.1' (stream_deconv_fixed.cpp:262) in function '_wt_kernel_3' completely.
INFO: [XFORM 203-501] Unrolling loop 'Loop-2.1' (stream_deconv_fixed.cpp:149) in function '_extend_stream_2' completely.
INFO: [XFORM 203-501] Unrolling loop 'Loop-1.1.1.1' (stream_deconv_fixed.cpp:129) in function '_wt_kernel_2' completely.
INFO: [XFORM 203-102] Partitioning array 'layer3_kernel.V' in dimension 3 automatically.
INFO: [XFORM 203-102] Automatically partitioning streamed array 'stream_res.V.V' (stream_deconv_fixed.cpp:330) .
INFO: [XFORM 203-102] Automatically partitioning streamed array 'kernel.V.V' (stream_deconv_fixed.cpp:323) .
INFO: [XFORM 203-102] Automatically partitioning streamed array 'bias.V.V' (stream_deconv_fixed.cpp:324) .
INFO: [XFORM 203-102] Automatically partitioning streamed array 'mean.V.V' (stream_deconv_fixed.cpp:325) .
INFO: [XFORM 203-102] Automatically partitioning streamed array 'std.V.V' (stream_deconv_fixed.cpp:326) .
INFO: [XFORM 203-101] Partitioning array 'in_buf.V' (stream_deconv_fixed.cpp:62) in dimension 1 completely.
INFO: [XFORM 203-101] Partitioning array 'buffer.V' (stream_deconv_fixed.cpp:38) in dimension 1 completely.
INFO: [XFORM 203-101] Partitioning array 'buffer.V' (stream_deconv_fixed.cpp:38) in dimension 1 completely.
INFO: [XFORM 203-101] Partitioning array 'buffer.V' (stream_deconv_fixed.cpp:38) in dimension 1 completely.
INFO: [XFORM 203-101] Partitioning array 'buffer.V' (stream_deconv_fixed.cpp:139) in dimension 1 completely.
INFO: [XFORM 203-101] Partitioning array 'buffer.V' (stream_deconv_fixed.cpp:139) in dimension 1 completely.
INFO: [XFORM 203-101] Partitioning array 'layer2_kernel.V'  in dimension 3 with a cyclic factor 16.
INFO: [XFORM 203-101] Partitioning array 'layer2_matrix.V' (stream_deconv_fixed.cpp:164) in dimension 3 with a cyclic factor 16.
INFO: [XFORM 203-101] Partitioning array 'layer2_bias.V' (stream_deconv_fixed.cpp:167) in dimension 1 completely.
INFO: [XFORM 203-101] Partitioning array 'in_buf.V' (stream_deconv_fixed.cpp:180) in dimension 1 completely.
INFO: [XFORM 203-101] Partitioning array 'in_buf.V' (stream_deconv_fixed.cpp:281) in dimension 1 completely.
INFO: [XFORM 203-101] Partitioning array 'stream_res.V.V' (stream_deconv_fixed.cpp:330) in dimension 1 completely.
INFO: [XFORM 203-101] Partitioning array 'kernel.V.V' (stream_deconv_fixed.cpp:323) in dimension 1 completely.
INFO: [XFORM 203-101] Partitioning array 'bias.V.V' (stream_deconv_fixed.cpp:324) in dimension 1 completely.
INFO: [XFORM 203-101] Partitioning array 'mean.V.V' (stream_deconv_fixed.cpp:325) in dimension 1 completely.
INFO: [XFORM 203-101] Partitioning array 'std.V.V' (stream_deconv_fixed.cpp:326) in dimension 1 completely.
INFO: [XFORM 203-602] Inlining function '_multiply' into 'stream_deconv_1' (stream_deconv_fixed.cpp:90) automatically.
INFO: [XFORM 203-602] Inlining function '_divide' into 'stream_deconv_1' (stream_deconv_fixed.cpp:94) automatically.
INFO: [XFORM 203-602] Inlining function '_max' into 'stream_deconv_1' (stream_deconv_fixed.cpp:94) automatically.
INFO: [XFORM 203-602] Inlining function '_divide' into 'stream_deconv_286' (stream_deconv_fixed.cpp:228) automatically.
INFO: [XFORM 203-602] Inlining function '_max' into 'stream_deconv_286' (stream_deconv_fixed.cpp:230) automatically.
INFO: [XFORM 203-602] Inlining function '_multiply' into 'stream_deconv_387' (stream_deconv_fixed.cpp:293) automatically.
WARNING: [XFORM 203-713] All the elements of global array 'layer2_kernel.V.0' should be updated in process function '_wt_kernel_282' (stream_deconv_fixed.cpp:125:31), otherwise it may not be synthesized correctly.
WARNING: [XFORM 203-713] All the elements of global array 'layer2_kernel.V.1' should be updated in process function '_wt_kernel_282' (stream_deconv_fixed.cpp:125:31), otherwise it may not be synthesized correctly.
WARNING: [XFORM 203-713] All the elements of global array 'layer2_kernel.V.10' should be updated in process function '_wt_kernel_282' (stream_deconv_fixed.cpp:125:31), otherwise it may not be synthesized correctly.
WARNING: [XFORM 203-713] All the elements of global array 'layer2_kernel.V.11' should be updated in process function '_wt_kernel_282' (stream_deconv_fixed.cpp:125:31), otherwise it may not be synthesized correctly.
WARNING: [XFORM 203-713] All the elements of global array 'layer2_kernel.V.12' should be updated in process function '_wt_kernel_282' (stream_deconv_fixed.cpp:125:31), otherwise it may not be synthesized correctly.
WARNING: [XFORM 203-713] All the elements of global array 'layer2_kernel.V.13' should be updated in process function '_wt_kernel_282' (stream_deconv_fixed.cpp:125:31), otherwise it may not be synthesized correctly.
WARNING: [XFORM 203-713] All the elements of global array 'layer2_kernel.V.14' should be updated in process function '_wt_kernel_282' (stream_deconv_fixed.cpp:125:31), otherwise it may not be synthesized correctly.
WARNING: [XFORM 203-713] All the elements of global array 'layer2_kernel.V.15' should be updated in process function '_wt_kernel_282' (stream_deconv_fixed.cpp:125:31), otherwise it may not be synthesized correctly.
WARNING: [XFORM 203-713] All the elements of global array 'layer2_kernel.V.2' should be updated in process function '_wt_kernel_282' (stream_deconv_fixed.cpp:125:31), otherwise it may not be synthesized correctly.
WARNING: [XFORM 203-713] All the elements of global array 'layer2_kernel.V.3' should be updated in process function '_wt_kernel_282' (stream_deconv_fixed.cpp:125:31), otherwise it may not be synthesized correctly.
WARNING: [XFORM 203-713] All the elements of global array 'layer2_kernel.V.4' should be updated in process function '_wt_kernel_282' (stream_deconv_fixed.cpp:125:31), otherwise it may not be synthesized correctly.
WARNING: [XFORM 203-713] All the elements of global array 'layer2_kernel.V.5' should be updated in process function '_wt_kernel_282' (stream_deconv_fixed.cpp:125:31), otherwise it may not be synthesized correctly.
WARNING: [XFORM 203-713] All the elements of global array 'layer2_kernel.V.6' should be updated in process function '_wt_kernel_282' (stream_deconv_fixed.cpp:125:31), otherwise it may not be synthesized correctly.
WARNING: [XFORM 203-713] All the elements of global array 'layer2_kernel.V.7' should be updated in process function '_wt_kernel_282' (stream_deconv_fixed.cpp:125:31), otherwise it may not be synthesized correctly.
WARNING: [XFORM 203-713] All the elements of global array 'layer2_kernel.V.8' should be updated in process function '_wt_kernel_282' (stream_deconv_fixed.cpp:125:31), otherwise it may not be synthesized correctly.
WARNING: [XFORM 203-713] All the elements of global array 'layer2_kernel.V.9' should be updated in process function '_wt_kernel_282' (stream_deconv_fixed.cpp:125:31), otherwise it may not be synthesized correctly.
INFO: [XFORM 203-712] Applying dataflow to function 'deconv' (stream_deconv_fixed.cpp:321), detected/extracted 12 process function(s):
	 'Block__proc'
	 '_extend_stream_1.1'
	 '_extend_stream_181'
	 '_extend_stream_1'
	 '_wt_kernel_282'
	 '_extend_stream_283'
	 '_extend_stream_284'
	 '_wt_kernel_385'
	 'stream_deconv_1'
	 'stream_deconv_286'
	 'Block__proc102'
	 'stream_deconv_387'.
INFO: [XFORM 203-401] Performing if-conversion on hyperblock from (stream_deconv_fixed.cpp:65:43) to (stream_deconv_fixed.cpp:65:36) in function 'stream_deconv_1'... converting 11 basic blocks.
INFO: [XFORM 203-602] Inlining function '_multiply' into 'stream_deconv_286' (stream_deconv_fixed.cpp:193) automatically.
INFO: [XFORM 203-11] Balancing expressions in function 'stream_deconv_387' (stream_deconv_fixed.cpp:18:37)...32 expression(s) balanced.
INFO: [XFORM 203-11] Balancing expressions in function 'stream_deconv_1' (stream_deconv_fixed.cpp:55)...19 expression(s) balanced.
INFO: [HLS 200-111] Finished Pre-synthesis Time (s): cpu = 00:02:43 ; elapsed = 00:02:58 . Memory (MB): peak = 234.164 ; gain = 184.613
INFO: [XFORM 203-541] Flattening a loop nest 'L_KH' (stream_deconv_fixed.cpp:288:43) in function 'stream_deconv_387'.
WARNING: [XFORM 203-542] Cannot flatten a loop nest 'L_IW' (stream_deconv_fixed.cpp:279:43) in function 'stream_deconv_387' : 
WARNING: [XFORM 203-542] more than one sub loop.
INFO: [XFORM 203-541] Flattening a loop nest 'L_IH' (stream_deconv_fixed.cpp:278:42) in function 'stream_deconv_387'.
INFO: [XFORM 203-541] Flattening a loop nest 'Loop-2' (stream_deconv_fixed.cpp:303:20) in function 'stream_deconv_387'.
WARNING: [XFORM 203-542] Cannot flatten a loop nest 'L_IW' (stream_deconv_fixed.cpp:177:42) in function 'stream_deconv_286' : 
WARNING: [XFORM 203-542] more than one sub loop.
WARNING: [XFORM 203-542] Cannot flatten a loop nest 'L_IH' (stream_deconv_fixed.cpp:176:41) in function 'stream_deconv_286' : 
WARNING: [XFORM 203-542] the outer loop is not a perfect loop.
WARNING: [XFORM 203-542] Cannot flatten a loop nest 'Loop-4.2' (stream_deconv_fixed.cpp:219:21) in function 'stream_deconv_286' : 
WARNING: [XFORM 203-542] more than one sub loop.
WARNING: [XFORM 203-542] Cannot flatten a loop nest 'Loop-4' (stream_deconv_fixed.cpp:213:20) in function 'stream_deconv_286' : 
WARNING: [XFORM 203-542] more than one sub loop.
WARNING: [XFORM 203-542] Cannot flatten a loop nest 'L_OW' (stream_deconv_fixed.cpp:84:42) in function 'stream_deconv_1' : 
WARNING: [XFORM 203-542] more than one sub loop.
WARNING: [XFORM 203-542] Cannot flatten a loop nest 'L_OH' (stream_deconv_fixed.cpp:77:41) in function 'stream_deconv_1' : 
WARNING: [XFORM 203-542] more than one sub loop.
INFO: [XFORM 203-541] Flattening a loop nest 'Loop-1' (stream_deconv_fixed.cpp:259:20) in function '_wt_kernel_385'.
INFO: [XFORM 203-541] Flattening a loop nest 'Loop-1.1' (stream_deconv_fixed.cpp:126:21) in function '_wt_kernel_282'.
INFO: [XFORM 203-541] Flattening a loop nest 'Loop-1' (stream_deconv_fixed.cpp:125:20) in function '_wt_kernel_282'.
INFO: [HLS 200-111] Finished Architecture Synthesis Time (s): cpu = 00:03:30 ; elapsed = 00:03:44 . Memory (MB): peak = 330.645 ; gain = 281.094
INFO: [HLS 200-10] Starting hardware synthesis ...
INFO: [HLS 200-10] Synthesizing 'deconv' ...
WARNING: [SYN 201-103] Legalizing function name '_extend_stream_1.1' to 'p_extend_stream_1_1'.
WARNING: [SYN 201-103] Legalizing function name '_extend_stream_181' to 'p_extend_stream_181'.
WARNING: [SYN 201-103] Legalizing function name '_extend_stream_1' to 'p_extend_stream_1'.
WARNING: [SYN 201-103] Legalizing function name '_wt_kernel_282' to 'p_wt_kernel_282'.
WARNING: [SYN 201-103] Legalizing function name '_extend_stream_283' to 'p_extend_stream_283'.
WARNING: [SYN 201-103] Legalizing function name '_extend_stream_284' to 'p_extend_stream_284'.
WARNING: [SYN 201-103] Legalizing function name '_wt_kernel_385' to 'p_wt_kernel_385'.
WARNING: [SYN 201-103] Legalizing function name 'Block__proc102' to 'Block_proc102'.
INFO: [HLS 200-10] ----------------------------------------------------------------
INFO: [HLS 200-42] -- Implementing module 'p_extend_stream_1_1' 
INFO: [HLS 200-10] ----------------------------------------------------------------
INFO: [SCHED 204-11] Starting scheduling ...
INFO: [SCHED 204-61] Pipelining loop 'L_RD'.
INFO: [SCHED 204-61] Pipelining result: Target II: 1, Final II: 1, Depth: 2.
INFO: [SCHED 204-61] Pipelining loop 'L_REP'.
WARNING: [SCHED 204-68] Unable to enforce a carried dependence constraint (II = 1, distance = 1, offset = 1)
   between fifo write on port 'stream_o_V_V' (stream_deconv_fixed.cpp:50) and fifo write on port 'stream_o_V_V' (stream_deconv_fixed.cpp:50).
WARNING: [SCHED 204-68] Unable to enforce a carried dependence constraint (II = 2, distance = 1, offset = 1)
   between fifo write on port 'stream_o_V_V' (stream_deconv_fixed.cpp:50) and fifo write on port 'stream_o_V_V' (stream_deconv_fixed.cpp:50).
WARNING: [SCHED 204-68] Unable to enforce a carried dependence constraint (II = 3, distance = 1, offset = 1)
   between fifo write on port 'stream_o_V_V' (stream_deconv_fixed.cpp:50) and fifo write on port 'stream_o_V_V' (stream_deconv_fixed.cpp:50).
WARNING: [SCHED 204-68] Unable to enforce a carried dependence constraint (II = 4, distance = 1, offset = 1)
   between fifo write on port 'stream_o_V_V' (stream_deconv_fixed.cpp:50) and fifo write on port 'stream_o_V_V' (stream_deconv_fixed.cpp:50).
WARNING: [SCHED 204-68] Unable to enforce a carried dependence constraint (II = 19, distance = 1, offset = 1)
   between fifo write on port 'stream_o_V_V' (stream_deconv_fixed.cpp:50) and fifo write on port 'stream_o_V_V' (stream_deconv_fixed.cpp:50).
WARNING: [SCHED 204-68] Unable to enforce a carried dependence constraint (II = 27, distance = 1, offset = 1)
   between fifo write on port 'stream_o_V_V' (stream_deconv_fixed.cpp:50) and fifo write on port 'stream_o_V_V' (stream_deconv_fixed.cpp:50).
WARNING: [SCHED 204-68] Unable to enforce a carried dependence constraint (II = 31, distance = 1, offset = 1)
   between fifo write on port 'stream_o_V_V' (stream_deconv_fixed.cpp:50) and fifo write on port 'stream_o_V_V' (stream_deconv_fixed.cpp:50).
INFO: [SCHED 204-61] Pipelining result: Target II: 1, Final II: 32, Depth: 33.
INFO: [SCHED 204-11] Finished scheduling.
INFO: [HLS 200-111]  Elapsed time: 226.295 seconds; current allocated memory: 274.722 MB.
INFO: [BIND 205-100] Starting micro-architecture generation ...
INFO: [BIND 205-101] Performing variable lifetime analysis.
INFO: [BIND 205-101] Exploring resource sharing.
INFO: [BIND 205-101] Binding ...
INFO: [BIND 205-100] Finished micro-architecture generation.
INFO: [HLS 200-111]  Elapsed time: 0.422 seconds; current allocated memory: 275.239 MB.
INFO: [HLS 200-10] ----------------------------------------------------------------
INFO: [HLS 200-42] -- Implementing module 'p_extend_stream_181' 
INFO: [HLS 200-10] ----------------------------------------------------------------
INFO: [SCHED 204-11] Starting scheduling ...
INFO: [SCHED 204-61] Pipelining loop 'L_RD'.
INFO: [SCHED 204-61] Pipelining result: Target II: 1, Final II: 1, Depth: 2.
INFO: [SCHED 204-61] Pipelining loop 'L_REP'.
WARNING: [SCHED 204-68] Unable to enforce a carried dependence constraint (II = 1, distance = 1, offset = 1)
   between fifo write on port 'stream_o_V_V' (stream_deconv_fixed.cpp:50) and fifo write on port 'stream_o_V_V' (stream_deconv_fixed.cpp:50).
WARNING: [SCHED 204-68] Unable to enforce a carried dependence constraint (II = 2, distance = 1, offset = 1)
   between fifo write on port 'stream_o_V_V' (stream_deconv_fixed.cpp:50) and fifo write on port 'stream_o_V_V' (stream_deconv_fixed.cpp:50).
WARNING: [SCHED 204-68] Unable to enforce a carried dependence constraint (II = 3, distance = 1, offset = 1)
   between fifo write on port 'stream_o_V_V' (stream_deconv_fixed.cpp:50) and fifo write on port 'stream_o_V_V' (stream_deconv_fixed.cpp:50).
WARNING: [SCHED 204-68] Unable to enforce a carried dependence constraint (II = 4, distance = 1, offset = 1)
   between fifo write on port 'stream_o_V_V' (stream_deconv_fixed.cpp:50) and fifo write on port 'stream_o_V_V' (stream_deconv_fixed.cpp:50).
WARNING: [SCHED 204-68] Unable to enforce a carried dependence constraint (II = 19, distance = 1, offset = 1)
   between fifo write on port 'stream_o_V_V' (stream_deconv_fixed.cpp:50) and fifo write on port 'stream_o_V_V' (stream_deconv_fixed.cpp:50).
WARNING: [SCHED 204-68] Unable to enforce a carried dependence constraint (II = 27, distance = 1, offset = 1)
   between fifo write on port 'stream_o_V_V' (stream_deconv_fixed.cpp:50) and fifo write on port 'stream_o_V_V' (stream_deconv_fixed.cpp:50).
WARNING: [SCHED 204-68] Unable to enforce a carried dependence constraint (II = 31, distance = 1, offset = 1)
   between fifo write on port 'stream_o_V_V' (stream_deconv_fixed.cpp:50) and fifo write on port 'stream_o_V_V' (stream_deconv_fixed.cpp:50).
INFO: [SCHED 204-61] Pipelining result: Target II: 1, Final II: 32, Depth: 33.
INFO: [SCHED 204-11] Finished scheduling.
INFO: [HLS 200-111]  Elapsed time: 0.834 seconds; current allocated memory: 276.219 MB.
INFO: [BIND 205-100] Starting micro-architecture generation ...
INFO: [BIND 205-101] Performing variable lifetime analysis.
INFO: [BIND 205-101] Exploring resource sharing.
INFO: [BIND 205-101] Binding ...
INFO: [BIND 205-100] Finished micro-architecture generation.
INFO: [HLS 200-111]  Elapsed time: 0.491 seconds; current allocated memory: 276.670 MB.
INFO: [HLS 200-10] ----------------------------------------------------------------
INFO: [HLS 200-42] -- Implementing module 'p_extend_stream_1' 
INFO: [HLS 200-10] ----------------------------------------------------------------
INFO: [SCHED 204-11] Starting scheduling ...
INFO: [SCHED 204-61] Pipelining loop 'L_RD'.
INFO: [SCHED 204-61] Pipelining result: Target II: 1, Final II: 1, Depth: 2.
INFO: [SCHED 204-61] Pipelining loop 'L_REP'.
WARNING: [SCHED 204-68] Unable to enforce a carried dependence constraint (II = 1, distance = 1, offset = 1)
   between fifo write on port 'stream_o_V_V' (stream_deconv_fixed.cpp:50) and fifo write on port 'stream_o_V_V' (stream_deconv_fixed.cpp:50).
WARNING: [SCHED 204-68] Unable to enforce a carried dependence constraint (II = 2, distance = 1, offset = 1)
   between fifo write on port 'stream_o_V_V' (stream_deconv_fixed.cpp:50) and fifo write on port 'stream_o_V_V' (stream_deconv_fixed.cpp:50).
WARNING: [SCHED 204-68] Unable to enforce a carried dependence constraint (II = 3, distance = 1, offset = 1)
   between fifo write on port 'stream_o_V_V' (stream_deconv_fixed.cpp:50) and fifo write on port 'stream_o_V_V' (stream_deconv_fixed.cpp:50).
WARNING: [SCHED 204-68] Unable to enforce a carried dependence constraint (II = 4, distance = 1, offset = 1)
   between fifo write on port 'stream_o_V_V' (stream_deconv_fixed.cpp:50) and fifo write on port 'stream_o_V_V' (stream_deconv_fixed.cpp:50).
WARNING: [SCHED 204-68] Unable to enforce a carried dependence constraint (II = 19, distance = 1, offset = 1)
   between fifo write on port 'stream_o_V_V' (stream_deconv_fixed.cpp:50) and fifo write on port 'stream_o_V_V' (stream_deconv_fixed.cpp:50).
WARNING: [SCHED 204-68] Unable to enforce a carried dependence constraint (II = 27, distance = 1, offset = 1)
   between fifo write on port 'stream_o_V_V' (stream_deconv_fixed.cpp:50) and fifo write on port 'stream_o_V_V' (stream_deconv_fixed.cpp:50).
WARNING: [SCHED 204-68] Unable to enforce a carried dependence constraint (II = 31, distance = 1, offset = 1)
   between fifo write on port 'stream_o_V_V' (stream_deconv_fixed.cpp:50) and fifo write on port 'stream_o_V_V' (stream_deconv_fixed.cpp:50).
INFO: [SCHED 204-61] Pipelining result: Target II: 1, Final II: 32, Depth: 33.
INFO: [SCHED 204-11] Finished scheduling.
INFO: [HLS 200-111]  Elapsed time: 0.776 seconds; current allocated memory: 277.635 MB.
INFO: [BIND 205-100] Starting micro-architecture generation ...
INFO: [BIND 205-101] Performing variable lifetime analysis.
INFO: [BIND 205-101] Exploring resource sharing.
INFO: [BIND 205-101] Binding ...
INFO: [BIND 205-100] Finished micro-architecture generation.
INFO: [HLS 200-111]  Elapsed time: 0.461 seconds; current allocated memory: 278.087 MB.
INFO: [HLS 200-10] ----------------------------------------------------------------
INFO: [HLS 200-42] -- Implementing module 'p_wt_kernel_282' 
INFO: [HLS 200-10] ----------------------------------------------------------------
INFO: [SCHED 204-11] Starting scheduling ...
INFO: [SCHED 204-61] Pipelining loop 'Loop 1'.
WARNING: [SCHED 204-68] Unable to enforce a carried dependence constraint (II = 1, distance = 1, offset = 1)
   between fifo read on port 'kernel_i_V_V1' (stream_deconv_fixed.cpp:130) and fifo read on port 'kernel_i_V_V1' (stream_deconv_fixed.cpp:130).
WARNING: [SCHED 204-68] Unable to enforce a carried dependence constraint (II = 2, distance = 1, offset = 1)
   between fifo read on port 'kernel_i_V_V1' (stream_deconv_fixed.cpp:130) and fifo read on port 'kernel_i_V_V1' (stream_deconv_fixed.cpp:130).
WARNING: [SCHED 204-68] Unable to enforce a carried dependence constraint (II = 3, distance = 1, offset = 1)
   between fifo read on port 'kernel_i_V_V1' (stream_deconv_fixed.cpp:130) and fifo read on port 'kernel_i_V_V1' (stream_deconv_fixed.cpp:130).
WARNING: [SCHED 204-68] Unable to enforce a carried dependence constraint (II = 4, distance = 1, offset = 1)
   between fifo read on port 'kernel_i_V_V1' (stream_deconv_fixed.cpp:130) and fifo read on port 'kernel_i_V_V1' (stream_deconv_fixed.cpp:130).
WARNING: [SCHED 204-68] Unable to enforce a carried dependence constraint (II = 19, distance = 1, offset = 1)
   between fifo read on port 'kernel_i_V_V1' (stream_deconv_fixed.cpp:130) and fifo read on port 'kernel_i_V_V1' (stream_deconv_fixed.cpp:130).
WARNING: [SCHED 204-68] Unable to enforce a carried dependence constraint (II = 27, distance = 1, offset = 1)
   between fifo read on port 'kernel_i_V_V1' (stream_deconv_fixed.cpp:130) and fifo read on port 'kernel_i_V_V1' (stream_deconv_fixed.cpp:130).
WARNING: [SCHED 204-68] Unable to enforce a carried dependence constraint (II = 31, distance = 1, offset = 1)
   between fifo read on port 'kernel_i_V_V1' (stream_deconv_fixed.cpp:130) and fifo read on port 'kernel_i_V_V1' (stream_deconv_fixed.cpp:130).
INFO: [SCHED 204-61] Pipelining result: Target II: 1, Final II: 32, Depth: 33.
INFO: [SCHED 204-11] Finished scheduling.
INFO: [HLS 200-111]  Elapsed time: 6.117 seconds; current allocated memory: 281.333 MB.
INFO: [BIND 205-100] Starting micro-architecture generation ...
INFO: [BIND 205-101] Performing variable lifetime analysis.
INFO: [BIND 205-101] Exploring resource sharing.
INFO: [BIND 205-101] Binding ...
INFO: [BIND 205-100] Finished micro-architecture generation.
INFO: [HLS 200-111]  Elapsed time: 1.425 seconds; current allocated memory: 284.030 MB.
INFO: [HLS 200-10] ----------------------------------------------------------------
INFO: [HLS 200-42] -- Implementing module 'p_extend_stream_283' 
INFO: [HLS 200-10] ----------------------------------------------------------------
INFO: [SCHED 204-11] Starting scheduling ...
INFO: [SCHED 204-61] Pipelining loop 'Loop 1'.
INFO: [SCHED 204-61] Pipelining result: Target II: 1, Final II: 1, Depth: 2.
INFO: [SCHED 204-61] Pipelining loop 'Loop 2'.
WARNING: [SCHED 204-68] Unable to enforce a carried dependence constraint (II = 1, distance = 1, offset = 1)
   between fifo write on port 'stream_o_V_V' (stream_deconv_fixed.cpp:151) and fifo write on port 'stream_o_V_V' (stream_deconv_fixed.cpp:151).
WARNING: [SCHED 204-68] Unable to enforce a carried dependence constraint (II = 2, distance = 1, offset = 1)
   between fifo write on port 'stream_o_V_V' (stream_deconv_fixed.cpp:151) and fifo write on port 'stream_o_V_V' (stream_deconv_fixed.cpp:151).
WARNING: [SCHED 204-68] Unable to enforce a carried dependence constraint (II = 3, distance = 1, offset = 1)
   between fifo write on port 'stream_o_V_V' (stream_deconv_fixed.cpp:151) and fifo write on port 'stream_o_V_V' (stream_deconv_fixed.cpp:151).
WARNING: [SCHED 204-68] Unable to enforce a carried dependence constraint (II = 4, distance = 1, offset = 1)
   between fifo write on port 'stream_o_V_V' (stream_deconv_fixed.cpp:151) and fifo write on port 'stream_o_V_V' (stream_deconv_fixed.cpp:151).
WARNING: [SCHED 204-68] Unable to enforce a carried dependence constraint (II = 19, distance = 1, offset = 1)
   between fifo write on port 'stream_o_V_V' (stream_deconv_fixed.cpp:151) and fifo write on port 'stream_o_V_V' (stream_deconv_fixed.cpp:151).
WARNING: [SCHED 204-68] Unable to enforce a carried dependence constraint (II = 27, distance = 1, offset = 1)
   between fifo write on port 'stream_o_V_V' (stream_deconv_fixed.cpp:151) and fifo write on port 'stream_o_V_V' (stream_deconv_fixed.cpp:151).
WARNING: [SCHED 204-68] Unable to enforce a carried dependence constraint (II = 31, distance = 1, offset = 1)
   between fifo write on port 'stream_o_V_V' (stream_deconv_fixed.cpp:151) and fifo write on port 'stream_o_V_V' (stream_deconv_fixed.cpp:151).
INFO: [SCHED 204-61] Pipelining result: Target II: 1, Final II: 32, Depth: 33.
INFO: [SCHED 204-11] Finished scheduling.
INFO: [HLS 200-111]  Elapsed time: 1.616 seconds; current allocated memory: 285.018 MB.
INFO: [BIND 205-100] Starting micro-architecture generation ...
INFO: [BIND 205-101] Performing variable lifetime analysis.
INFO: [BIND 205-101] Exploring resource sharing.
INFO: [BIND 205-101] Binding ...
INFO: [BIND 205-100] Finished micro-architecture generation.
INFO: [HLS 200-111]  Elapsed time: 0.484 seconds; current allocated memory: 285.469 MB.
INFO: [HLS 200-10] ----------------------------------------------------------------
INFO: [HLS 200-42] -- Implementing module 'p_extend_stream_284' 
INFO: [HLS 200-10] ----------------------------------------------------------------
INFO: [SCHED 204-11] Starting scheduling ...
INFO: [SCHED 204-61] Pipelining loop 'Loop 1'.
INFO: [SCHED 204-61] Pipelining result: Target II: 1, Final II: 1, Depth: 2.
INFO: [SCHED 204-61] Pipelining loop 'Loop 2'.
WARNING: [SCHED 204-68] Unable to enforce a carried dependence constraint (II = 1, distance = 1, offset = 1)
   between fifo write on port 'stream_o_V_V' (stream_deconv_fixed.cpp:151) and fifo write on port 'stream_o_V_V' (stream_deconv_fixed.cpp:151).
WARNING: [SCHED 204-68] Unable to enforce a carried dependence constraint (II = 2, distance = 1, offset = 1)
   between fifo write on port 'stream_o_V_V' (stream_deconv_fixed.cpp:151) and fifo write on port 'stream_o_V_V' (stream_deconv_fixed.cpp:151).
WARNING: [SCHED 204-68] Unable to enforce a carried dependence constraint (II = 3, distance = 1, offset = 1)
   between fifo write on port 'stream_o_V_V' (stream_deconv_fixed.cpp:151) and fifo write on port 'stream_o_V_V' (stream_deconv_fixed.cpp:151).
WARNING: [SCHED 204-68] Unable to enforce a carried dependence constraint (II = 4, distance = 1, offset = 1)
   between fifo write on port 'stream_o_V_V' (stream_deconv_fixed.cpp:151) and fifo write on port 'stream_o_V_V' (stream_deconv_fixed.cpp:151).
WARNING: [SCHED 204-68] Unable to enforce a carried dependence constraint (II = 19, distance = 1, offset = 1)
   between fifo write on port 'stream_o_V_V' (stream_deconv_fixed.cpp:151) and fifo write on port 'stream_o_V_V' (stream_deconv_fixed.cpp:151).
WARNING: [SCHED 204-68] Unable to enforce a carried dependence constraint (II = 27, distance = 1, offset = 1)
   between fifo write on port 'stream_o_V_V' (stream_deconv_fixed.cpp:151) and fifo write on port 'stream_o_V_V' (stream_deconv_fixed.cpp:151).
WARNING: [SCHED 204-68] Unable to enforce a carried dependence constraint (II = 31, distance = 1, offset = 1)
   between fifo write on port 'stream_o_V_V' (stream_deconv_fixed.cpp:151) and fifo write on port 'stream_o_V_V' (stream_deconv_fixed.cpp:151).
INFO: [SCHED 204-61] Pipelining result: Target II: 1, Final II: 32, Depth: 33.
INFO: [SCHED 204-11] Finished scheduling.
INFO: [HLS 200-111]  Elapsed time: 0.891 seconds; current allocated memory: 286.448 MB.
INFO: [BIND 205-100] Starting micro-architecture generation ...
INFO: [BIND 205-101] Performing variable lifetime analysis.
INFO: [BIND 205-101] Exploring resource sharing.
INFO: [BIND 205-101] Binding ...
INFO: [BIND 205-100] Finished micro-architecture generation.
INFO: [HLS 200-111]  Elapsed time: 0.517 seconds; current allocated memory: 286.899 MB.
INFO: [HLS 200-10] ----------------------------------------------------------------
INFO: [HLS 200-42] -- Implementing module 'p_wt_kernel_385' 
INFO: [HLS 200-10] ----------------------------------------------------------------
INFO: [SCHED 204-11] Starting scheduling ...
INFO: [SCHED 204-61] Pipelining loop 'Loop 1'.
WARNING: [SCHED 204-68] Unable to enforce a carried dependence constraint (II = 1, distance = 1, offset = 1)
   between fifo read on port 'kernel_i_V_V2' (stream_deconv_fixed.cpp:263) and fifo read on port 'kernel_i_V_V2' (stream_deconv_fixed.cpp:263).
WARNING: [SCHED 204-68] Unable to enforce a carried dependence constraint (II = 2, distance = 1, offset = 1)
   between fifo read on port 'kernel_i_V_V2' (stream_deconv_fixed.cpp:263) and fifo read on port 'kernel_i_V_V2' (stream_deconv_fixed.cpp:263).
WARNING: [SCHED 204-68] Unable to enforce a carried dependence constraint (II = 3, distance = 1, offset = 1)
   between fifo read on port 'kernel_i_V_V2' (stream_deconv_fixed.cpp:263) and fifo read on port 'kernel_i_V_V2' (stream_deconv_fixed.cpp:263).
WARNING: [SCHED 204-68] Unable to enforce a carried dependence constraint (II = 4, distance = 1, offset = 1)
   between fifo read on port 'kernel_i_V_V2' (stream_deconv_fixed.cpp:263) and fifo read on port 'kernel_i_V_V2' (stream_deconv_fixed.cpp:263).
WARNING: [SCHED 204-68] Unable to enforce a carried dependence constraint (II = 19, distance = 1, offset = 1)
   between fifo read on port 'kernel_i_V_V2' (stream_deconv_fixed.cpp:263) and fifo read on port 'kernel_i_V_V2' (stream_deconv_fixed.cpp:263).
WARNING: [SCHED 204-68] Unable to enforce a carried dependence constraint (II = 27, distance = 1, offset = 1)
   between fifo read on port 'kernel_i_V_V2' (stream_deconv_fixed.cpp:263) and fifo read on port 'kernel_i_V_V2' (stream_deconv_fixed.cpp:263).
WARNING: [SCHED 204-68] Unable to enforce a carried dependence constraint (II = 31, distance = 1, offset = 1)
   between fifo read on port 'kernel_i_V_V2' (stream_deconv_fixed.cpp:263) and fifo read on port 'kernel_i_V_V2' (stream_deconv_fixed.cpp:263).
INFO: [SCHED 204-61] Pipelining result: Target II: 1, Final II: 32, Depth: 33.
INFO: [SCHED 204-11] Finished scheduling.
INFO: [HLS 200-111]  Elapsed time: 1.043 seconds; current allocated memory: 287.498 MB.
INFO: [BIND 205-100] Starting micro-architecture generation ...
INFO: [BIND 205-101] Performing variable lifetime analysis.
INFO: [BIND 205-101] Exploring resource sharing.
INFO: [BIND 205-101] Binding ...
INFO: [BIND 205-100] Finished micro-architecture generation.
INFO: [HLS 200-111]  Elapsed time: 0.404 seconds; current allocated memory: 287.902 MB.
INFO: [HLS 200-10] ----------------------------------------------------------------
INFO: [HLS 200-42] -- Implementing module 'stream_deconv_1' 
INFO: [HLS 200-10] ----------------------------------------------------------------
INFO: [SCHED 204-11] Starting scheduling ...
INFO: [SCHED 204-61] Pipelining loop 'L_Buf'.
INFO: [SCHED 204-61] Pipelining result: Target II: 1, Final II: 1, Depth: 2.
INFO: [SCHED 204-61] Pipelining loop 'Loop 2'.
WARNING: [SCHED 204-68] Unable to enforce a carried dependence constraint (II = 1, distance = 1, offset = 1)
   between fifo write on port 'stream_o_0_V_V' (stream_deconv_fixed.cpp:73) and fifo write on port 'stream_o_0_V_V' (stream_deconv_fixed.cpp:73).
WARNING: [SCHED 204-68] Unable to enforce a carried dependence constraint (II = 2, distance = 1, offset = 1)
   between fifo write on port 'stream_o_0_V_V' (stream_deconv_fixed.cpp:73) and fifo write on port 'stream_o_0_V_V' (stream_deconv_fixed.cpp:73).
WARNING: [SCHED 204-68] Unable to enforce a carried dependence constraint (II = 3, distance = 1, offset = 1)
   between fifo write on port 'stream_o_0_V_V' (stream_deconv_fixed.cpp:73) and fifo write on port 'stream_o_0_V_V' (stream_deconv_fixed.cpp:73).
WARNING: [SCHED 204-68] Unable to enforce a carried dependence constraint (II = 4, distance = 1, offset = 1)
   between fifo write on port 'stream_o_0_V_V' (stream_deconv_fixed.cpp:73) and fifo write on port 'stream_o_0_V_V' (stream_deconv_fixed.cpp:73).
WARNING: [SCHED 204-68] Unable to enforce a carried dependence constraint (II = 19, distance = 1, offset = 1)
   between fifo write on port 'stream_o_0_V_V' (stream_deconv_fixed.cpp:73) and fifo write on port 'stream_o_0_V_V' (stream_deconv_fixed.cpp:73).
WARNING: [SCHED 204-68] Unable to enforce a carried dependence constraint (II = 27, distance = 1, offset = 1)
   between fifo write on port 'stream_o_0_V_V' (stream_deconv_fixed.cpp:73) and fifo write on port 'stream_o_0_V_V' (stream_deconv_fixed.cpp:73).
WARNING: [SCHED 204-68] Unable to enforce a carried dependence constraint (II = 31, distance = 1, offset = 1)
   between fifo write on port 'stream_o_0_V_V' (stream_deconv_fixed.cpp:73) and fifo write on port 'stream_o_0_V_V' (stream_deconv_fixed.cpp:73).
INFO: [SCHED 204-61] Pipelining result: Target II: 1, Final II: 32, Depth: 33.
INFO: [SCHED 204-61] Pipelining loop 'L_OH.1'.
INFO: [SCHED 204-61] Pipelining result: Target II: 1, Final II: 1, Depth: 2.
INFO: [SCHED 204-61] Pipelining loop 'L_OC'.
WARNING: [SCHED 204-68] Unable to enforce a carried dependence constraint (II = 1, distance = 1, offset = 1)
   between fifo read on port 'kernel_0_V_V' (stream_deconv_fixed.cpp:90) and fifo read on port 'kernel_0_V_V' (stream_deconv_fixed.cpp:90).
WARNING: [SCHED 204-68] Unable to enforce a carried dependence constraint (II = 2, distance = 1, offset = 1)
   between fifo read on port 'kernel_0_V_V' (stream_deconv_fixed.cpp:90) and fifo read on port 'kernel_0_V_V' (stream_deconv_fixed.cpp:90).
WARNING: [SCHED 204-68] Unable to enforce a carried dependence constraint (II = 3, distance = 1, offset = 1)
   between fifo read on port 'kernel_0_V_V' (stream_deconv_fixed.cpp:90) and fifo read on port 'kernel_0_V_V' (stream_deconv_fixed.cpp:90).
WARNING: [SCHED 204-68] Unable to enforce a carried dependence constraint (II = 4, distance = 1, offset = 1)
   between fifo read on port 'kernel_0_V_V' (stream_deconv_fixed.cpp:90) and fifo read on port 'kernel_0_V_V' (stream_deconv_fixed.cpp:90).
WARNING: [SCHED 204-68] Unable to enforce a carried dependence constraint (II = 7, distance = 1, offset = 1)
   between fifo read on port 'kernel_0_V_V' (stream_deconv_fixed.cpp:90) and fifo read on port 'kernel_0_V_V' (stream_deconv_fixed.cpp:90).
WARNING: [SCHED 204-68] Unable to enforce a carried dependence constraint (II = 9, distance = 1, offset = 1)
   between fifo read on port 'kernel_0_V_V' (stream_deconv_fixed.cpp:90) and fifo read on port 'kernel_0_V_V' (stream_deconv_fixed.cpp:90).
INFO: [SCHED 204-61] Pipelining result: Target II: 1, Final II: 10, Depth: 46.
INFO: [SCHED 204-61] Pipelining loop 'L_OW.2'.
INFO: [SCHED 204-61] Pipelining result: Target II: 1, Final II: 1, Depth: 2.
INFO: [SCHED 204-61] Pipelining loop 'L_OH.3'.
WARNING: [SCHED 204-68] Unable to enforce a carried dependence constraint (II = 1, distance = 1, offset = 1)
   between fifo write on port 'stream_o_0_V_V' (stream_deconv_fixed.cpp:107) and fifo write on port 'stream_o_0_V_V' (stream_deconv_fixed.cpp:107).
WARNING: [SCHED 204-68] Unable to enforce a carried dependence constraint (II = 2, distance = 1, offset = 1)
   between fifo write on port 'stream_o_0_V_V' (stream_deconv_fixed.cpp:107) and fifo write on port 'stream_o_0_V_V' (stream_deconv_fixed.cpp:107).
WARNING: [SCHED 204-68] Unable to enforce a carried dependence constraint (II = 3, distance = 1, offset = 1)
   between fifo write on port 'stream_o_0_V_V' (stream_deconv_fixed.cpp:107) and fifo write on port 'stream_o_0_V_V' (stream_deconv_fixed.cpp:107).
WARNING: [SCHED 204-68] Unable to enforce a carried dependence constraint (II = 4, distance = 1, offset = 1)
   between fifo write on port 'stream_o_0_V_V' (stream_deconv_fixed.cpp:107) and fifo write on port 'stream_o_0_V_V' (stream_deconv_fixed.cpp:107).
WARNING: [SCHED 204-68] Unable to enforce a carried dependence constraint (II = 19, distance = 1, offset = 1)
   between fifo write on port 'stream_o_0_V_V' (stream_deconv_fixed.cpp:107) and fifo write on port 'stream_o_0_V_V' (stream_deconv_fixed.cpp:107).
WARNING: [SCHED 204-68] Unable to enforce a carried dependence constraint (II = 27, distance = 1, offset = 1)
   between fifo write on port 'stream_o_0_V_V' (stream_deconv_fixed.cpp:107) and fifo write on port 'stream_o_0_V_V' (stream_deconv_fixed.cpp:107).
WARNING: [SCHED 204-68] Unable to enforce a carried dependence constraint (II = 31, distance = 1, offset = 1)
   between fifo write on port 'stream_o_0_V_V' (stream_deconv_fixed.cpp:107) and fifo write on port 'stream_o_0_V_V' (stream_deconv_fixed.cpp:107).
INFO: [SCHED 204-61] Pipelining result: Target II: 1, Final II: 32, Depth: 33.
INFO: [SCHED 204-11] Finished scheduling.
INFO: [HLS 200-111]  Elapsed time: 1.261 seconds; current allocated memory: 289.871 MB.
INFO: [BIND 205-100] Starting micro-architecture generation ...
INFO: [BIND 205-101] Performing variable lifetime analysis.
INFO: [BIND 205-101] Exploring resource sharing.
INFO: [BIND 205-101] Binding ...
INFO: [BIND 205-100] Finished micro-architecture generation.
INFO: [HLS 200-111]  Elapsed time: 0.965 seconds; current allocated memory: 291.004 MB.
INFO: [HLS 200-10] ----------------------------------------------------------------
INFO: [HLS 200-42] -- Implementing module 'stream_deconv_286' 
INFO: [HLS 200-10] ----------------------------------------------------------------
INFO: [SCHED 204-11] Starting scheduling ...
INFO: [SCHED 204-61] Pipelining loop 'Loop 1'.
INFO: [SCHED 204-61] Pipelining result: Target II: 1, Final II: 1, Depth: 2.
INFO: [SCHED 204-61] Pipelining loop 'L_BUF'.
INFO: [SCHED 204-61] Pipelining result: Target II: 1, Final II: 1, Depth: 2.
INFO: [SCHED 204-61] Pipelining loop 'L_OC'.
WARNING: [SCHED 204-68] Unable to enforce a carried dependence constraint (II = 1, distance = 1, offset = 1)
   between 'store' operation (stream_deconv_fixed.cpp:193) of variable 'tmp_17_0_0_30_i', stream_deconv_fixed.cpp:193 on array 'layer2_matrix[0].V', stream_deconv_fixed.cpp:164 and 'load' operation ('layer2_matrix_0_V_l', stream_deconv_fixed.cpp:193) on array 'layer2_matrix[0].V', stream_deconv_fixed.cpp:164.
WARNING: [SCHED 204-69] Unable to schedule 'load' operation ('layer2_kernel_V_0_lo_4', stream_deconv_fixed.cpp:188) on array 'layer2_kernel_V_0' due to limited memory ports. Please consider using a memory core with more ports or partitioning the array 'layer2_kernel_V_0'.
WARNING: [SCHED 204-69] Unable to schedule 'store' operation (stream_deconv_fixed.cpp:193) of variable 'tmp_17_5_4_30_i', stream_deconv_fixed.cpp:193 on array 'layer2_matrix[14].V', stream_deconv_fixed.cpp:164 due to limited memory ports. Please consider using a memory core with more ports or partitioning the array 'layer2_matrix_14_V'.
INFO: [SCHED 204-61] Pipelining result: Target II: 1, Final II: 36, Depth: 36.
INFO: [SCHED 204-61] Pipelining loop 'Loop 3'.
WARNING: [SCHED 204-68] Unable to enforce a carried dependence constraint (II = 1, distance = 1, offset = 1)
   between fifo write on port 'stream_o_V_V4' (stream_deconv_fixed.cpp:209) and fifo write on port 'stream_o_V_V4' (stream_deconv_fixed.cpp:209).
WARNING: [SCHED 204-68] Unable to enforce a carried dependence constraint (II = 2, distance = 1, offset = 1)
   between fifo write on port 'stream_o_V_V4' (stream_deconv_fixed.cpp:209) and fifo write on port 'stream_o_V_V4' (stream_deconv_fixed.cpp:209).
WARNING: [SCHED 204-68] Unable to enforce a carried dependence constraint (II = 3, distance = 1, offset = 1)
   between fifo write on port 'stream_o_V_V4' (stream_deconv_fixed.cpp:209) and fifo write on port 'stream_o_V_V4' (stream_deconv_fixed.cpp:209).
WARNING: [SCHED 204-68] Unable to enforce a carried dependence constraint (II = 4, distance = 1, offset = 1)
   between fifo write on port 'stream_o_V_V4' (stream_deconv_fixed.cpp:209) and fifo write on port 'stream_o_V_V4' (stream_deconv_fixed.cpp:209).
WARNING: [SCHED 204-68] Unable to enforce a carried dependence constraint (II = 19, distance = 1, offset = 1)
   between fifo write on port 'stream_o_V_V4' (stream_deconv_fixed.cpp:209) and fifo write on port 'stream_o_V_V4' (stream_deconv_fixed.cpp:209).
WARNING: [SCHED 204-68] Unable to enforce a carried dependence constraint (II = 27, distance = 1, offset = 1)
   between fifo write on port 'stream_o_V_V4' (stream_deconv_fixed.cpp:209) and fifo write on port 'stream_o_V_V4' (stream_deconv_fixed.cpp:209).
WARNING: [SCHED 204-68] Unable to enforce a carried dependence constraint (II = 31, distance = 1, offset = 1)
   between fifo write on port 'stream_o_V_V4' (stream_deconv_fixed.cpp:209) and fifo write on port 'stream_o_V_V4' (stream_deconv_fixed.cpp:209).
INFO: [SCHED 204-61] Pipelining result: Target II: 1, Final II: 32, Depth: 33.
INFO: [SCHED 204-61] Pipelining loop 'Loop 4.1'.
INFO: [SCHED 204-61] Pipelining result: Target II: 1, Final II: 1, Depth: 2.
INFO: [SCHED 204-61] Pipelining loop 'Loop 4.2.1'.
INFO: [SCHED 204-61] Pipelining result: Target II: 1, Final II: 1, Depth: 36.
INFO: [SCHED 204-61] Pipelining loop 'Loop 4.2.2'.
INFO: [SCHED 204-61] Pipelining result: Target II: 1, Final II: 1, Depth: 2.
INFO: [SCHED 204-61] Pipelining loop 'Loop 4.3'.
WARNING: [SCHED 204-68] Unable to enforce a carried dependence constraint (II = 1, distance = 1, offset = 1)
   between fifo write on port 'stream_o_V_V4' (stream_deconv_fixed.cpp:242) and fifo write on port 'stream_o_V_V4' (stream_deconv_fixed.cpp:242).
WARNING: [SCHED 204-68] Unable to enforce a carried dependence constraint (II = 2, distance = 1, offset = 1)
   between fifo write on port 'stream_o_V_V4' (stream_deconv_fixed.cpp:242) and fifo write on port 'stream_o_V_V4' (stream_deconv_fixed.cpp:242).
WARNING: [SCHED 204-68] Unable to enforce a carried dependence constraint (II = 3, distance = 1, offset = 1)
   between fifo write on port 'stream_o_V_V4' (stream_deconv_fixed.cpp:242) and fifo write on port 'stream_o_V_V4' (stream_deconv_fixed.cpp:242).
WARNING: [SCHED 204-68] Unable to enforce a carried dependence constraint (II = 4, distance = 1, offset = 1)
   between fifo write on port 'stream_o_V_V4' (stream_deconv_fixed.cpp:242) and fifo write on port 'stream_o_V_V4' (stream_deconv_fixed.cpp:242).
WARNING: [SCHED 204-68] Unable to enforce a carried dependence constraint (II = 19, distance = 1, offset = 1)
   between fifo write on port 'stream_o_V_V4' (stream_deconv_fixed.cpp:242) and fifo write on port 'stream_o_V_V4' (stream_deconv_fixed.cpp:242).
WARNING: [SCHED 204-68] Unable to enforce a carried dependence constraint (II = 27, distance = 1, offset = 1)
   between fifo write on port 'stream_o_V_V4' (stream_deconv_fixed.cpp:242) and fifo write on port 'stream_o_V_V4' (stream_deconv_fixed.cpp:242).
WARNING: [SCHED 204-68] Unable to enforce a carried dependence constraint (II = 31, distance = 1, offset = 1)
   between fifo write on port 'stream_o_V_V4' (stream_deconv_fixed.cpp:242) and fifo write on port 'stream_o_V_V4' (stream_deconv_fixed.cpp:242).
INFO: [SCHED 204-61] Pipelining result: Target II: 1, Final II: 32, Depth: 33.
INFO: [SCHED 204-11] Finished scheduling.
INFO: [HLS 200-111]  Elapsed time: 82.851 seconds; current allocated memory: 301.383 MB.
INFO: [BIND 205-100] Starting micro-architecture generation ...
INFO: [BIND 205-101] Performing variable lifetime analysis.
INFO: [BIND 205-101] Exploring resource sharing.
INFO: [BIND 205-101] Binding ...
INFO: [BIND 205-100] Finished micro-architecture generation.
INFO: [HLS 200-111]  Elapsed time: 6.183 seconds; current allocated memory: 312.422 MB.
INFO: [HLS 200-10] ----------------------------------------------------------------
INFO: [HLS 200-42] -- Implementing module 'Block_proc102' 
INFO: [HLS 200-10] ----------------------------------------------------------------
INFO: [SCHED 204-11] Starting scheduling ...
INFO: [SCHED 204-11] Finished scheduling.
INFO: [HLS 200-111]  Elapsed time: 4.174 seconds; current allocated memory: 312.659 MB.
INFO: [BIND 205-100] Starting micro-architecture generation ...
INFO: [BIND 205-101] Performing variable lifetime analysis.
INFO: [BIND 205-101] Exploring resource sharing.
INFO: [BIND 205-101] Binding ...
INFO: [BIND 205-100] Finished micro-architecture generation.
INFO: [HLS 200-111]  Elapsed time: 0.214 seconds; current allocated memory: 312.703 MB.
INFO: [HLS 200-10] ----------------------------------------------------------------
INFO: [HLS 200-42] -- Implementing module 'stream_deconv_387' 
INFO: [HLS 200-10] ----------------------------------------------------------------
INFO: [SCHED 204-11] Starting scheduling ...
INFO: [SCHED 204-61] Pipelining loop 'L_BUF'.
INFO: [SCHED 204-61] Pipelining result: Target II: 1, Final II: 1, Depth: 2.
INFO: [SCHED 204-61] Pipelining loop 'L_KH_L_KW'.
WARNING: [SCHED 204-68] Unable to enforce a carried dependence constraint (II = 1, distance = 1, offset = 1)
   between 'store' operation (stream_deconv_fixed.cpp:293->stream_deconv_fixed.cpp:354) of variable 'tmp_6_30_i_i_i', stream_deconv_fixed.cpp:293->stream_deconv_fixed.cpp:354 on array 'layer3_matrix.V', stream_deconv_fixed.cpp:275->stream_deconv_fixed.cpp:354 and 'load' operation ('layer3_matrix_V_load_1', stream_deconv_fixed.cpp:293->stream_deconv_fixed.cpp:354) on array 'layer3_matrix.V', stream_deconv_fixed.cpp:275->stream_deconv_fixed.cpp:354.
INFO: [SCHED 204-61] Pipelining result: Target II: 1, Final II: 2, Depth: 6.
INFO: [SCHED 204-61] Pipelining loop 'Loop 2'.
INFO: [SCHED 204-61] Pipelining result: Target II: 1, Final II: 1, Depth: 3.
WARNING: [SCHED 204-21] Estimated clock period (16.6ns) exceeds the target (target clock period: 10ns, clock uncertainty: 1.25ns, effective delay budget: 8.75ns).
WARNING: [SCHED 204-21] The critical path consists of the following:
	'load' operation ('layer3_matrix_V_load_1', stream_deconv_fixed.cpp:293->stream_deconv_fixed.cpp:354) on array 'layer3_matrix.V', stream_deconv_fixed.cpp:275->stream_deconv_fixed.cpp:354 (3.25 ns)
	'add' operation ('tmp3', stream_deconv_fixed.cpp:293->stream_deconv_fixed.cpp:354) (2.14 ns)
	'add' operation ('tmp2', stream_deconv_fixed.cpp:293->stream_deconv_fixed.cpp:354) (1.98 ns)
	'add' operation ('tmp1', stream_deconv_fixed.cpp:293->stream_deconv_fixed.cpp:354) (1.98 ns)
	'add' operation ('tmp', stream_deconv_fixed.cpp:293->stream_deconv_fixed.cpp:354) (1.98 ns)
	'add' operation ('tmp_6_30_i_i_i', stream_deconv_fixed.cpp:293->stream_deconv_fixed.cpp:354) (1.98 ns)
	'store' operation (stream_deconv_fixed.cpp:293->stream_deconv_fixed.cpp:354) of variable 'tmp_6_30_i_i_i', stream_deconv_fixed.cpp:293->stream_deconv_fixed.cpp:354 on array 'layer3_matrix.V', stream_deconv_fixed.cpp:275->stream_deconv_fixed.cpp:354 (3.25 ns)
INFO: [SCHED 204-11] Finished scheduling.
INFO: [HLS 200-111]  Elapsed time: 0.671 seconds; current allocated memory: 314.160 MB.
INFO: [BIND 205-100] Starting micro-architecture generation ...
INFO: [BIND 205-101] Performing variable lifetime analysis.
INFO: [BIND 205-101] Exploring resource sharing.
INFO: [BIND 205-101] Binding ...
INFO: [BIND 205-100] Finished micro-architecture generation.
INFO: [HLS 200-111]  Elapsed time: 0.854 seconds; current allocated memory: 315.492 MB.
INFO: [HLS 200-10] ----------------------------------------------------------------
INFO: [HLS 200-42] -- Implementing module 'deconv' 
INFO: [HLS 200-10] ----------------------------------------------------------------
INFO: [SCHED 204-11] Starting scheduling ...
INFO: [SCHED 204-11] Finished scheduling.
INFO: [HLS 200-111]  Elapsed time: 0.795 seconds; current allocated memory: 315.738 MB.
INFO: [BIND 205-100] Starting micro-architecture generation ...
INFO: [BIND 205-101] Performing variable lifetime analysis.
INFO: [BIND 205-101] Exploring resource sharing.
INFO: [BIND 205-101] Binding ...
INFO: [BIND 205-100] Finished micro-architecture generation.
INFO: [HLS 200-111]  Elapsed time: 1.751 seconds; current allocated memory: 316.707 MB.
INFO: [HLS 200-10] ----------------------------------------------------------------
INFO: [HLS 200-10] -- Generating RTL for module 'p_extend_stream_1_1' 
INFO: [HLS 200-10] ----------------------------------------------------------------
INFO: [RTGEN 206-100] Finished creating RTL model for 'p_extend_stream_1_1'.
INFO: [HLS 200-111]  Elapsed time: 1.03 seconds; current allocated memory: 318.482 MB.
INFO: [HLS 200-10] ----------------------------------------------------------------
INFO: [HLS 200-10] -- Generating RTL for module 'p_extend_stream_181' 
INFO: [HLS 200-10] ----------------------------------------------------------------
INFO: [RTGEN 206-100] Finished creating RTL model for 'p_extend_stream_181'.
INFO: [HLS 200-111]  Elapsed time: 0.953 seconds; current allocated memory: 320.070 MB.
INFO: [HLS 200-10] ----------------------------------------------------------------
INFO: [HLS 200-10] -- Generating RTL for module 'p_extend_stream_1' 
INFO: [HLS 200-10] ----------------------------------------------------------------
INFO: [RTGEN 206-100] Finished creating RTL model for 'p_extend_stream_1'.
INFO: [HLS 200-111]  Elapsed time: 0.848 seconds; current allocated memory: 321.651 MB.
INFO: [HLS 200-10] ----------------------------------------------------------------
INFO: [HLS 200-10] -- Generating RTL for module 'p_wt_kernel_282' 
INFO: [HLS 200-10] ----------------------------------------------------------------
INFO: [RTGEN 206-100] Finished creating RTL model for 'p_wt_kernel_282'.
INFO: [HLS 200-111]  Elapsed time: 1.269 seconds; current allocated memory: 325.735 MB.
INFO: [HLS 200-10] ----------------------------------------------------------------
INFO: [HLS 200-10] -- Generating RTL for module 'p_extend_stream_283' 
INFO: [HLS 200-10] ----------------------------------------------------------------
INFO: [RTGEN 206-100] Finished creating RTL model for 'p_extend_stream_283'.
INFO: [HLS 200-111]  Elapsed time: 3.771 seconds; current allocated memory: 327.772 MB.
INFO: [HLS 200-10] ----------------------------------------------------------------
INFO: [HLS 200-10] -- Generating RTL for module 'p_extend_stream_284' 
INFO: [HLS 200-10] ----------------------------------------------------------------
INFO: [RTGEN 206-100] Finished creating RTL model for 'p_extend_stream_284'.
INFO: [HLS 200-111]  Elapsed time: 1.034 seconds; current allocated memory: 329.273 MB.
INFO: [HLS 200-10] ----------------------------------------------------------------
INFO: [HLS 200-10] -- Generating RTL for module 'p_wt_kernel_385' 
INFO: [HLS 200-10] ----------------------------------------------------------------
INFO: [RTGEN 206-100] Finished creating RTL model for 'p_wt_kernel_385'.
INFO: [HLS 200-111]  Elapsed time: 0.882 seconds; current allocated memory: 330.719 MB.
INFO: [HLS 200-10] ----------------------------------------------------------------
INFO: [HLS 200-10] -- Generating RTL for module 'stream_deconv_1' 
INFO: [HLS 200-10] ----------------------------------------------------------------
INFO: [SYN 201-210] Renamed object name 'deconv_sdiv_30ns_18s_30_34' to 'deconv_sdiv_30ns_bkb' due to the length limit 20
INFO: [SYN 201-210] Renamed object name 'deconv_mul_mul_18s_18s_30_1' to 'deconv_mul_mul_18cud' due to the length limit 20
INFO: [RTGEN 206-100] Generating core module 'deconv_mul_mul_18cud': 10 instance(s).
INFO: [RTGEN 206-100] Generating core module 'deconv_sdiv_30ns_bkb': 1 instance(s).
INFO: [RTGEN 206-100] Finished creating RTL model for 'stream_deconv_1'.
INFO: [HLS 200-111]  Elapsed time: 0.903 seconds; current allocated memory: 334.642 MB.
INFO: [HLS 200-10] ----------------------------------------------------------------
INFO: [HLS 200-10] -- Generating RTL for module 'stream_deconv_286' 
INFO: [HLS 200-10] ----------------------------------------------------------------
INFO: [SYN 201-210] Renamed object name 'stream_deconv_286_layer2_matrix_0_V' to 'stream_deconv_286dEe' due to the length limit 20
INFO: [SYN 201-210] Renamed object name 'stream_deconv_286_layer2_matrix_1_V' to 'stream_deconv_286eOg' due to the length limit 20
INFO: [SYN 201-210] Renamed object name 'stream_deconv_286_layer2_matrix_2_V' to 'stream_deconv_286fYi' due to the length limit 20
INFO: [SYN 201-210] Renamed object name 'stream_deconv_286_layer2_matrix_3_V' to 'stream_deconv_286g8j' due to the length limit 20
INFO: [SYN 201-210] Renamed object name 'stream_deconv_286_layer2_matrix_4_V' to 'stream_deconv_286hbi' due to the length limit 20
INFO: [SYN 201-210] Renamed object name 'stream_deconv_286_layer2_matrix_5_V' to 'stream_deconv_286ibs' due to the length limit 20
INFO: [SYN 201-210] Renamed object name 'stream_deconv_286_layer2_matrix_6_V' to 'stream_deconv_286jbC' due to the length limit 20
INFO: [SYN 201-210] Renamed object name 'stream_deconv_286_layer2_matrix_7_V' to 'stream_deconv_286kbM' due to the length limit 20
INFO: [SYN 201-210] Renamed object name 'stream_deconv_286_layer2_matrix_8_V' to 'stream_deconv_286lbW' due to the length limit 20
INFO: [SYN 201-210] Renamed object name 'stream_deconv_286_layer2_matrix_9_V' to 'stream_deconv_286mb6' due to the length limit 20
INFO: [SYN 201-210] Renamed object name 'stream_deconv_286_layer2_matrix_10_V' to 'stream_deconv_286ncg' due to the length limit 20
INFO: [SYN 201-210] Renamed object name 'stream_deconv_286_layer2_matrix_11_V' to 'stream_deconv_286ocq' due to the length limit 20
INFO: [SYN 201-210] Renamed object name 'stream_deconv_286_layer2_matrix_12_V' to 'stream_deconv_286pcA' due to the length limit 20
INFO: [SYN 201-210] Renamed object name 'stream_deconv_286_layer2_matrix_13_V' to 'stream_deconv_286qcK' due to the length limit 20
INFO: [SYN 201-210] Renamed object name 'stream_deconv_286_layer2_matrix_14_V' to 'stream_deconv_286rcU' due to the length limit 20
INFO: [SYN 201-210] Renamed object name 'stream_deconv_286_layer2_matrix_15_V' to 'stream_deconv_286sc4' due to the length limit 20
WARNING: [RTGEN 206-101] RTL name 'deconv_sdiv_30ns_bkb' is changed to 'deconv_sdiv_30ns_bkb_x' due to conflict.
WARNING: [RTGEN 206-101] RTL name 'deconv_mul_mul_18cud' is changed to 'deconv_mul_mul_18cud_x' due to conflict.
INFO: [RTGEN 206-100] Generating core module 'deconv_mul_mul_18cud': 36 instance(s).
INFO: [RTGEN 206-100] Generating core module 'deconv_mux_164_18_1': 5 instance(s).
INFO: [RTGEN 206-100] Generating core module 'deconv_mux_325_18_1': 1 instance(s).
INFO: [RTGEN 206-100] Generating core module 'deconv_sdiv_30ns_bkb': 1 instance(s).
INFO: [RTGEN 206-100] Finished creating RTL model for 'stream_deconv_286'.
INFO: [HLS 200-111]  Elapsed time: 2.904 seconds; current allocated memory: 346.533 MB.
INFO: [HLS 200-10] ----------------------------------------------------------------
INFO: [HLS 200-10] -- Generating RTL for module 'Block_proc102' 
INFO: [HLS 200-10] ----------------------------------------------------------------
INFO: [RTGEN 206-100] Finished creating RTL model for 'Block_proc102'.
INFO: [HLS 200-111]  Elapsed time: 12.427 seconds; current allocated memory: 349.961 MB.
INFO: [HLS 200-10] ----------------------------------------------------------------
INFO: [HLS 200-10] -- Generating RTL for module 'stream_deconv_387' 
INFO: [HLS 200-10] ----------------------------------------------------------------
INFO: [SYN 201-210] Renamed object name 'stream_deconv_387_layer3_matrix_V' to 'stream_deconv_387tde' due to the length limit 20
WARNING: [RTGEN 206-101] RTL name 'deconv_mul_mul_18cud' is changed to 'deconv_mul_mul_18cud_x' due to conflict.
INFO: [RTGEN 206-100] Generating core module 'deconv_mul_mul_18cud': 32 instance(s).
INFO: [RTGEN 206-100] Finished creating RTL model for 'stream_deconv_387'.
INFO: [HLS 200-111]  Elapsed time: 0.574 seconds; current allocated memory: 352.587 MB.
INFO: [HLS 200-10] ----------------------------------------------------------------
INFO: [HLS 200-10] -- Generating RTL for module 'deconv' 
INFO: [HLS 200-10] ----------------------------------------------------------------
INFO: [RTGEN 206-500] Setting interface mode on port 'deconv/param_I_h_V' to 'ap_memory'.
INFO: [RTGEN 206-500] Setting interface mode on port 'deconv/param_I_w_V' to 'ap_memory'.
INFO: [RTGEN 206-500] Setting interface mode on port 'deconv/param_I_c_V' to 'ap_memory'.
INFO: [RTGEN 206-500] Setting interface mode on port 'deconv/param_O_h_V' to 'ap_memory'.
INFO: [RTGEN 206-500] Setting interface mode on port 'deconv/param_O_w_V' to 'ap_memory'.
INFO: [RTGEN 206-500] Setting interface mode on port 'deconv/param_O_c_V' to 'ap_memory'.
INFO: [RTGEN 206-500] Setting interface mode on port 'deconv/param_K_V' to 'ap_memory'.
INFO: [RTGEN 206-500] Setting interface mode on port 'deconv/param_S_V' to 'ap_memory'.
INFO: [RTGEN 206-500] Setting interface mode on port 'deconv/param_P_V' to 'ap_memory'.
INFO: [RTGEN 206-500] Setting interface mode on port 'deconv/param_norm_V' to 'ap_memory'.
INFO: [RTGEN 206-500] Setting interface mode on port 'deconv/param_sig_V' to 'ap_memory'.
INFO: [RTGEN 206-500] Setting interface mode on port 'deconv/stream_i_V_V' to 'ap_fifo'.
INFO: [RTGEN 206-500] Setting interface mode on port 'deconv/kernel_0_V_V' to 'ap_fifo'.
INFO: [RTGEN 206-500] Setting interface mode on port 'deconv/kernel_1_V_V' to 'ap_fifo'.
INFO: [RTGEN 206-500] Setting interface mode on port 'deconv/kernel_2_V_V' to 'ap_fifo'.
INFO: [RTGEN 206-500] Setting interface mode on port 'deconv/bias_0_V_V' to 'ap_fifo'.
INFO: [RTGEN 206-500] Setting interface mode on port 'deconv/bias_1_V_V' to 'ap_fifo'.
INFO: [RTGEN 206-500] Setting interface mode on port 'deconv/bias_2_V_V' to 'ap_fifo'.
INFO: [RTGEN 206-500] Setting interface mode on port 'deconv/mean_0_V_V' to 'ap_fifo'.
INFO: [RTGEN 206-500] Setting interface mode on port 'deconv/mean_1_V_V' to 'ap_fifo'.
INFO: [RTGEN 206-500] Setting interface mode on port 'deconv/std_0_V_V' to 'ap_fifo'.
INFO: [RTGEN 206-500] Setting interface mode on port 'deconv/std_1_V_V' to 'ap_fifo'.
INFO: [RTGEN 206-500] Setting interface mode on port 'deconv/stream_o_V_V' to 'ap_fifo'.
INFO: [RTGEN 206-500] Setting interface mode on function 'deconv' to 'ap_ctrl_hs'.
INFO: [SYN 201-210] Renamed object name 'deconv_layer2_kernel_V_0' to 'deconv_layer2_kerudo' due to the length limit 20
INFO: [SYN 201-210] Renamed object name 'deconv_layer2_kernel_V_1' to 'deconv_layer2_kervdy' due to the length limit 20
INFO: [SYN 201-210] Renamed object name 'deconv_layer2_kernel_V_10' to 'deconv_layer2_kerwdI' due to the length limit 20
INFO: [SYN 201-210] Renamed object name 'deconv_layer2_kernel_V_11' to 'deconv_layer2_kerxdS' due to the length limit 20
INFO: [SYN 201-210] Renamed object name 'deconv_layer2_kernel_V_12' to 'deconv_layer2_keryd2' due to the length limit 20
INFO: [SYN 201-210] Renamed object name 'deconv_layer2_kernel_V_13' to 'deconv_layer2_kerzec' due to the length limit 20
INFO: [SYN 201-210] Renamed object name 'deconv_layer2_kernel_V_14' to 'deconv_layer2_kerAem' due to the length limit 20
INFO: [SYN 201-210] Renamed object name 'deconv_layer2_kernel_V_15' to 'deconv_layer2_kerBew' due to the length limit 20
INFO: [SYN 201-210] Renamed object name 'deconv_layer2_kernel_V_2' to 'deconv_layer2_kerCeG' due to the length limit 20
INFO: [SYN 201-210] Renamed object name 'deconv_layer2_kernel_V_3' to 'deconv_layer2_kerDeQ' due to the length limit 20
INFO: [SYN 201-210] Renamed object name 'deconv_layer2_kernel_V_4' to 'deconv_layer2_kerEe0' due to the length limit 20
INFO: [SYN 201-210] Renamed object name 'deconv_layer2_kernel_V_5' to 'deconv_layer2_kerFfa' due to the length limit 20
INFO: [SYN 201-210] Renamed object name 'deconv_layer2_kernel_V_6' to 'deconv_layer2_kerGfk' due to the length limit 20
INFO: [SYN 201-210] Renamed object name 'deconv_layer2_kernel_V_7' to 'deconv_layer2_kerHfu' due to the length limit 20
INFO: [SYN 201-210] Renamed object name 'deconv_layer2_kernel_V_8' to 'deconv_layer2_kerIfE' due to the length limit 20
INFO: [SYN 201-210] Renamed object name 'deconv_layer2_kernel_V_9' to 'deconv_layer2_kerJfO' due to the length limit 20
INFO: [SYN 201-210] Renamed object name 'deconv_layer3_kernel_V_0' to 'deconv_layer3_kerKfY' due to the length limit 20
INFO: [SYN 201-210] Renamed object name 'deconv_layer3_kernel_V_1' to 'deconv_layer3_kerLf8' due to the length limit 20
INFO: [SYN 201-210] Renamed object name 'deconv_layer3_kernel_V_10' to 'deconv_layer3_kerMgi' due to the length limit 20
INFO: [SYN 201-210] Renamed object name 'deconv_layer3_kernel_V_11' to 'deconv_layer3_kerNgs' due to the length limit 20
INFO: [SYN 201-210] Renamed object name 'deconv_layer3_kernel_V_12' to 'deconv_layer3_kerOgC' due to the length limit 20
INFO: [SYN 201-210] Renamed object name 'deconv_layer3_kernel_V_13' to 'deconv_layer3_kerPgM' due to the length limit 20
INFO: [SYN 201-210] Renamed object name 'deconv_layer3_kernel_V_14' to 'deconv_layer3_kerQgW' due to the length limit 20
INFO: [SYN 201-210] Renamed object name 'deconv_layer3_kernel_V_15' to 'deconv_layer3_kerRg6' due to the length limit 20
INFO: [SYN 201-210] Renamed object name 'deconv_layer3_kernel_V_16' to 'deconv_layer3_kerShg' due to the length limit 20
INFO: [SYN 201-210] Renamed object name 'deconv_layer3_kernel_V_17' to 'deconv_layer3_kerThq' due to the length limit 20
INFO: [SYN 201-210] Renamed object name 'deconv_layer3_kernel_V_18' to 'deconv_layer3_kerUhA' due to the length limit 20
INFO: [SYN 201-210] Renamed object name 'deconv_layer3_kernel_V_19' to 'deconv_layer3_kerVhK' due to the length limit 20
INFO: [SYN 201-210] Renamed object name 'deconv_layer3_kernel_V_2' to 'deconv_layer3_kerWhU' due to the length limit 20
INFO: [SYN 201-210] Renamed object name 'deconv_layer3_kernel_V_20' to 'deconv_layer3_kerXh4' due to the length limit 20
INFO: [SYN 201-210] Renamed object name 'deconv_layer3_kernel_V_21' to 'deconv_layer3_kerYie' due to the length limit 20
INFO: [SYN 201-210] Renamed object name 'deconv_layer3_kernel_V_22' to 'deconv_layer3_kerZio' due to the length limit 20
INFO: [SYN 201-210] Renamed object name 'deconv_layer3_kernel_V_23' to 'deconv_layer3_ker0iy' due to the length limit 20
INFO: [SYN 201-210] Renamed object name 'deconv_layer3_kernel_V_24' to 'deconv_layer3_ker1iI' due to the length limit 20
INFO: [SYN 201-210] Renamed object name 'deconv_layer3_kernel_V_25' to 'deconv_layer3_ker2iS' due to the length limit 20
INFO: [SYN 201-210] Renamed object name 'deconv_layer3_kernel_V_26' to 'deconv_layer3_ker3i2' due to the length limit 20
INFO: [SYN 201-210] Renamed object name 'deconv_layer3_kernel_V_27' to 'deconv_layer3_ker4jc' due to the length limit 20
INFO: [SYN 201-210] Renamed object name 'deconv_layer3_kernel_V_28' to 'deconv_layer3_ker5jm' due to the length limit 20
INFO: [SYN 201-210] Renamed object name 'deconv_layer3_kernel_V_29' to 'deconv_layer3_ker6jw' due to the length limit 20
INFO: [SYN 201-210] Renamed object name 'deconv_layer3_kernel_V_3' to 'deconv_layer3_ker7jG' due to the length limit 20
INFO: [SYN 201-210] Renamed object name 'deconv_layer3_kernel_V_30' to 'deconv_layer3_ker8jQ' due to the length limit 20
INFO: [SYN 201-210] Renamed object name 'deconv_layer3_kernel_V_31' to 'deconv_layer3_ker9j0' due to the length limit 20
INFO: [SYN 201-210] Renamed object name 'deconv_layer3_kernel_V_4' to 'deconv_layer3_kerbak' due to the length limit 20
INFO: [SYN 201-210] Renamed object name 'deconv_layer3_kernel_V_5' to 'deconv_layer3_kerbbk' due to the length limit 20
INFO: [SYN 201-210] Renamed object name 'deconv_layer3_kernel_V_6' to 'deconv_layer3_kerbck' due to the length limit 20
INFO: [SYN 201-210] Renamed object name 'deconv_layer3_kernel_V_7' to 'deconv_layer3_kerbdk' due to the length limit 20
INFO: [SYN 201-210] Renamed object name 'deconv_layer3_kernel_V_8' to 'deconv_layer3_kerbek' due to the length limit 20
INFO: [SYN 201-210] Renamed object name 'deconv_layer3_kernel_V_9' to 'deconv_layer3_kerbfk' due to the length limit 20
WARNING: [RTGEN 206-101] Port 'deconv/param_I_h_V_address0' has no fanin or fanout and is left dangling.
               Please use C simulation to confirm this function argument can be read from or written to.
WARNING: [RTGEN 206-101] Port 'deconv/param_I_h_V_ce0' has no fanin or fanout and is left dangling.
               Please use C simulation to confirm this function argument can be read from or written to.
WARNING: [RTGEN 206-101] Port 'deconv/param_I_h_V_d0' has no fanin or fanout and is left dangling.
               Please use C simulation to confirm this function argument can be read from or written to.
WARNING: [RTGEN 206-101] Port 'deconv/param_I_h_V_q0' has no fanin or fanout and is left dangling.
               Please use C simulation to confirm this function argument can be read from or written to.
WARNING: [RTGEN 206-101] Port 'deconv/param_I_h_V_we0' has no fanin or fanout and is left dangling.
               Please use C simulation to confirm this function argument can be read from or written to.
WARNING: [RTGEN 206-101] Port 'deconv/param_I_w_V_address0' has no fanin or fanout and is left dangling.
               Please use C simulation to confirm this function argument can be read from or written to.
WARNING: [RTGEN 206-101] Port 'deconv/param_I_w_V_ce0' has no fanin or fanout and is left dangling.
               Please use C simulation to confirm this function argument can be read from or written to.
WARNING: [RTGEN 206-101] Port 'deconv/param_I_w_V_d0' has no fanin or fanout and is left dangling.
               Please use C simulation to confirm this function argument can be read from or written to.
WARNING: [RTGEN 206-101] Port 'deconv/param_I_w_V_q0' has no fanin or fanout and is left dangling.
               Please use C simulation to confirm this function argument can be read from or written to.
WARNING: [RTGEN 206-101] Port 'deconv/param_I_w_V_we0' has no fanin or fanout and is left dangling.
               Please use C simulation to confirm this function argument can be read from or written to.
WARNING: [RTGEN 206-101] Port 'deconv/param_I_c_V_address0' has no fanin or fanout and is left dangling.
               Please use C simulation to confirm this function argument can be read from or written to.
WARNING: [RTGEN 206-101] Port 'deconv/param_I_c_V_ce0' has no fanin or fanout and is left dangling.
               Please use C simulation to confirm this function argument can be read from or written to.
WARNING: [RTGEN 206-101] Port 'deconv/param_I_c_V_d0' has no fanin or fanout and is left dangling.
               Please use C simulation to confirm this function argument can be read from or written to.
WARNING: [RTGEN 206-101] Port 'deconv/param_I_c_V_q0' has no fanin or fanout and is left dangling.
               Please use C simulation to confirm this function argument can be read from or written to.
WARNING: [RTGEN 206-101] Port 'deconv/param_I_c_V_we0' has no fanin or fanout and is left dangling.
               Please use C simulation to confirm this function argument can be read from or written to.
WARNING: [RTGEN 206-101] Port 'deconv/param_O_h_V_address0' has no fanin or fanout and is left dangling.
               Please use C simulation to confirm this function argument can be read from or written to.
WARNING: [RTGEN 206-101] Port 'deconv/param_O_h_V_ce0' has no fanin or fanout and is left dangling.
               Please use C simulation to confirm this function argument can be read from or written to.
WARNING: [RTGEN 206-101] Port 'deconv/param_O_h_V_d0' has no fanin or fanout and is left dangling.
               Please use C simulation to confirm this function argument can be read from or written to.
WARNING: [RTGEN 206-101] Port 'deconv/param_O_h_V_q0' has no fanin or fanout and is left dangling.
               Please use C simulation to confirm this function argument can be read from or written to.
WARNING: [RTGEN 206-101] Port 'deconv/param_O_h_V_we0' has no fanin or fanout and is left dangling.
               Please use C simulation to confirm this function argument can be read from or written to.
WARNING: [RTGEN 206-101] Port 'deconv/param_O_w_V_address0' has no fanin or fanout and is left dangling.
               Please use C simulation to confirm this function argument can be read from or written to.
WARNING: [RTGEN 206-101] Port 'deconv/param_O_w_V_ce0' has no fanin or fanout and is left dangling.
               Please use C simulation to confirm this function argument can be read from or written to.
WARNING: [RTGEN 206-101] Port 'deconv/param_O_w_V_d0' has no fanin or fanout and is left dangling.
               Please use C simulation to confirm this function argument can be read from or written to.
WARNING: [RTGEN 206-101] Port 'deconv/param_O_w_V_q0' has no fanin or fanout and is left dangling.
               Please use C simulation to confirm this function argument can be read from or written to.
WARNING: [RTGEN 206-101] Port 'deconv/param_O_w_V_we0' has no fanin or fanout and is left dangling.
               Please use C simulation to confirm this function argument can be read from or written to.
WARNING: [RTGEN 206-101] Port 'deconv/param_O_c_V_address0' has no fanin or fanout and is left dangling.
               Please use C simulation to confirm this function argument can be read from or written to.
WARNING: [RTGEN 206-101] Port 'deconv/param_O_c_V_ce0' has no fanin or fanout and is left dangling.
               Please use C simulation to confirm this function argument can be read from or written to.
WARNING: [RTGEN 206-101] Port 'deconv/param_O_c_V_d0' has no fanin or fanout and is left dangling.
               Please use C simulation to confirm this function argument can be read from or written to.
WARNING: [RTGEN 206-101] Port 'deconv/param_O_c_V_q0' has no fanin or fanout and is left dangling.
               Please use C simulation to confirm this function argument can be read from or written to.
WARNING: [RTGEN 206-101] Port 'deconv/param_O_c_V_we0' has no fanin or fanout and is left dangling.
               Please use C simulation to confirm this function argument can be read from or written to.
WARNING: [RTGEN 206-101] Port 'deconv/param_K_V_address0' has no fanin or fanout and is left dangling.
               Please use C simulation to confirm this function argument can be read from or written to.
WARNING: [RTGEN 206-101] Port 'deconv/param_K_V_ce0' has no fanin or fanout and is left dangling.
               Please use C simulation to confirm this function argument can be read from or written to.
WARNING: [RTGEN 206-101] Port 'deconv/param_K_V_d0' has no fanin or fanout and is left dangling.
               Please use C simulation to confirm this function argument can be read from or written to.
WARNING: [RTGEN 206-101] Port 'deconv/param_K_V_q0' has no fanin or fanout and is left dangling.
               Please use C simulation to confirm this function argument can be read from or written to.
WARNING: [RTGEN 206-101] Port 'deconv/param_K_V_we0' has no fanin or fanout and is left dangling.
               Please use C simulation to confirm this function argument can be read from or written to.
WARNING: [RTGEN 206-101] Port 'deconv/param_S_V_address0' has no fanin or fanout and is left dangling.
               Please use C simulation to confirm this function argument can be read from or written to.
WARNING: [RTGEN 206-101] Port 'deconv/param_S_V_ce0' has no fanin or fanout and is left dangling.
               Please use C simulation to confirm this function argument can be read from or written to.
WARNING: [RTGEN 206-101] Port 'deconv/param_S_V_d0' has no fanin or fanout and is left dangling.
               Please use C simulation to confirm this function argument can be read from or written to.
WARNING: [RTGEN 206-101] Port 'deconv/param_S_V_q0' has no fanin or fanout and is left dangling.
               Please use C simulation to confirm this function argument can be read from or written to.
WARNING: [RTGEN 206-101] Port 'deconv/param_S_V_we0' has no fanin or fanout and is left dangling.
               Please use C simulation to confirm this function argument can be read from or written to.
WARNING: [RTGEN 206-101] Port 'deconv/param_P_V_address0' has no fanin or fanout and is left dangling.
               Please use C simulation to confirm this function argument can be read from or written to.
WARNING: [RTGEN 206-101] Port 'deconv/param_P_V_ce0' has no fanin or fanout and is left dangling.
               Please use C simulation to confirm this function argument can be read from or written to.
WARNING: [RTGEN 206-101] Port 'deconv/param_P_V_d0' has no fanin or fanout and is left dangling.
               Please use C simulation to confirm this function argument can be read from or written to.
WARNING: [RTGEN 206-101] Port 'deconv/param_P_V_q0' has no fanin or fanout and is left dangling.
               Please use C simulation to confirm this function argument can be read from or written to.
WARNING: [RTGEN 206-101] Port 'deconv/param_P_V_we0' has no fanin or fanout and is left dangling.
               Please use C simulation to confirm this function argument can be read from or written to.
WARNING: [RTGEN 206-101] Port 'deconv/param_norm_V_address0' has no fanin or fanout and is left dangling.
               Please use C simulation to confirm this function argument can be read from or written to.
WARNING: [RTGEN 206-101] Port 'deconv/param_norm_V_ce0' has no fanin or fanout and is left dangling.
               Please use C simulation to confirm this function argument can be read from or written to.
WARNING: [RTGEN 206-101] Port 'deconv/param_norm_V_d0' has no fanin or fanout and is left dangling.
               Please use C simulation to confirm this function argument can be read from or written to.
WARNING: [RTGEN 206-101] Port 'deconv/param_norm_V_q0' has no fanin or fanout and is left dangling.
               Please use C simulation to confirm this function argument can be read from or written to.
WARNING: [RTGEN 206-101] Port 'deconv/param_norm_V_we0' has no fanin or fanout and is left dangling.
               Please use C simulation to confirm this function argument can be read from or written to.
WARNING: [RTGEN 206-101] Port 'deconv/param_sig_V_address0' has no fanin or fanout and is left dangling.
               Please use C simulation to confirm this function argument can be read from or written to.
WARNING: [RTGEN 206-101] Port 'deconv/param_sig_V_ce0' has no fanin or fanout and is left dangling.
               Please use C simulation to confirm this function argument can be read from or written to.
WARNING: [RTGEN 206-101] Port 'deconv/param_sig_V_d0' has no fanin or fanout and is left dangling.
               Please use C simulation to confirm this function argument can be read from or written to.
WARNING: [RTGEN 206-101] Port 'deconv/param_sig_V_q0' has no fanin or fanout and is left dangling.
               Please use C simulation to confirm this function argument can be read from or written to.
WARNING: [RTGEN 206-101] Port 'deconv/param_sig_V_we0' has no fanin or fanout and is left dangling.
               Please use C simulation to confirm this function argument can be read from or written to.
INFO: [RTGEN 206-100] Finished creating RTL model for 'deconv'.
INFO: [HLS 200-111]  Elapsed time: 3.606 seconds; current allocated memory: 359.141 MB.
INFO: [RTMG 210-282] Generating pipelined core: 'deconv_sdiv_30ns_bkb_div'
INFO: [RTMG 210-278] Implementing memory 'stream_deconv_286dEe_ram (RAM)' using block RAMs.
INFO: [RTMG 210-278] Implementing memory 'stream_deconv_387tde_ram (RAM)' using block RAMs.
INFO: [RTMG 210-278] Implementing memory 'deconv_layer2_kerudo_memcore_ram (RAM)' using block RAMs with power-on initialization.
INFO: [RTMG 210-278] Implementing memory 'deconv_layer3_kerKfY_memcore_ram (RAM)' using block RAMs with power-on initialization.
INFO: [RTMG 210-285] Implementing FIFO 'fifo_w18_d3_A' using Shift Registers.
INFO: [HLS 200-111] Finished generating all RTL models Time (s): cpu = 00:05:44 ; elapsed = 00:06:16 . Memory (MB): peak = 525.160 ; gain = 475.609
INFO: [SYSC 207-301] Generating SystemC RTL for deconv.
INFO: [VHDL 208-304] Generating VHDL RTL for deconv.
INFO: [VLOG 209-307] Generating Verilog RTL for deconv.
INFO: [HLS 200-112] Total elapsed time: 376.556 seconds; peak allocated memory: 359.141 MB.
