

================================================================
== Vivado HLS Report for 'deconv3'
================================================================
* Date:           Mon Nov  5 21:03:58 2018

* Version:        2017.1 (Build 1846317 on Thu Jun 22 18:17:09 MDT 2017)
* Project:        deconv
* Solution:       solution1
* Product family: zynq
* Target device:  xc7z020clg484-1


================================================================
== Performance Estimates
================================================================
+ Timing (ns): 
    * Summary: 
    +--------+-------+----------+------------+
    |  Clock | Target| Estimated| Uncertainty|
    +--------+-------+----------+------------+
    |ap_clk  |  10.00|      8.64|        1.25|
    +--------+-------+----------+------------+

+ Latency (clock cycles): 
    * Summary: 
    +--------+--------+--------+--------+---------+
    |     Latency     |     Interval    | Pipeline|
    |   min  |   max  |   min  |   max  |   Type  |
    +--------+--------+--------+--------+---------+
    |  728922|  728922|  728922|  728922|   none  |
    +--------+--------+--------+--------+---------+

    + Detail: 
        * Instance: 
        N/A

        * Loop: 
        +-------------------------+--------+--------+----------+-----------+-----------+------+----------+
        |                         |     Latency     | Iteration|  Initiation Interval  | Trip |          |
        |        Loop Name        |   min  |   max  |  Latency |  achieved |   target  | Count| Pipelined|
        +-------------------------+--------+--------+----------+-----------+-----------+------+----------+
        |- Loop 1                 |      24|      24|         6|          -|          -|     4|    no    |
        | + Loop 1.1              |       4|       4|         1|          -|          -|     4|    no    |
        |- Loop 2                 |  728896|  728896|     22778|          -|          -|    32|    no    |
        | + Loop 2.1              |   22776|   22776|      1898|          -|          -|    12|    no    |
        |  ++ Loop 2.1.1          |    1896|    1896|       158|          -|          -|    12|    no    |
        |   +++ Loop 2.1.1.1      |     156|     156|        26|          -|          -|     6|    no    |
        |    ++++ Loop 2.1.1.1.1  |      24|      24|         4|          -|          -|     6|    no    |
        +-------------------------+--------+--------+----------+-----------+-----------+------+----------+



================================================================
== Utilization Estimates
================================================================
* Summary: 
+-----------------+---------+-------+--------+-------+
|       Name      | BRAM_18K| DSP48E|   FF   |  LUT  |
+-----------------+---------+-------+--------+-------+
|DSP              |        -|      1|       -|      -|
|Expression       |        -|      -|       0|    380|
|FIFO             |        -|      -|       -|      -|
|Instance         |        -|      -|       -|      -|
|Memory           |        -|      -|       -|      -|
|Multiplexer      |        -|      -|       -|    146|
|Register         |        -|      -|     186|      -|
+-----------------+---------+-------+--------+-------+
|Total            |        0|      1|     186|    526|
+-----------------+---------+-------+--------+-------+
|Available        |      280|    220|  106400|  53200|
+-----------------+---------+-------+--------+-------+
|Utilization (%)  |        0|   ~0  |   ~0   |   ~0  |
+-----------------+---------+-------+--------+-------+

+ Detail: 
    * Instance: 
    N/A

    * DSP48: 
    +----------------------------+----------------------+-----------+
    |          Instance          |        Module        | Expression|
    +----------------------------+----------------------+-----------+
    |deconv_mul_mul_17dEe_x_U18  |deconv_mul_mul_17dEe  |  i0 * i1  |
    +----------------------------+----------------------+-----------+

    * Memory: 
    N/A

    * FIFO: 
    N/A

    * Expression: 
    +--------------------+----------+-------+---+----+------------+------------+
    |    Variable Name   | Operation| DSP48E| FF| LUT| Bitwidth P0| Bitwidth P1|
    +--------------------+----------+-------+---+----+------------+------------+
    |i_V_fu_207_p2       |     +    |      0|  0|  12|           3|           1|
    |ic_V_fu_279_p2      |     +    |      0|  0|  15|           6|           1|
    |ih_V_fu_299_p2      |     +    |      0|  0|  13|           4|           1|
    |iw_V_fu_349_p2      |     +    |      0|  0|  13|           4|           1|
    |j_V_fu_253_p2       |     +    |      0|  0|  12|           3|           1|
    |kh_V_fu_400_p2      |     +    |      0|  0|  12|           3|           1|
    |kw_V_fu_481_p2      |     +    |      0|  0|  12|           3|           1|
    |oh_V_fu_406_p2      |     +    |      0|  0|  15|           5|           5|
    |ow_V_fu_487_p2      |     +    |      0|  0|  15|           5|           5|
    |tmp_14_fu_367_p2    |     +    |      0|  0|  16|           9|           9|
    |tmp_15_fu_548_p2    |     +    |      0|  0|  25|          18|          18|
    |tmp_16_fu_380_p2    |     +    |      0|  0|  21|          14|          14|
    |tmp_23_fu_496_p2    |     +    |      0|  0|  18|          11|          11|
    |tmp_24_fu_510_p2    |     +    |      0|  0|  15|           7|           7|
    |tmp_25_fu_523_p2    |     +    |      0|  0|  19|          12|          12|
    |tmp_8_fu_263_p2     |     +    |      0|  0|  17|          10|          10|
    |tmp_13_fu_337_p2    |     -    |      0|  0|  16|           9|           9|
    |tmp_19_fu_435_p2    |     -    |      0|  0|  18|          11|          11|
    |tmp_22_fu_465_p2    |     -    |      0|  0|  15|           7|           7|
    |tmp_5_fu_237_p2     |     -    |      0|  0|  16|           9|           9|
    |exitcond_fu_273_p2  |   icmp   |      0|  0|  11|           6|           7|
    |tmp_10_fu_475_p2    |   icmp   |      0|  0|   9|           3|           3|
    |tmp_2_fu_247_p2     |   icmp   |      0|  0|   9|           3|           4|
    |tmp_4_fu_343_p2     |   icmp   |      0|  0|   9|           4|           4|
    |tmp_7_fu_293_p2     |   icmp   |      0|  0|   9|           4|           4|
    |tmp_fu_201_p2       |   icmp   |      0|  0|   9|           3|           4|
    |tmp_s_fu_394_p2     |   icmp   |      0|  0|   9|           3|           3|
    +--------------------+----------+-------+---+----+------------+------------+
    |Total               |          |      0|  0| 380|         179|         163|
    +--------------------+----------+-------+---+----+------------+------------+

    * Multiplexer: 
    +----------------+----+-----------+-----+-----------+
    |      Name      | LUT| Input Size| Bits| Total Bits|
    +----------------+----+-----------+-----+-----------+
    |ap_NS_fsm       |  53|         12|    1|         12|
    |out_V_address0  |  15|          3|   10|         30|
    |out_V_d0        |  15|          3|   18|         54|
    |p_1_reg_146     |   9|          2|    6|         12|
    |p_2_reg_135     |   9|          2|    3|          6|
    |p_3_reg_157     |   9|          2|    4|          8|
    |p_4_reg_168     |   9|          2|    4|          8|
    |p_5_reg_179     |   9|          2|    3|          6|
    |p_6_reg_190     |   9|          2|    3|          6|
    |p_s_reg_124     |   9|          2|    3|          6|
    +----------------+----+-----------+-----+-----------+
    |Total           | 146|         32|   55|        148|
    +----------------+----+-----------+-----+-----------+

    * Register: 
    +------------------------+----+----+-----+-----------+
    |          Name          | FF | LUT| Bits| Const Bits|
    +------------------------+----+----+-----+-----------+
    |agg_result_V_i_reg_687  |  18|   0|   18|          0|
    |ap_CS_fsm               |  11|   0|   11|          0|
    |i_V_reg_569             |   3|   0|    3|          0|
    |ic_V_reg_590            |   6|   0|    6|          0|
    |ih_V_reg_608            |   4|   0|    4|          0|
    |in_V_addr_reg_636       |  13|   0|   13|          0|
    |in_V_load_reg_677       |  17|   0|   17|          0|
    |iw_V_reg_626            |   4|   0|    4|          0|
    |kernel_V_load_reg_682   |  18|   0|   18|          0|
    |kh_V_reg_644            |   3|   0|    3|          0|
    |kw_V_reg_662            |   3|   0|    3|          0|
    |out_V_addr_1_reg_667    |  10|   0|   10|          0|
    |p_1_reg_146             |   6|   0|    6|          0|
    |p_2_reg_135             |   3|   0|    3|          0|
    |p_3_reg_157             |   4|   0|    4|          0|
    |p_4_reg_168             |   4|   0|    4|          0|
    |p_5_reg_179             |   3|   0|    3|          0|
    |p_6_reg_190             |   3|   0|    3|          0|
    |p_s_reg_124             |   3|   0|    3|          0|
    |tmp_12_cast_reg_574     |   8|   0|   10|          2|
    |tmp_13_reg_618          |   7|   0|    9|          2|
    |tmp_19_reg_649          |   9|   0|   11|          2|
    |tmp_22_reg_654          |   6|   0|    7|          1|
    |tmp_3_cast8_reg_595     |   6|   0|   12|          6|
    |tmp_3_cast_reg_600      |   6|   0|   14|          8|
    |tmp_6_reg_631           |   4|   0|    5|          1|
    |tmp_9_reg_613           |   4|   0|    5|          1|
    +------------------------+----+----+-----+-----------+
    |Total                   | 186|   0|  209|         23|
    +------------------------+----+----+-----+-----------+



================================================================
== Interface
================================================================
* Summary: 
+-------------------+-----+-----+------------+--------------+--------------+
|     RTL Ports     | Dir | Bits|  Protocol  | Source Object|    C Type    |
+-------------------+-----+-----+------------+--------------+--------------+
|ap_clk             |  in |    1| ap_ctrl_hs |    deconv3   | return value |
|ap_rst             |  in |    1| ap_ctrl_hs |    deconv3   | return value |
|ap_start           |  in |    1| ap_ctrl_hs |    deconv3   | return value |
|ap_done            | out |    1| ap_ctrl_hs |    deconv3   | return value |
|ap_idle            | out |    1| ap_ctrl_hs |    deconv3   | return value |
|ap_ready           | out |    1| ap_ctrl_hs |    deconv3   | return value |
|in_V_address0      | out |   13|  ap_memory |     in_V     |     array    |
|in_V_ce0           | out |    1|  ap_memory |     in_V     |     array    |
|in_V_q0            |  in |   17|  ap_memory |     in_V     |     array    |
|out_V_address0     | out |   10|  ap_memory |     out_V    |     array    |
|out_V_ce0          | out |    1|  ap_memory |     out_V    |     array    |
|out_V_we0          | out |    1|  ap_memory |     out_V    |     array    |
|out_V_d0           | out |   18|  ap_memory |     out_V    |     array    |
|out_V_q0           |  in |   18|  ap_memory |     out_V    |     array    |
|kernel_V_address0  | out |   11|  ap_memory |   kernel_V   |     array    |
|kernel_V_ce0       | out |    1|  ap_memory |   kernel_V   |     array    |
|kernel_V_q0        |  in |   18|  ap_memory |   kernel_V   |     array    |
|bias_V             |  in |   18|   ap_none  |    bias_V    |    scalar    |
+-------------------+-----+-----+------------+--------------+--------------+

