

================================================================
== Vivado HLS Report for 'deconv2'
================================================================
* Date:           Mon Nov  5 21:03:57 2018

* Version:        2017.1 (Build 1846317 on Thu Jun 22 18:17:09 MDT 2017)
* Project:        deconv
* Solution:       solution1
* Product family: zynq
* Target device:  xc7z020clg484-1


================================================================
== Performance Estimates
================================================================
+ Timing (ns): 
    * Summary: 
    +--------+-------+----------+------------+
    |  Clock | Target| Estimated| Uncertainty|
    +--------+-------+----------+------------+
    |ap_clk  |  10.00|      8.71|        1.25|
    +--------+-------+----------+------------+

+ Latency (clock cycles): 
    * Summary: 
    +---------+---------+---------+---------+---------+
    |      Latency      |      Interval     | Pipeline|
    |   min   |   max   |   min   |   max   |   Type  |
    +---------+---------+---------+---------+---------+
    |  3377313|  3377313|  3377313|  3377313|   none  |
    +---------+---------+---------+---------+---------+

    + Detail: 
        * Instance: 
        N/A

        * Loop: 
        +-----------------------------+---------+---------+----------+-----------+-----------+------+----------+
        |                             |      Latency      | Iteration|  Initiation Interval  | Trip |          |
        |          Loop Name          |   min   |   max   |  Latency |  achieved |   target  | Count| Pipelined|
        +-----------------------------+---------+---------+----------+-----------+-----------+------+----------+
        |- Loop 1                     |  3377312|  3377312|    105541|          -|          -|    32|    no    |
        | + Loop 1.1                  |      168|      168|        14|          -|          -|    12|    no    |
        |  ++ Loop 1.1.1              |       12|       12|         1|          -|          -|    12|    no    |
        | + Loop 1.2                  |   100160|   100160|      3130|          -|          -|    32|    no    |
        |  ++ Loop 1.2.1              |     3128|     3128|       782|          -|          -|     4|    no    |
        |   +++ Loop 1.2.1.1          |      780|      780|       195|          -|          -|     4|    no    |
        |    ++++ Loop 1.2.1.1.1      |      192|      192|        32|          -|          -|     6|    no    |
        |     +++++ Loop 1.2.1.1.1.1  |       30|       30|         5|          -|          -|     6|    no    |
        | + Loop 1.3                  |     5208|     5208|       434|          -|          -|    12|    no    |
        |  ++ Loop 1.3.1              |      432|      432|        36|          -|          -|    12|    no    |
        +-----------------------------+---------+---------+----------+-----------+-----------+------+----------+



================================================================
== Utilization Estimates
================================================================
* Summary: 
+-----------------+---------+-------+--------+-------+
|       Name      | BRAM_18K| DSP48E|   FF   |  LUT  |
+-----------------+---------+-------+--------+-------+
|DSP              |        -|      1|       -|      -|
|Expression       |        -|      -|       0|    541|
|FIFO             |        -|      -|       -|      -|
|Instance         |        -|      -|     372|    224|
|Memory           |        1|      -|       0|      0|
|Multiplexer      |        -|      -|       -|    355|
|Register         |        -|      -|     326|      -|
+-----------------+---------+-------+--------+-------+
|Total            |        1|      1|     698|   1120|
+-----------------+---------+-------+--------+-------+
|Available        |      280|    220|  106400|  53200|
+-----------------+---------+-------+--------+-------+
|Utilization (%)  |    ~0   |   ~0  |   ~0   |      2|
+-----------------+---------+-------+--------+-------+

+ Detail: 
    * Instance: 
    +---------------------------+----------------------+---------+-------+-----+-----+
    |          Instance         |        Module        | BRAM_18K| DSP48E|  FF | LUT |
    +---------------------------+----------------------+---------+-------+-----+-----+
    |deconv_sdiv_30ns_bkb_x_U9  |deconv_sdiv_30ns_bkb  |        0|      0|  372|  224|
    +---------------------------+----------------------+---------+-------+-----+-----+
    |Total                      |                      |        0|      0|  372|  224|
    +---------------------------+----------------------+---------+-------+-----+-----+

    * DSP48: 
    +--------------------------+----------------------+-----------+
    |         Instance         |        Module        | Expression|
    +--------------------------+----------------------+-----------+
    |deconv_mul_mul_17dEe_U10  |deconv_mul_mul_17dEe  |  i0 * i1  |
    +--------------------------+----------------------+-----------+

    * Memory: 
    +----------+----------------+---------+---+----+------+-----+------+-------------+
    |  Memory  |     Module     | BRAM_18K| FF| LUT| Words| Bits| Banks| W*Bits*Banks|
    +----------+----------------+---------+---+----+------+-----+------+-------------+
    |temp_V_U  |deconv2_temp_V  |        1|  0|   0|   144|   18|     1|         2592|
    +----------+----------------+---------+---+----+------+-----+------+-------------+
    |Total     |                |        1|  0|   0|   144|   18|     1|         2592|
    +----------+----------------+---------+---+----+------+-----+------+-------------+

    * FIFO: 
    N/A

    * Expression: 
    +----------------------------+----------+-------+---+----+------------+------------+
    |        Variable Name       | Operation| DSP48E| FF| LUT| Bitwidth P0| Bitwidth P1|
    +----------------------------+----------+-------+---+----+------------+------------+
    |i_V_fu_323_p2               |     +    |      0|  0|  13|           4|           1|
    |ic_V_fu_391_p2              |     +    |      0|  0|  15|           6|           1|
    |ih_V_fu_411_p2              |     +    |      0|  0|  12|           3|           1|
    |iw_V_fu_445_p2              |     +    |      0|  0|  12|           3|           1|
    |j_V_fu_365_p2               |     +    |      0|  0|  13|           4|           1|
    |kh_V_fu_502_p2              |     +    |      0|  0|  12|           3|           1|
    |kw_V_fu_587_p2              |     +    |      0|  0|  12|           3|           1|
    |oc_V_fu_302_p2              |     +    |      0|  0|  15|           6|           1|
    |oh_V_1_fu_508_p2            |     +    |      0|  0|  13|           4|           4|
    |oh_V_fu_684_p2              |     +    |      0|  0|  13|           4|           1|
    |ow_V_1_fu_593_p2            |     +    |      0|  0|  13|           4|           4|
    |ow_V_fu_730_p2              |     +    |      0|  0|  13|           4|           1|
    |tmp_31_fu_672_p2            |     +    |      0|  0|  25|          18|          18|
    |tmp_32_fu_375_p2            |     +    |      0|  0|  16|           9|           9|
    |tmp_37_fu_740_p2            |     +    |      0|  0|  17|          10|          10|
    |tmp_38_fu_762_p2            |     +    |      0|  0|  21|          14|          14|
    |tmp_39_fu_455_p2            |     +    |      0|  0|  15|           6|           6|
    |tmp_40_fu_468_p2            |     +    |      0|  0|  18|          11|          11|
    |tmp_47_fu_602_p2            |     +    |      0|  0|  16|           9|           9|
    |tmp_48_fu_616_p2            |     +    |      0|  0|  15|           8|           8|
    |tmp_49_fu_651_p2            |     +    |      0|  0|  24|          17|          17|
    |tmp_9_fu_637_p2             |     +    |      0|  0|  19|          12|          12|
    |op_V_read_assign_fu_767_p2  |     -    |      0|  0|  25|          18|          18|
    |tmp_30_fu_353_p2            |     -    |      0|  0|  16|           9|           9|
    |tmp_35_fu_714_p2            |     -    |      0|  0|  16|           9|           9|
    |tmp_43_fu_537_p2            |     -    |      0|  0|  16|           9|           9|
    |tmp_46_fu_567_p2            |     -    |      0|  0|  15|           7|           7|
    |exitcond1_fu_296_p2         |   icmp   |      0|  0|  11|           6|           7|
    |exitcond_fu_385_p2          |   icmp   |      0|  0|  11|           6|           7|
    |tmp_16_fu_359_p2            |   icmp   |      0|  0|   9|           4|           4|
    |tmp_19_fu_678_p2            |   icmp   |      0|  0|   9|           4|           4|
    |tmp_20_fu_405_p2            |   icmp   |      0|  0|   9|           3|           4|
    |tmp_22_fu_724_p2            |   icmp   |      0|  0|   9|           4|           4|
    |tmp_23_fu_439_p2            |   icmp   |      0|  0|   9|           3|           4|
    |tmp_27_fu_496_p2            |   icmp   |      0|  0|   9|           3|           3|
    |tmp_28_fu_581_p2            |   icmp   |      0|  0|   9|           3|           3|
    |tmp_s_fu_317_p2             |   icmp   |      0|  0|   9|           4|           4|
    |out_V_d0                    |  select  |      0|  0|  17|           1|           1|
    +----------------------------+----------+-------+---+----+------------+------------+
    |Total                       |          |      0|  0| 541|         255|         229|
    +----------------------------+----------+-------+---+----+------------+------------+

    * Multiplexer: 
    +-----------------+-----+-----------+-----+-----------+
    |       Name      | LUT | Input Size| Bits| Total Bits|
    +-----------------+-----+-----------+-----+-----------+
    |ap_NS_fsm        |  229|         53|    1|         53|
    |p_1_reg_274      |    9|          2|    4|          8|
    |p_2_reg_229      |    9|          2|    3|          6|
    |p_3_reg_285      |    9|          2|    4|          8|
    |p_4_reg_240      |    9|          2|    3|          6|
    |p_5_reg_252      |    9|          2|    3|          6|
    |p_6_reg_263      |    9|          2|    3|          6|
    |p_7_reg_196      |    9|          2|    4|          8|
    |p_8_reg_218      |    9|          2|    6|         12|
    |p_9_reg_207      |    9|          2|    4|          8|
    |p_s_reg_184      |    9|          2|    6|         12|
    |temp_V_address0  |   21|          4|    8|         32|
    |temp_V_d0        |   15|          3|   18|         54|
    +-----------------+-----+-----------+-----+-----------+
    |Total            |  355|         80|   67|        219|
    +-----------------+-----+-----------+-----+-----------+

    * Register: 
    +---------------------------+----+----+-----+-----------+
    |            Name           | FF | LUT| Bits| Const Bits|
    +---------------------------+----+----+-----+-----------+
    |agg_result_V_i_reg_986     |  18|   0|   18|          0|
    |ap_CS_fsm                  |  52|   0|   52|          0|
    |bias_V_load_reg_845        |  18|   0|   18|          0|
    |i_V_reg_853                |   4|   0|    4|          0|
    |ic_V_reg_874               |   6|   0|    6|          0|
    |ih_V_reg_902               |   3|   0|    3|          0|
    |iw_V_reg_920               |   3|   0|    3|          0|
    |kernel_V_load_reg_981      |  18|   0|   18|          0|
    |kh_V_reg_943               |   3|   0|    3|          0|
    |kw_V_reg_961               |   3|   0|    3|          0|
    |mean_V_addr_reg_889        |   5|   0|    5|          0|
    |oc_V_reg_824               |   6|   0|    6|          0|
    |oh_V_reg_994               |   4|   0|    4|          0|
    |op_V_read_assign_reg_1022  |  18|   0|   18|          0|
    |ow_V_reg_1007              |   4|   0|    4|          0|
    |p_1_reg_274                |   4|   0|    4|          0|
    |p_2_reg_229                |   3|   0|    3|          0|
    |p_3_reg_285                |   4|   0|    4|          0|
    |p_4_reg_240                |   3|   0|    3|          0|
    |p_5_reg_252                |   3|   0|    3|          0|
    |p_6_reg_263                |   3|   0|    3|          0|
    |p_7_reg_196                |   4|   0|    4|          0|
    |p_8_reg_218                |   6|   0|    6|          0|
    |p_9_reg_207                |   4|   0|    4|          0|
    |p_s_reg_184                |   6|   0|    6|          0|
    |std_V_addr_reg_894         |   5|   0|    5|          0|
    |temp_V_addr_2_reg_966      |   8|   0|    8|          0|
    |tmp_17_cast1_reg_879       |   6|   0|   17|         11|
    |tmp_17_cast_reg_884        |   6|   0|   11|          5|
    |tmp_24_cast_reg_907        |   2|   0|    4|          2|
    |tmp_29_cast_reg_930        |   2|   0|    4|          2|
    |tmp_30_reg_858             |   7|   0|    9|          2|
    |tmp_38_reg_1012            |  14|   0|   14|          0|
    |tmp_43_reg_948             |   7|   0|    9|          2|
    |tmp_44_cast_reg_999        |   8|   0|   10|          2|
    |tmp_47_cast_reg_912        |   3|   0|    6|          3|
    |tmp_49_reg_971             |  17|   0|   17|          0|
    |tmp_62_cast_reg_953        |   7|   0|    8|          1|
    |tmp_cast_reg_840           |   6|   0|   14|          8|
    |tmp_i_cast_reg_935         |  17|   0|   30|         13|
    |tmp_reg_829                |   6|   0|   32|         26|
    +---------------------------+----+----+-----+-----------+
    |Total                      | 326|   0|  403|         77|
    +---------------------------+----+----+-----+-----------+



================================================================
== Interface
================================================================
* Summary: 
+-------------------+-----+-----+------------+--------------+--------------+
|     RTL Ports     | Dir | Bits|  Protocol  | Source Object|    C Type    |
+-------------------+-----+-----+------------+--------------+--------------+
|ap_clk             |  in |    1| ap_ctrl_hs |    deconv2   | return value |
|ap_rst             |  in |    1| ap_ctrl_hs |    deconv2   | return value |
|ap_start           |  in |    1| ap_ctrl_hs |    deconv2   | return value |
|ap_done            | out |    1| ap_ctrl_hs |    deconv2   | return value |
|ap_idle            | out |    1| ap_ctrl_hs |    deconv2   | return value |
|ap_ready           | out |    1| ap_ctrl_hs |    deconv2   | return value |
|in_V_address0      | out |    9|  ap_memory |     in_V     |     array    |
|in_V_ce0           | out |    1|  ap_memory |     in_V     |     array    |
|in_V_q0            |  in |   17|  ap_memory |     in_V     |     array    |
|out_V_address0     | out |   13|  ap_memory |     out_V    |     array    |
|out_V_ce0          | out |    1|  ap_memory |     out_V    |     array    |
|out_V_we0          | out |    1|  ap_memory |     out_V    |     array    |
|out_V_d0           | out |   17|  ap_memory |     out_V    |     array    |
|kernel_V_address0  | out |   16|  ap_memory |   kernel_V   |     array    |
|kernel_V_ce0       | out |    1|  ap_memory |   kernel_V   |     array    |
|kernel_V_q0        |  in |   18|  ap_memory |   kernel_V   |     array    |
|bias_V_address0    | out |    5|  ap_memory |    bias_V    |     array    |
|bias_V_ce0         | out |    1|  ap_memory |    bias_V    |     array    |
|bias_V_q0          |  in |   18|  ap_memory |    bias_V    |     array    |
|mean_V_address0    | out |    5|  ap_memory |    mean_V    |     array    |
|mean_V_ce0         | out |    1|  ap_memory |    mean_V    |     array    |
|mean_V_q0          |  in |   18|  ap_memory |    mean_V    |     array    |
|std_V_address0     | out |    5|  ap_memory |     std_V    |     array    |
|std_V_ce0          | out |    1|  ap_memory |     std_V    |     array    |
|std_V_q0           |  in |   18|  ap_memory |     std_V    |     array    |
+-------------------+-----+-----+------------+--------------+--------------+

