

================================================================
== Vivado HLS Report for 'deconv'
================================================================
* Date:           Thu Oct 18 23:42:13 2018

* Version:        2017.1 (Build 1846317 on Thu Jun 22 18:17:09 MDT 2017)
* Project:        stream_deconv_fixed
* Solution:       solution1
* Product family: zynq
* Target device:  xc7z020clg484-1


================================================================
== Performance Estimates
================================================================
+ Timing (ns): 
    * Summary: 
    +--------+-------+----------+------------+
    |  Clock | Target| Estimated| Uncertainty|
    +--------+-------+----------+------------+
    |ap_clk  |  10.00|     16.57|        1.25|
    +--------+-------+----------+------------+

+ Latency (clock cycles): 
    * Summary: 
    +--------+--------+--------+--------+----------+
    |     Latency     |     Interval    | Pipeline |
    |   min  |   max  |   min  |   max  |   Type   |
    +--------+--------+--------+--------+----------+
    |  158920|  158920|  122054|  122054| dataflow |
    +--------+--------+--------+--------+----------+

    + Detail: 
        * Instance: 
        +------------------------+---------------------+--------+--------+--------+--------+---------+
        |                        |                     |     Latency     |     Interval    | Pipeline|
        |        Instance        |        Module       |   min  |   max  |   min  |   max  |   Type  |
        +------------------------+---------------------+--------+--------+--------+--------+---------+
        |stream_deconv_286_U0    |stream_deconv_286    |  122053|  122053|  122053|  122053|   none  |
        |stream_deconv_1_U0      |stream_deconv_1      |    7879|    7879|    7879|    7879|   none  |
        |stream_deconv_387_U0    |stream_deconv_387    |   70788|   70788|   70788|   70788|   none  |
        |p_wt_kernel_282_U0      |p_wt_kernel_282      |   36866|   36866|   36866|   36866|   none  |
        |p_extend_stream_283_U0  |p_extend_stream_283  |    4644|    4644|    4644|    4644|   none  |
        |p_extend_stream_284_U0  |p_extend_stream_284  |    4644|    4644|    4644|    4644|   none  |
        |p_extend_stream_1_1_U0  |p_extend_stream_1_1  |     548|     548|     548|     548|   none  |
        |p_extend_stream_181_U0  |p_extend_stream_181  |     548|     548|     548|     548|   none  |
        |p_extend_stream_1_U0    |p_extend_stream_1    |     548|     548|     548|     548|   none  |
        |p_wt_kernel_385_U0      |p_wt_kernel_385      |    1154|    1154|    1154|    1154|   none  |
        |Block_proc102_U0        |Block_proc102        |       0|       0|       0|       0|   none  |
        +------------------------+---------------------+--------+--------+--------+--------+---------+

        * Loop: 
        N/A



================================================================
== Utilization Estimates
================================================================
* Summary: 
+-----------------+---------+-------+--------+-------+
|       Name      | BRAM_18K| DSP48E|   FF   |  LUT  |
+-----------------+---------+-------+--------+-------+
|DSP              |        -|      -|       -|      -|
|Expression       |        -|      -|       0|   1168|
|FIFO             |        0|      -|       0|      8|
|Instance         |       17|     78|   22931|  30423|
|Memory           |       64|      -|    1152|    352|
|Multiplexer      |        -|      -|       -|    612|
|Register         |        -|      -|      78|      -|
+-----------------+---------+-------+--------+-------+
|Total            |       81|     78|   24161|  32563|
+-----------------+---------+-------+--------+-------+
|Available        |      280|    220|  106400|  53200|
+-----------------+---------+-------+--------+-------+
|Utilization (%)  |       28|     35|      22|     61|
+-----------------+---------+-------+--------+-------+

+ Detail: 
    * Instance: 
    +------------------------+---------------------+---------+-------+-------+-------+
    |        Instance        |        Module       | BRAM_18K| DSP48E|   FF  |  LUT  |
    +------------------------+---------------------+---------+-------+-------+-------+
    |Block_proc102_U0        |Block_proc102        |        0|      0|      2|     35|
    |p_extend_stream_1_U0    |p_extend_stream_1    |        0|      0|    639|    778|
    |p_extend_stream_181_U0  |p_extend_stream_181  |        0|      0|    639|    778|
    |p_extend_stream_1_1_U0  |p_extend_stream_1_1  |        0|      0|    639|    778|
    |p_extend_stream_283_U0  |p_extend_stream_283  |        0|      0|    645|    778|
    |p_extend_stream_284_U0  |p_extend_stream_284  |        0|      0|    645|    778|
    |p_wt_kernel_282_U0      |p_wt_kernel_282      |        0|      0|    139|   3559|
    |p_wt_kernel_385_U0      |p_wt_kernel_385      |        0|      0|    623|    379|
    |stream_deconv_1_U0      |stream_deconv_1      |        0|     10|   3113|   3439|
    |stream_deconv_286_U0    |stream_deconv_286    |       16|     36|  13345|  17862|
    |stream_deconv_387_U0    |stream_deconv_387    |        1|     32|   2502|   1259|
    +------------------------+---------------------+---------+-------+-------+-------+
    |Total                   |                     |       17|     78|  22931|  30423|
    +------------------------+---------------------+---------+-------+-------+-------+

    * DSP48: 
    N/A

    * Memory: 
    +----------------------+----------------------+---------+----+----+------+-----+------+-------------+
    |        Memory        |        Module        | BRAM_18K| FF | LUT| Words| Bits| Banks| W*Bits*Banks|
    +----------------------+----------------------+---------+----+----+------+-----+------+-------------+
    |layer2_kernel_V_0_U   |deconv_layer2_kerudo  |        4|   0|   0|  2304|   18|     2|        82944|
    |layer2_kernel_V_1_U   |deconv_layer2_kerudo  |        4|   0|   0|  2304|   18|     2|        82944|
    |layer2_kernel_V_10_U  |deconv_layer2_kerudo  |        4|   0|   0|  2304|   18|     2|        82944|
    |layer2_kernel_V_11_U  |deconv_layer2_kerudo  |        4|   0|   0|  2304|   18|     2|        82944|
    |layer2_kernel_V_12_U  |deconv_layer2_kerudo  |        4|   0|   0|  2304|   18|     2|        82944|
    |layer2_kernel_V_13_U  |deconv_layer2_kerudo  |        4|   0|   0|  2304|   18|     2|        82944|
    |layer2_kernel_V_14_U  |deconv_layer2_kerudo  |        4|   0|   0|  2304|   18|     2|        82944|
    |layer2_kernel_V_15_U  |deconv_layer2_kerudo  |        4|   0|   0|  2304|   18|     2|        82944|
    |layer2_kernel_V_2_U   |deconv_layer2_kerudo  |        4|   0|   0|  2304|   18|     2|        82944|
    |layer2_kernel_V_3_U   |deconv_layer2_kerudo  |        4|   0|   0|  2304|   18|     2|        82944|
    |layer2_kernel_V_4_U   |deconv_layer2_kerudo  |        4|   0|   0|  2304|   18|     2|        82944|
    |layer2_kernel_V_5_U   |deconv_layer2_kerudo  |        4|   0|   0|  2304|   18|     2|        82944|
    |layer2_kernel_V_6_U   |deconv_layer2_kerudo  |        4|   0|   0|  2304|   18|     2|        82944|
    |layer2_kernel_V_7_U   |deconv_layer2_kerudo  |        4|   0|   0|  2304|   18|     2|        82944|
    |layer2_kernel_V_8_U   |deconv_layer2_kerudo  |        4|   0|   0|  2304|   18|     2|        82944|
    |layer2_kernel_V_9_U   |deconv_layer2_kerudo  |        4|   0|   0|  2304|   18|     2|        82944|
    |layer3_kernel_V_0_U   |deconv_layer3_kerKfY  |        0|  36|  11|    36|   18|     2|         1296|
    |layer3_kernel_V_1_U   |deconv_layer3_kerKfY  |        0|  36|  11|    36|   18|     2|         1296|
    |layer3_kernel_V_10_U  |deconv_layer3_kerKfY  |        0|  36|  11|    36|   18|     2|         1296|
    |layer3_kernel_V_11_U  |deconv_layer3_kerKfY  |        0|  36|  11|    36|   18|     2|         1296|
    |layer3_kernel_V_12_U  |deconv_layer3_kerKfY  |        0|  36|  11|    36|   18|     2|         1296|
    |layer3_kernel_V_13_U  |deconv_layer3_kerKfY  |        0|  36|  11|    36|   18|     2|         1296|
    |layer3_kernel_V_14_U  |deconv_layer3_kerKfY  |        0|  36|  11|    36|   18|     2|         1296|
    |layer3_kernel_V_15_U  |deconv_layer3_kerKfY  |        0|  36|  11|    36|   18|     2|         1296|
    |layer3_kernel_V_16_U  |deconv_layer3_kerKfY  |        0|  36|  11|    36|   18|     2|         1296|
    |layer3_kernel_V_17_U  |deconv_layer3_kerKfY  |        0|  36|  11|    36|   18|     2|         1296|
    |layer3_kernel_V_18_U  |deconv_layer3_kerKfY  |        0|  36|  11|    36|   18|     2|         1296|
    |layer3_kernel_V_19_U  |deconv_layer3_kerKfY  |        0|  36|  11|    36|   18|     2|         1296|
    |layer3_kernel_V_2_U   |deconv_layer3_kerKfY  |        0|  36|  11|    36|   18|     2|         1296|
    |layer3_kernel_V_20_U  |deconv_layer3_kerKfY  |        0|  36|  11|    36|   18|     2|         1296|
    |layer3_kernel_V_21_U  |deconv_layer3_kerKfY  |        0|  36|  11|    36|   18|     2|         1296|
    |layer3_kernel_V_22_U  |deconv_layer3_kerKfY  |        0|  36|  11|    36|   18|     2|         1296|
    |layer3_kernel_V_23_U  |deconv_layer3_kerKfY  |        0|  36|  11|    36|   18|     2|         1296|
    |layer3_kernel_V_24_U  |deconv_layer3_kerKfY  |        0|  36|  11|    36|   18|     2|         1296|
    |layer3_kernel_V_25_U  |deconv_layer3_kerKfY  |        0|  36|  11|    36|   18|     2|         1296|
    |layer3_kernel_V_26_U  |deconv_layer3_kerKfY  |        0|  36|  11|    36|   18|     2|         1296|
    |layer3_kernel_V_27_U  |deconv_layer3_kerKfY  |        0|  36|  11|    36|   18|     2|         1296|
    |layer3_kernel_V_28_U  |deconv_layer3_kerKfY  |        0|  36|  11|    36|   18|     2|         1296|
    |layer3_kernel_V_29_U  |deconv_layer3_kerKfY  |        0|  36|  11|    36|   18|     2|         1296|
    |layer3_kernel_V_3_U   |deconv_layer3_kerKfY  |        0|  36|  11|    36|   18|     2|         1296|
    |layer3_kernel_V_30_U  |deconv_layer3_kerKfY  |        0|  36|  11|    36|   18|     2|         1296|
    |layer3_kernel_V_31_U  |deconv_layer3_kerKfY  |        0|  36|  11|    36|   18|     2|         1296|
    |layer3_kernel_V_4_U   |deconv_layer3_kerKfY  |        0|  36|  11|    36|   18|     2|         1296|
    |layer3_kernel_V_5_U   |deconv_layer3_kerKfY  |        0|  36|  11|    36|   18|     2|         1296|
    |layer3_kernel_V_6_U   |deconv_layer3_kerKfY  |        0|  36|  11|    36|   18|     2|         1296|
    |layer3_kernel_V_7_U   |deconv_layer3_kerKfY  |        0|  36|  11|    36|   18|     2|         1296|
    |layer3_kernel_V_8_U   |deconv_layer3_kerKfY  |        0|  36|  11|    36|   18|     2|         1296|
    |layer3_kernel_V_9_U   |deconv_layer3_kerKfY  |        0|  36|  11|    36|   18|     2|         1296|
    +----------------------+----------------------+---------+----+----+------+-----+------+-------------+
    |Total                 |                      |       64|1152| 352| 38016|  864|    96|      1368576|
    +----------------------+----------------------+---------+----+----+------+-----+------+-------------+

    * FIFO: 
    +--------------------+---------+---+----+------+-----+---------+
    |        Name        | BRAM_18K| FF| LUT| Depth| Bits| Size:D*B|
    +--------------------+---------+---+----+------+-----+---------+
    |bias0_V_V_U         |        0|  0|   1|     1|   18|       18|
    |mean0_V_V_U         |        0|  0|   1|     1|   18|       18|
    |mean1_V_V_U         |        0|  0|   1|     1|   18|       18|
    |std0_V_V_U          |        0|  0|   1|     1|   18|       18|
    |std1_V_V_U          |        0|  0|   1|     1|   18|       18|
    |stream_res_0_V_V_U  |        0|  0|   1|     1|   18|       18|
    |stream_res_1_V_V_U  |        0|  0|   1|     1|   18|       18|
    |tmp_V_load_loc_c_U  |        0|  0|   1|     3|   18|       54|
    +--------------------+---------+---+----+------+-----+---------+
    |Total               |        0|  0|   8|    10|  144|      180|
    +--------------------+---------+---+----+------+-----+---------+

    * Expression: 
    +------------------------------------------+----------+-------+---+----+------------+------------+
    |               Variable Name              | Operation| DSP48E| FF| LUT| Bitwidth P0| Bitwidth P1|
    +------------------------------------------+----------+-------+---+----+------------+------------+
    |Block_proc102_U0_ap_ready_count           |     +    |      0|  0|  10|           2|           1|
    |p_extend_stream_181_U0_ap_ready_count     |     +    |      0|  0|  10|           2|           1|
    |p_extend_stream_1_1_U0_ap_ready_count     |     +    |      0|  0|  10|           2|           1|
    |p_extend_stream_1_U0_ap_ready_count       |     +    |      0|  0|  10|           2|           1|
    |p_extend_stream_283_U0_ap_ready_count     |     +    |      0|  0|  10|           2|           1|
    |p_extend_stream_284_U0_ap_ready_count     |     +    |      0|  0|  10|           2|           1|
    |p_wt_kernel_282_U0_ap_ready_count         |     +    |      0|  0|  10|           2|           1|
    |p_wt_kernel_385_U0_ap_ready_count         |     +    |      0|  0|  10|           2|           1|
    |stream_deconv_1_U0_ap_ready_count         |     +    |      0|  0|  10|           2|           1|
    |stream_deconv_286_U0_ap_ready_count       |     +    |      0|  0|  10|           2|           1|
    |Block_proc102_U0_ap_ready_count           |     -    |      0|  0|  10|           2|           1|
    |p_extend_stream_181_U0_ap_ready_count     |     -    |      0|  0|  10|           2|           1|
    |p_extend_stream_1_1_U0_ap_ready_count     |     -    |      0|  0|  10|           2|           1|
    |p_extend_stream_1_U0_ap_ready_count       |     -    |      0|  0|  10|           2|           1|
    |p_extend_stream_283_U0_ap_ready_count     |     -    |      0|  0|  10|           2|           1|
    |p_extend_stream_284_U0_ap_ready_count     |     -    |      0|  0|  10|           2|           1|
    |p_wt_kernel_282_U0_ap_ready_count         |     -    |      0|  0|  10|           2|           1|
    |p_wt_kernel_385_U0_ap_ready_count         |     -    |      0|  0|  10|           2|           1|
    |stream_deconv_1_U0_ap_ready_count         |     -    |      0|  0|  10|           2|           1|
    |stream_deconv_286_U0_ap_ready_count       |     -    |      0|  0|  10|           2|           1|
    |Block_proc102_U0_ap_start                 |    and   |      0|  0|   8|           1|           1|
    |ap_channel_done_layer2_kernel_V_0         |    and   |      0|  0|   8|           1|           1|
    |ap_channel_done_layer2_kernel_V_1         |    and   |      0|  0|   8|           1|           1|
    |ap_channel_done_layer2_kernel_V_10        |    and   |      0|  0|   8|           1|           1|
    |ap_channel_done_layer2_kernel_V_11        |    and   |      0|  0|   8|           1|           1|
    |ap_channel_done_layer2_kernel_V_12        |    and   |      0|  0|   8|           1|           1|
    |ap_channel_done_layer2_kernel_V_13        |    and   |      0|  0|   8|           1|           1|
    |ap_channel_done_layer2_kernel_V_14        |    and   |      0|  0|   8|           1|           1|
    |ap_channel_done_layer2_kernel_V_15        |    and   |      0|  0|   8|           1|           1|
    |ap_channel_done_layer2_kernel_V_2         |    and   |      0|  0|   8|           1|           1|
    |ap_channel_done_layer2_kernel_V_3         |    and   |      0|  0|   8|           1|           1|
    |ap_channel_done_layer2_kernel_V_4         |    and   |      0|  0|   8|           1|           1|
    |ap_channel_done_layer2_kernel_V_5         |    and   |      0|  0|   8|           1|           1|
    |ap_channel_done_layer2_kernel_V_6         |    and   |      0|  0|   8|           1|           1|
    |ap_channel_done_layer2_kernel_V_7         |    and   |      0|  0|   8|           1|           1|
    |ap_channel_done_layer2_kernel_V_8         |    and   |      0|  0|   8|           1|           1|
    |ap_channel_done_layer2_kernel_V_9         |    and   |      0|  0|   8|           1|           1|
    |ap_channel_done_layer3_kernel_V_0         |    and   |      0|  0|   8|           1|           1|
    |ap_channel_done_layer3_kernel_V_1         |    and   |      0|  0|   8|           1|           1|
    |ap_channel_done_layer3_kernel_V_10        |    and   |      0|  0|   8|           1|           1|
    |ap_channel_done_layer3_kernel_V_11        |    and   |      0|  0|   8|           1|           1|
    |ap_channel_done_layer3_kernel_V_12        |    and   |      0|  0|   8|           1|           1|
    |ap_channel_done_layer3_kernel_V_13        |    and   |      0|  0|   8|           1|           1|
    |ap_channel_done_layer3_kernel_V_14        |    and   |      0|  0|   8|           1|           1|
    |ap_channel_done_layer3_kernel_V_15        |    and   |      0|  0|   8|           1|           1|
    |ap_channel_done_layer3_kernel_V_16        |    and   |      0|  0|   8|           1|           1|
    |ap_channel_done_layer3_kernel_V_17        |    and   |      0|  0|   8|           1|           1|
    |ap_channel_done_layer3_kernel_V_18        |    and   |      0|  0|   8|           1|           1|
    |ap_channel_done_layer3_kernel_V_19        |    and   |      0|  0|   8|           1|           1|
    |ap_channel_done_layer3_kernel_V_2         |    and   |      0|  0|   8|           1|           1|
    |ap_channel_done_layer3_kernel_V_20        |    and   |      0|  0|   8|           1|           1|
    |ap_channel_done_layer3_kernel_V_21        |    and   |      0|  0|   8|           1|           1|
    |ap_channel_done_layer3_kernel_V_22        |    and   |      0|  0|   8|           1|           1|
    |ap_channel_done_layer3_kernel_V_23        |    and   |      0|  0|   8|           1|           1|
    |ap_channel_done_layer3_kernel_V_24        |    and   |      0|  0|   8|           1|           1|
    |ap_channel_done_layer3_kernel_V_25        |    and   |      0|  0|   8|           1|           1|
    |ap_channel_done_layer3_kernel_V_26        |    and   |      0|  0|   8|           1|           1|
    |ap_channel_done_layer3_kernel_V_27        |    and   |      0|  0|   8|           1|           1|
    |ap_channel_done_layer3_kernel_V_28        |    and   |      0|  0|   8|           1|           1|
    |ap_channel_done_layer3_kernel_V_29        |    and   |      0|  0|   8|           1|           1|
    |ap_channel_done_layer3_kernel_V_3         |    and   |      0|  0|   8|           1|           1|
    |ap_channel_done_layer3_kernel_V_30        |    and   |      0|  0|   8|           1|           1|
    |ap_channel_done_layer3_kernel_V_31        |    and   |      0|  0|   8|           1|           1|
    |ap_channel_done_layer3_kernel_V_4         |    and   |      0|  0|   8|           1|           1|
    |ap_channel_done_layer3_kernel_V_5         |    and   |      0|  0|   8|           1|           1|
    |ap_channel_done_layer3_kernel_V_6         |    and   |      0|  0|   8|           1|           1|
    |ap_channel_done_layer3_kernel_V_7         |    and   |      0|  0|   8|           1|           1|
    |ap_channel_done_layer3_kernel_V_8         |    and   |      0|  0|   8|           1|           1|
    |ap_channel_done_layer3_kernel_V_9         |    and   |      0|  0|   8|           1|           1|
    |ap_idle                                   |    and   |      0|  0|   8|           1|           1|
    |ap_sync_ready                             |    and   |      0|  0|   8|           1|           1|
    |p_extend_stream_181_U0_ap_start           |    and   |      0|  0|   8|           1|           1|
    |p_extend_stream_1_1_U0_ap_start           |    and   |      0|  0|   8|           1|           1|
    |p_extend_stream_1_U0_ap_start             |    and   |      0|  0|   8|           1|           1|
    |p_extend_stream_283_U0_ap_start           |    and   |      0|  0|   8|           1|           1|
    |p_extend_stream_284_U0_ap_start           |    and   |      0|  0|   8|           1|           1|
    |p_wt_kernel_282_U0_ap_continue            |    and   |      0|  0|   8|           1|           1|
    |p_wt_kernel_282_U0_ap_start               |    and   |      0|  0|   8|           1|           1|
    |p_wt_kernel_385_U0_ap_continue            |    and   |      0|  0|   8|           1|           1|
    |p_wt_kernel_385_U0_ap_start               |    and   |      0|  0|   8|           1|           1|
    |stream_deconv_1_U0_ap_start               |    and   |      0|  0|   8|           1|           1|
    |stream_deconv_286_U0_ap_start             |    and   |      0|  0|   8|           1|           1|
    |stream_deconv_387_U0_ap_start             |    and   |      0|  0|   8|           1|           1|
    |ap_sync_Block_proc102_U0_ap_ready         |    or    |      0|  0|   8|           1|           1|
    |ap_sync_channel_write_layer2_kernel_V_0   |    or    |      0|  0|   8|           1|           1|
    |ap_sync_channel_write_layer2_kernel_V_1   |    or    |      0|  0|   8|           1|           1|
    |ap_sync_channel_write_layer2_kernel_V_10  |    or    |      0|  0|   8|           1|           1|
    |ap_sync_channel_write_layer2_kernel_V_11  |    or    |      0|  0|   8|           1|           1|
    |ap_sync_channel_write_layer2_kernel_V_12  |    or    |      0|  0|   8|           1|           1|
    |ap_sync_channel_write_layer2_kernel_V_13  |    or    |      0|  0|   8|           1|           1|
    |ap_sync_channel_write_layer2_kernel_V_14  |    or    |      0|  0|   8|           1|           1|
    |ap_sync_channel_write_layer2_kernel_V_15  |    or    |      0|  0|   8|           1|           1|
    |ap_sync_channel_write_layer2_kernel_V_2   |    or    |      0|  0|   8|           1|           1|
    |ap_sync_channel_write_layer2_kernel_V_3   |    or    |      0|  0|   8|           1|           1|
    |ap_sync_channel_write_layer2_kernel_V_4   |    or    |      0|  0|   8|           1|           1|
    |ap_sync_channel_write_layer2_kernel_V_5   |    or    |      0|  0|   8|           1|           1|
    |ap_sync_channel_write_layer2_kernel_V_6   |    or    |      0|  0|   8|           1|           1|
    |ap_sync_channel_write_layer2_kernel_V_7   |    or    |      0|  0|   8|           1|           1|
    |ap_sync_channel_write_layer2_kernel_V_8   |    or    |      0|  0|   8|           1|           1|
    |ap_sync_channel_write_layer2_kernel_V_9   |    or    |      0|  0|   8|           1|           1|
    |ap_sync_channel_write_layer3_kernel_V_0   |    or    |      0|  0|   8|           1|           1|
    |ap_sync_channel_write_layer3_kernel_V_1   |    or    |      0|  0|   8|           1|           1|
    |ap_sync_channel_write_layer3_kernel_V_10  |    or    |      0|  0|   8|           1|           1|
    |ap_sync_channel_write_layer3_kernel_V_11  |    or    |      0|  0|   8|           1|           1|
    |ap_sync_channel_write_layer3_kernel_V_12  |    or    |      0|  0|   8|           1|           1|
    |ap_sync_channel_write_layer3_kernel_V_13  |    or    |      0|  0|   8|           1|           1|
    |ap_sync_channel_write_layer3_kernel_V_14  |    or    |      0|  0|   8|           1|           1|
    |ap_sync_channel_write_layer3_kernel_V_15  |    or    |      0|  0|   8|           1|           1|
    |ap_sync_channel_write_layer3_kernel_V_16  |    or    |      0|  0|   8|           1|           1|
    |ap_sync_channel_write_layer3_kernel_V_17  |    or    |      0|  0|   8|           1|           1|
    |ap_sync_channel_write_layer3_kernel_V_18  |    or    |      0|  0|   8|           1|           1|
    |ap_sync_channel_write_layer3_kernel_V_19  |    or    |      0|  0|   8|           1|           1|
    |ap_sync_channel_write_layer3_kernel_V_2   |    or    |      0|  0|   8|           1|           1|
    |ap_sync_channel_write_layer3_kernel_V_20  |    or    |      0|  0|   8|           1|           1|
    |ap_sync_channel_write_layer3_kernel_V_21  |    or    |      0|  0|   8|           1|           1|
    |ap_sync_channel_write_layer3_kernel_V_22  |    or    |      0|  0|   8|           1|           1|
    |ap_sync_channel_write_layer3_kernel_V_23  |    or    |      0|  0|   8|           1|           1|
    |ap_sync_channel_write_layer3_kernel_V_24  |    or    |      0|  0|   8|           1|           1|
    |ap_sync_channel_write_layer3_kernel_V_25  |    or    |      0|  0|   8|           1|           1|
    |ap_sync_channel_write_layer3_kernel_V_26  |    or    |      0|  0|   8|           1|           1|
    |ap_sync_channel_write_layer3_kernel_V_27  |    or    |      0|  0|   8|           1|           1|
    |ap_sync_channel_write_layer3_kernel_V_28  |    or    |      0|  0|   8|           1|           1|
    |ap_sync_channel_write_layer3_kernel_V_29  |    or    |      0|  0|   8|           1|           1|
    |ap_sync_channel_write_layer3_kernel_V_3   |    or    |      0|  0|   8|           1|           1|
    |ap_sync_channel_write_layer3_kernel_V_30  |    or    |      0|  0|   8|           1|           1|
    |ap_sync_channel_write_layer3_kernel_V_31  |    or    |      0|  0|   8|           1|           1|
    |ap_sync_channel_write_layer3_kernel_V_4   |    or    |      0|  0|   8|           1|           1|
    |ap_sync_channel_write_layer3_kernel_V_5   |    or    |      0|  0|   8|           1|           1|
    |ap_sync_channel_write_layer3_kernel_V_6   |    or    |      0|  0|   8|           1|           1|
    |ap_sync_channel_write_layer3_kernel_V_7   |    or    |      0|  0|   8|           1|           1|
    |ap_sync_channel_write_layer3_kernel_V_8   |    or    |      0|  0|   8|           1|           1|
    |ap_sync_channel_write_layer3_kernel_V_9   |    or    |      0|  0|   8|           1|           1|
    |ap_sync_p_extend_stream_181_U0_ap_ready   |    or    |      0|  0|   8|           1|           1|
    |ap_sync_p_extend_stream_1_1_U0_ap_ready   |    or    |      0|  0|   8|           1|           1|
    |ap_sync_p_extend_stream_1_U0_ap_ready     |    or    |      0|  0|   8|           1|           1|
    |ap_sync_p_extend_stream_283_U0_ap_ready   |    or    |      0|  0|   8|           1|           1|
    |ap_sync_p_extend_stream_284_U0_ap_ready   |    or    |      0|  0|   8|           1|           1|
    |ap_sync_p_wt_kernel_282_U0_ap_ready       |    or    |      0|  0|   8|           1|           1|
    |ap_sync_p_wt_kernel_385_U0_ap_ready       |    or    |      0|  0|   8|           1|           1|
    |ap_sync_stream_deconv_1_U0_ap_ready       |    or    |      0|  0|   8|           1|           1|
    |ap_sync_stream_deconv_286_U0_ap_ready     |    or    |      0|  0|   8|           1|           1|
    +------------------------------------------+----------+-------+---+----+------------+------------+
    |Total                                     |          |      0|  0|1168|         161|         141|
    +------------------------------------------+----------+-------+---+----+------------+------------+

    * Multiplexer: 
    +----------------------------------------------+----+-----------+-----+-----------+
    |                     Name                     | LUT| Input Size| Bits| Total Bits|
    +----------------------------------------------+----+-----------+-----+-----------+
    |Block_proc102_U0_ap_ready_count               |   9|          2|    2|          4|
    |ap_sync_reg_Block_proc102_U0_ap_ready         |   9|          2|    1|          2|
    |ap_sync_reg_channel_write_layer2_kernel_V_0   |   9|          2|    1|          2|
    |ap_sync_reg_channel_write_layer2_kernel_V_1   |   9|          2|    1|          2|
    |ap_sync_reg_channel_write_layer2_kernel_V_10  |   9|          2|    1|          2|
    |ap_sync_reg_channel_write_layer2_kernel_V_11  |   9|          2|    1|          2|
    |ap_sync_reg_channel_write_layer2_kernel_V_12  |   9|          2|    1|          2|
    |ap_sync_reg_channel_write_layer2_kernel_V_13  |   9|          2|    1|          2|
    |ap_sync_reg_channel_write_layer2_kernel_V_14  |   9|          2|    1|          2|
    |ap_sync_reg_channel_write_layer2_kernel_V_15  |   9|          2|    1|          2|
    |ap_sync_reg_channel_write_layer2_kernel_V_2   |   9|          2|    1|          2|
    |ap_sync_reg_channel_write_layer2_kernel_V_3   |   9|          2|    1|          2|
    |ap_sync_reg_channel_write_layer2_kernel_V_4   |   9|          2|    1|          2|
    |ap_sync_reg_channel_write_layer2_kernel_V_5   |   9|          2|    1|          2|
    |ap_sync_reg_channel_write_layer2_kernel_V_6   |   9|          2|    1|          2|
    |ap_sync_reg_channel_write_layer2_kernel_V_7   |   9|          2|    1|          2|
    |ap_sync_reg_channel_write_layer2_kernel_V_8   |   9|          2|    1|          2|
    |ap_sync_reg_channel_write_layer2_kernel_V_9   |   9|          2|    1|          2|
    |ap_sync_reg_channel_write_layer3_kernel_V_0   |   9|          2|    1|          2|
    |ap_sync_reg_channel_write_layer3_kernel_V_1   |   9|          2|    1|          2|
    |ap_sync_reg_channel_write_layer3_kernel_V_10  |   9|          2|    1|          2|
    |ap_sync_reg_channel_write_layer3_kernel_V_11  |   9|          2|    1|          2|
    |ap_sync_reg_channel_write_layer3_kernel_V_12  |   9|          2|    1|          2|
    |ap_sync_reg_channel_write_layer3_kernel_V_13  |   9|          2|    1|          2|
    |ap_sync_reg_channel_write_layer3_kernel_V_14  |   9|          2|    1|          2|
    |ap_sync_reg_channel_write_layer3_kernel_V_15  |   9|          2|    1|          2|
    |ap_sync_reg_channel_write_layer3_kernel_V_16  |   9|          2|    1|          2|
    |ap_sync_reg_channel_write_layer3_kernel_V_17  |   9|          2|    1|          2|
    |ap_sync_reg_channel_write_layer3_kernel_V_18  |   9|          2|    1|          2|
    |ap_sync_reg_channel_write_layer3_kernel_V_19  |   9|          2|    1|          2|
    |ap_sync_reg_channel_write_layer3_kernel_V_2   |   9|          2|    1|          2|
    |ap_sync_reg_channel_write_layer3_kernel_V_20  |   9|          2|    1|          2|
    |ap_sync_reg_channel_write_layer3_kernel_V_21  |   9|          2|    1|          2|
    |ap_sync_reg_channel_write_layer3_kernel_V_22  |   9|          2|    1|          2|
    |ap_sync_reg_channel_write_layer3_kernel_V_23  |   9|          2|    1|          2|
    |ap_sync_reg_channel_write_layer3_kernel_V_24  |   9|          2|    1|          2|
    |ap_sync_reg_channel_write_layer3_kernel_V_25  |   9|          2|    1|          2|
    |ap_sync_reg_channel_write_layer3_kernel_V_26  |   9|          2|    1|          2|
    |ap_sync_reg_channel_write_layer3_kernel_V_27  |   9|          2|    1|          2|
    |ap_sync_reg_channel_write_layer3_kernel_V_28  |   9|          2|    1|          2|
    |ap_sync_reg_channel_write_layer3_kernel_V_29  |   9|          2|    1|          2|
    |ap_sync_reg_channel_write_layer3_kernel_V_3   |   9|          2|    1|          2|
    |ap_sync_reg_channel_write_layer3_kernel_V_30  |   9|          2|    1|          2|
    |ap_sync_reg_channel_write_layer3_kernel_V_31  |   9|          2|    1|          2|
    |ap_sync_reg_channel_write_layer3_kernel_V_4   |   9|          2|    1|          2|
    |ap_sync_reg_channel_write_layer3_kernel_V_5   |   9|          2|    1|          2|
    |ap_sync_reg_channel_write_layer3_kernel_V_6   |   9|          2|    1|          2|
    |ap_sync_reg_channel_write_layer3_kernel_V_7   |   9|          2|    1|          2|
    |ap_sync_reg_channel_write_layer3_kernel_V_8   |   9|          2|    1|          2|
    |ap_sync_reg_channel_write_layer3_kernel_V_9   |   9|          2|    1|          2|
    |ap_sync_reg_p_extend_stream_181_U0_ap_ready   |   9|          2|    1|          2|
    |ap_sync_reg_p_extend_stream_1_1_U0_ap_ready   |   9|          2|    1|          2|
    |ap_sync_reg_p_extend_stream_1_U0_ap_ready     |   9|          2|    1|          2|
    |ap_sync_reg_p_extend_stream_283_U0_ap_ready   |   9|          2|    1|          2|
    |ap_sync_reg_p_extend_stream_284_U0_ap_ready   |   9|          2|    1|          2|
    |ap_sync_reg_p_wt_kernel_282_U0_ap_ready       |   9|          2|    1|          2|
    |ap_sync_reg_p_wt_kernel_385_U0_ap_ready       |   9|          2|    1|          2|
    |ap_sync_reg_stream_deconv_1_U0_ap_ready       |   9|          2|    1|          2|
    |ap_sync_reg_stream_deconv_286_U0_ap_ready     |   9|          2|    1|          2|
    |p_extend_stream_181_U0_ap_ready_count         |   9|          2|    2|          4|
    |p_extend_stream_1_1_U0_ap_ready_count         |   9|          2|    2|          4|
    |p_extend_stream_1_U0_ap_ready_count           |   9|          2|    2|          4|
    |p_extend_stream_283_U0_ap_ready_count         |   9|          2|    2|          4|
    |p_extend_stream_284_U0_ap_ready_count         |   9|          2|    2|          4|
    |p_wt_kernel_282_U0_ap_ready_count             |   9|          2|    2|          4|
    |p_wt_kernel_385_U0_ap_ready_count             |   9|          2|    2|          4|
    |stream_deconv_1_U0_ap_ready_count             |   9|          2|    2|          4|
    |stream_deconv_286_U0_ap_ready_count           |   9|          2|    2|          4|
    +----------------------------------------------+----+-----------+-----+-----------+
    |Total                                         | 612|        136|   78|        156|
    +----------------------------------------------+----+-----------+-----+-----------+

    * Register: 
    +----------------------------------------------+---+----+-----+-----------+
    |                     Name                     | FF| LUT| Bits| Const Bits|
    +----------------------------------------------+---+----+-----+-----------+
    |Block_proc102_U0_ap_ready_count               |  2|   0|    2|          0|
    |ap_sync_reg_Block_proc102_U0_ap_ready         |  1|   0|    1|          0|
    |ap_sync_reg_channel_write_layer2_kernel_V_0   |  1|   0|    1|          0|
    |ap_sync_reg_channel_write_layer2_kernel_V_1   |  1|   0|    1|          0|
    |ap_sync_reg_channel_write_layer2_kernel_V_10  |  1|   0|    1|          0|
    |ap_sync_reg_channel_write_layer2_kernel_V_11  |  1|   0|    1|          0|
    |ap_sync_reg_channel_write_layer2_kernel_V_12  |  1|   0|    1|          0|
    |ap_sync_reg_channel_write_layer2_kernel_V_13  |  1|   0|    1|          0|
    |ap_sync_reg_channel_write_layer2_kernel_V_14  |  1|   0|    1|          0|
    |ap_sync_reg_channel_write_layer2_kernel_V_15  |  1|   0|    1|          0|
    |ap_sync_reg_channel_write_layer2_kernel_V_2   |  1|   0|    1|          0|
    |ap_sync_reg_channel_write_layer2_kernel_V_3   |  1|   0|    1|          0|
    |ap_sync_reg_channel_write_layer2_kernel_V_4   |  1|   0|    1|          0|
    |ap_sync_reg_channel_write_layer2_kernel_V_5   |  1|   0|    1|          0|
    |ap_sync_reg_channel_write_layer2_kernel_V_6   |  1|   0|    1|          0|
    |ap_sync_reg_channel_write_layer2_kernel_V_7   |  1|   0|    1|          0|
    |ap_sync_reg_channel_write_layer2_kernel_V_8   |  1|   0|    1|          0|
    |ap_sync_reg_channel_write_layer2_kernel_V_9   |  1|   0|    1|          0|
    |ap_sync_reg_channel_write_layer3_kernel_V_0   |  1|   0|    1|          0|
    |ap_sync_reg_channel_write_layer3_kernel_V_1   |  1|   0|    1|          0|
    |ap_sync_reg_channel_write_layer3_kernel_V_10  |  1|   0|    1|          0|
    |ap_sync_reg_channel_write_layer3_kernel_V_11  |  1|   0|    1|          0|
    |ap_sync_reg_channel_write_layer3_kernel_V_12  |  1|   0|    1|          0|
    |ap_sync_reg_channel_write_layer3_kernel_V_13  |  1|   0|    1|          0|
    |ap_sync_reg_channel_write_layer3_kernel_V_14  |  1|   0|    1|          0|
    |ap_sync_reg_channel_write_layer3_kernel_V_15  |  1|   0|    1|          0|
    |ap_sync_reg_channel_write_layer3_kernel_V_16  |  1|   0|    1|          0|
    |ap_sync_reg_channel_write_layer3_kernel_V_17  |  1|   0|    1|          0|
    |ap_sync_reg_channel_write_layer3_kernel_V_18  |  1|   0|    1|          0|
    |ap_sync_reg_channel_write_layer3_kernel_V_19  |  1|   0|    1|          0|
    |ap_sync_reg_channel_write_layer3_kernel_V_2   |  1|   0|    1|          0|
    |ap_sync_reg_channel_write_layer3_kernel_V_20  |  1|   0|    1|          0|
    |ap_sync_reg_channel_write_layer3_kernel_V_21  |  1|   0|    1|          0|
    |ap_sync_reg_channel_write_layer3_kernel_V_22  |  1|   0|    1|          0|
    |ap_sync_reg_channel_write_layer3_kernel_V_23  |  1|   0|    1|          0|
    |ap_sync_reg_channel_write_layer3_kernel_V_24  |  1|   0|    1|          0|
    |ap_sync_reg_channel_write_layer3_kernel_V_25  |  1|   0|    1|          0|
    |ap_sync_reg_channel_write_layer3_kernel_V_26  |  1|   0|    1|          0|
    |ap_sync_reg_channel_write_layer3_kernel_V_27  |  1|   0|    1|          0|
    |ap_sync_reg_channel_write_layer3_kernel_V_28  |  1|   0|    1|          0|
    |ap_sync_reg_channel_write_layer3_kernel_V_29  |  1|   0|    1|          0|
    |ap_sync_reg_channel_write_layer3_kernel_V_3   |  1|   0|    1|          0|
    |ap_sync_reg_channel_write_layer3_kernel_V_30  |  1|   0|    1|          0|
    |ap_sync_reg_channel_write_layer3_kernel_V_31  |  1|   0|    1|          0|
    |ap_sync_reg_channel_write_layer3_kernel_V_4   |  1|   0|    1|          0|
    |ap_sync_reg_channel_write_layer3_kernel_V_5   |  1|   0|    1|          0|
    |ap_sync_reg_channel_write_layer3_kernel_V_6   |  1|   0|    1|          0|
    |ap_sync_reg_channel_write_layer3_kernel_V_7   |  1|   0|    1|          0|
    |ap_sync_reg_channel_write_layer3_kernel_V_8   |  1|   0|    1|          0|
    |ap_sync_reg_channel_write_layer3_kernel_V_9   |  1|   0|    1|          0|
    |ap_sync_reg_p_extend_stream_181_U0_ap_ready   |  1|   0|    1|          0|
    |ap_sync_reg_p_extend_stream_1_1_U0_ap_ready   |  1|   0|    1|          0|
    |ap_sync_reg_p_extend_stream_1_U0_ap_ready     |  1|   0|    1|          0|
    |ap_sync_reg_p_extend_stream_283_U0_ap_ready   |  1|   0|    1|          0|
    |ap_sync_reg_p_extend_stream_284_U0_ap_ready   |  1|   0|    1|          0|
    |ap_sync_reg_p_wt_kernel_282_U0_ap_ready       |  1|   0|    1|          0|
    |ap_sync_reg_p_wt_kernel_385_U0_ap_ready       |  1|   0|    1|          0|
    |ap_sync_reg_stream_deconv_1_U0_ap_ready       |  1|   0|    1|          0|
    |ap_sync_reg_stream_deconv_286_U0_ap_ready     |  1|   0|    1|          0|
    |p_extend_stream_181_U0_ap_ready_count         |  2|   0|    2|          0|
    |p_extend_stream_1_1_U0_ap_ready_count         |  2|   0|    2|          0|
    |p_extend_stream_1_U0_ap_ready_count           |  2|   0|    2|          0|
    |p_extend_stream_283_U0_ap_ready_count         |  2|   0|    2|          0|
    |p_extend_stream_284_U0_ap_ready_count         |  2|   0|    2|          0|
    |p_wt_kernel_282_U0_ap_ready_count             |  2|   0|    2|          0|
    |p_wt_kernel_385_U0_ap_ready_count             |  2|   0|    2|          0|
    |stream_deconv_1_U0_ap_ready_count             |  2|   0|    2|          0|
    |stream_deconv_286_U0_ap_ready_count           |  2|   0|    2|          0|
    +----------------------------------------------+---+----+-----+-----------+
    |Total                                         | 78|   0|   78|          0|
    +----------------------------------------------+---+----+-----+-----------+



================================================================
== Interface
================================================================
* Summary: 
+-----------------------+-----+-----+------------+--------------+--------------+
|       RTL Ports       | Dir | Bits|  Protocol  | Source Object|    C Type    |
+-----------------------+-----+-----+------------+--------------+--------------+
|param_I_h_V_address0   | out |    2|  ap_memory |  param_I_h_V |     array    |
|param_I_h_V_ce0        | out |    1|  ap_memory |  param_I_h_V |     array    |
|param_I_h_V_d0         | out |    6|  ap_memory |  param_I_h_V |     array    |
|param_I_h_V_q0         |  in |    6|  ap_memory |  param_I_h_V |     array    |
|param_I_h_V_we0        | out |    1|  ap_memory |  param_I_h_V |     array    |
|param_I_w_V_address0   | out |    2|  ap_memory |  param_I_w_V |     array    |
|param_I_w_V_ce0        | out |    1|  ap_memory |  param_I_w_V |     array    |
|param_I_w_V_d0         | out |    6|  ap_memory |  param_I_w_V |     array    |
|param_I_w_V_q0         |  in |    6|  ap_memory |  param_I_w_V |     array    |
|param_I_w_V_we0        | out |    1|  ap_memory |  param_I_w_V |     array    |
|param_I_c_V_address0   | out |    2|  ap_memory |  param_I_c_V |     array    |
|param_I_c_V_ce0        | out |    1|  ap_memory |  param_I_c_V |     array    |
|param_I_c_V_d0         | out |    6|  ap_memory |  param_I_c_V |     array    |
|param_I_c_V_q0         |  in |    6|  ap_memory |  param_I_c_V |     array    |
|param_I_c_V_we0        | out |    1|  ap_memory |  param_I_c_V |     array    |
|param_O_h_V_address0   | out |    2|  ap_memory |  param_O_h_V |     array    |
|param_O_h_V_ce0        | out |    1|  ap_memory |  param_O_h_V |     array    |
|param_O_h_V_d0         | out |    6|  ap_memory |  param_O_h_V |     array    |
|param_O_h_V_q0         |  in |    6|  ap_memory |  param_O_h_V |     array    |
|param_O_h_V_we0        | out |    1|  ap_memory |  param_O_h_V |     array    |
|param_O_w_V_address0   | out |    2|  ap_memory |  param_O_w_V |     array    |
|param_O_w_V_ce0        | out |    1|  ap_memory |  param_O_w_V |     array    |
|param_O_w_V_d0         | out |    6|  ap_memory |  param_O_w_V |     array    |
|param_O_w_V_q0         |  in |    6|  ap_memory |  param_O_w_V |     array    |
|param_O_w_V_we0        | out |    1|  ap_memory |  param_O_w_V |     array    |
|param_O_c_V_address0   | out |    2|  ap_memory |  param_O_c_V |     array    |
|param_O_c_V_ce0        | out |    1|  ap_memory |  param_O_c_V |     array    |
|param_O_c_V_d0         | out |    6|  ap_memory |  param_O_c_V |     array    |
|param_O_c_V_q0         |  in |    6|  ap_memory |  param_O_c_V |     array    |
|param_O_c_V_we0        | out |    1|  ap_memory |  param_O_c_V |     array    |
|param_K_V_address0     | out |    2|  ap_memory |   param_K_V  |     array    |
|param_K_V_ce0          | out |    1|  ap_memory |   param_K_V  |     array    |
|param_K_V_d0           | out |    6|  ap_memory |   param_K_V  |     array    |
|param_K_V_q0           |  in |    6|  ap_memory |   param_K_V  |     array    |
|param_K_V_we0          | out |    1|  ap_memory |   param_K_V  |     array    |
|param_S_V_address0     | out |    2|  ap_memory |   param_S_V  |     array    |
|param_S_V_ce0          | out |    1|  ap_memory |   param_S_V  |     array    |
|param_S_V_d0           | out |    6|  ap_memory |   param_S_V  |     array    |
|param_S_V_q0           |  in |    6|  ap_memory |   param_S_V  |     array    |
|param_S_V_we0          | out |    1|  ap_memory |   param_S_V  |     array    |
|param_P_V_address0     | out |    2|  ap_memory |   param_P_V  |     array    |
|param_P_V_ce0          | out |    1|  ap_memory |   param_P_V  |     array    |
|param_P_V_d0           | out |    6|  ap_memory |   param_P_V  |     array    |
|param_P_V_q0           |  in |    6|  ap_memory |   param_P_V  |     array    |
|param_P_V_we0          | out |    1|  ap_memory |   param_P_V  |     array    |
|param_norm_V_address0  | out |    2|  ap_memory | param_norm_V |     array    |
|param_norm_V_ce0       | out |    1|  ap_memory | param_norm_V |     array    |
|param_norm_V_d0        | out |    1|  ap_memory | param_norm_V |     array    |
|param_norm_V_q0        |  in |    1|  ap_memory | param_norm_V |     array    |
|param_norm_V_we0       | out |    1|  ap_memory | param_norm_V |     array    |
|param_sig_V_address0   | out |    2|  ap_memory |  param_sig_V |     array    |
|param_sig_V_ce0        | out |    1|  ap_memory |  param_sig_V |     array    |
|param_sig_V_d0         | out |    1|  ap_memory |  param_sig_V |     array    |
|param_sig_V_q0         |  in |    1|  ap_memory |  param_sig_V |     array    |
|param_sig_V_we0        | out |    1|  ap_memory |  param_sig_V |     array    |
|stream_i_V_V_dout      |  in |   18|   ap_fifo  | stream_i_V_V |    pointer   |
|stream_i_V_V_empty_n   |  in |    1|   ap_fifo  | stream_i_V_V |    pointer   |
|stream_i_V_V_read      | out |    1|   ap_fifo  | stream_i_V_V |    pointer   |
|kernel_0_V_V_dout      |  in |   18|   ap_fifo  | kernel_0_V_V |    pointer   |
|kernel_0_V_V_empty_n   |  in |    1|   ap_fifo  | kernel_0_V_V |    pointer   |
|kernel_0_V_V_read      | out |    1|   ap_fifo  | kernel_0_V_V |    pointer   |
|kernel_1_V_V_dout      |  in |   18|   ap_fifo  | kernel_1_V_V |    pointer   |
|kernel_1_V_V_empty_n   |  in |    1|   ap_fifo  | kernel_1_V_V |    pointer   |
|kernel_1_V_V_read      | out |    1|   ap_fifo  | kernel_1_V_V |    pointer   |
|kernel_2_V_V_dout      |  in |   18|   ap_fifo  | kernel_2_V_V |    pointer   |
|kernel_2_V_V_empty_n   |  in |    1|   ap_fifo  | kernel_2_V_V |    pointer   |
|kernel_2_V_V_read      | out |    1|   ap_fifo  | kernel_2_V_V |    pointer   |
|bias_0_V_V_dout        |  in |   18|   ap_fifo  |  bias_0_V_V  |    pointer   |
|bias_0_V_V_empty_n     |  in |    1|   ap_fifo  |  bias_0_V_V  |    pointer   |
|bias_0_V_V_read        | out |    1|   ap_fifo  |  bias_0_V_V  |    pointer   |
|bias_1_V_V_dout        |  in |   18|   ap_fifo  |  bias_1_V_V  |    pointer   |
|bias_1_V_V_empty_n     |  in |    1|   ap_fifo  |  bias_1_V_V  |    pointer   |
|bias_1_V_V_read        | out |    1|   ap_fifo  |  bias_1_V_V  |    pointer   |
|bias_2_V_V_dout        |  in |   18|   ap_fifo  |  bias_2_V_V  |    pointer   |
|bias_2_V_V_empty_n     |  in |    1|   ap_fifo  |  bias_2_V_V  |    pointer   |
|bias_2_V_V_read        | out |    1|   ap_fifo  |  bias_2_V_V  |    pointer   |
|mean_0_V_V_dout        |  in |   18|   ap_fifo  |  mean_0_V_V  |    pointer   |
|mean_0_V_V_empty_n     |  in |    1|   ap_fifo  |  mean_0_V_V  |    pointer   |
|mean_0_V_V_read        | out |    1|   ap_fifo  |  mean_0_V_V  |    pointer   |
|mean_1_V_V_dout        |  in |   18|   ap_fifo  |  mean_1_V_V  |    pointer   |
|mean_1_V_V_empty_n     |  in |    1|   ap_fifo  |  mean_1_V_V  |    pointer   |
|mean_1_V_V_read        | out |    1|   ap_fifo  |  mean_1_V_V  |    pointer   |
|std_0_V_V_dout         |  in |   18|   ap_fifo  |   std_0_V_V  |    pointer   |
|std_0_V_V_empty_n      |  in |    1|   ap_fifo  |   std_0_V_V  |    pointer   |
|std_0_V_V_read         | out |    1|   ap_fifo  |   std_0_V_V  |    pointer   |
|std_1_V_V_dout         |  in |   18|   ap_fifo  |   std_1_V_V  |    pointer   |
|std_1_V_V_empty_n      |  in |    1|   ap_fifo  |   std_1_V_V  |    pointer   |
|std_1_V_V_read         | out |    1|   ap_fifo  |   std_1_V_V  |    pointer   |
|stream_o_V_V_din       | out |   18|   ap_fifo  | stream_o_V_V |    pointer   |
|stream_o_V_V_full_n    |  in |    1|   ap_fifo  | stream_o_V_V |    pointer   |
|stream_o_V_V_write     | out |    1|   ap_fifo  | stream_o_V_V |    pointer   |
|ap_clk                 |  in |    1| ap_ctrl_hs |    deconv    | return value |
|ap_rst                 |  in |    1| ap_ctrl_hs |    deconv    | return value |
|ap_done                | out |    1| ap_ctrl_hs |    deconv    | return value |
|ap_start               |  in |    1| ap_ctrl_hs |    deconv    | return value |
|ap_ready               | out |    1| ap_ctrl_hs |    deconv    | return value |
|ap_idle                | out |    1| ap_ctrl_hs |    deconv    | return value |
+-----------------------+-----+-----+------------+--------------+--------------+

