

================================================================
== Vivado HLS Report for 'deconvolution'
================================================================
* Date:           Mon Aug 27 22:32:47 2018

* Version:        2017.1 (Build 1846317 on Thu Jun 22 18:17:09 MDT 2017)
* Project:        deconvo-algo
* Solution:       solution2-opt1
* Product family: zynq
* Target device:  xc7z020clg484-1


================================================================
== Performance Estimates
================================================================
+ Timing (ns): 
    * Summary: 
    +--------+-------+----------+------------+
    |  Clock | Target| Estimated| Uncertainty|
    +--------+-------+----------+------------+
    |ap_clk  |  10.00|      7.42|        1.25|
    +--------+-------+----------+------------+

+ Latency (clock cycles): 
    * Summary: 
    +--------+--------+--------+--------+---------+
    |     Latency     |     Interval    | Pipeline|
    |   min  |   max  |   min  |   max  |   Type  |
    +--------+--------+--------+--------+---------+
    |  172289|  172289|  172290|  172290|   none  |
    +--------+--------+--------+--------+---------+

    + Detail: 
        * Instance: 
        N/A

        * Loop: 
        +-----------------------------------+--------+--------+----------+-----------+-----------+------+----------+
        |                                   |     Latency     | Iteration|  Initiation Interval  | Trip |          |
        |             Loop Name             |   min  |   max  |  Latency |  achieved |   target  | Count| Pipelined|
        +-----------------------------------+--------+--------+----------+-----------+-----------+------+----------+
        |- IFEAT_DEPTH_LOOP_IFEAT_ROW_LOOP  |  172288|  172288|      1346|          -|          -|   128|    no    |
        | + IFEAT_COL_LOOP                  |    1344|    1344|        84|          -|          -|    16|    no    |
        |  ++ OFEAT_DEPTH_LOOP              |      81|      81|         7|          5|          1|    16|    yes   |
        +-----------------------------------+--------+--------+----------+-----------+-----------+------+----------+



================================================================
== Utilization Estimates
================================================================
* Summary: 
+-----------------+---------+-------+--------+-------+
|       Name      | BRAM_18K| DSP48E|   FF   |  LUT  |
+-----------------+---------+-------+--------+-------+
|DSP              |        -|      -|       -|      -|
|Expression       |        -|      0|       0|    799|
|FIFO             |        -|      -|       -|      -|
|Instance         |        -|      -|       -|      -|
|Memory           |        -|      -|       -|      -|
|Multiplexer      |        -|      -|       -|    281|
|Register         |        -|      -|     235|      -|
+-----------------+---------+-------+--------+-------+
|Total            |        0|      0|     235|   1080|
+-----------------+---------+-------+--------+-------+
|Available        |      280|    220|  106400|  53200|
+-----------------+---------+-------+--------+-------+
|Utilization (%)  |        0|      0|   ~0   |      2|
+-----------------+---------+-------+--------+-------+

+ Detail: 
    * Instance: 
    N/A

    * DSP48: 
    N/A

    * Memory: 
    N/A

    * FIFO: 
    N/A

    * Expression: 
    +-------------------------------+----------+-------+---+----+------------+------------+
    |         Variable Name         | Operation| DSP48E| FF| LUT| Bitwidth P0| Bitwidth P1|
    +-------------------------------+----------+-------+---+----+------------+------------+
    |grp_fu_318_p2                  |     *    |      0|  0|  41|           8|           8|
    |grp_fu_324_p2                  |     *    |      0|  0|  41|           8|           8|
    |ic_1_fu_445_p2                 |     +    |      0|  0|  15|           5|           1|
    |id_1_fu_353_p2                 |     +    |      0|  0|  13|           4|           1|
    |indvar_flatten_next_fu_347_p2  |     +    |      0|  0|  15|           8|           1|
    |ir_1_fu_419_p2                 |     +    |      0|  0|  15|           5|           1|
    |oc_1_fu_489_p2                 |     +    |      0|  0|  15|           5|           1|
    |p_oc_0_2_fu_473_p2             |     +    |      0|  0|  15|           5|           2|
    |p_or_2_fu_429_p2               |     +    |      0|  0|  15|           5|           2|
    |tmp_10_fu_507_p2               |     +    |      0|  0|  16|           9|           9|
    |tmp_11_fu_524_p2               |     +    |      0|  0|  19|          12|          12|
    |tmp_12_fu_565_p2               |     +    |      0|  0|  19|          12|           1|
    |tmp_13_fu_575_p2               |     +    |      0|  0|  19|          12|           2|
    |tmp_14_fu_589_p2               |     +    |      0|  0|  19|          12|           2|
    |tmp_15_fu_599_p2               |     +    |      0|  0|  19|          12|           3|
    |tmp_16_fu_643_p2               |     +    |      0|  0|  19|          12|           3|
    |tmp_17_fu_653_p2               |     +    |      0|  0|  19|          12|           3|
    |tmp_18_fu_689_p2               |     +    |      0|  0|  19|          12|           3|
    |tmp_19_fu_699_p2               |     +    |      0|  0|  19|          12|           4|
    |tmp_22_fu_559_p2               |     +    |      0|  0|  17|          10|          10|
    |tmp_23_fu_585_p2               |     +    |      0|  0|  17|          10|          10|
    |tmp_25_fu_627_p2               |     +    |      0|  0|  21|          14|          14|
    |tmp_26_fu_633_p2               |     +    |      0|  0|  21|          14|          14|
    |tmp_27_fu_663_p2               |     +    |      0|  0|  21|          14|          14|
    |tmp_28_fu_672_p2               |     +    |      0|  0|  21|          14|          14|
    |tmp_29_fu_681_p2               |     +    |      0|  0|  17|          10|          10|
    |tmp_2_fu_459_p2                |     +    |      0|  0|  20|          13|          13|
    |tmp_31_fu_727_p2               |     +    |      0|  0|  21|          14|          14|
    |tmp_32_fu_733_p2               |     +    |      0|  0|  21|          14|          14|
    |tmp_33_fu_743_p2               |     +    |      0|  0|  21|          14|          14|
    |tmp_34_fu_753_p2               |     +    |      0|  0|  21|          14|          14|
    |tmp_35_fu_685_p2               |     +    |      0|  0|  17|          10|          10|
    |tmp_37_fu_780_p2               |     +    |      0|  0|  21|          14|          14|
    |tmp_38_fu_786_p2               |     +    |      0|  0|  21|          14|          14|
    |tmp_39_fu_796_p2               |     +    |      0|  0|  21|          14|          14|
    |tmp_40_fu_805_p2               |     +    |      0|  0|  21|          14|          14|
    |tmp_8_fu_405_p2                |     +    |      0|  0|  16|           9|           9|
    |exitcond_flatten_fu_341_p2     |   icmp   |      0|  0|  13|           8|           9|
    |tmp_1_8_fu_359_p2              |   icmp   |      0|  0|  11|           5|           6|
    |tmp_3_fu_439_p2                |   icmp   |      0|  0|  11|           5|           6|
    |tmp_5_fu_483_p2                |   icmp   |      0|  0|  11|           5|           6|
    |id_cast4_mid2_v_fu_373_p3      |  select  |      0|  0|   4|           1|           4|
    |ir_mid2_fu_365_p3              |  select  |      0|  0|   5|           1|           1|
    |ap_enable_pp0                  |    xor   |      0|  0|   8|           1|           2|
    |ap_enable_reg_pp0_iter1        |    xor   |      0|  0|   8|           1|           2|
    +-------------------------------+----------+-------+---+----+------------+------------+
    |Total                          |          |      0|  0| 799|         427|         333|
    +-------------------------------+----------+-------+---+----+------------+------------+

    * Multiplexer: 
    +-------------------------+----+-----------+-----+-----------+
    |           Name          | LUT| Input Size| Bits| Total Bits|
    +-------------------------+----+-----------+-----+-----------+
    |ap_NS_fsm                |  47|         10|    1|         10|
    |ap_enable_reg_pp0_iter1  |  15|          3|    1|          3|
    |grp_fu_318_p1            |  15|          3|    8|         24|
    |ic_reg_296               |   9|          2|    5|         10|
    |id_reg_274               |   9|          2|    4|          8|
    |indvar_flatten_reg_263   |   9|          2|    8|         16|
    |ir_reg_285               |   9|          2|    5|         10|
    |kernel_V_address0        |  33|          6|   11|         66|
    |kernel_V_address1        |  27|          5|   11|         55|
    |oc_phi_fu_311_p4         |   9|          2|    5|         10|
    |oc_reg_307               |   9|          2|    5|         10|
    |ofeat_V_address0         |  33|          6|   13|         78|
    |ofeat_V_address1         |  27|          5|   13|         65|
    |ofeat_V_d0               |  15|          3|    8|         24|
    |ofeat_V_d1               |  15|          3|    8|         24|
    +-------------------------+----+-----------+-----+-----------+
    |Total                    | 281|         56|  106|        413|
    +-------------------------+----+-----------+-----+-----------+

    * Register: 
    +--------------------------------+----+----+-----+-----------+
    |              Name              | FF | LUT| Bits| Const Bits|
    +--------------------------------+----+----+-----+-----------+
    |ap_CS_fsm                       |   9|   0|    9|          0|
    |ap_enable_reg_pp0_iter0         |   1|   0|    1|          0|
    |ap_enable_reg_pp0_iter1         |   1|   0|    1|          0|
    |ap_reg_pp0_iter1_tmp_5_reg_892  |   1|   0|    1|          0|
    |ic_1_reg_861                    |   5|   0|    5|          0|
    |ic_cast2_cast1_reg_866          |   5|   0|   14|          9|
    |ic_reg_296                      |   5|   0|    5|          0|
    |id_cast4_mid2_cast_reg_827      |   4|   0|    9|          5|
    |id_cast4_mid2_v_reg_822         |   4|   0|    4|          0|
    |id_reg_274                      |   4|   0|    4|          0|
    |ifeat_V_addr_reg_873            |  11|   0|   11|          0|
    |ifeat_V_load_reg_941            |   8|   0|    8|          0|
    |indvar_flatten_next_reg_817     |   8|   0|    8|          0|
    |indvar_flatten_reg_263          |   8|   0|    8|          0|
    |ir_1_reg_842                    |   5|   0|    5|          0|
    |ir_cast3_cast1_reg_832          |   5|   0|   10|          5|
    |ir_reg_285                      |   5|   0|    5|          0|
    |oc_1_reg_896                    |   5|   0|    5|          0|
    |oc_reg_307                      |   5|   0|    5|          0|
    |p_oc_0_1_cast_cast_reg_878      |   5|   0|   14|          9|
    |p_oc_0_2_cast_cast_reg_885      |   5|   0|   14|          9|
    |p_or_1_cast_cast_reg_847        |   5|   0|   10|          5|
    |p_or_2_cast_cast_reg_852        |   5|   0|   10|          5|
    |reg_329                         |   8|   0|    8|          0|
    |reg_335                         |   8|   0|    8|          0|
    |tmp_10_cast_reg_837             |   9|   0|   13|          4|
    |tmp_11_reg_901                  |  12|   0|   12|          0|
    |tmp_22_reg_918                  |   9|   0|   10|          1|
    |tmp_23_reg_935                  |  10|   0|   10|          0|
    |tmp_25_reg_957                  |  13|   0|   14|          1|
    |tmp_29_reg_973                  |  10|   0|   10|          0|
    |tmp_31_reg_995                  |  13|   0|   14|          1|
    |tmp_35_reg_979                  |  10|   0|   10|          0|
    |tmp_37_reg_1000                 |  13|   0|   14|          1|
    |tmp_5_reg_892                   |   1|   0|    1|          0|
    +--------------------------------+----+----+-----+-----------+
    |Total                           | 235|   0|  290|         55|
    +--------------------------------+----+----+-----+-----------+



================================================================
== Interface
================================================================
* Summary: 
+-------------------+-----+-----+------------+---------------+--------------+
|     RTL Ports     | Dir | Bits|  Protocol  | Source Object |    C Type    |
+-------------------+-----+-----+------------+---------------+--------------+
|ap_clk             |  in |    1| ap_ctrl_hs | deconvolution | return value |
|ap_rst             |  in |    1| ap_ctrl_hs | deconvolution | return value |
|ap_start           |  in |    1| ap_ctrl_hs | deconvolution | return value |
|ap_done            | out |    1| ap_ctrl_hs | deconvolution | return value |
|ap_idle            | out |    1| ap_ctrl_hs | deconvolution | return value |
|ap_ready           | out |    1| ap_ctrl_hs | deconvolution | return value |
|kernel_V_address0  | out |   11|  ap_memory |    kernel_V   |     array    |
|kernel_V_ce0       | out |    1|  ap_memory |    kernel_V   |     array    |
|kernel_V_q0        |  in |    8|  ap_memory |    kernel_V   |     array    |
|kernel_V_address1  | out |   11|  ap_memory |    kernel_V   |     array    |
|kernel_V_ce1       | out |    1|  ap_memory |    kernel_V   |     array    |
|kernel_V_q1        |  in |    8|  ap_memory |    kernel_V   |     array    |
|ifeat_V_address0   | out |   11|  ap_memory |    ifeat_V    |     array    |
|ifeat_V_ce0        | out |    1|  ap_memory |    ifeat_V    |     array    |
|ifeat_V_q0         |  in |    8|  ap_memory |    ifeat_V    |     array    |
|ofeat_V_address0   | out |   13|  ap_memory |    ofeat_V    |     array    |
|ofeat_V_ce0        | out |    1|  ap_memory |    ofeat_V    |     array    |
|ofeat_V_we0        | out |    1|  ap_memory |    ofeat_V    |     array    |
|ofeat_V_d0         | out |    8|  ap_memory |    ofeat_V    |     array    |
|ofeat_V_address1   | out |   13|  ap_memory |    ofeat_V    |     array    |
|ofeat_V_ce1        | out |    1|  ap_memory |    ofeat_V    |     array    |
|ofeat_V_we1        | out |    1|  ap_memory |    ofeat_V    |     array    |
|ofeat_V_d1         | out |    8|  ap_memory |    ofeat_V    |     array    |
+-------------------+-----+-----+------------+---------------+--------------+

