

================================================================
== Vivado HLS Report for 'p_wt_kernel_385'
================================================================
* Date:           Thu Oct 18 23:40:01 2018

* Version:        2017.1 (Build 1846317 on Thu Jun 22 18:17:09 MDT 2017)
* Project:        stream_deconv_fixed
* Solution:       solution1
* Product family: zynq
* Target device:  xc7z020clg484-1


================================================================
== Performance Estimates
================================================================
+ Timing (ns): 
    * Summary: 
    +--------+-------+----------+------------+
    |  Clock | Target| Estimated| Uncertainty|
    +--------+-------+----------+------------+
    |ap_clk  |  10.00|      5.90|        1.25|
    +--------+-------+----------+------------+

+ Latency (clock cycles): 
    * Summary: 
    +------+------+------+------+---------+
    |   Latency   |   Interval  | Pipeline|
    |  min |  max |  min |  max |   Type  |
    +------+------+------+------+---------+
    |  1154|  1154|  1154|  1154|   none  |
    +------+------+------+------+---------+

    + Detail: 
        * Instance: 
        N/A

        * Loop: 
        +----------+------+------+----------+-----------+-----------+------+----------+
        |          |   Latency   | Iteration|  Initiation Interval  | Trip |          |
        | Loop Name|  min |  max |  Latency |  achieved |   target  | Count| Pipelined|
        +----------+------+------+----------+-----------+-----------+------+----------+
        |- Loop 1  |  1152|  1152|        33|         32|          1|    36|    yes   |
        +----------+------+------+----------+-----------+-----------+------+----------+

============================================================
+ Verbose Summary: Synthesis Manager
============================================================
InlineROM: 1
ExposeGlobal: 0
============================================================
+ Verbose Summary: CDFG Model
============================================================
IsTopModel: 0
ResetActiveHigh: 1
IsCombinational: 2
IsDatapathOnly: 0
HasWiredReturn: 1
HasMFsm: 0
HasVarLatency: 1
IsPipeline: 0
IsRtlPipelined: 0
IsInstanceOverlapped: 0
IsDontTouch: 0
HasImplIP: 0
IsGatedGlobalClock: 0

+ Individual pipeline summary: 
  * Pipeline-0: initiation interval (II) = 32, depth = 33


============================================================
+ Verbose Summary: Schedule
============================================================
* Number of FSM states: 35
* Pipeline: 1
  Pipeline-0: II = 32, D = 33, States = { 2 3 4 5 6 7 8 9 10 11 12 13 14 15 16 17 18 19 20 21 22 23 24 25 26 27 28 29 30 31 32 33 34 }
* Dataflow Pipeline: 0

* FSM state transitions: 
1 --> 
	2  / true
2 --> 
	35  / (exitcond_flatten)
	3  / (!exitcond_flatten)
3 --> 
	4  / true
4 --> 
	5  / true
5 --> 
	6  / true
6 --> 
	7  / true
7 --> 
	8  / true
8 --> 
	9  / true
9 --> 
	10  / true
10 --> 
	11  / true
11 --> 
	12  / true
12 --> 
	13  / true
13 --> 
	14  / true
14 --> 
	15  / true
15 --> 
	16  / true
16 --> 
	17  / true
17 --> 
	18  / true
18 --> 
	19  / true
19 --> 
	20  / true
20 --> 
	21  / true
21 --> 
	22  / true
22 --> 
	23  / true
23 --> 
	24  / true
24 --> 
	25  / true
25 --> 
	26  / true
26 --> 
	27  / true
27 --> 
	28  / true
28 --> 
	29  / true
29 --> 
	30  / true
30 --> 
	31  / true
31 --> 
	32  / true
32 --> 
	33  / true
33 --> 
	34  / true
34 --> 
	2  / true
35 --> 
* FSM state operations: 

 <State 1>: 1.77ns
ST_1: empty (34)  [1/1] 0.00ns
entry:0  %empty = call i32 (...)* @_ssdm_op_SpecInterface(i18* %kernel_i_V_V2, [8 x i8]* @ap_fifo_str, i32 0, i32 0, [1 x i8]* @p_str, i32 0, i32 0, [1 x i8]* @p_str, [1 x i8]* @p_str, [1 x i8]* @p_str, i32 2, i32 2, i32 16, i32 16, [1 x i8]* @p_str, [1 x i8]* @p_str)

ST_1: StgValue_37 (35)  [1/1] 1.77ns  loc: stream_deconv_fixed.cpp:259
entry:1  br label %.preheader.i


 <State 2>: 3.02ns
ST_2: indvar_flatten (37)  [1/1] 0.00ns
.preheader.i:0  %indvar_flatten = phi i6 [ 0, %entry ], [ %indvar_flatten_next, %.preheader.preheader.i ]

ST_2: p_02_i (38)  [1/1] 0.00ns  loc: stream_deconv_fixed.cpp:263
.preheader.i:1  %p_02_i = phi i3 [ 0, %entry ], [ %tmp_i_mid2_v, %.preheader.preheader.i ]

ST_2: p_i (39)  [1/1] 0.00ns
.preheader.i:2  %p_i = phi i3 [ 0, %entry ], [ %kw_V, %.preheader.preheader.i ]

ST_2: exitcond_flatten (40)  [1/1] 1.43ns
.preheader.i:3  %exitcond_flatten = icmp eq i6 %indvar_flatten, -28

ST_2: indvar_flatten_next (41)  [1/1] 1.83ns
.preheader.i:4  %indvar_flatten_next = add i6 %indvar_flatten, 1

ST_2: StgValue_43 (42)  [1/1] 0.00ns
.preheader.i:5  br i1 %exitcond_flatten, label %_wt_kernel_385.exit, label %.preheader.preheader.i

ST_2: kh_V (44)  [1/1] 1.65ns  loc: stream_deconv_fixed.cpp:259
.preheader.preheader.i:0  %kh_V = add i3 %p_02_i, 1

ST_2: exitcond19_i (46)  [1/1] 1.13ns  loc: stream_deconv_fixed.cpp:260
.preheader.preheader.i:2  %exitcond19_i = icmp eq i3 %p_i, -2

ST_2: p_i_mid2 (47)  [1/1] 1.37ns  loc: stream_deconv_fixed.cpp:260
.preheader.preheader.i:3  %p_i_mid2 = select i1 %exitcond19_i, i3 0, i3 %p_i

ST_2: tmp_i_mid2_v (48)  [1/1] 1.37ns  loc: stream_deconv_fixed.cpp:263
.preheader.preheader.i:4  %tmp_i_mid2_v = select i1 %exitcond19_i, i3 %kh_V, i3 %p_02_i


 <State 3>: 2.32ns
ST_3: tmp_V (91)  [1/1] 2.32ns  loc: stream_deconv_fixed.cpp:263
.preheader.preheader.i:47  %tmp_V = call i18 @_ssdm_op_Read.ap_fifo.volatile.i18P(i18* %kernel_i_V_V2)


 <State 4>: 2.32ns
ST_4: tmp_V_57 (93)  [1/1] 2.32ns  loc: stream_deconv_fixed.cpp:263
.preheader.preheader.i:49  %tmp_V_57 = call i18 @_ssdm_op_Read.ap_fifo.volatile.i18P(i18* %kernel_i_V_V2)


 <State 5>: 2.32ns
ST_5: tmp_V_58 (95)  [1/1] 2.32ns  loc: stream_deconv_fixed.cpp:263
.preheader.preheader.i:51  %tmp_V_58 = call i18 @_ssdm_op_Read.ap_fifo.volatile.i18P(i18* %kernel_i_V_V2)


 <State 6>: 2.32ns
ST_6: tmp_V_59 (97)  [1/1] 2.32ns  loc: stream_deconv_fixed.cpp:263
.preheader.preheader.i:53  %tmp_V_59 = call i18 @_ssdm_op_Read.ap_fifo.volatile.i18P(i18* %kernel_i_V_V2)


 <State 7>: 2.32ns
ST_7: tmp_V_60 (99)  [1/1] 2.32ns  loc: stream_deconv_fixed.cpp:263
.preheader.preheader.i:55  %tmp_V_60 = call i18 @_ssdm_op_Read.ap_fifo.volatile.i18P(i18* %kernel_i_V_V2)


 <State 8>: 2.32ns
ST_8: tmp_V_61 (101)  [1/1] 2.32ns  loc: stream_deconv_fixed.cpp:263
.preheader.preheader.i:57  %tmp_V_61 = call i18 @_ssdm_op_Read.ap_fifo.volatile.i18P(i18* %kernel_i_V_V2)


 <State 9>: 2.32ns
ST_9: tmp_V_62 (103)  [1/1] 2.32ns  loc: stream_deconv_fixed.cpp:263
.preheader.preheader.i:59  %tmp_V_62 = call i18 @_ssdm_op_Read.ap_fifo.volatile.i18P(i18* %kernel_i_V_V2)


 <State 10>: 2.32ns
ST_10: tmp_V_63 (105)  [1/1] 2.32ns  loc: stream_deconv_fixed.cpp:263
.preheader.preheader.i:61  %tmp_V_63 = call i18 @_ssdm_op_Read.ap_fifo.volatile.i18P(i18* %kernel_i_V_V2)


 <State 11>: 2.32ns
ST_11: tmp_V_64 (107)  [1/1] 2.32ns  loc: stream_deconv_fixed.cpp:263
.preheader.preheader.i:63  %tmp_V_64 = call i18 @_ssdm_op_Read.ap_fifo.volatile.i18P(i18* %kernel_i_V_V2)


 <State 12>: 2.32ns
ST_12: tmp_V_65 (109)  [1/1] 2.32ns  loc: stream_deconv_fixed.cpp:263
.preheader.preheader.i:65  %tmp_V_65 = call i18 @_ssdm_op_Read.ap_fifo.volatile.i18P(i18* %kernel_i_V_V2)


 <State 13>: 2.32ns
ST_13: tmp_V_66 (111)  [1/1] 2.32ns  loc: stream_deconv_fixed.cpp:263
.preheader.preheader.i:67  %tmp_V_66 = call i18 @_ssdm_op_Read.ap_fifo.volatile.i18P(i18* %kernel_i_V_V2)


 <State 14>: 2.32ns
ST_14: tmp_V_67 (113)  [1/1] 2.32ns  loc: stream_deconv_fixed.cpp:263
.preheader.preheader.i:69  %tmp_V_67 = call i18 @_ssdm_op_Read.ap_fifo.volatile.i18P(i18* %kernel_i_V_V2)


 <State 15>: 2.32ns
ST_15: tmp_V_68 (115)  [1/1] 2.32ns  loc: stream_deconv_fixed.cpp:263
.preheader.preheader.i:71  %tmp_V_68 = call i18 @_ssdm_op_Read.ap_fifo.volatile.i18P(i18* %kernel_i_V_V2)


 <State 16>: 2.32ns
ST_16: tmp_V_69 (117)  [1/1] 2.32ns  loc: stream_deconv_fixed.cpp:263
.preheader.preheader.i:73  %tmp_V_69 = call i18 @_ssdm_op_Read.ap_fifo.volatile.i18P(i18* %kernel_i_V_V2)


 <State 17>: 2.32ns
ST_17: tmp_V_70 (119)  [1/1] 2.32ns  loc: stream_deconv_fixed.cpp:263
.preheader.preheader.i:75  %tmp_V_70 = call i18 @_ssdm_op_Read.ap_fifo.volatile.i18P(i18* %kernel_i_V_V2)


 <State 18>: 2.32ns
ST_18: tmp_V_71 (121)  [1/1] 2.32ns  loc: stream_deconv_fixed.cpp:263
.preheader.preheader.i:77  %tmp_V_71 = call i18 @_ssdm_op_Read.ap_fifo.volatile.i18P(i18* %kernel_i_V_V2)


 <State 19>: 2.32ns
ST_19: tmp_V_72 (123)  [1/1] 2.32ns  loc: stream_deconv_fixed.cpp:263
.preheader.preheader.i:79  %tmp_V_72 = call i18 @_ssdm_op_Read.ap_fifo.volatile.i18P(i18* %kernel_i_V_V2)


 <State 20>: 2.32ns
ST_20: tmp_V_73 (125)  [1/1] 2.32ns  loc: stream_deconv_fixed.cpp:263
.preheader.preheader.i:81  %tmp_V_73 = call i18 @_ssdm_op_Read.ap_fifo.volatile.i18P(i18* %kernel_i_V_V2)


 <State 21>: 2.32ns
ST_21: tmp_V_74 (127)  [1/1] 2.32ns  loc: stream_deconv_fixed.cpp:263
.preheader.preheader.i:83  %tmp_V_74 = call i18 @_ssdm_op_Read.ap_fifo.volatile.i18P(i18* %kernel_i_V_V2)


 <State 22>: 2.32ns
ST_22: tmp_V_75 (129)  [1/1] 2.32ns  loc: stream_deconv_fixed.cpp:263
.preheader.preheader.i:85  %tmp_V_75 = call i18 @_ssdm_op_Read.ap_fifo.volatile.i18P(i18* %kernel_i_V_V2)


 <State 23>: 2.32ns
ST_23: tmp_V_76 (131)  [1/1] 2.32ns  loc: stream_deconv_fixed.cpp:263
.preheader.preheader.i:87  %tmp_V_76 = call i18 @_ssdm_op_Read.ap_fifo.volatile.i18P(i18* %kernel_i_V_V2)


 <State 24>: 2.32ns
ST_24: tmp_V_77 (133)  [1/1] 2.32ns  loc: stream_deconv_fixed.cpp:263
.preheader.preheader.i:89  %tmp_V_77 = call i18 @_ssdm_op_Read.ap_fifo.volatile.i18P(i18* %kernel_i_V_V2)


 <State 25>: 2.32ns
ST_25: tmp_V_78 (135)  [1/1] 2.32ns  loc: stream_deconv_fixed.cpp:263
.preheader.preheader.i:91  %tmp_V_78 = call i18 @_ssdm_op_Read.ap_fifo.volatile.i18P(i18* %kernel_i_V_V2)


 <State 26>: 2.32ns
ST_26: tmp_V_79 (137)  [1/1] 2.32ns  loc: stream_deconv_fixed.cpp:263
.preheader.preheader.i:93  %tmp_V_79 = call i18 @_ssdm_op_Read.ap_fifo.volatile.i18P(i18* %kernel_i_V_V2)


 <State 27>: 2.32ns
ST_27: tmp_V_80 (139)  [1/1] 2.32ns  loc: stream_deconv_fixed.cpp:263
.preheader.preheader.i:95  %tmp_V_80 = call i18 @_ssdm_op_Read.ap_fifo.volatile.i18P(i18* %kernel_i_V_V2)


 <State 28>: 2.32ns
ST_28: tmp_V_81 (141)  [1/1] 2.32ns  loc: stream_deconv_fixed.cpp:263
.preheader.preheader.i:97  %tmp_V_81 = call i18 @_ssdm_op_Read.ap_fifo.volatile.i18P(i18* %kernel_i_V_V2)


 <State 29>: 2.32ns
ST_29: tmp_V_82 (143)  [1/1] 2.32ns  loc: stream_deconv_fixed.cpp:263
.preheader.preheader.i:99  %tmp_V_82 = call i18 @_ssdm_op_Read.ap_fifo.volatile.i18P(i18* %kernel_i_V_V2)


 <State 30>: 2.32ns
ST_30: tmp_V_83 (145)  [1/1] 2.32ns  loc: stream_deconv_fixed.cpp:263
.preheader.preheader.i:101  %tmp_V_83 = call i18 @_ssdm_op_Read.ap_fifo.volatile.i18P(i18* %kernel_i_V_V2)


 <State 31>: 2.32ns
ST_31: tmp_V_84 (147)  [1/1] 2.32ns  loc: stream_deconv_fixed.cpp:263
.preheader.preheader.i:103  %tmp_V_84 = call i18 @_ssdm_op_Read.ap_fifo.volatile.i18P(i18* %kernel_i_V_V2)


 <State 32>: 2.32ns
ST_32: tmp_V_85 (149)  [1/1] 2.32ns  loc: stream_deconv_fixed.cpp:263
.preheader.preheader.i:105  %tmp_V_85 = call i18 @_ssdm_op_Read.ap_fifo.volatile.i18P(i18* %kernel_i_V_V2)


 <State 33>: 2.32ns
ST_33: tmp_V_86 (151)  [1/1] 2.32ns  loc: stream_deconv_fixed.cpp:263
.preheader.preheader.i:107  %tmp_V_86 = call i18 @_ssdm_op_Read.ap_fifo.volatile.i18P(i18* %kernel_i_V_V2)

ST_33: kw_V (156)  [1/1] 1.65ns  loc: stream_deconv_fixed.cpp:260
.preheader.preheader.i:112  %kw_V = add i3 %p_i_mid2, 1


 <State 34>: 5.90ns
ST_34: empty_95 (45)  [1/1] 0.00ns
.preheader.preheader.i:1  %empty_95 = call i32 (...)* @_ssdm_op_SpecLoopTripCount(i64 36, i64 36, i64 36)

ST_34: tmp (49)  [1/1] 0.00ns  loc: stream_deconv_fixed.cpp:263
.preheader.preheader.i:5  %tmp = call i6 @_ssdm_op_BitConcatenate.i6.i3.i3(i3 %tmp_i_mid2_v, i3 0)

ST_34: p_shl_cast (50)  [1/1] 0.00ns  loc: stream_deconv_fixed.cpp:263
.preheader.preheader.i:6  %p_shl_cast = zext i6 %tmp to i7

ST_34: tmp_s (51)  [1/1] 0.00ns  loc: stream_deconv_fixed.cpp:263
.preheader.preheader.i:7  %tmp_s = call i4 @_ssdm_op_BitConcatenate.i4.i3.i1(i3 %tmp_i_mid2_v, i1 false)

ST_34: p_shl1_cast (52)  [1/1] 0.00ns  loc: stream_deconv_fixed.cpp:263
.preheader.preheader.i:8  %p_shl1_cast = zext i4 %tmp_s to i7

ST_34: tmp_208 (53)  [1/1] 1.79ns  loc: stream_deconv_fixed.cpp:263
.preheader.preheader.i:9  %tmp_208 = sub i7 %p_shl_cast, %p_shl1_cast

ST_34: tmp_2333_i (54)  [1/1] 0.00ns  loc: stream_deconv_fixed.cpp:260
.preheader.preheader.i:10  %tmp_2333_i = call i32 (...)* @_ssdm_op_SpecRegionBegin([13 x i8]* @p_str26)

ST_34: StgValue_87 (55)  [1/1] 0.00ns  loc: stream_deconv_fixed.cpp:261
.preheader.preheader.i:11  call void (...)* @_ssdm_op_SpecPipeline(i32 1, i32 1, i32 1, i32 0, [1 x i8]* @p_str1) nounwind

ST_34: tmp_i_cast (56)  [1/1] 0.00ns  loc: stream_deconv_fixed.cpp:263
.preheader.preheader.i:12  %tmp_i_cast = zext i3 %p_i_mid2 to i7

ST_34: tmp_209 (57)  [1/1] 1.79ns  loc: stream_deconv_fixed.cpp:263
.preheader.preheader.i:13  %tmp_209 = add i7 %tmp_208, %tmp_i_cast

ST_34: tmp_295_cast (58)  [1/1] 0.00ns  loc: stream_deconv_fixed.cpp:263
.preheader.preheader.i:14  %tmp_295_cast = sext i7 %tmp_209 to i32

ST_34: layer3_kernel_V_0_ad (59)  [1/1] 0.00ns  loc: stream_deconv_fixed.cpp:263
.preheader.preheader.i:15  %layer3_kernel_V_0_ad = getelementptr [36 x i18]* %layer3_kernel_V_0, i32 0, i32 %tmp_295_cast

ST_34: layer3_kernel_V_1_ad (60)  [1/1] 0.00ns  loc: stream_deconv_fixed.cpp:263
.preheader.preheader.i:16  %layer3_kernel_V_1_ad = getelementptr [36 x i18]* %layer3_kernel_V_1, i32 0, i32 %tmp_295_cast

ST_34: layer3_kernel_V_10_a (61)  [1/1] 0.00ns  loc: stream_deconv_fixed.cpp:263
.preheader.preheader.i:17  %layer3_kernel_V_10_a = getelementptr [36 x i18]* %layer3_kernel_V_10, i32 0, i32 %tmp_295_cast

ST_34: layer3_kernel_V_11_a (62)  [1/1] 0.00ns  loc: stream_deconv_fixed.cpp:263
.preheader.preheader.i:18  %layer3_kernel_V_11_a = getelementptr [36 x i18]* %layer3_kernel_V_11, i32 0, i32 %tmp_295_cast

ST_34: layer3_kernel_V_12_a (63)  [1/1] 0.00ns  loc: stream_deconv_fixed.cpp:263
.preheader.preheader.i:19  %layer3_kernel_V_12_a = getelementptr [36 x i18]* %layer3_kernel_V_12, i32 0, i32 %tmp_295_cast

ST_34: layer3_kernel_V_13_a (64)  [1/1] 0.00ns  loc: stream_deconv_fixed.cpp:263
.preheader.preheader.i:20  %layer3_kernel_V_13_a = getelementptr [36 x i18]* %layer3_kernel_V_13, i32 0, i32 %tmp_295_cast

ST_34: layer3_kernel_V_14_a (65)  [1/1] 0.00ns  loc: stream_deconv_fixed.cpp:263
.preheader.preheader.i:21  %layer3_kernel_V_14_a = getelementptr [36 x i18]* %layer3_kernel_V_14, i32 0, i32 %tmp_295_cast

ST_34: layer3_kernel_V_15_a (66)  [1/1] 0.00ns  loc: stream_deconv_fixed.cpp:263
.preheader.preheader.i:22  %layer3_kernel_V_15_a = getelementptr [36 x i18]* %layer3_kernel_V_15, i32 0, i32 %tmp_295_cast

ST_34: layer3_kernel_V_16_a (67)  [1/1] 0.00ns  loc: stream_deconv_fixed.cpp:263
.preheader.preheader.i:23  %layer3_kernel_V_16_a = getelementptr [36 x i18]* %layer3_kernel_V_16, i32 0, i32 %tmp_295_cast

ST_34: layer3_kernel_V_17_a (68)  [1/1] 0.00ns  loc: stream_deconv_fixed.cpp:263
.preheader.preheader.i:24  %layer3_kernel_V_17_a = getelementptr [36 x i18]* %layer3_kernel_V_17, i32 0, i32 %tmp_295_cast

ST_34: layer3_kernel_V_18_a (69)  [1/1] 0.00ns  loc: stream_deconv_fixed.cpp:263
.preheader.preheader.i:25  %layer3_kernel_V_18_a = getelementptr [36 x i18]* %layer3_kernel_V_18, i32 0, i32 %tmp_295_cast

ST_34: layer3_kernel_V_19_a (70)  [1/1] 0.00ns  loc: stream_deconv_fixed.cpp:263
.preheader.preheader.i:26  %layer3_kernel_V_19_a = getelementptr [36 x i18]* %layer3_kernel_V_19, i32 0, i32 %tmp_295_cast

ST_34: layer3_kernel_V_2_ad (71)  [1/1] 0.00ns  loc: stream_deconv_fixed.cpp:263
.preheader.preheader.i:27  %layer3_kernel_V_2_ad = getelementptr [36 x i18]* %layer3_kernel_V_2, i32 0, i32 %tmp_295_cast

ST_34: layer3_kernel_V_20_a (72)  [1/1] 0.00ns  loc: stream_deconv_fixed.cpp:263
.preheader.preheader.i:28  %layer3_kernel_V_20_a = getelementptr [36 x i18]* %layer3_kernel_V_20, i32 0, i32 %tmp_295_cast

ST_34: layer3_kernel_V_21_a (73)  [1/1] 0.00ns  loc: stream_deconv_fixed.cpp:263
.preheader.preheader.i:29  %layer3_kernel_V_21_a = getelementptr [36 x i18]* %layer3_kernel_V_21, i32 0, i32 %tmp_295_cast

ST_34: layer3_kernel_V_22_a (74)  [1/1] 0.00ns  loc: stream_deconv_fixed.cpp:263
.preheader.preheader.i:30  %layer3_kernel_V_22_a = getelementptr [36 x i18]* %layer3_kernel_V_22, i32 0, i32 %tmp_295_cast

ST_34: layer3_kernel_V_23_a (75)  [1/1] 0.00ns  loc: stream_deconv_fixed.cpp:263
.preheader.preheader.i:31  %layer3_kernel_V_23_a = getelementptr [36 x i18]* %layer3_kernel_V_23, i32 0, i32 %tmp_295_cast

ST_34: layer3_kernel_V_24_a (76)  [1/1] 0.00ns  loc: stream_deconv_fixed.cpp:263
.preheader.preheader.i:32  %layer3_kernel_V_24_a = getelementptr [36 x i18]* %layer3_kernel_V_24, i32 0, i32 %tmp_295_cast

ST_34: layer3_kernel_V_25_a (77)  [1/1] 0.00ns  loc: stream_deconv_fixed.cpp:263
.preheader.preheader.i:33  %layer3_kernel_V_25_a = getelementptr [36 x i18]* %layer3_kernel_V_25, i32 0, i32 %tmp_295_cast

ST_34: layer3_kernel_V_26_a (78)  [1/1] 0.00ns  loc: stream_deconv_fixed.cpp:263
.preheader.preheader.i:34  %layer3_kernel_V_26_a = getelementptr [36 x i18]* %layer3_kernel_V_26, i32 0, i32 %tmp_295_cast

ST_34: layer3_kernel_V_27_a (79)  [1/1] 0.00ns  loc: stream_deconv_fixed.cpp:263
.preheader.preheader.i:35  %layer3_kernel_V_27_a = getelementptr [36 x i18]* %layer3_kernel_V_27, i32 0, i32 %tmp_295_cast

ST_34: layer3_kernel_V_28_a (80)  [1/1] 0.00ns  loc: stream_deconv_fixed.cpp:263
.preheader.preheader.i:36  %layer3_kernel_V_28_a = getelementptr [36 x i18]* %layer3_kernel_V_28, i32 0, i32 %tmp_295_cast

ST_34: layer3_kernel_V_29_a (81)  [1/1] 0.00ns  loc: stream_deconv_fixed.cpp:263
.preheader.preheader.i:37  %layer3_kernel_V_29_a = getelementptr [36 x i18]* %layer3_kernel_V_29, i32 0, i32 %tmp_295_cast

ST_34: layer3_kernel_V_3_ad (82)  [1/1] 0.00ns  loc: stream_deconv_fixed.cpp:263
.preheader.preheader.i:38  %layer3_kernel_V_3_ad = getelementptr [36 x i18]* %layer3_kernel_V_3, i32 0, i32 %tmp_295_cast

ST_34: layer3_kernel_V_30_a (83)  [1/1] 0.00ns  loc: stream_deconv_fixed.cpp:263
.preheader.preheader.i:39  %layer3_kernel_V_30_a = getelementptr [36 x i18]* %layer3_kernel_V_30, i32 0, i32 %tmp_295_cast

ST_34: layer3_kernel_V_31_a (84)  [1/1] 0.00ns  loc: stream_deconv_fixed.cpp:263
.preheader.preheader.i:40  %layer3_kernel_V_31_a = getelementptr [36 x i18]* %layer3_kernel_V_31, i32 0, i32 %tmp_295_cast

ST_34: layer3_kernel_V_4_ad (85)  [1/1] 0.00ns  loc: stream_deconv_fixed.cpp:263
.preheader.preheader.i:41  %layer3_kernel_V_4_ad = getelementptr [36 x i18]* %layer3_kernel_V_4, i32 0, i32 %tmp_295_cast

ST_34: layer3_kernel_V_5_ad (86)  [1/1] 0.00ns  loc: stream_deconv_fixed.cpp:263
.preheader.preheader.i:42  %layer3_kernel_V_5_ad = getelementptr [36 x i18]* %layer3_kernel_V_5, i32 0, i32 %tmp_295_cast

ST_34: layer3_kernel_V_6_ad (87)  [1/1] 0.00ns  loc: stream_deconv_fixed.cpp:263
.preheader.preheader.i:43  %layer3_kernel_V_6_ad = getelementptr [36 x i18]* %layer3_kernel_V_6, i32 0, i32 %tmp_295_cast

ST_34: layer3_kernel_V_7_ad (88)  [1/1] 0.00ns  loc: stream_deconv_fixed.cpp:263
.preheader.preheader.i:44  %layer3_kernel_V_7_ad = getelementptr [36 x i18]* %layer3_kernel_V_7, i32 0, i32 %tmp_295_cast

ST_34: layer3_kernel_V_8_ad (89)  [1/1] 0.00ns  loc: stream_deconv_fixed.cpp:263
.preheader.preheader.i:45  %layer3_kernel_V_8_ad = getelementptr [36 x i18]* %layer3_kernel_V_8, i32 0, i32 %tmp_295_cast

ST_34: layer3_kernel_V_9_ad (90)  [1/1] 0.00ns  loc: stream_deconv_fixed.cpp:263
.preheader.preheader.i:46  %layer3_kernel_V_9_ad = getelementptr [36 x i18]* %layer3_kernel_V_9, i32 0, i32 %tmp_295_cast

ST_34: StgValue_123 (92)  [1/1] 2.32ns  loc: stream_deconv_fixed.cpp:263
.preheader.preheader.i:48  store i18 %tmp_V, i18* %layer3_kernel_V_0_ad, align 16

ST_34: StgValue_124 (94)  [1/1] 2.32ns  loc: stream_deconv_fixed.cpp:263
.preheader.preheader.i:50  store i18 %tmp_V_57, i18* %layer3_kernel_V_1_ad, align 4

ST_34: StgValue_125 (96)  [1/1] 2.32ns  loc: stream_deconv_fixed.cpp:263
.preheader.preheader.i:52  store i18 %tmp_V_58, i18* %layer3_kernel_V_2_ad, align 8

ST_34: StgValue_126 (98)  [1/1] 2.32ns  loc: stream_deconv_fixed.cpp:263
.preheader.preheader.i:54  store i18 %tmp_V_59, i18* %layer3_kernel_V_3_ad, align 4

ST_34: StgValue_127 (100)  [1/1] 2.32ns  loc: stream_deconv_fixed.cpp:263
.preheader.preheader.i:56  store i18 %tmp_V_60, i18* %layer3_kernel_V_4_ad, align 16

ST_34: StgValue_128 (102)  [1/1] 2.32ns  loc: stream_deconv_fixed.cpp:263
.preheader.preheader.i:58  store i18 %tmp_V_61, i18* %layer3_kernel_V_5_ad, align 4

ST_34: StgValue_129 (104)  [1/1] 2.32ns  loc: stream_deconv_fixed.cpp:263
.preheader.preheader.i:60  store i18 %tmp_V_62, i18* %layer3_kernel_V_6_ad, align 8

ST_34: StgValue_130 (106)  [1/1] 2.32ns  loc: stream_deconv_fixed.cpp:263
.preheader.preheader.i:62  store i18 %tmp_V_63, i18* %layer3_kernel_V_7_ad, align 4

ST_34: StgValue_131 (108)  [1/1] 2.32ns  loc: stream_deconv_fixed.cpp:263
.preheader.preheader.i:64  store i18 %tmp_V_64, i18* %layer3_kernel_V_8_ad, align 16

ST_34: StgValue_132 (110)  [1/1] 2.32ns  loc: stream_deconv_fixed.cpp:263
.preheader.preheader.i:66  store i18 %tmp_V_65, i18* %layer3_kernel_V_9_ad, align 4

ST_34: StgValue_133 (112)  [1/1] 2.32ns  loc: stream_deconv_fixed.cpp:263
.preheader.preheader.i:68  store i18 %tmp_V_66, i18* %layer3_kernel_V_10_a, align 8

ST_34: StgValue_134 (114)  [1/1] 2.32ns  loc: stream_deconv_fixed.cpp:263
.preheader.preheader.i:70  store i18 %tmp_V_67, i18* %layer3_kernel_V_11_a, align 4

ST_34: StgValue_135 (116)  [1/1] 2.32ns  loc: stream_deconv_fixed.cpp:263
.preheader.preheader.i:72  store i18 %tmp_V_68, i18* %layer3_kernel_V_12_a, align 16

ST_34: StgValue_136 (118)  [1/1] 2.32ns  loc: stream_deconv_fixed.cpp:263
.preheader.preheader.i:74  store i18 %tmp_V_69, i18* %layer3_kernel_V_13_a, align 4

ST_34: StgValue_137 (120)  [1/1] 2.32ns  loc: stream_deconv_fixed.cpp:263
.preheader.preheader.i:76  store i18 %tmp_V_70, i18* %layer3_kernel_V_14_a, align 8

ST_34: StgValue_138 (122)  [1/1] 2.32ns  loc: stream_deconv_fixed.cpp:263
.preheader.preheader.i:78  store i18 %tmp_V_71, i18* %layer3_kernel_V_15_a, align 4

ST_34: StgValue_139 (124)  [1/1] 2.32ns  loc: stream_deconv_fixed.cpp:263
.preheader.preheader.i:80  store i18 %tmp_V_72, i18* %layer3_kernel_V_16_a, align 16

ST_34: StgValue_140 (126)  [1/1] 2.32ns  loc: stream_deconv_fixed.cpp:263
.preheader.preheader.i:82  store i18 %tmp_V_73, i18* %layer3_kernel_V_17_a, align 4

ST_34: StgValue_141 (128)  [1/1] 2.32ns  loc: stream_deconv_fixed.cpp:263
.preheader.preheader.i:84  store i18 %tmp_V_74, i18* %layer3_kernel_V_18_a, align 8

ST_34: StgValue_142 (130)  [1/1] 2.32ns  loc: stream_deconv_fixed.cpp:263
.preheader.preheader.i:86  store i18 %tmp_V_75, i18* %layer3_kernel_V_19_a, align 4

ST_34: StgValue_143 (132)  [1/1] 2.32ns  loc: stream_deconv_fixed.cpp:263
.preheader.preheader.i:88  store i18 %tmp_V_76, i18* %layer3_kernel_V_20_a, align 16

ST_34: StgValue_144 (134)  [1/1] 2.32ns  loc: stream_deconv_fixed.cpp:263
.preheader.preheader.i:90  store i18 %tmp_V_77, i18* %layer3_kernel_V_21_a, align 4

ST_34: StgValue_145 (136)  [1/1] 2.32ns  loc: stream_deconv_fixed.cpp:263
.preheader.preheader.i:92  store i18 %tmp_V_78, i18* %layer3_kernel_V_22_a, align 8

ST_34: StgValue_146 (138)  [1/1] 2.32ns  loc: stream_deconv_fixed.cpp:263
.preheader.preheader.i:94  store i18 %tmp_V_79, i18* %layer3_kernel_V_23_a, align 4

ST_34: StgValue_147 (140)  [1/1] 2.32ns  loc: stream_deconv_fixed.cpp:263
.preheader.preheader.i:96  store i18 %tmp_V_80, i18* %layer3_kernel_V_24_a, align 16

ST_34: StgValue_148 (142)  [1/1] 2.32ns  loc: stream_deconv_fixed.cpp:263
.preheader.preheader.i:98  store i18 %tmp_V_81, i18* %layer3_kernel_V_25_a, align 4

ST_34: StgValue_149 (144)  [1/1] 2.32ns  loc: stream_deconv_fixed.cpp:263
.preheader.preheader.i:100  store i18 %tmp_V_82, i18* %layer3_kernel_V_26_a, align 8

ST_34: StgValue_150 (146)  [1/1] 2.32ns  loc: stream_deconv_fixed.cpp:263
.preheader.preheader.i:102  store i18 %tmp_V_83, i18* %layer3_kernel_V_27_a, align 4

ST_34: StgValue_151 (148)  [1/1] 2.32ns  loc: stream_deconv_fixed.cpp:263
.preheader.preheader.i:104  store i18 %tmp_V_84, i18* %layer3_kernel_V_28_a, align 16

ST_34: StgValue_152 (150)  [1/1] 2.32ns  loc: stream_deconv_fixed.cpp:263
.preheader.preheader.i:106  store i18 %tmp_V_85, i18* %layer3_kernel_V_29_a, align 4

ST_34: StgValue_153 (152)  [1/1] 2.32ns  loc: stream_deconv_fixed.cpp:263
.preheader.preheader.i:108  store i18 %tmp_V_86, i18* %layer3_kernel_V_30_a, align 8

ST_34: tmp_V_87 (153)  [1/1] 2.32ns  loc: stream_deconv_fixed.cpp:263
.preheader.preheader.i:109  %tmp_V_87 = call i18 @_ssdm_op_Read.ap_fifo.volatile.i18P(i18* %kernel_i_V_V2)

ST_34: StgValue_155 (154)  [1/1] 2.32ns  loc: stream_deconv_fixed.cpp:263
.preheader.preheader.i:110  store i18 %tmp_V_87, i18* %layer3_kernel_V_31_a, align 4

ST_34: empty_96 (155)  [1/1] 0.00ns  loc: stream_deconv_fixed.cpp:265
.preheader.preheader.i:111  %empty_96 = call i32 (...)* @_ssdm_op_SpecRegionEnd([13 x i8]* @p_str26, i32 %tmp_2333_i)

ST_34: StgValue_157 (157)  [1/1] 0.00ns  loc: stream_deconv_fixed.cpp:260
.preheader.preheader.i:113  br label %.preheader.i


 <State 35>: 0.00ns
ST_35: StgValue_158 (159)  [1/1] 0.00ns
_wt_kernel_385.exit:0  ret void



============================================================
+ Verbose Summary: Timing violations
============================================================
Target clock period: 10ns, clock uncertainty: 1.25ns.

 <State 1>: 1.77ns
The critical path consists of the following:
	multiplexor before 'phi' operation ('indvar_flatten') with incoming values : ('indvar_flatten_next') [37]  (1.77 ns)

 <State 2>: 3.02ns
The critical path consists of the following:
	'phi' operation ('p_02_i', stream_deconv_fixed.cpp:263) with incoming values : ('tmp_i_mid2_v', stream_deconv_fixed.cpp:263) [38]  (0 ns)
	'add' operation ('kh.V', stream_deconv_fixed.cpp:259) [44]  (1.65 ns)
	'select' operation ('tmp_i_mid2_v', stream_deconv_fixed.cpp:263) [48]  (1.37 ns)

 <State 3>: 2.32ns
The critical path consists of the following:
	fifo read on port 'kernel_i_V_V2' (stream_deconv_fixed.cpp:263) [91]  (2.32 ns)

 <State 4>: 2.32ns
The critical path consists of the following:
	fifo read on port 'kernel_i_V_V2' (stream_deconv_fixed.cpp:263) [93]  (2.32 ns)

 <State 5>: 2.32ns
The critical path consists of the following:
	fifo read on port 'kernel_i_V_V2' (stream_deconv_fixed.cpp:263) [95]  (2.32 ns)

 <State 6>: 2.32ns
The critical path consists of the following:
	fifo read on port 'kernel_i_V_V2' (stream_deconv_fixed.cpp:263) [97]  (2.32 ns)

 <State 7>: 2.32ns
The critical path consists of the following:
	fifo read on port 'kernel_i_V_V2' (stream_deconv_fixed.cpp:263) [99]  (2.32 ns)

 <State 8>: 2.32ns
The critical path consists of the following:
	fifo read on port 'kernel_i_V_V2' (stream_deconv_fixed.cpp:263) [101]  (2.32 ns)

 <State 9>: 2.32ns
The critical path consists of the following:
	fifo read on port 'kernel_i_V_V2' (stream_deconv_fixed.cpp:263) [103]  (2.32 ns)

 <State 10>: 2.32ns
The critical path consists of the following:
	fifo read on port 'kernel_i_V_V2' (stream_deconv_fixed.cpp:263) [105]  (2.32 ns)

 <State 11>: 2.32ns
The critical path consists of the following:
	fifo read on port 'kernel_i_V_V2' (stream_deconv_fixed.cpp:263) [107]  (2.32 ns)

 <State 12>: 2.32ns
The critical path consists of the following:
	fifo read on port 'kernel_i_V_V2' (stream_deconv_fixed.cpp:263) [109]  (2.32 ns)

 <State 13>: 2.32ns
The critical path consists of the following:
	fifo read on port 'kernel_i_V_V2' (stream_deconv_fixed.cpp:263) [111]  (2.32 ns)

 <State 14>: 2.32ns
The critical path consists of the following:
	fifo read on port 'kernel_i_V_V2' (stream_deconv_fixed.cpp:263) [113]  (2.32 ns)

 <State 15>: 2.32ns
The critical path consists of the following:
	fifo read on port 'kernel_i_V_V2' (stream_deconv_fixed.cpp:263) [115]  (2.32 ns)

 <State 16>: 2.32ns
The critical path consists of the following:
	fifo read on port 'kernel_i_V_V2' (stream_deconv_fixed.cpp:263) [117]  (2.32 ns)

 <State 17>: 2.32ns
The critical path consists of the following:
	fifo read on port 'kernel_i_V_V2' (stream_deconv_fixed.cpp:263) [119]  (2.32 ns)

 <State 18>: 2.32ns
The critical path consists of the following:
	fifo read on port 'kernel_i_V_V2' (stream_deconv_fixed.cpp:263) [121]  (2.32 ns)

 <State 19>: 2.32ns
The critical path consists of the following:
	fifo read on port 'kernel_i_V_V2' (stream_deconv_fixed.cpp:263) [123]  (2.32 ns)

 <State 20>: 2.32ns
The critical path consists of the following:
	fifo read on port 'kernel_i_V_V2' (stream_deconv_fixed.cpp:263) [125]  (2.32 ns)

 <State 21>: 2.32ns
The critical path consists of the following:
	fifo read on port 'kernel_i_V_V2' (stream_deconv_fixed.cpp:263) [127]  (2.32 ns)

 <State 22>: 2.32ns
The critical path consists of the following:
	fifo read on port 'kernel_i_V_V2' (stream_deconv_fixed.cpp:263) [129]  (2.32 ns)

 <State 23>: 2.32ns
The critical path consists of the following:
	fifo read on port 'kernel_i_V_V2' (stream_deconv_fixed.cpp:263) [131]  (2.32 ns)

 <State 24>: 2.32ns
The critical path consists of the following:
	fifo read on port 'kernel_i_V_V2' (stream_deconv_fixed.cpp:263) [133]  (2.32 ns)

 <State 25>: 2.32ns
The critical path consists of the following:
	fifo read on port 'kernel_i_V_V2' (stream_deconv_fixed.cpp:263) [135]  (2.32 ns)

 <State 26>: 2.32ns
The critical path consists of the following:
	fifo read on port 'kernel_i_V_V2' (stream_deconv_fixed.cpp:263) [137]  (2.32 ns)

 <State 27>: 2.32ns
The critical path consists of the following:
	fifo read on port 'kernel_i_V_V2' (stream_deconv_fixed.cpp:263) [139]  (2.32 ns)

 <State 28>: 2.32ns
The critical path consists of the following:
	fifo read on port 'kernel_i_V_V2' (stream_deconv_fixed.cpp:263) [141]  (2.32 ns)

 <State 29>: 2.32ns
The critical path consists of the following:
	fifo read on port 'kernel_i_V_V2' (stream_deconv_fixed.cpp:263) [143]  (2.32 ns)

 <State 30>: 2.32ns
The critical path consists of the following:
	fifo read on port 'kernel_i_V_V2' (stream_deconv_fixed.cpp:263) [145]  (2.32 ns)

 <State 31>: 2.32ns
The critical path consists of the following:
	fifo read on port 'kernel_i_V_V2' (stream_deconv_fixed.cpp:263) [147]  (2.32 ns)

 <State 32>: 2.32ns
The critical path consists of the following:
	fifo read on port 'kernel_i_V_V2' (stream_deconv_fixed.cpp:263) [149]  (2.32 ns)

 <State 33>: 2.32ns
The critical path consists of the following:
	fifo read on port 'kernel_i_V_V2' (stream_deconv_fixed.cpp:263) [151]  (2.32 ns)

 <State 34>: 5.9ns
The critical path consists of the following:
	'sub' operation ('tmp_208', stream_deconv_fixed.cpp:263) [53]  (1.79 ns)
	'add' operation ('tmp_209', stream_deconv_fixed.cpp:263) [57]  (1.79 ns)
	'getelementptr' operation ('layer3_kernel_V_3_ad', stream_deconv_fixed.cpp:263) [82]  (0 ns)
	'store' operation (stream_deconv_fixed.cpp:263) of variable 'tmp.V', stream_deconv_fixed.cpp:263 on array 'layer3_kernel_V_3' [98]  (2.32 ns)

 <State 35>: 0ns
The critical path consists of the following:


============================================================
+ Verbose Summary: Binding
============================================================
N/A
* FSMD analyzer results:
  - Output states:
 - Input state : 
  - Chain level:
	State 1
	State 2
	State 3
	State 4
	State 5
	State 6
	State 7
	State 8
	State 9
	State 10
	State 11
	State 12
	State 13
	State 14
	State 15
	State 16
	State 17
	State 18
	State 19
	State 20
	State 21
	State 22
	State 23
	State 24
	State 25
	State 26
	State 27
	State 28
	State 29
	State 30
	State 31
	State 32
	State 33
	State 34
	State 35


============================================================
+ Verbose Summary: Datapath Resource usage 
============================================================
N/A
